Log file open, 03/30/18 13:08:13
LogWindows: Failed to load 'aqProf.dll' (GetLastError=126)
LogWindows: File 'aqProf.dll' does not exist
LogWindows: Failed to load 'VtuneApi.dll' (GetLastError=126)
LogWindows: File 'VtuneApi.dll' does not exist
LogWindows: Failed to load 'VtuneApi32e.dll' (GetLastError=126)
LogWindows: File 'VtuneApi32e.dll' does not exist
LogInit: Display: Running engine for game: Investiture
LogPlatformFile: Not using cached read wrapper
LogInit: Display: RandInit(104962538) SRandInit(104962538).
LogInit: Read version file with build ID '3709383'
LogInit: Overriding engine version to CL 3832480, compatible CL 3709383
LogInit: Registered custom module enumerator with build ID '3709383'
LogTaskGraph: Started task graph with 5 named threads and 14 total threads with 3 sets of task threads.
LogStats: Stats thread started at 0.154752
LogD3D11RHI: Aftermath initialized
LogModuleManager: Display: Found up-to-date module file ../../../Engine/Plugins/2D/Paper2D/Binaries/Win64/UE4Editor-Paper2D.dll (API version 3709383).
LogModuleManager: Display: Found up-to-date module file ../../../Engine/Plugins/2D/Paper2D/Binaries/Win64/UE4Editor-Paper2DEditor.dll (API version 3709383).
LogModuleManager: Display: Found up-to-date module file ../../../Engine/Plugins/2D/Paper2D/Binaries/Win64/UE4Editor-PaperSpriteSheetImporter.dll (API version 3709383).
LogModuleManager: Display: Found up-to-date module file ../../../Engine/Plugins/2D/Paper2D/Binaries/Win64/UE4Editor-PaperTiledImporter.dll (API version 3709383).
LogModuleManager: Display: Found up-to-date module file ../../../Engine/Plugins/2D/Paper2D/Binaries/Win64/UE4Editor-SmartSnapping.dll (API version 3709383).
LogModuleManager: Display: Found up-to-date module file ../../../Engine/Plugins/Blendables/LightPropagationVolume/Binaries/Win64/UE4Editor-LightPropagationVolumeRuntime.dll (API version 3709383).
LogModuleManager: Display: Found up-to-date module file ../../../Engine/Plugins/Blendables/LightPropagationVolume/Binaries/Win64/UE4Editor-LightPropagationVolumeEditor.dll (API version 3709383).
LogModuleManager: Display: Found up-to-date module file ../../../Engine/Plugins/Developer/GitSourceControl/Binaries/Win64/UE4Editor-GitSourceControl.dll (API version 3709383).
LogModuleManager: Display: Found up-to-date module file ../../../Engine/Plugins/Developer/PerforceSourceControl/Binaries/Win64/UE4Editor-PerforceSourceControl.dll (API version 3709383).
LogModuleManager: Display: Found up-to-date module file ../../../Engine/Plugins/Developer/SubversionSourceControl/Binaries/Win64/UE4Editor-SubversionSourceControl.dll (API version 3709383).
LogModuleManager: Display: Found up-to-date module file ../../../Engine/Plugins/Developer/UObjectPlugin/Binaries/Win64/UE4Editor-UObjectPlugin.dll (API version 3709383).
LogModuleManager: Display: Found up-to-date module file ../../../Engine/Plugins/Developer/VisualStudioCodeSourceCodeAccess/Binaries/Win64/UE4Editor-VisualStudioCodeSourceCodeAccess.dll (API version 3709383).
LogModuleManager: Display: Found up-to-date module file ../../../Engine/Plugins/Developer/VisualStudioSourceCodeAccess/Binaries/Win64/UE4Editor-VisualStudioSourceCodeAccess.dll (API version 3709383).
LogModuleManager: Display: Found up-to-date module file ../../../Engine/Plugins/Editor/AssetManagerEditor/Binaries/Win64/UE4Editor-AssetManagerEditor.dll (API version 3709383).
LogModuleManager: Display: Found up-to-date module file ../../../Engine/Plugins/Editor/AudioCapture/Binaries/Win64/UE4Editor-AudioCapture.dll (API version 3709383).
LogModuleManager: Display: Found up-to-date module file ../../../Engine/Plugins/Editor/FacialAnimation/Binaries/Win64/UE4Editor-FacialAnimation.dll (API version 3709383).
LogModuleManager: Display: Found up-to-date module file ../../../Engine/Plugins/Editor/FacialAnimation/Binaries/Win64/UE4Editor-FacialAnimationEditor.dll (API version 3709383).
LogModuleManager: Display: Found up-to-date module file ../../../Engine/Plugins/Editor/GameplayTagsEditor/Binaries/Win64/UE4Editor-GameplayTagsEditor.dll (API version 3709383).
LogModuleManager: Display: Found up-to-date module file ../../../Engine/Plugins/Editor/MobileLauncherProfileWizard/Binaries/Win64/UE4Editor-MobileLauncherProfileWizard.dll (API version 3709383).
LogModuleManager: Display: Found up-to-date module file ../../../Engine/Plugins/Editor/PluginBrowser/Binaries/Win64/UE4Editor-PluginBrowser.dll (API version 3709383).
LogModuleManager: Display: Found up-to-date module file ../../../Engine/Plugins/Editor/SpeedTreeImporter/Binaries/Win64/UE4Editor-SpeedTreeImporter.dll (API version 3709383).
LogModuleManager: Display: Found up-to-date module file ../../../Engine/Plugins/Experimental/AlembicImporter/Binaries/Win64/UE4Editor-AlembicImporter.dll (API version 3709383).
LogModuleManager: Display: Found up-to-date module file ../../../Engine/Plugins/Experimental/AlembicImporter/Binaries/Win64/UE4Editor-AlembicLibrary.dll (API version 3709383).
LogModuleManager: Display: Found up-to-date module file ../../../Engine/Plugins/Experimental/CharacterAI/Binaries/Win64/UE4Editor-CharacterAI.dll (API version 3709383).
LogModuleManager: Display: Found up-to-date module file ../../../Engine/Plugins/Experimental/HTML5Networking/Binaries/Win64/UE4Editor-HTML5Networking.dll (API version 3709383).
LogModuleManager: Display: Found up-to-date module file ../../../Engine/Plugins/Media/AndroidMedia/Binaries/Win64/UE4Editor-AndroidMediaEditor.dll (API version 3709383).
LogModuleManager: Display: Found up-to-date module file ../../../Engine/Plugins/Media/AndroidMedia/Binaries/Win64/UE4Editor-AndroidMediaFactory.dll (API version 3709383).
LogModuleManager: Display: Found up-to-date module file ../../../Engine/Plugins/Media/AvfMedia/Binaries/Win64/UE4Editor-AvfMediaEditor.dll (API version 3709383).
LogModuleManager: Display: Found up-to-date module file ../../../Engine/Plugins/Media/AvfMedia/Binaries/Win64/UE4Editor-AvfMediaFactory.dll (API version 3709383).
LogModuleManager: Display: Found up-to-date module file ../../../Engine/Plugins/Media/AvfMedia/Binaries/Win64/UE4Editor-AvfMediaFactory.dll (API version 3709383).
LogModuleManager: Display: Found up-to-date module file ../../../Engine/Plugins/Media/ImgMedia/Binaries/Win64/UE4Editor-ImgMedia.dll (API version 3709383).
LogModuleManager: Display: Found up-to-date module file ../../../Engine/Plugins/Media/ImgMedia/Binaries/Win64/UE4Editor-ImgMediaEditor.dll (API version 3709383).
LogModuleManager: Display: Found up-to-date module file ../../../Engine/Plugins/Media/ImgMedia/Binaries/Win64/UE4Editor-ImgMediaFactory.dll (API version 3709383).
LogModuleManager: Display: Found up-to-date module file ../../../Engine/Plugins/Media/ImgMedia/Binaries/Win64/UE4Editor-ImgMediaFactory.dll (API version 3709383).
LogModuleManager: Display: Found up-to-date module file ../../../Engine/Plugins/Media/ImgMedia/Binaries/Win64/UE4Editor-OpenExrWrapper.dll (API version 3709383).
LogModuleManager: Display: Found up-to-date module file ../../../Engine/Plugins/Media/MediaCompositing/Binaries/Win64/UE4Editor-MediaCompositing.dll (API version 3709383).
LogModuleManager: Display: Found up-to-date module file ../../../Engine/Plugins/Media/MediaCompositing/Binaries/Win64/UE4Editor-MediaCompositingEditor.dll (API version 3709383).
LogModuleManager: Display: Found up-to-date module file ../../../Engine/Plugins/Media/MediaPlayerEditor/Binaries/Win64/UE4Editor-MediaPlayerEditor.dll (API version 3709383).
LogModuleManager: Display: Found up-to-date module file ../../../Engine/Plugins/Media/WmfMedia/Binaries/Win64/UE4Editor-WmfMedia.dll (API version 3709383).
LogModuleManager: Display: Found up-to-date module file ../../../Engine/Plugins/Media/WmfMedia/Binaries/Win64/UE4Editor-WmfMediaEditor.dll (API version 3709383).
LogModuleManager: Display: Found up-to-date module file ../../../Engine/Plugins/Media/WmfMedia/Binaries/Win64/UE4Editor-WmfMediaFactory.dll (API version 3709383).
LogModuleManager: Display: Found up-to-date module file ../../../Engine/Plugins/Media/WmfMedia/Binaries/Win64/UE4Editor-WmfMediaFactory.dll (API version 3709383).
LogModuleManager: Display: Found up-to-date module file ../../../Engine/Plugins/Messaging/TcpMessaging/Binaries/Win64/UE4Editor-TcpMessaging.dll (API version 3709383).
LogModuleManager: Display: Found up-to-date module file ../../../Engine/Plugins/Messaging/UdpMessaging/Binaries/Win64/UE4Editor-UdpMessaging.dll (API version 3709383).
LogModuleManager: Display: Found up-to-date module file ../../../Engine/Plugins/MovieScene/ActorSequence/Binaries/Win64/UE4Editor-ActorSequence.dll (API version 3709383).
LogModuleManager: Display: Found up-to-date module file ../../../Engine/Plugins/MovieScene/LevelSequenceEditor/Binaries/Win64/UE4Editor-LevelSequenceEditor.dll (API version 3709383).
LogModuleManager: Display: Found up-to-date module file ../../../Engine/Plugins/MovieScene/MatineeToLevelSequence/Binaries/Win64/UE4Editor-MatineeToLevelSequence.dll (API version 3709383).
LogModuleManager: Display: Found up-to-date module file ../../../Engine/Plugins/Online/OnlineSubsystem/Binaries/Win64/UE4Editor-OnlineSubsystem.dll (API version 3709383).
LogModuleManager: Display: Found up-to-date module file ../../../Engine/Plugins/Runtime/AndroidPermission/Binaries/Win64/UE4Editor-AndroidPermission.dll (API version 3709383).
LogModuleManager: Display: Found up-to-date module file ../../../Engine/Plugins/Online/OnlineSubsystemNull/Binaries/Win64/UE4Editor-OnlineSubsystemNull.dll (API version 3709383).
LogModuleManager: Display: Found up-to-date module file ../../../Engine/Plugins/Online/OnlineSubsystemUtils/Binaries/Win64/UE4Editor-OnlineSubsystemUtils.dll (API version 3709383).
LogModuleManager: Display: Found up-to-date module file ../../../Engine/Plugins/Online/OnlineSubsystemUtils/Binaries/Win64/UE4Editor-OnlineBlueprintSupport.dll (API version 3709383).
LogModuleManager: Display: Found up-to-date module file ../../../Engine/Plugins/Runtime/AndroidDeviceProfileSelector/Binaries/Win64/UE4Editor-AndroidDeviceProfileSelector.dll (API version 3709383).
LogModuleManager: Display: Found up-to-date module file ../../../Engine/Plugins/Runtime/AppleARKit/Binaries/Win64/UE4Editor-AppleARKit.dll (API version 3709383).
LogModuleManager: Display: Found up-to-date module file ../../../Engine/Plugins/Runtime/ArchVisCharacter/Binaries/Win64/UE4Editor-ArchVisCharacter.dll (API version 3709383).
LogModuleManager: Display: Found up-to-date module file ../../../Engine/Plugins/Runtime/CableComponent/Binaries/Win64/UE4Editor-CableComponent.dll (API version 3709383).
LogModuleManager: Display: Found up-to-date module file ../../../Engine/Plugins/Runtime/CustomMeshComponent/Binaries/Win64/UE4Editor-CustomMeshComponent.dll (API version 3709383).
LogModuleManager: Display: Found up-to-date module file ../../../Engine/Plugins/Runtime/ExampleDeviceProfileSelector/Binaries/Win64/UE4Editor-ExampleDeviceProfileSelector.dll (API version 3709383).
LogModuleManager: Display: Found up-to-date module file ../../../Engine/Plugins/Runtime/ImmediatePhysics/Binaries/Win64/UE4Editor-ImmediatePhysics.dll (API version 3709383).
LogModuleManager: Display: Found up-to-date module file ../../../Engine/Plugins/Runtime/ImmediatePhysics/Binaries/Win64/UE4Editor-ImmediatePhysicsEditor.dll (API version 3709383).
LogModuleManager: Display: Found up-to-date module file ../../../Engine/Plugins/Runtime/LocationServicesBPLibrary/Binaries/Win64/UE4Editor-LocationServicesBPLibrary.dll (API version 3709383).
LogModuleManager: Display: Found up-to-date module file ../../../Engine/Plugins/Runtime/MobilePatchingUtils/Binaries/Win64/UE4Editor-MobilePatchingUtils.dll (API version 3709383).
LogModuleManager: Display: Found up-to-date module file ../../../Engine/Plugins/Runtime/Oculus/OculusVR/Binaries/Win64/UE4Editor-OculusHMD.dll (API version 3709383).
LogModuleManager: Display: Found up-to-date module file ../../../Engine/Plugins/Runtime/Oculus/OculusVR/Binaries/Win64/UE4Editor-OculusInput.dll (API version 3709383).
LogModuleManager: Display: Found up-to-date module file ../../../Engine/Plugins/Runtime/Oculus/OculusVR/Binaries/Win64/UE4Editor-OculusEditor.dll (API version 3709383).
LogModuleManager: Display: Found up-to-date module file ../../../Engine/Plugins/Runtime/PhysXVehicles/Binaries/Win64/UE4Editor-PhysXVehicles.dll (API version 3709383).
LogModuleManager: Display: Found up-to-date module file ../../../Engine/Plugins/Runtime/PhysXVehicles/Binaries/Win64/UE4Editor-PhysXVehiclesEditor.dll (API version 3709383).
LogModuleManager: Display: Found up-to-date module file ../../../Engine/Plugins/Runtime/ProceduralMeshComponent/Binaries/Win64/UE4Editor-ProceduralMeshComponent.dll (API version 3709383).
LogModuleManager: Display: Found up-to-date module file ../../../Engine/Plugins/Runtime/ProceduralMeshComponent/Binaries/Win64/UE4Editor-ProceduralMeshComponentEditor.dll (API version 3709383).
LogModuleManager: Display: Found up-to-date module file ../../../Engine/Plugins/Runtime/RuntimePhysXCooking/Binaries/Win64/UE4Editor-RuntimePhysXCooking.dll (API version 3709383).
LogModuleManager: Display: Found up-to-date module file ../../../Engine/Plugins/Runtime/Steam/SteamVR/Binaries/Win64/UE4Editor-SteamVR.dll (API version 3709383).
LogModuleManager: Display: Found up-to-date module file ../../../Engine/Plugins/Runtime/Steam/SteamVR/Binaries/Win64/UE4Editor-SteamVRController.dll (API version 3709383).
LogModuleManager: Display: Found up-to-date module file ../../../Engine/Plugins/Runtime/WindowsMoviePlayer/Binaries/Win64/UE4Editor-WindowsMoviePlayer.dll (API version 3709383).
LogPluginManager: Mounting plugin Paper2D
LogPluginManager: Mounting plugin LightPropagationVolume
LogPluginManager: Mounting plugin CodeLiteSourceCodeAccess
LogPluginManager: Mounting plugin GitSourceControl
LogPluginManager: Mounting plugin KDevelopSourceCodeAccess
LogPluginManager: Mounting plugin NullSourceCodeAccess
LogPluginManager: Mounting plugin PerforceSourceControl
LogPluginManager: Mounting plugin SubversionSourceControl
LogPluginManager: Mounting plugin UObjectPlugin
LogPluginManager: Mounting plugin VisualStudioCodeSourceCodeAccess
LogPluginManager: Mounting plugin VisualStudioSourceCodeAccess
LogPluginManager: Mounting plugin XCodeSourceCodeAccess
LogPluginManager: Mounting plugin AssetManagerEditor
LogPluginManager: Mounting plugin AudioCapture
LogPluginManager: Mounting plugin FacialAnimation
LogPluginManager: Mounting plugin GameplayTagsEditor
LogPluginManager: Mounting plugin MobileLauncherProfileWizard
LogPluginManager: Mounting plugin PluginBrowser
LogPluginManager: Mounting plugin SpeedTreeImporter
LogPluginManager: Mounting plugin AlembicImporter
LogPluginManager: Mounting plugin CharacterAI
LogPluginManager: Mounting plugin HTML5Networking
LogPluginManager: Mounting plugin AndroidMedia
LogPluginManager: Mounting plugin AvfMedia
LogPluginManager: Mounting plugin ImgMedia
LogPluginManager: Mounting plugin MediaCompositing
LogPluginManager: Mounting plugin MediaPlayerEditor
LogPluginManager: Mounting plugin WmfMedia
LogPluginManager: Mounting plugin TcpMessaging
LogPluginManager: Mounting plugin UdpMessaging
LogPluginManager: Mounting plugin ActorSequence
LogPluginManager: Mounting plugin LevelSequenceEditor
LogPluginManager: Mounting plugin MatineeToLevelSequence
LogPluginManager: Mounting plugin OnlineSubsystemGooglePlay
LogPluginManager: Mounting plugin OnlineSubsystemIOS
LogPluginManager: Mounting plugin OnlineSubsystem
LogPluginManager: Mounting plugin OnlineSubsystemNull
LogPluginManager: Mounting plugin OnlineSubsystemUtils
LogPluginManager: Mounting plugin AndroidDeviceProfileSelector
LogPluginManager: Mounting plugin AndroidMoviePlayer
LogPluginManager: Mounting plugin AndroidPermission
LogPluginManager: Mounting plugin AppleARKit
LogPluginManager: Mounting plugin AppleMoviePlayer
LogPluginManager: Mounting plugin ArchVisCharacter
LogPluginManager: Mounting plugin CableComponent
LogPluginManager: Mounting plugin CustomMeshComponent
LogPluginManager: Mounting plugin ExampleDeviceProfileSelector
LogPluginManager: Mounting plugin GoogleCloudMessaging
LogPluginManager: Mounting plugin ImmediatePhysics
LogPluginManager: Mounting plugin IOSDeviceProfileSelector
LogPluginManager: Mounting plugin LinuxDeviceProfileSelector
LogPluginManager: Mounting plugin LocationServicesBPLibrary
LogPluginManager: Mounting plugin MobilePatchingUtils
LogPluginManager: Mounting plugin OculusVR
LogPluginManager: Plugin shader directory ../../../Engine/Plugins/Runtime/Oculus/OculusVR/Shaders found
LogPluginManager: Mapping shader source directory ../../../Engine/Plugins/Runtime/Oculus/OculusVR/Shaders to virtual directory /Plugin/OculusVR
LogPluginManager: Mounting plugin PhysXVehicles
LogPluginManager: Mounting plugin ProceduralMeshComponent
LogPluginManager: Mounting plugin RuntimePhysXCooking
LogPluginManager: Mounting plugin SteamVR
LogPluginManager: Mounting plugin WindowsMoviePlayer
LogInit: Using libcurl 7.47.1
LogInit:  - built for x86_64-pc-win32
LogInit:  - supports SSL with OpenSSL/1.0.2g
LogInit:  - supports HTTP deflate (compression) using libz 1.2.8
LogInit:  - other features:
LogInit:      CURL_VERSION_SSL
LogInit:      CURL_VERSION_LIBZ
LogInit:      CURL_VERSION_IPV6
LogInit:      CURL_VERSION_ASYNCHDNS
LogInit:      CURL_VERSION_LARGEFILE
LogInit:      CURL_VERSION_IDN
LogInit:  CurlRequestOptions (configurable via config and command line):
LogInit:  - bVerifyPeer = false  - Libcurl will NOT verify peer certificate
LogInit:  - bUseHttpProxy = false  - Libcurl will NOT use HTTP proxy
LogInit:  - bDontReuseConnections = false  - Libcurl will reuse connections
LogInit:  - CertBundlePath = nullptr  - Libcurl will use whatever was configured at build time.
LogHMD: Failed initializing OVRPlugin 1.19.0
LogInit: Build: ++UE4+Release-4.18-CL-3832480
LogInit: Engine Version: 4.18.3-3832480+++UE4+Release-4.18
LogInit: Compatible Engine Version: 4.18.0-3709383+++UE4+Release-4.18
LogInit: Net CL: 3709383
LogDevObjectVersion: Number of dev versions registered: 16
LogDevObjectVersion:   Dev-Blueprints (B0D832E4-1F89-4F0D-ACCF-7EB736FD4AA2): 10
LogDevObjectVersion:   Dev-Build (E1C64328-A22C-4D53-A36C-8E866417BD8C): 0
LogDevObjectVersion:   Dev-Core (375EC13C-06E4-48FB-B500-84F0262A717E): 2
LogDevObjectVersion:   Dev-Editor (E4B068ED-F494-42E9-A231-DA0B2E46BB41): 20
LogDevObjectVersion:   Dev-Framework (CFFC743F-43B0-4480-9391-14DF171D2073): 30
LogDevObjectVersion:   Dev-Mobile (B02B49B5-BB20-44E9-A304-32B752E40360): 0
LogDevObjectVersion:   Dev-Networking (A4E4105C-59A1-49B5-A7C5-40C4547EDFEE): 0
LogDevObjectVersion:   Dev-Online (39C831C9-5AE6-47DC-9A44-9C173E1C8E7C): 0
LogDevObjectVersion:   Dev-Physics (78F01B33-EBEA-4F98-B9B4-84EACCB95AA2): 0
LogDevObjectVersion:   Dev-Platform (6631380F-2D4D-43E0-8009-CF276956A95A): 0
LogDevObjectVersion:   Dev-Rendering (12F88B9F-8875-4AFC-A67C-D90C383ABD29): 20
LogDevObjectVersion:   Dev-Sequencer (7B5AE74C-D270-4C10-A958-57980B212A5A): 4
LogDevObjectVersion:   Dev-VR (D7296918-1DD6-4BDD-9DE2-64A83CC13884): 0
LogDevObjectVersion:   Dev-LoadTimes (C2A15278-BFE7-4AFE-6C17-90FF531DF755): 1
LogDevObjectVersion:   Private-Geometry (6EACA3D4-40EC-4CC1-B786-8BED09428FC5): 1
LogDevObjectVersion:   Dev-AnimPhys (29E575DD-E0A3-4627-9D10-D276232CDCEA): 12
LogInit: Compiled (64-bit): Jan 12 2018 02:04:55
LogInit: Compiled with Visual C++: 19.00.24215.01
LogInit: Build Configuration: Development
LogInit: Branch Name: ++UE4+Release-4.18
LogInit: Command line: -EpicPortal 
LogInit: Base directory: C:/Users/elevo/Desktop/Data/EpicGames/UE_4.18/Engine/Binaries/Win64/
LogInit: Installed Engine Build: 1
LogInit: Presizing for max 8388607 objects, including 0 objects not considered by GC, pre-allocating 0 bytes for permanent pool.
LogInit: Object subsystem initialized
[2018.03.30-20.08.15:343][  0]LogInit: Selected Device Profile: [Windows]
[2018.03.30-20.08.15:343][  0]LogInit: Applying CVar settings loaded from the selected device profile: [Windows]
[2018.03.30-20.08.15:376][  0]LogInit: Computer: MATTVIVEDESKTOP
[2018.03.30-20.08.15:376][  0]LogInit: User: elevo
[2018.03.30-20.08.15:376][  0]LogInit: CPU Page size=4096, Cores=4
[2018.03.30-20.08.15:376][  0]LogInit: High frequency timer resolution =3.914062 MHz
[2018.03.30-20.08.15:377][  0]LogMemory: Memory total: Physical=15.9GB (16GB approx)
[2018.03.30-20.08.15:377][  0]LogMemory: Platform Memory Stats for Windows
[2018.03.30-20.08.15:377][  0]LogMemory: Process Physical Memory: 279.23 MB used, 279.23 MB peak
[2018.03.30-20.08.15:377][  0]LogMemory: Process Virtual Memory: 281.12 MB used, 281.12 MB peak
[2018.03.30-20.08.15:377][  0]LogMemory: Physical Memory: 9151.23 MB used,  7176.47 MB free, 16327.70 MB total
[2018.03.30-20.08.15:377][  0]LogMemory: Virtual Memory: 735.51 MB used,  7176.47 MB free, 134217728.00 MB total
[2018.03.30-20.08.15:651][  0]LogInit: Using OS detected language (en-US).
[2018.03.30-20.08.15:651][  0]LogInit: Using OS detected locale (en-US).
[2018.03.30-20.08.15:655][  0]LogTextLocalizationManager: No specific localization for 'en-US' exists, so the 'en' localization will be used.
[2018.03.30-20.08.16:040][  0]LogInit: Setting process to per monitor DPI aware
[2018.03.30-20.08.16:346][  0]LogD3D11RHI: D3D11 adapters:
[2018.03.30-20.08.16:387][  0]LogD3D11RHI:    0. 'NVIDIA GeForce GTX 1070' (Feature Level 11_0)
[2018.03.30-20.08.16:387][  0]LogD3D11RHI:       8096/0/8163 MB DedicatedVideo/DedicatedSystem/SharedSystem, Outputs:2, VendorId:0x10de
[2018.03.30-20.08.16:389][  0]LogD3D11RHI:    1. 'Microsoft Basic Render Driver' (Feature Level 11_0)
[2018.03.30-20.08.16:389][  0]LogD3D11RHI:       0/0/8163 MB DedicatedVideo/DedicatedSystem/SharedSystem, Outputs:0, VendorId:0x1414
[2018.03.30-20.08.16:389][  0]LogD3D11RHI: Chosen D3D11 Adapter: 0
[2018.03.30-20.08.16:478][  0]LogD3D11RHI: Creating new Direct3DDevice
[2018.03.30-20.08.16:478][  0]LogD3D11RHI:     GPU DeviceId: 0x1b81 (for the marketing name, search the web for "GPU Device Id")
[2018.03.30-20.08.16:478][  0]LogWindows: EnumDisplayDevices:
[2018.03.30-20.08.16:478][  0]LogWindows:    0. 'NVIDIA GeForce GTX 1070' (P:1 D:1)
[2018.03.30-20.08.16:479][  0]LogWindows:    1. 'NVIDIA GeForce GTX 1070' (P:0 D:1)
[2018.03.30-20.08.16:479][  0]LogWindows:    2. 'NVIDIA GeForce GTX 1070' (P:0 D:0)
[2018.03.30-20.08.16:479][  0]LogWindows:    3. 'NVIDIA GeForce GTX 1070' (P:0 D:0)
[2018.03.30-20.08.16:479][  0]LogWindows: DebugString: GetVideoDriverDetailsInvalid PrimaryIsNotTheChoosenAdapter GetVideoDriverDetailsInvalid PrimaryIsNotTheChoosenAdapter GetVideoDriverDetailsInvalid PrimaryIsNotTheChoosenAdapter GetVideoDriverDetailsInvalid PrimaryIsNotTheChoosenAdapter FoundDriverCount:0 
[2018.03.30-20.08.16:479][  0]LogD3D11RHI:     Adapter Name: NVIDIA GeForce GTX 1070
[2018.03.30-20.08.16:479][  0]LogD3D11RHI:   Driver Version: Unknown (internal:Unknown, unified:Unknown)
[2018.03.30-20.08.16:479][  0]LogD3D11RHI:      Driver Date: Unknown
[2018.03.30-20.08.16:479][  0]LogRHI: Texture pool is 5667 MB (70% of 8096 MB)
[2018.03.30-20.08.16:513][  0]LogD3D11RHI: Async texture creation enabled
[2018.03.30-20.08.16:523][  0]LogD3D11RHI: GPU Timing Frequency: 1000.000000 (Debug: 2 1)
[2018.03.30-20.08.16:568][  0]LogShaderCompilers: Guid format shader working directory is -26 characters bigger than the processId version (../../../../../GameProjects/Unreal/Investiture/Investiture/Investiture/Intermediate/Shaders/WorkingDirectory/335148/).
[2018.03.30-20.08.16:568][  0]LogShaderCompilers: Cleaned the shader compiler working directory 'C:/Users/elevo/AppData/Local/Temp/UnrealShaderWorkingDir/FD674DF9411D61C00C9E9BA78390BBED/'.
[2018.03.30-20.08.16:568][  0]LogShaderCompilers: Display: Using Local Shader Compiler.
[2018.03.30-20.08.17:808][  0]LogTemp: Display: Loaded TP AllDesktopTargetPlatform
[2018.03.30-20.08.17:893][  0]LogTemp: Display: Loaded TP MacClientTargetPlatform
[2018.03.30-20.08.17:980][  0]LogTemp: Display: Loaded TP MacNoEditorTargetPlatform
[2018.03.30-20.08.18:060][  0]LogTemp: Display: Loaded TP MacServerTargetPlatform
[2018.03.30-20.08.18:143][  0]LogTemp: Display: Loaded TP MacTargetPlatform
[2018.03.30-20.08.18:220][  0]LogTemp: Display: Loaded TP WindowsClientTargetPlatform
[2018.03.30-20.08.18:308][  0]LogTemp: Display: Loaded TP WindowsNoEditorTargetPlatform
[2018.03.30-20.08.18:393][  0]LogTemp: Display: Loaded TP WindowsServerTargetPlatform
[2018.03.30-20.08.18:476][  0]LogTemp: Display: Loaded TP WindowsTargetPlatform
[2018.03.30-20.08.18:547][  0]LogTemp: Display: Loaded TP Android_ASTCTargetPlatform
[2018.03.30-20.08.18:624][  0]LogTemp: Display: Loaded TP Android_ATCTargetPlatform
[2018.03.30-20.08.18:710][  0]LogTemp: Display: Loaded TP Android_DXTTargetPlatform
[2018.03.30-20.08.18:792][  0]LogTemp: Display: Loaded TP Android_ETC1TargetPlatform
[2018.03.30-20.08.18:883][  0]LogTemp: Display: Loaded TP Android_ETC2TargetPlatform
[2018.03.30-20.08.19:044][  0]LogTemp: Display: Loaded TP Android_MultiTargetPlatform
[2018.03.30-20.08.19:045][  0]LogTemp: Display: Loaded TP Android_PVRTCTargetPlatform
[2018.03.30-20.08.19:129][  0]LogTemp: Display: Loaded TP AndroidTargetPlatform
[2018.03.30-20.08.19:206][  0]LogTemp: Display: Loaded TP HTML5TargetPlatform
[2018.03.30-20.08.19:356][  0]LogTemp: Display: Loaded TP IOSTargetPlatform
[2018.03.30-20.08.19:397][  0]LogTemp: Display: Loaded TP TVOSTargetPlatform
[2018.03.30-20.08.19:486][  0]LogTemp: Display: Loaded TP LinuxClientTargetPlatform
[2018.03.30-20.08.19:571][  0]LogTemp: Display: Loaded TP LinuxNoEditorTargetPlatform
[2018.03.30-20.08.19:663][  0]LogTemp: Display: Loaded TP LinuxServerTargetPlatform
[2018.03.30-20.08.19:745][  0]LogTemp: Display: Loaded TP LinuxTargetPlatform
[2018.03.30-20.08.19:745][  0]LogTargetPlatformManager: Display: Building Assets For Windows
[2018.03.30-20.08.20:557][  0]LogDerivedDataCache: Display: Max Cache Size: 512 MB
[2018.03.30-20.08.20:642][  0]LogDerivedDataCache: Loaded boot cache 0.09s 78MB C:/Users/elevo/AppData/Local/UnrealEngine/4.18/DerivedDataCache/Boot.ddc.
[2018.03.30-20.08.20:642][  0]LogDerivedDataCache: Display: Loaded Boot cache: C:/Users/elevo/AppData/Local/UnrealEngine/4.18/DerivedDataCache/Boot.ddc
[2018.03.30-20.08.20:642][  0]LogDerivedDataCache: FDerivedDataBackendGraph:  Pak pak cache file ../../../../../GameProjects/Unreal/Investiture/Investiture/Investiture/DerivedDataCache/DDC.ddp not found, will not use a pak cache.
[2018.03.30-20.08.20:642][  0]LogDerivedDataCache: Unable to find inner node Pak for hierarchical cache Hierarchy.
[2018.03.30-20.08.20:643][  0]LogDerivedDataCache: FDerivedDataBackendGraph:  CompressedPak pak cache file ../../../../../GameProjects/Unreal/Investiture/Investiture/Investiture/DerivedDataCache/Compressed.ddp not found, will not use a pak cache.
[2018.03.30-20.08.20:643][  0]LogDerivedDataCache: Unable to find inner node CompressedPak for hierarchical cache Hierarchy.
[2018.03.30-20.08.20:662][  0]LogDerivedDataCache: Display: Pak cache opened for reading ../../../Engine/DerivedDataCache/Compressed.ddp.
[2018.03.30-20.08.20:674][  0]LogDerivedDataCache: Using Local data cache path C:/Users/elevo/AppData/Local/UnrealEngine/Common/DerivedDataCache: Writable
[2018.03.30-20.08.20:683][  0]LogMaterial: Verifying Global Shaders for PCD3D_SM5
[2018.03.30-20.08.20:683][  0]LogSlate: Using Freetype 2.6.0
[2018.03.30-20.08.20:684][  0]LogSlate: SlateFontCache - WITH_FREETYPE: 1, WITH_HARFBUZZ: 1
[2018.03.30-20.08.20:684][  0]LogSlate: SlateFontCache - WITH_FREETYPE: 1, WITH_HARFBUZZ: 1
[2018.03.30-20.08.21:047][  0]LogInit: Selected Device Profile: [Windows]
[2018.03.30-20.08.21:504][  0]LogSimplygon: Simplygon DLL not present - disabling.
[2018.03.30-20.08.21:570][  0]LogMeshReduction: Using SimplygonSwarm for distributed automatic mesh merging
[2018.03.30-20.08.21:570][  0]LogMeshReduction: Using QuadricMeshReduction for automatic static mesh reduction
[2018.03.30-20.08.21:570][  0]LogMeshReduction: No automatic skeletal mesh reduction module available
[2018.03.30-20.08.21:570][  0]LogMeshReduction: No automatic mesh merging module available
[2018.03.30-20.08.21:570][  0]LogMeshMerging: No automatic mesh merging module available
[2018.03.30-20.08.21:604][  0]LogNetVersion: Investiture , NetCL: 3709383, EngineNetVer: 2, GameNetVer: 0 (Checksum: 1457158739)
[2018.03.30-20.08.21:790][  0]LogAssetRegistry: FAssetRegistry took 0.0256 seconds to start up
[2018.03.30-20.08.22:485][  0]LogPackageLocalizationCache: Processed 7 localized package path(s) for 2 prioritized culture(s) in 0.100123 seconds
[2018.03.30-20.08.22:492][  0]LogUObjectArray: 35870 objects as part of root set at end of initial load.
[2018.03.30-20.08.22:492][  0]LogUObjectAllocator: 7363704 out of 0 bytes used by permanent object pool.
[2018.03.30-20.08.22:492][  0]LogUObjectArray: CloseDisregardForGC: 0/0 objects in disregard for GC pool
[2018.03.30-20.08.22:609][  0]LogInit: WinSock: version 1.1 (2.2), MaxSocks=32767, MaxUdp=65467
[2018.03.30-20.08.27:588][  0]LogTcpMessaging: Initializing TcpMessaging bridge
[2018.03.30-20.08.27:654][  0]LogUdpMessaging: Initializing bridge on interface 0.0.0.0:0 to multicast group 230.0.0.1:6666.
[2018.03.30-20.08.28:729][  0]LogMaterial: Uniform references updated for custom material expression Custom.
[2018.03.30-20.08.29:398][  0]SourceControl: Source control is disabled
[2018.03.30-20.08.29:398][  0]SourceControl: Source control is disabled
[2018.03.30-20.08.29:495][  0]SourceControl: Source control is disabled
[2018.03.30-20.08.29:591][  0]SourceControl: Source control is disabled
[2018.03.30-20.08.31:188][  0]LogAndroidPermission: UAndroidPermissionCallbackProxy::GetInstance
[2018.03.30-20.08.31:640][  0]LogOcInput: OculusInput pre-init called
[2018.03.30-20.08.32:140][  0]LogEngine: Initializing Engine...
[2018.03.30-20.08.35:800][  0]LogHMD: SteamVR initialized.  Driver: lighthouse  Display: LHR-6E31E74B
[2018.03.30-20.08.36:036][  0]LogStats: UGameplayTagsManager::ConstructGameplayTagTree: Construct from data asset -  0.000 s
[2018.03.30-20.08.36:065][  0]LogStats: UGameplayTagsManager::ConstructGameplayTagTree: ImportINI -  0.012 s
[2018.03.30-20.08.36:065][  0]LogStats: UGameplayTagsManager::ConstructGameplayTagTree: GameplayTagTreeChangedEvent.Broadcast -  0.000 s
[2018.03.30-20.08.36:281][  0]LogAIModule: Creating AISystem for world Untitled
[2018.03.30-20.08.36:315][  0]LogInit: XAudio2 using 'SPDIF Interface (FiiO USB DAC-E10)' : 2 channels at 48 kHz using 16 bits per sample (channel mask 0x3)
[2018.03.30-20.08.36:327][  0]LogInit: FAudioDevice initialized.
[2018.03.30-20.08.36:419][  0]LogDerivedDataCache: Saved boot cache 0.09s 78MB C:/Users/elevo/AppData/Local/UnrealEngine/4.18/DerivedDataCache/Boot.ddc.
[2018.03.30-20.08.36:434][  0]LogInit: Texture streaming: Enabled
[2018.03.30-20.08.36:671][  0]LogEngineSessionManager: EngineSessionManager initialized
[2018.03.30-20.08.37:005][  0]LogInit: Transaction tracking system initialized
[2018.03.30-20.08.37:473][  0]BlueprintLog: New page: Editor Load
[2018.03.30-20.08.38:915][  0]LocalizationService: Localization service is disabled
[2018.03.30-20.08.40:198][  0]LogConsoleResponse: Display: 
[2018.03.30-20.08.40:517][  0]LogFileCache: Scanning file cache for directory 'C:/Users/elevo/Desktop/Data/GameProjects/Unreal/Investiture/Investiture/Investiture/Content/' took 0.01s
[2018.03.30-20.08.40:518][  0]LogCook: Display: Max memory allowance for cook 16384mb min free memory 0mb
[2018.03.30-20.08.40:518][  0]LogCook: Display: Mobile HDR setting 1
[2018.03.30-20.08.40:518][  0]LogGameplayTags: Display: UGameplayTagsManager::DoneAddingNativeTags. DelegateIsBound: 0
[2018.03.30-20.08.42:594][  0]SourceControl: Source control is disabled
[2018.03.30-20.08.42:594][  0]Cmd: MAP LOAD FILE="../../../../../GameProjects/Unreal/Investiture/Investiture/Investiture/Content/ProcLevel.umap" TEMPLATE=0 SHOWPROGRESS=1 FEATURELEVEL=3
[2018.03.30-20.08.42:595][  0]LightingResults: New page: Lighting Build
[2018.03.30-20.08.42:685][  0]MapCheck: New page: Map Check
[2018.03.30-20.08.42:685][  0]LightingResults: New page: Lighting Build
[2018.03.30-20.08.44:684][  0]LogLinker: Warning: Asset '../../../../../GameProjects/Unreal/Investiture/Investiture/Investiture/Content/Materials/Outline/MF_ConvolveTexture.uasset' has been saved with empty engine version. The asset will be loaded but may be incompatible.
[2018.03.30-20.08.48:183][  0]LogAIModule: Creating AISystem for world ProcLevel
[2018.03.30-20.08.48:268][  0]LogEditorServer: Finished looking for orphan Actors (0.000 secs)
[2018.03.30-20.08.48:296][  0]Cmd: MAP CHECKDEP NOCLEARLOG
[2018.03.30-20.08.48:371][  0]MapCheck: Map check complete: 0 Error(s), 0 Warning(s), took 74.67ms to complete.
[2018.03.30-20.08.48:371][  0]LogFileHelpers: Loading map 'ProcLevel' took 5.777
[2018.03.30-20.08.50:855][  0]LogCollectionManager: Loaded 0 collections in 0.001502 seconds
[2018.03.30-20.08.51:046][  0]LogFileCache: Scanning file cache for directory 'C:/Users/elevo/Desktop/Data/GameProjects/Unreal/Investiture/Investiture/Investiture/Saved/Collections/' took 0.01s
[2018.03.30-20.08.51:046][  0]LogFileCache: Scanning file cache for directory 'C:/Users/elevo/Desktop/Data/GameProjects/Unreal/Investiture/Investiture/Investiture/Content/Developers/elevo/Collections/' took 0.01s
[2018.03.30-20.08.51:046][  0]LogFileCache: Scanning file cache for directory 'C:/Users/elevo/Desktop/Data/GameProjects/Unreal/Investiture/Investiture/Investiture/Content/Collections/' took 0.01s
[2018.03.30-20.08.51:046][  0]LogCollectionManager: Rebuilt the GUID cache for 0 collections in 0.000001 seconds
[2018.03.30-20.08.51:078][  0]LogContentBrowser: Native class hierarchy populated in 0.0323 seconds. Added 2364 classes and 521 folders.
[2018.03.30-20.08.51:466][  0]LogContentBrowser: Native class hierarchy updated for 'WidgetCarousel' in 0.0002 seconds. Added 0 classes and 0 folders.
[2018.03.30-20.08.54:935][  0]LogContentBrowser: Native class hierarchy updated for 'AddContentDialog' in 0.0003 seconds. Added 0 classes and 0 folders.
[2018.03.30-20.08.55:095][  0]LogSlate: Took 0.000207 seconds to synchronously load lazily loaded font '../../../Engine/Content/Slate/Fonts/Roboto-Regular.ttf' (155K)
[2018.03.30-20.08.55:099][  0]LogSlate: Took 0.000207 seconds to synchronously load lazily loaded font '../../../Engine/Content/Slate/Fonts/Roboto-Bold.ttf' (160K)
[2018.03.30-20.08.55:159][  0]LogSlate: Took 0.055926 seconds to synchronously load lazily loaded font '../../../Engine/Content/Editor/Slate/Fonts/FontAwesome.ttf' (139K)
[2018.03.30-20.08.55:555][  0]LogRenderer: Reallocating scene render targets to support 596x312 Format 10 NumSamples 1 (Frame:1).
[2018.03.30-20.08.55:850][  0]LogSlate: Took 0.133984 seconds to synchronously load lazily loaded font '../../../Engine/Content/Slate/Fonts/Roboto-Light.ttf' (159K)
[2018.03.30-20.08.56:197][  0]LogContentBrowser: Native class hierarchy updated for 'HierarchicalLODOutliner' in 0.0002 seconds. Added 1 classes and 2 folders.
[2018.03.30-20.08.56:197][  0]LogLoad: (Engine Initialization) Total time: 44.03 seconds
[2018.03.30-20.08.56:197][  0]LogLoad: (Engine Initialization) Total Blueprint compile time: 0.00 seconds
[2018.03.30-20.08.56:198][  0]LogExternalProfiler: Found external profiler: VSPerf
[2018.03.30-20.08.56:198][  0]LogExternalProfiler: Using external profiler: VSPerf
[2018.03.30-20.08.56:569][  0]LogAssetRegistry: Asset discovery search completed in 34.8005 seconds
[2018.03.30-20.08.56:571][  0]LogCollectionManager: Rebuilt the object cache for 0 collections in 0.000000 seconds (found 0 objects)
[2018.03.30-20.08.56:571][  0]LogCollectionManager: Fixed up redirectors for 0 collections in 0.000088 seconds (updated 0 objects)
[2018.03.30-20.08.56:650][  0]LogContentStreaming: Texture pool size now 1000 MB
[2018.03.30-20.09.00:676][358]LogSlate: Took 0.000179 seconds to synchronously load lazily loaded font '../../../Engine/Content/Slate/Fonts/Roboto-Light.ttf' (159K)
[2018.03.30-20.09.01:309][358]LogSlate: Took 0.000170 seconds to synchronously load lazily loaded font '../../../Engine/Content/Slate/Fonts/Roboto-Regular.ttf' (155K)
[2018.03.30-20.09.01:489][358]LogContentBrowser: Native class hierarchy updated for 'BlueprintGraph' in 0.0007 seconds. Added 116 classes and 0 folders.
[2018.03.30-20.09.02:987][358]LogFileCache: Retrieving MD5 hashes for directory 'C:/Users/elevo/Desktop/Data/GameProjects/Unreal/Investiture/Investiture/Investiture/Content/' took 6.44s
[2018.03.30-20.09.02:995][358]LogSlate: Took 0.000155 seconds to synchronously load lazily loaded font '../../../Engine/Content/Slate/Fonts/Roboto-Light.ttf' (159K)
[2018.03.30-20.09.03:013][358]LogSlate: Took 0.017206 seconds to synchronously load lazily loaded font '../../../Engine/Content/Editor/Slate/Fonts/Roboto-BoldCondensed.ttf' (158K)
[2018.03.30-20.09.09:604][671]PIE: UWidget::RemoveFromParent() called on '/Engine/Transient.Image_82' which has no UMG parent (if it was added directly to a native Slate widget via TakeWidget() then it must be removed explicitly rather than via RemoveFromParent())
[2018.03.30-20.09.09:605][671]PIE: UWidget::RemoveFromParent() called on '/Engine/Transient.Image_1' which has no UMG parent (if it was added directly to a native Slate widget via TakeWidget() then it must be removed explicitly rather than via RemoveFromParent())
[2018.03.30-20.09.09:608][671]PIE: UWidget::RemoveFromParent() called on '/Engine/Transient.Image_3' which has no UMG parent (if it was added directly to a native Slate widget via TakeWidget() then it must be removed explicitly rather than via RemoveFromParent())
[2018.03.30-20.09.09:632][672]PIE: UWidget::RemoveFromParent() called on '/Engine/Transient.Image_5' which has no UMG parent (if it was added directly to a native Slate widget via TakeWidget() then it must be removed explicitly rather than via RemoveFromParent())
[2018.03.30-20.09.09:636][672]PIE: UWidget::RemoveFromParent() called on '/Engine/Transient.Image_7' which has no UMG parent (if it was added directly to a native Slate widget via TakeWidget() then it must be removed explicitly rather than via RemoveFromParent())
[2018.03.30-20.09.09:655][673]PIE: UWidget::RemoveFromParent() called on '/Engine/Transient.Image_9' which has no UMG parent (if it was added directly to a native Slate widget via TakeWidget() then it must be removed explicitly rather than via RemoveFromParent())
[2018.03.30-20.09.09:657][673]PIE: UWidget::RemoveFromParent() called on '/Engine/Transient.Image_11' which has no UMG parent (if it was added directly to a native Slate widget via TakeWidget() then it must be removed explicitly rather than via RemoveFromParent())
[2018.03.30-20.09.09:678][674]PIE: UWidget::RemoveFromParent() called on '/Engine/Transient.Image_13' which has no UMG parent (if it was added directly to a native Slate widget via TakeWidget() then it must be removed explicitly rather than via RemoveFromParent())
[2018.03.30-20.09.09:682][674]PIE: UWidget::RemoveFromParent() called on '/Engine/Transient.Image_15' which has no UMG parent (if it was added directly to a native Slate widget via TakeWidget() then it must be removed explicitly rather than via RemoveFromParent())
[2018.03.30-20.09.09:700][675]PIE: UWidget::RemoveFromParent() called on '/Engine/Transient.Image_17' which has no UMG parent (if it was added directly to a native Slate widget via TakeWidget() then it must be removed explicitly rather than via RemoveFromParent())
[2018.03.30-20.09.09:716][676]PIE: UWidget::RemoveFromParent() called on '/Engine/Transient.Image_19' which has no UMG parent (if it was added directly to a native Slate widget via TakeWidget() then it must be removed explicitly rather than via RemoveFromParent())
[2018.03.30-20.09.09:719][676]PIE: UWidget::RemoveFromParent() called on '/Engine/Transient.Image_21' which has no UMG parent (if it was added directly to a native Slate widget via TakeWidget() then it must be removed explicitly rather than via RemoveFromParent())
[2018.03.30-20.09.09:738][677]PIE: UWidget::RemoveFromParent() called on '/Engine/Transient.Image_23' which has no UMG parent (if it was added directly to a native Slate widget via TakeWidget() then it must be removed explicitly rather than via RemoveFromParent())
[2018.03.30-20.09.09:758][678]PIE: UWidget::RemoveFromParent() called on '/Engine/Transient.Image_25' which has no UMG parent (if it was added directly to a native Slate widget via TakeWidget() then it must be removed explicitly rather than via RemoveFromParent())
[2018.03.30-20.09.09:778][679]PIE: UWidget::RemoveFromParent() called on '/Engine/Transient.Image_27' which has no UMG parent (if it was added directly to a native Slate widget via TakeWidget() then it must be removed explicitly rather than via RemoveFromParent())
[2018.03.30-20.09.09:782][679]PIE: UWidget::RemoveFromParent() called on '/Engine/Transient.Image_29' which has no UMG parent (if it was added directly to a native Slate widget via TakeWidget() then it must be removed explicitly rather than via RemoveFromParent())
[2018.03.30-20.09.09:801][680]PIE: UWidget::RemoveFromParent() called on '/Engine/Transient.Image_31' which has no UMG parent (if it was added directly to a native Slate widget via TakeWidget() then it must be removed explicitly rather than via RemoveFromParent())
[2018.03.30-20.09.09:806][680]PIE: UWidget::RemoveFromParent() called on '/Engine/Transient.Image_33' which has no UMG parent (if it was added directly to a native Slate widget via TakeWidget() then it must be removed explicitly rather than via RemoveFromParent())
[2018.03.30-20.09.09:827][681]PIE: UWidget::RemoveFromParent() called on '/Engine/Transient.Image_35' which has no UMG parent (if it was added directly to a native Slate widget via TakeWidget() then it must be removed explicitly rather than via RemoveFromParent())
[2018.03.30-20.09.09:846][682]PIE: UWidget::RemoveFromParent() called on '/Engine/Transient.Image_37' which has no UMG parent (if it was added directly to a native Slate widget via TakeWidget() then it must be removed explicitly rather than via RemoveFromParent())
[2018.03.30-20.09.09:866][683]PIE: UWidget::RemoveFromParent() called on '/Engine/Transient.Image_39' which has no UMG parent (if it was added directly to a native Slate widget via TakeWidget() then it must be removed explicitly rather than via RemoveFromParent())
[2018.03.30-20.09.09:888][684]PIE: UWidget::RemoveFromParent() called on '/Engine/Transient.Image_41' which has no UMG parent (if it was added directly to a native Slate widget via TakeWidget() then it must be removed explicitly rather than via RemoveFromParent())
[2018.03.30-20.09.09:907][685]PIE: UWidget::RemoveFromParent() called on '/Engine/Transient.Image_43' which has no UMG parent (if it was added directly to a native Slate widget via TakeWidget() then it must be removed explicitly rather than via RemoveFromParent())
[2018.03.30-20.09.09:927][686]PIE: UWidget::RemoveFromParent() called on '/Engine/Transient.Image_45' which has no UMG parent (if it was added directly to a native Slate widget via TakeWidget() then it must be removed explicitly rather than via RemoveFromParent())
[2018.03.30-20.09.09:946][687]PIE: UWidget::RemoveFromParent() called on '/Engine/Transient.Image_47' which has no UMG parent (if it was added directly to a native Slate widget via TakeWidget() then it must be removed explicitly rather than via RemoveFromParent())
[2018.03.30-20.09.09:963][688]PIE: UWidget::RemoveFromParent() called on '/Engine/Transient.Image_49' which has no UMG parent (if it was added directly to a native Slate widget via TakeWidget() then it must be removed explicitly rather than via RemoveFromParent())
[2018.03.30-20.09.09:982][689]PIE: UWidget::RemoveFromParent() called on '/Engine/Transient.Image_51' which has no UMG parent (if it was added directly to a native Slate widget via TakeWidget() then it must be removed explicitly rather than via RemoveFromParent())
[2018.03.30-20.09.09:999][690]PIE: UWidget::RemoveFromParent() called on '/Engine/Transient.Image_53' which has no UMG parent (if it was added directly to a native Slate widget via TakeWidget() then it must be removed explicitly rather than via RemoveFromParent())
[2018.03.30-20.09.10:002][690]PIE: UWidget::RemoveFromParent() called on '/Engine/Transient.Image_55' which has no UMG parent (if it was added directly to a native Slate widget via TakeWidget() then it must be removed explicitly rather than via RemoveFromParent())
[2018.03.30-20.09.10:018][691]PIE: UWidget::RemoveFromParent() called on '/Engine/Transient.Image_57' which has no UMG parent (if it was added directly to a native Slate widget via TakeWidget() then it must be removed explicitly rather than via RemoveFromParent())
[2018.03.30-20.09.10:020][691]PIE: UWidget::RemoveFromParent() called on '/Engine/Transient.Image_59' which has no UMG parent (if it was added directly to a native Slate widget via TakeWidget() then it must be removed explicitly rather than via RemoveFromParent())
[2018.03.30-20.09.10:024][691]PIE: UWidget::RemoveFromParent() called on '/Engine/Transient.Image_61' which has no UMG parent (if it was added directly to a native Slate widget via TakeWidget() then it must be removed explicitly rather than via RemoveFromParent())
[2018.03.30-20.09.10:042][692]PIE: UWidget::RemoveFromParent() called on '/Engine/Transient.Image_63' which has no UMG parent (if it was added directly to a native Slate widget via TakeWidget() then it must be removed explicitly rather than via RemoveFromParent())
[2018.03.30-20.09.10:060][693]PIE: UWidget::RemoveFromParent() called on '/Engine/Transient.Image_65' which has no UMG parent (if it was added directly to a native Slate widget via TakeWidget() then it must be removed explicitly rather than via RemoveFromParent())
[2018.03.30-20.09.10:063][693]PIE: UWidget::RemoveFromParent() called on '/Engine/Transient.Image_67' which has no UMG parent (if it was added directly to a native Slate widget via TakeWidget() then it must be removed explicitly rather than via RemoveFromParent())
[2018.03.30-20.09.10:080][694]PIE: UWidget::RemoveFromParent() called on '/Engine/Transient.Image_69' which has no UMG parent (if it was added directly to a native Slate widget via TakeWidget() then it must be removed explicitly rather than via RemoveFromParent())
[2018.03.30-20.09.10:083][694]PIE: UWidget::RemoveFromParent() called on '/Engine/Transient.Image_71' which has no UMG parent (if it was added directly to a native Slate widget via TakeWidget() then it must be removed explicitly rather than via RemoveFromParent())
[2018.03.30-20.09.10:100][695]PIE: UWidget::RemoveFromParent() called on '/Engine/Transient.Image_73' which has no UMG parent (if it was added directly to a native Slate widget via TakeWidget() then it must be removed explicitly rather than via RemoveFromParent())
[2018.03.30-20.09.10:103][695]PIE: UWidget::RemoveFromParent() called on '/Engine/Transient.Image_75' which has no UMG parent (if it was added directly to a native Slate widget via TakeWidget() then it must be removed explicitly rather than via RemoveFromParent())
[2018.03.30-20.09.10:121][696]PIE: UWidget::RemoveFromParent() called on '/Engine/Transient.Image_77' which has no UMG parent (if it was added directly to a native Slate widget via TakeWidget() then it must be removed explicitly rather than via RemoveFromParent())
[2018.03.30-20.09.10:123][696]PIE: UWidget::RemoveFromParent() called on '/Engine/Transient.Image_79' which has no UMG parent (if it was added directly to a native Slate widget via TakeWidget() then it must be removed explicitly rather than via RemoveFromParent())
[2018.03.30-20.09.10:139][697]PIE: UWidget::RemoveFromParent() called on '/Engine/Transient.Image_81' which has no UMG parent (if it was added directly to a native Slate widget via TakeWidget() then it must be removed explicitly rather than via RemoveFromParent())
[2018.03.30-20.09.10:142][697]PIE: UWidget::RemoveFromParent() called on '/Engine/Transient.Image_83' which has no UMG parent (if it was added directly to a native Slate widget via TakeWidget() then it must be removed explicitly rather than via RemoveFromParent())
[2018.03.30-20.09.10:158][698]PIE: UWidget::RemoveFromParent() called on '/Engine/Transient.Image_85' which has no UMG parent (if it was added directly to a native Slate widget via TakeWidget() then it must be removed explicitly rather than via RemoveFromParent())
[2018.03.30-20.09.10:176][699]PIE: UWidget::RemoveFromParent() called on '/Engine/Transient.Image_87' which has no UMG parent (if it was added directly to a native Slate widget via TakeWidget() then it must be removed explicitly rather than via RemoveFromParent())
[2018.03.30-20.09.10:193][700]PIE: UWidget::RemoveFromParent() called on '/Engine/Transient.Image_89' which has no UMG parent (if it was added directly to a native Slate widget via TakeWidget() then it must be removed explicitly rather than via RemoveFromParent())
[2018.03.30-20.09.10:211][701]PIE: UWidget::RemoveFromParent() called on '/Engine/Transient.Image_91' which has no UMG parent (if it was added directly to a native Slate widget via TakeWidget() then it must be removed explicitly rather than via RemoveFromParent())
[2018.03.30-20.09.10:229][702]PIE: UWidget::RemoveFromParent() called on '/Engine/Transient.Image_93' which has no UMG parent (if it was added directly to a native Slate widget via TakeWidget() then it must be removed explicitly rather than via RemoveFromParent())
[2018.03.30-20.09.10:245][703]PIE: UWidget::RemoveFromParent() called on '/Engine/Transient.Image_95' which has no UMG parent (if it was added directly to a native Slate widget via TakeWidget() then it must be removed explicitly rather than via RemoveFromParent())
[2018.03.30-20.09.10:261][704]PIE: UWidget::RemoveFromParent() called on '/Engine/Transient.Image_97' which has no UMG parent (if it was added directly to a native Slate widget via TakeWidget() then it must be removed explicitly rather than via RemoveFromParent())
[2018.03.30-20.09.10:280][705]PIE: UWidget::RemoveFromParent() called on '/Engine/Transient.Image_99' which has no UMG parent (if it was added directly to a native Slate widget via TakeWidget() then it must be removed explicitly rather than via RemoveFromParent())
[2018.03.30-20.09.10:297][706]PIE: UWidget::RemoveFromParent() called on '/Engine/Transient.Image_101' which has no UMG parent (if it was added directly to a native Slate widget via TakeWidget() then it must be removed explicitly rather than via RemoveFromParent())
[2018.03.30-20.09.10:314][707]PIE: UWidget::RemoveFromParent() called on '/Engine/Transient.Image_103' which has no UMG parent (if it was added directly to a native Slate widget via TakeWidget() then it must be removed explicitly rather than via RemoveFromParent())
[2018.03.30-20.09.10:334][708]PIE: UWidget::RemoveFromParent() called on '/Engine/Transient.Image_105' which has no UMG parent (if it was added directly to a native Slate widget via TakeWidget() then it must be removed explicitly rather than via RemoveFromParent())
[2018.03.30-20.09.10:351][709]PIE: UWidget::RemoveFromParent() called on '/Engine/Transient.Image_107' which has no UMG parent (if it was added directly to a native Slate widget via TakeWidget() then it must be removed explicitly rather than via RemoveFromParent())
[2018.03.30-20.09.10:368][710]PIE: UWidget::RemoveFromParent() called on '/Engine/Transient.Image_109' which has no UMG parent (if it was added directly to a native Slate widget via TakeWidget() then it must be removed explicitly rather than via RemoveFromParent())
[2018.03.30-20.09.10:385][711]PIE: UWidget::RemoveFromParent() called on '/Engine/Transient.Image_111' which has no UMG parent (if it was added directly to a native Slate widget via TakeWidget() then it must be removed explicitly rather than via RemoveFromParent())
[2018.03.30-20.09.10:402][712]PIE: UWidget::RemoveFromParent() called on '/Engine/Transient.Image_113' which has no UMG parent (if it was added directly to a native Slate widget via TakeWidget() then it must be removed explicitly rather than via RemoveFromParent())
[2018.03.30-20.09.10:420][713]PIE: UWidget::RemoveFromParent() called on '/Engine/Transient.Image_115' which has no UMG parent (if it was added directly to a native Slate widget via TakeWidget() then it must be removed explicitly rather than via RemoveFromParent())
[2018.03.30-20.09.10:436][714]PIE: UWidget::RemoveFromParent() called on '/Engine/Transient.Image_117' which has no UMG parent (if it was added directly to a native Slate widget via TakeWidget() then it must be removed explicitly rather than via RemoveFromParent())
[2018.03.30-20.09.10:439][714]PIE: UWidget::RemoveFromParent() called on '/Engine/Transient.Image_119' which has no UMG parent (if it was added directly to a native Slate widget via TakeWidget() then it must be removed explicitly rather than via RemoveFromParent())
[2018.03.30-20.09.10:456][715]PIE: UWidget::RemoveFromParent() called on '/Engine/Transient.Image_121' which has no UMG parent (if it was added directly to a native Slate widget via TakeWidget() then it must be removed explicitly rather than via RemoveFromParent())
[2018.03.30-20.09.10:458][715]PIE: UWidget::RemoveFromParent() called on '/Engine/Transient.Image_123' which has no UMG parent (if it was added directly to a native Slate widget via TakeWidget() then it must be removed explicitly rather than via RemoveFromParent())
[2018.03.30-20.09.10:475][716]PIE: UWidget::RemoveFromParent() called on '/Engine/Transient.Image_125' which has no UMG parent (if it was added directly to a native Slate widget via TakeWidget() then it must be removed explicitly rather than via RemoveFromParent())
[2018.03.30-20.09.10:478][716]PIE: UWidget::RemoveFromParent() called on '/Engine/Transient.Image_127' which has no UMG parent (if it was added directly to a native Slate widget via TakeWidget() then it must be removed explicitly rather than via RemoveFromParent())
[2018.03.30-20.09.10:495][717]PIE: UWidget::RemoveFromParent() called on '/Engine/Transient.Image_129' which has no UMG parent (if it was added directly to a native Slate widget via TakeWidget() then it must be removed explicitly rather than via RemoveFromParent())
[2018.03.30-20.09.10:498][717]PIE: UWidget::RemoveFromParent() called on '/Engine/Transient.Image_131' which has no UMG parent (if it was added directly to a native Slate widget via TakeWidget() then it must be removed explicitly rather than via RemoveFromParent())
[2018.03.30-20.09.10:517][718]PIE: UWidget::RemoveFromParent() called on '/Engine/Transient.Image_133' which has no UMG parent (if it was added directly to a native Slate widget via TakeWidget() then it must be removed explicitly rather than via RemoveFromParent())
[2018.03.30-20.09.10:536][719]PIE: UWidget::RemoveFromParent() called on '/Engine/Transient.Image_135' which has no UMG parent (if it was added directly to a native Slate widget via TakeWidget() then it must be removed explicitly rather than via RemoveFromParent())
[2018.03.30-20.09.10:555][720]PIE: UWidget::RemoveFromParent() called on '/Engine/Transient.Image_137' which has no UMG parent (if it was added directly to a native Slate widget via TakeWidget() then it must be removed explicitly rather than via RemoveFromParent())
[2018.03.30-20.09.10:575][721]PIE: UWidget::RemoveFromParent() called on '/Engine/Transient.Image_139' which has no UMG parent (if it was added directly to a native Slate widget via TakeWidget() then it must be removed explicitly rather than via RemoveFromParent())
[2018.03.30-20.09.10:578][721]PIE: UWidget::RemoveFromParent() called on '/Engine/Transient.Image_141' which has no UMG parent (if it was added directly to a native Slate widget via TakeWidget() then it must be removed explicitly rather than via RemoveFromParent())
[2018.03.30-20.09.10:599][722]PIE: UWidget::RemoveFromParent() called on '/Engine/Transient.Image_143' which has no UMG parent (if it was added directly to a native Slate widget via TakeWidget() then it must be removed explicitly rather than via RemoveFromParent())
[2018.03.30-20.09.10:618][723]PIE: UWidget::RemoveFromParent() called on '/Engine/Transient.Image_145' which has no UMG parent (if it was added directly to a native Slate widget via TakeWidget() then it must be removed explicitly rather than via RemoveFromParent())
[2018.03.30-20.09.10:639][724]PIE: UWidget::RemoveFromParent() called on '/Engine/Transient.Image_147' which has no UMG parent (if it was added directly to a native Slate widget via TakeWidget() then it must be removed explicitly rather than via RemoveFromParent())
[2018.03.30-20.09.10:659][725]PIE: UWidget::RemoveFromParent() called on '/Engine/Transient.Image_149' which has no UMG parent (if it was added directly to a native Slate widget via TakeWidget() then it must be removed explicitly rather than via RemoveFromParent())
[2018.03.30-20.09.10:676][726]PIE: UWidget::RemoveFromParent() called on '/Engine/Transient.Image_151' which has no UMG parent (if it was added directly to a native Slate widget via TakeWidget() then it must be removed explicitly rather than via RemoveFromParent())
[2018.03.30-20.09.10:693][727]PIE: UWidget::RemoveFromParent() called on '/Engine/Transient.Image_153' which has no UMG parent (if it was added directly to a native Slate widget via TakeWidget() then it must be removed explicitly rather than via RemoveFromParent())
[2018.03.30-20.09.10:712][728]PIE: UWidget::RemoveFromParent() called on '/Engine/Transient.Image_155' which has no UMG parent (if it was added directly to a native Slate widget via TakeWidget() then it must be removed explicitly rather than via RemoveFromParent())
[2018.03.30-20.09.10:730][729]PIE: UWidget::RemoveFromParent() called on '/Engine/Transient.Image_157' which has no UMG parent (if it was added directly to a native Slate widget via TakeWidget() then it must be removed explicitly rather than via RemoveFromParent())
[2018.03.30-20.09.10:746][730]PIE: UWidget::RemoveFromParent() called on '/Engine/Transient.Image_159' which has no UMG parent (if it was added directly to a native Slate widget via TakeWidget() then it must be removed explicitly rather than via RemoveFromParent())
[2018.03.30-20.09.10:763][731]PIE: UWidget::RemoveFromParent() called on '/Engine/Transient.Image_161' which has no UMG parent (if it was added directly to a native Slate widget via TakeWidget() then it must be removed explicitly rather than via RemoveFromParent())
[2018.03.30-20.09.10:780][732]PIE: UWidget::RemoveFromParent() called on '/Engine/Transient.Image_163' which has no UMG parent (if it was added directly to a native Slate widget via TakeWidget() then it must be removed explicitly rather than via RemoveFromParent())
[2018.03.30-20.09.10:797][733]PIE: UWidget::RemoveFromParent() called on '/Engine/Transient.Image_165' which has no UMG parent (if it was added directly to a native Slate widget via TakeWidget() then it must be removed explicitly rather than via RemoveFromParent())
[2018.03.30-20.09.10:816][734]PIE: UWidget::RemoveFromParent() called on '/Engine/Transient.Image_167' which has no UMG parent (if it was added directly to a native Slate widget via TakeWidget() then it must be removed explicitly rather than via RemoveFromParent())
[2018.03.30-20.09.10:835][735]PIE: UWidget::RemoveFromParent() called on '/Engine/Transient.Image_169' which has no UMG parent (if it was added directly to a native Slate widget via TakeWidget() then it must be removed explicitly rather than via RemoveFromParent())
[2018.03.30-20.09.10:853][736]PIE: UWidget::RemoveFromParent() called on '/Engine/Transient.Image_171' which has no UMG parent (if it was added directly to a native Slate widget via TakeWidget() then it must be removed explicitly rather than via RemoveFromParent())
[2018.03.30-20.09.10:871][737]PIE: UWidget::RemoveFromParent() called on '/Engine/Transient.Image_173' which has no UMG parent (if it was added directly to a native Slate widget via TakeWidget() then it must be removed explicitly rather than via RemoveFromParent())
[2018.03.30-20.09.10:888][738]PIE: UWidget::RemoveFromParent() called on '/Engine/Transient.Image_175' which has no UMG parent (if it was added directly to a native Slate widget via TakeWidget() then it must be removed explicitly rather than via RemoveFromParent())
[2018.03.30-20.09.10:906][739]PIE: UWidget::RemoveFromParent() called on '/Engine/Transient.Image_177' which has no UMG parent (if it was added directly to a native Slate widget via TakeWidget() then it must be removed explicitly rather than via RemoveFromParent())
[2018.03.30-20.09.10:926][740]PIE: UWidget::RemoveFromParent() called on '/Engine/Transient.Image_179' which has no UMG parent (if it was added directly to a native Slate widget via TakeWidget() then it must be removed explicitly rather than via RemoveFromParent())
[2018.03.30-20.09.10:946][741]PIE: UWidget::RemoveFromParent() called on '/Engine/Transient.Image_181' which has no UMG parent (if it was added directly to a native Slate widget via TakeWidget() then it must be removed explicitly rather than via RemoveFromParent())
[2018.03.30-20.09.10:967][742]PIE: UWidget::RemoveFromParent() called on '/Engine/Transient.Image_183' which has no UMG parent (if it was added directly to a native Slate widget via TakeWidget() then it must be removed explicitly rather than via RemoveFromParent())
[2018.03.30-20.09.10:987][743]PIE: UWidget::RemoveFromParent() called on '/Engine/Transient.Image_185' which has no UMG parent (if it was added directly to a native Slate widget via TakeWidget() then it must be removed explicitly rather than via RemoveFromParent())
[2018.03.30-20.09.11:007][744]PIE: UWidget::RemoveFromParent() called on '/Engine/Transient.Image_187' which has no UMG parent (if it was added directly to a native Slate widget via TakeWidget() then it must be removed explicitly rather than via RemoveFromParent())
[2018.03.30-20.09.11:027][745]PIE: UWidget::RemoveFromParent() called on '/Engine/Transient.Image_189' which has no UMG parent (if it was added directly to a native Slate widget via TakeWidget() then it must be removed explicitly rather than via RemoveFromParent())
[2018.03.30-20.09.11:045][746]PIE: UWidget::RemoveFromParent() called on '/Engine/Transient.Image_191' which has no UMG parent (if it was added directly to a native Slate widget via TakeWidget() then it must be removed explicitly rather than via RemoveFromParent())
[2018.03.30-20.09.11:065][747]PIE: UWidget::RemoveFromParent() called on '/Engine/Transient.Image_193' which has no UMG parent (if it was added directly to a native Slate widget via TakeWidget() then it must be removed explicitly rather than via RemoveFromParent())
[2018.03.30-20.09.11:084][748]PIE: UWidget::RemoveFromParent() called on '/Engine/Transient.Image_195' which has no UMG parent (if it was added directly to a native Slate widget via TakeWidget() then it must be removed explicitly rather than via RemoveFromParent())
[2018.03.30-20.09.11:107][749]PIE: UWidget::RemoveFromParent() called on '/Engine/Transient.Image_197' which has no UMG parent (if it was added directly to a native Slate widget via TakeWidget() then it must be removed explicitly rather than via RemoveFromParent())
[2018.03.30-20.09.11:128][750]PIE: UWidget::RemoveFromParent() called on '/Engine/Transient.Image_199' which has no UMG parent (if it was added directly to a native Slate widget via TakeWidget() then it must be removed explicitly rather than via RemoveFromParent())
[2018.03.30-20.09.11:146][751]PIE: UWidget::RemoveFromParent() called on '/Engine/Transient.Image_201' which has no UMG parent (if it was added directly to a native Slate widget via TakeWidget() then it must be removed explicitly rather than via RemoveFromParent())
[2018.03.30-20.09.11:163][752]PIE: UWidget::RemoveFromParent() called on '/Engine/Transient.Image_203' which has no UMG parent (if it was added directly to a native Slate widget via TakeWidget() then it must be removed explicitly rather than via RemoveFromParent())
[2018.03.30-20.09.11:181][753]PIE: UWidget::RemoveFromParent() called on '/Engine/Transient.Image_205' which has no UMG parent (if it was added directly to a native Slate widget via TakeWidget() then it must be removed explicitly rather than via RemoveFromParent())
[2018.03.30-20.09.11:199][754]PIE: UWidget::RemoveFromParent() called on '/Engine/Transient.Image_207' which has no UMG parent (if it was added directly to a native Slate widget via TakeWidget() then it must be removed explicitly rather than via RemoveFromParent())
[2018.03.30-20.09.11:216][755]PIE: UWidget::RemoveFromParent() called on '/Engine/Transient.Image_209' which has no UMG parent (if it was added directly to a native Slate widget via TakeWidget() then it must be removed explicitly rather than via RemoveFromParent())
[2018.03.30-20.09.11:235][756]PIE: UWidget::RemoveFromParent() called on '/Engine/Transient.Image_211' which has no UMG parent (if it was added directly to a native Slate widget via TakeWidget() then it must be removed explicitly rather than via RemoveFromParent())
[2018.03.30-20.09.11:255][757]PIE: UWidget::RemoveFromParent() called on '/Engine/Transient.Image_213' which has no UMG parent (if it was added directly to a native Slate widget via TakeWidget() then it must be removed explicitly rather than via RemoveFromParent())
[2018.03.30-20.09.11:273][758]PIE: UWidget::RemoveFromParent() called on '/Engine/Transient.Image_215' which has no UMG parent (if it was added directly to a native Slate widget via TakeWidget() then it must be removed explicitly rather than via RemoveFromParent())
[2018.03.30-20.09.11:289][759]PIE: UWidget::RemoveFromParent() called on '/Engine/Transient.Image_217' which has no UMG parent (if it was added directly to a native Slate widget via TakeWidget() then it must be removed explicitly rather than via RemoveFromParent())
[2018.03.30-20.09.11:308][760]PIE: UWidget::RemoveFromParent() called on '/Engine/Transient.Image_219' which has no UMG parent (if it was added directly to a native Slate widget via TakeWidget() then it must be removed explicitly rather than via RemoveFromParent())
[2018.03.30-20.09.11:325][761]PIE: UWidget::RemoveFromParent() called on '/Engine/Transient.Image_221' which has no UMG parent (if it was added directly to a native Slate widget via TakeWidget() then it must be removed explicitly rather than via RemoveFromParent())
[2018.03.30-20.09.11:344][762]PIE: UWidget::RemoveFromParent() called on '/Engine/Transient.Image_223' which has no UMG parent (if it was added directly to a native Slate widget via TakeWidget() then it must be removed explicitly rather than via RemoveFromParent())
[2018.03.30-20.09.11:365][763]PIE: UWidget::RemoveFromParent() called on '/Engine/Transient.Image_225' which has no UMG parent (if it was added directly to a native Slate widget via TakeWidget() then it must be removed explicitly rather than via RemoveFromParent())
[2018.03.30-20.09.11:382][764]PIE: UWidget::RemoveFromParent() called on '/Engine/Transient.Image_227' which has no UMG parent (if it was added directly to a native Slate widget via TakeWidget() then it must be removed explicitly rather than via RemoveFromParent())
[2018.03.30-20.09.11:397][765]PIE: UWidget::RemoveFromParent() called on '/Engine/Transient.Image_229' which has no UMG parent (if it was added directly to a native Slate widget via TakeWidget() then it must be removed explicitly rather than via RemoveFromParent())
[2018.03.30-20.09.11:417][766]PIE: UWidget::RemoveFromParent() called on '/Engine/Transient.Image_231' which has no UMG parent (if it was added directly to a native Slate widget via TakeWidget() then it must be removed explicitly rather than via RemoveFromParent())
[2018.03.30-20.09.11:434][767]PIE: UWidget::RemoveFromParent() called on '/Engine/Transient.Image_233' which has no UMG parent (if it was added directly to a native Slate widget via TakeWidget() then it must be removed explicitly rather than via RemoveFromParent())
[2018.03.30-20.09.11:451][768]PIE: UWidget::RemoveFromParent() called on '/Engine/Transient.Image_235' which has no UMG parent (if it was added directly to a native Slate widget via TakeWidget() then it must be removed explicitly rather than via RemoveFromParent())
[2018.03.30-20.09.11:469][769]PIE: UWidget::RemoveFromParent() called on '/Engine/Transient.Image_237' which has no UMG parent (if it was added directly to a native Slate widget via TakeWidget() then it must be removed explicitly rather than via RemoveFromParent())
[2018.03.30-20.09.11:488][770]PIE: UWidget::RemoveFromParent() called on '/Engine/Transient.Image_239' which has no UMG parent (if it was added directly to a native Slate widget via TakeWidget() then it must be removed explicitly rather than via RemoveFromParent())
[2018.03.30-20.09.11:506][771]PIE: UWidget::RemoveFromParent() called on '/Engine/Transient.Image_241' which has no UMG parent (if it was added directly to a native Slate widget via TakeWidget() then it must be removed explicitly rather than via RemoveFromParent())
[2018.03.30-20.09.11:522][772]PIE: UWidget::RemoveFromParent() called on '/Engine/Transient.Image_243' which has no UMG parent (if it was added directly to a native Slate widget via TakeWidget() then it must be removed explicitly rather than via RemoveFromParent())
[2018.03.30-20.09.11:538][773]PIE: UWidget::RemoveFromParent() called on '/Engine/Transient.Image_245' which has no UMG parent (if it was added directly to a native Slate widget via TakeWidget() then it must be removed explicitly rather than via RemoveFromParent())
[2018.03.30-20.09.11:554][774]PIE: UWidget::RemoveFromParent() called on '/Engine/Transient.Image_247' which has no UMG parent (if it was added directly to a native Slate widget via TakeWidget() then it must be removed explicitly rather than via RemoveFromParent())
[2018.03.30-20.09.11:571][775]PIE: UWidget::RemoveFromParent() called on '/Engine/Transient.Image_249' which has no UMG parent (if it was added directly to a native Slate widget via TakeWidget() then it must be removed explicitly rather than via RemoveFromParent())
[2018.03.30-20.09.11:590][776]PIE: UWidget::RemoveFromParent() called on '/Engine/Transient.Image_251' which has no UMG parent (if it was added directly to a native Slate widget via TakeWidget() then it must be removed explicitly rather than via RemoveFromParent())
[2018.03.30-20.09.11:608][777]PIE: UWidget::RemoveFromParent() called on '/Engine/Transient.Image_253' which has no UMG parent (if it was added directly to a native Slate widget via TakeWidget() then it must be removed explicitly rather than via RemoveFromParent())
[2018.03.30-20.09.11:629][778]PIE: UWidget::RemoveFromParent() called on '/Engine/Transient.Image_255' which has no UMG parent (if it was added directly to a native Slate widget via TakeWidget() then it must be removed explicitly rather than via RemoveFromParent())
[2018.03.30-20.09.11:650][779]PIE: UWidget::RemoveFromParent() called on '/Engine/Transient.Image_257' which has no UMG parent (if it was added directly to a native Slate widget via TakeWidget() then it must be removed explicitly rather than via RemoveFromParent())
[2018.03.30-20.09.11:670][780]PIE: UWidget::RemoveFromParent() called on '/Engine/Transient.Image_259' which has no UMG parent (if it was added directly to a native Slate widget via TakeWidget() then it must be removed explicitly rather than via RemoveFromParent())
[2018.03.30-20.09.11:686][781]PIE: UWidget::RemoveFromParent() called on '/Engine/Transient.Image_261' which has no UMG parent (if it was added directly to a native Slate widget via TakeWidget() then it must be removed explicitly rather than via RemoveFromParent())
[2018.03.30-20.09.11:702][782]PIE: UWidget::RemoveFromParent() called on '/Engine/Transient.Image_263' which has no UMG parent (if it was added directly to a native Slate widget via TakeWidget() then it must be removed explicitly rather than via RemoveFromParent())
[2018.03.30-20.09.11:726][783]PIE: UWidget::RemoveFromParent() called on '/Engine/Transient.Image_265' which has no UMG parent (if it was added directly to a native Slate widget via TakeWidget() then it must be removed explicitly rather than via RemoveFromParent())
[2018.03.30-20.09.13:390][857]LogConsoleManager: Warning: Performance warning: Console object named 'r.DebugSafeZone.Mode' shows many (500) FindConsoleObject() calls (consider caching e.g. using static)
[2018.03.30-20.09.15:732][965]BlueprintLog: New page: Compile BasicFlowTooltipWidget
[2018.03.30-20.09.16:491][984]LogSavePackage: Save=170.11ms
[2018.03.30-20.09.16:491][984]LogSavePackage: Moving '../../../../../GameProjects/Unreal/Investiture/Investiture/Investiture/Saved/BasicFlowTooltipWidgetFE792B414758C9A2FCE62688A15D3B2A.tmp' to '../../../../../GameProjects/Unreal/Investiture/Investiture/Investiture/Content/Blueprints/UI/BasicFlowTooltipWidget.uasset'
[2018.03.30-20.09.16:494][984]LogSavePackage: Display: Finished SavePackage ../../../../../GameProjects/Unreal/Investiture/Investiture/Investiture/Content/Blueprints/UI/BasicFlowTooltipWidget.uasset
[2018.03.30-20.09.41:324][784]LogSlate: Took 0.016350 seconds to synchronously load lazily loaded font '../../../Engine/Content/Editor/Slate/Fonts/Roboto-Italic.ttf' (157K)
[2018.03.30-20.09.55:844][206]LogEditorViewport: Clicking on Actor (LMB): StaticMeshActor (Cube)
[2018.03.30-20.11.33:041][705]BlueprintLog: New page: Compile FirstPersonHUD
[2018.03.30-20.11.34:836][705]Cmd: OBJ SAVEPACKAGE PACKAGE="/Game/Blueprints/UI/FirstPersonHUD" FILE="../../../../../GameProjects/Unreal/Investiture/Investiture/Investiture/Content/Blueprints/UI/FirstPersonHUD.uasset" SILENT=true
[2018.03.30-20.11.35:822][705]LogSavePackage: Save=165.24ms
[2018.03.30-20.11.35:822][705]LogSavePackage: Moving '../../../../../GameProjects/Unreal/Investiture/Investiture/Investiture/Saved/FirstPersonHUD2A0562224392DEAD905C359ACF1D03FA.tmp' to '../../../../../GameProjects/Unreal/Investiture/Investiture/Investiture/Content/Blueprints/UI/FirstPersonHUD.uasset'
[2018.03.30-20.11.35:825][705]LogSavePackage: Display: Finished SavePackage ../../../../../GameProjects/Unreal/Investiture/Investiture/Investiture/Content/Blueprints/UI/FirstPersonHUD.uasset
[2018.03.30-20.11.35:901][705]LogTemp: Repeating last play command: New Editor Window (PIE)
[2018.03.30-20.11.38:561][705]LogBlueprintUserMessages: Early PlayInEditor Detection: Level '/Game/ProcLevel.ProcLevel:PersistentLevel' has LevelScriptBlueprint '/Game/ProcLevel.ProcLevel:PersistentLevel.ProcLevel' with GeneratedClass '/Game/ProcLevel.ProcLevel_C' with ClassGeneratedBy '/Game/ProcLevel.ProcLevel:PersistentLevel.ProcLevel'
[2018.03.30-20.11.38:670][705]LogPlayLevel: PlayLevel: No blueprints needed recompiling
[2018.03.30-20.11.39:306][705]PIE: New page: PIE session: ProcLevel (Mar 30, 2018, 6:11:38 AM)
[2018.03.30-20.11.39:356][705]LogPlayLevel: Creating play world package: /Game/UEDPIE_0_ProcLevel
[2018.03.30-20.11.39:602][705]LogPlayLevel: PIE: StaticDuplicateObject took: (0.245478s)
[2018.03.30-20.11.39:603][705]LogAIModule: Creating AISystem for world ProcLevel
[2018.03.30-20.11.39:722][705]LogPlayLevel: PIE: World Init took: (0.119811s)
[2018.03.30-20.11.39:770][705]LogPlayLevel: PIE: Created PIE world by copying editor world from /Game/ProcLevel.ProcLevel to /Game/UEDPIE_0_ProcLevel.ProcLevel (0.413684s)
[2018.03.30-20.11.40:004][705]LogInit: XAudio2 using 'SPDIF Interface (FiiO USB DAC-E10)' : 2 channels at 48 kHz using 16 bits per sample (channel mask 0x3)
[2018.03.30-20.11.40:009][705]LogInit: FAudioDevice initialized.
[2018.03.30-20.11.41:288][705]LogLoad: Game class is 'FirstPersonGameMode_C'
[2018.03.30-20.11.41:301][705]LogWorld: Bringing World /Game/UEDPIE_0_ProcLevel.ProcLevel up for play (max tick rate 0) at 2018.03.30-13.11.41
[2018.03.30-20.11.41:461][705]LogWorld: Bringing up level for play took: 0.165207
[2018.03.30-20.11.49:080][705]LogContentBrowser: Native class hierarchy updated for 'MovieSceneCapture' in 0.0003 seconds. Added 11 classes and 0 folders.
[2018.03.30-20.11.50:305][705]LogBlueprintUserMessages: [FirstPersonCharacter_C_0] Physics for FirstPersonCharacterset to true
[2018.03.30-20.11.50:477][705]LogBlueprintUserMessages: [FirstPersonGameMode_C_0] Game Mode Begin
[2018.03.30-20.11.50:533][705]LogBlueprintUserMessages: [ProceduralPuzzle_C_0] Creating Level 4
[2018.03.30-20.11.50:593][705]LogBlueprintUserMessages: [Layout_RecursivePuzzle_C_0] Spawned jump obstacle requiring 1
[2018.03.30-20.11.50:600][705]LogBlueprintUserMessages: [LayoutPiece_BoxPuzzle_C_0] Spawned jump obstacle requiring 4
[2018.03.30-20.11.50:732][705]LogBlueprintUserMessages: [LayoutPiece_BoxSpawn_C_0] Spawned speed obstacle for requiring 2
[2018.03.30-20.11.50:734][705]LogBlueprintUserMessages: [LayoutPiece_BoxButton_C_0] Spawned speed obstacle for requiring 1
[2018.03.30-20.11.50:760][705]LogBlueprintUserMessages: [Arc_C_0] Built arc!
[2018.03.30-20.11.50:762][705]LogBlueprintUserMessages: [LayoutPiece_T_C_0] Spawned speed obstacle for requiring 2
[2018.03.30-20.11.50:763][705]LogBlueprintUserMessages: [LayoutPiece_Button_C_0] Spawned jump obstacle requiring 2
[2018.03.30-20.11.50:764][705]LogBlueprintUserMessages: [Arc_C_1] Built arc!
[2018.03.30-20.11.50:765][705]LogBlueprintUserMessages: [ProceduralPuzzle_C_0] 1 cube spawners spawned
[2018.03.30-20.11.50:769][705]LogBlueprintUserMessages: [CubeSpawner_C_0] CubeSpawner_C_0 spawned a cube
[2018.03.30-20.11.50:847][705]PIE: Play in editor start time for /Game/UEDPIE_0_ProcLevel 12.752
[2018.03.30-20.11.50:858][705]LogBlueprintUserMessages: Late PlayInEditor Detection: Level '/Game/ProcLevel.ProcLevel:PersistentLevel' has LevelScriptBlueprint '/Game/ProcLevel.ProcLevel:PersistentLevel.ProcLevel' with GeneratedClass '/Game/ProcLevel.ProcLevel_C' with ClassGeneratedBy '/Game/ProcLevel.ProcLevel:PersistentLevel.ProcLevel'
[2018.03.30-20.11.51:604][705]LogRenderer: Reallocating scene render targets to support 2048x1172 Format 10 NumSamples 1 (Frame:1).
[2018.03.30-20.11.51:984][706]LogBlueprintUserMessages: Early EndPlayMap Detection: Level '/Game/ProcLevel.ProcLevel:PersistentLevel' has LevelScriptBlueprint '/Game/ProcLevel.ProcLevel:PersistentLevel.ProcLevel' with GeneratedClass '/Game/ProcLevel.ProcLevel_C' with ClassGeneratedBy '/Game/ProcLevel.ProcLevel:PersistentLevel.ProcLevel'
[2018.03.30-20.11.52:488][706]LogBlueprintUserMessages: Late EndPlayMap Detection: Level '/Game/ProcLevel.ProcLevel:PersistentLevel' has LevelScriptBlueprint '/Game/ProcLevel.ProcLevel:PersistentLevel.ProcLevel' with GeneratedClass '/Game/ProcLevel.ProcLevel_C' with ClassGeneratedBy '/Game/ProcLevel.ProcLevel:PersistentLevel.ProcLevel'
[2018.03.30-20.11.55:735][895]LogTemp: Repeating last play command: New Editor Window (PIE)
[2018.03.30-20.11.55:761][895]LogBlueprintUserMessages: Early PlayInEditor Detection: Level '/Game/ProcLevel.ProcLevel:PersistentLevel' has LevelScriptBlueprint '/Game/ProcLevel.ProcLevel:PersistentLevel.ProcLevel' with GeneratedClass '/Game/ProcLevel.ProcLevel_C' with ClassGeneratedBy '/Game/ProcLevel.ProcLevel:PersistentLevel.ProcLevel'
[2018.03.30-20.11.55:761][895]LogPlayLevel: PlayLevel: No blueprints needed recompiling
[2018.03.30-20.11.55:761][895]PIE: New page: PIE session: ProcLevel (Mar 30, 2018, 6:11:55 AM)
[2018.03.30-20.11.55:761][895]LogPlayLevel: Creating play world package: /Game/UEDPIE_0_ProcLevel
[2018.03.30-20.11.55:765][895]LogPlayLevel: PIE: StaticDuplicateObject took: (0.003395s)
[2018.03.30-20.11.55:765][895]LogAIModule: Creating AISystem for world ProcLevel
[2018.03.30-20.11.55:766][895]LogPlayLevel: PIE: World Init took: (0.000729s)
[2018.03.30-20.11.55:766][895]LogPlayLevel: PIE: Created PIE world by copying editor world from /Game/ProcLevel.ProcLevel to /Game/UEDPIE_0_ProcLevel.ProcLevel (0.004522s)
[2018.03.30-20.11.55:808][895]LogInit: XAudio2 using 'SPDIF Interface (FiiO USB DAC-E10)' : 2 channels at 48 kHz using 16 bits per sample (channel mask 0x3)
[2018.03.30-20.11.55:813][895]LogInit: FAudioDevice initialized.
[2018.03.30-20.11.55:911][895]LogLoad: Game class is 'FirstPersonGameMode_C'
[2018.03.30-20.11.55:912][895]LogWorld: Bringing World /Game/UEDPIE_0_ProcLevel.ProcLevel up for play (max tick rate 0) at 2018.03.30-13.11.55
[2018.03.30-20.11.55:913][895]LogWorld: Bringing up level for play took: 0.001397
[2018.03.30-20.11.55:920][895]LogBlueprintUserMessages: [FirstPersonCharacter_C_0] Physics for FirstPersonCharacterset to true
[2018.03.30-20.11.55:920][895]LogBlueprintUserMessages: [FirstPersonGameMode_C_0] Game Mode Begin
[2018.03.30-20.11.55:921][895]LogBlueprintUserMessages: [ProceduralPuzzle_C_0] Creating Level 4
[2018.03.30-20.11.55:922][895]LogBlueprintUserMessages: [Layout_RecursivePuzzle_C_0] Spawned jump obstacle requiring 2
[2018.03.30-20.11.55:922][895]LogBlueprintUserMessages: [LayoutPiece_BoxPuzzle_C_0] Spawned jump obstacle requiring 1
[2018.03.30-20.11.55:924][895]LogBlueprintUserMessages: [LayoutPiece_BoxButton_C_0] Spawned speed obstacle for requiring 1
[2018.03.30-20.11.55:926][895]LogBlueprintUserMessages: [Arc_C_0] Built arc!
[2018.03.30-20.11.55:927][895]LogBlueprintUserMessages: [LayoutPiece_BoxSpawn_C_0] Spawned jump obstacle requiring 2
[2018.03.30-20.11.55:928][895]LogBlueprintUserMessages: [LayoutPiece_Button_C_0] Spawned jump obstacle requiring 3
[2018.03.30-20.11.55:930][895]LogBlueprintUserMessages: [Arc_C_1] Built arc!
[2018.03.30-20.11.55:930][895]LogBlueprintUserMessages: [ProceduralPuzzle_C_0] 1 cube spawners spawned
[2018.03.30-20.11.55:931][895]LogBlueprintUserMessages: [CubeSpawner_C_0] CubeSpawner_C_0 spawned a cube
[2018.03.30-20.11.55:937][895]PIE: Play in editor start time for /Game/UEDPIE_0_ProcLevel -0.157
[2018.03.30-20.11.55:949][895]LogBlueprintUserMessages: Late PlayInEditor Detection: Level '/Game/ProcLevel.ProcLevel:PersistentLevel' has LevelScriptBlueprint '/Game/ProcLevel.ProcLevel:PersistentLevel.ProcLevel' with GeneratedClass '/Game/ProcLevel.ProcLevel_C' with ClassGeneratedBy '/Game/ProcLevel.ProcLevel:PersistentLevel.ProcLevel'
[2018.03.30-20.11.58:196][993]LogBlueprintUserMessages: [FirstPersonController_C_0] Starting replay
[2018.03.30-20.11.59:138][ 45]LogBlueprintUserMessages: [FirstPersonController_C_0] Stopping replay
[2018.03.30-20.11.59:140][ 45]LogBlueprintUserMessages: [CubeSpawner_C_0] CubeSpawner_C_0 spawned a cube
[2018.03.30-20.11.59:140][ 45]LogBlueprintUserMessages: [FirstPersonController_C_0] Starting replay
[2018.03.30-20.11.59:142][ 45]LogBlueprintUserMessages: [FirstPersonCharacter_C_1] Physics for FirstPersonCharacter1set to false
[2018.03.30-20.11.59:143][ 45]PIE: Warning: The widget 'ReplayStatsWidget_C' was already added to the screen.
[2018.03.30-20.11.59:144][ 45]LogBlueprintUserMessages: [RunIcon_C_0] Icon with this color has index0
[2018.03.30-20.12.04:156][318]LogBlueprintUserMessages: Early EndPlayMap Detection: Level '/Game/ProcLevel.ProcLevel:PersistentLevel' has LevelScriptBlueprint '/Game/ProcLevel.ProcLevel:PersistentLevel.ProcLevel' with GeneratedClass '/Game/ProcLevel.ProcLevel_C' with ClassGeneratedBy '/Game/ProcLevel.ProcLevel:PersistentLevel.ProcLevel'
[2018.03.30-20.12.04:216][318]LogBlueprintUserMessages: Late EndPlayMap Detection: Level '/Game/ProcLevel.ProcLevel:PersistentLevel' has LevelScriptBlueprint '/Game/ProcLevel.ProcLevel:PersistentLevel.ProcLevel' with GeneratedClass '/Game/ProcLevel.ProcLevel_C' with ClassGeneratedBy '/Game/ProcLevel.ProcLevel:PersistentLevel.ProcLevel'
