Log file open, 02/21/18 18:22:22
LogWindows: Failed to load 'aqProf.dll' (GetLastError=126)
LogWindows: File 'aqProf.dll' does not exist
LogWindows: Failed to load 'VtuneApi.dll' (GetLastError=126)
LogWindows: File 'VtuneApi.dll' does not exist
LogWindows: Failed to load 'VtuneApi32e.dll' (GetLastError=126)
LogWindows: File 'VtuneApi32e.dll' does not exist
LogInit: Display: Running engine for game: Investiture
LogPlatformFile: Not using cached read wrapper
LogInit: Display: RandInit(1680073347) SRandInit(1680073347).
LogInit: Read version file with build ID '3709383'
LogInit: Overriding engine version to CL 3794801, compatible CL 3709383
LogInit: Registered custom module enumerator with build ID '3709383'
LogInit: Warning: Passing commandline switches using / instead of - has been deprecated and will be removed in future versions of Unreal Engine.
LogTaskGraph: Started task graph with 5 named threads and 8 total threads with 3 sets of task threads.
LogStats: Stats thread started at 0.493810
LogD3D11RHI: Aftermath initialized
LogInit: Warning: Passing commandline switches using / instead of - has been deprecated and will be removed in future versions of Unreal Engine.
LogModuleManager: Display: Found up-to-date module file ../../../Engine/Plugins/2D/Paper2D/Binaries/Win64/UE4Editor-Paper2D.dll (API version 3709383).
LogModuleManager: Display: Found up-to-date module file ../../../Engine/Plugins/2D/Paper2D/Binaries/Win64/UE4Editor-Paper2DEditor.dll (API version 3709383).
LogModuleManager: Display: Found up-to-date module file ../../../Engine/Plugins/2D/Paper2D/Binaries/Win64/UE4Editor-PaperSpriteSheetImporter.dll (API version 3709383).
LogModuleManager: Display: Found up-to-date module file ../../../Engine/Plugins/2D/Paper2D/Binaries/Win64/UE4Editor-PaperTiledImporter.dll (API version 3709383).
LogModuleManager: Display: Found up-to-date module file ../../../Engine/Plugins/2D/Paper2D/Binaries/Win64/UE4Editor-SmartSnapping.dll (API version 3709383).
LogModuleManager: Display: Found up-to-date module file ../../../Engine/Plugins/Blendables/LightPropagationVolume/Binaries/Win64/UE4Editor-LightPropagationVolumeRuntime.dll (API version 3709383).
LogModuleManager: Display: Found up-to-date module file ../../../Engine/Plugins/Blendables/LightPropagationVolume/Binaries/Win64/UE4Editor-LightPropagationVolumeEditor.dll (API version 3709383).
LogModuleManager: Display: Found up-to-date module file ../../../Engine/Plugins/Developer/GitSourceControl/Binaries/Win64/UE4Editor-GitSourceControl.dll (API version 3709383).
LogModuleManager: Display: Found up-to-date module file ../../../Engine/Plugins/Developer/PerforceSourceControl/Binaries/Win64/UE4Editor-PerforceSourceControl.dll (API version 3709383).
LogModuleManager: Display: Found up-to-date module file ../../../Engine/Plugins/Developer/SubversionSourceControl/Binaries/Win64/UE4Editor-SubversionSourceControl.dll (API version 3709383).
LogModuleManager: Display: Found up-to-date module file ../../../Engine/Plugins/Developer/UObjectPlugin/Binaries/Win64/UE4Editor-UObjectPlugin.dll (API version 3709383).
LogModuleManager: Display: Found up-to-date module file ../../../Engine/Plugins/Developer/VisualStudioCodeSourceCodeAccess/Binaries/Win64/UE4Editor-VisualStudioCodeSourceCodeAccess.dll (API version 3709383).
LogModuleManager: Display: Found up-to-date module file ../../../Engine/Plugins/Developer/VisualStudioSourceCodeAccess/Binaries/Win64/UE4Editor-VisualStudioSourceCodeAccess.dll (API version 3709383).
LogModuleManager: Display: Found up-to-date module file ../../../Engine/Plugins/Editor/AssetManagerEditor/Binaries/Win64/UE4Editor-AssetManagerEditor.dll (API version 3709383).
LogModuleManager: Display: Found up-to-date module file ../../../Engine/Plugins/Editor/AudioCapture/Binaries/Win64/UE4Editor-AudioCapture.dll (API version 3709383).
LogModuleManager: Display: Found up-to-date module file ../../../Engine/Plugins/Editor/FacialAnimation/Binaries/Win64/UE4Editor-FacialAnimation.dll (API version 3709383).
LogModuleManager: Display: Found up-to-date module file ../../../Engine/Plugins/Editor/FacialAnimation/Binaries/Win64/UE4Editor-FacialAnimationEditor.dll (API version 3709383).
LogModuleManager: Display: Found up-to-date module file ../../../Engine/Plugins/Editor/GameplayTagsEditor/Binaries/Win64/UE4Editor-GameplayTagsEditor.dll (API version 3709383).
LogModuleManager: Display: Found up-to-date module file ../../../Engine/Plugins/Editor/MobileLauncherProfileWizard/Binaries/Win64/UE4Editor-MobileLauncherProfileWizard.dll (API version 3709383).
LogModuleManager: Display: Found up-to-date module file ../../../Engine/Plugins/Editor/PluginBrowser/Binaries/Win64/UE4Editor-PluginBrowser.dll (API version 3709383).
LogModuleManager: Display: Found up-to-date module file ../../../Engine/Plugins/Editor/SpeedTreeImporter/Binaries/Win64/UE4Editor-SpeedTreeImporter.dll (API version 3709383).
LogModuleManager: Display: Found up-to-date module file ../../../Engine/Plugins/Experimental/AlembicImporter/Binaries/Win64/UE4Editor-AlembicImporter.dll (API version 3709383).
LogModuleManager: Display: Found up-to-date module file ../../../Engine/Plugins/Experimental/AlembicImporter/Binaries/Win64/UE4Editor-AlembicLibrary.dll (API version 3709383).
LogModuleManager: Display: Found up-to-date module file ../../../Engine/Plugins/Experimental/CharacterAI/Binaries/Win64/UE4Editor-CharacterAI.dll (API version 3709383).
LogModuleManager: Display: Found up-to-date module file ../../../Engine/Plugins/Experimental/HTML5Networking/Binaries/Win64/UE4Editor-HTML5Networking.dll (API version 3709383).
LogModuleManager: Display: Found up-to-date module file ../../../Engine/Plugins/Media/AndroidMedia/Binaries/Win64/UE4Editor-AndroidMediaEditor.dll (API version 3709383).
LogModuleManager: Display: Found up-to-date module file ../../../Engine/Plugins/Media/AndroidMedia/Binaries/Win64/UE4Editor-AndroidMediaFactory.dll (API version 3709383).
LogModuleManager: Display: Found up-to-date module file ../../../Engine/Plugins/Media/AvfMedia/Binaries/Win64/UE4Editor-AvfMediaEditor.dll (API version 3709383).
LogModuleManager: Display: Found up-to-date module file ../../../Engine/Plugins/Media/AvfMedia/Binaries/Win64/UE4Editor-AvfMediaFactory.dll (API version 3709383).
LogModuleManager: Display: Found up-to-date module file ../../../Engine/Plugins/Media/AvfMedia/Binaries/Win64/UE4Editor-AvfMediaFactory.dll (API version 3709383).
LogModuleManager: Display: Found up-to-date module file ../../../Engine/Plugins/Media/ImgMedia/Binaries/Win64/UE4Editor-ImgMedia.dll (API version 3709383).
LogModuleManager: Display: Found up-to-date module file ../../../Engine/Plugins/Media/ImgMedia/Binaries/Win64/UE4Editor-ImgMediaEditor.dll (API version 3709383).
LogModuleManager: Display: Found up-to-date module file ../../../Engine/Plugins/Media/ImgMedia/Binaries/Win64/UE4Editor-ImgMediaFactory.dll (API version 3709383).
LogModuleManager: Display: Found up-to-date module file ../../../Engine/Plugins/Media/ImgMedia/Binaries/Win64/UE4Editor-ImgMediaFactory.dll (API version 3709383).
LogModuleManager: Display: Found up-to-date module file ../../../Engine/Plugins/Media/ImgMedia/Binaries/Win64/UE4Editor-OpenExrWrapper.dll (API version 3709383).
LogModuleManager: Display: Found up-to-date module file ../../../Engine/Plugins/Media/MediaCompositing/Binaries/Win64/UE4Editor-MediaCompositing.dll (API version 3709383).
LogModuleManager: Display: Found up-to-date module file ../../../Engine/Plugins/Media/MediaCompositing/Binaries/Win64/UE4Editor-MediaCompositingEditor.dll (API version 3709383).
LogModuleManager: Display: Found up-to-date module file ../../../Engine/Plugins/Media/MediaPlayerEditor/Binaries/Win64/UE4Editor-MediaPlayerEditor.dll (API version 3709383).
LogModuleManager: Display: Found up-to-date module file ../../../Engine/Plugins/Media/WmfMedia/Binaries/Win64/UE4Editor-WmfMedia.dll (API version 3709383).
LogModuleManager: Display: Found up-to-date module file ../../../Engine/Plugins/Media/WmfMedia/Binaries/Win64/UE4Editor-WmfMediaEditor.dll (API version 3709383).
LogModuleManager: Display: Found up-to-date module file ../../../Engine/Plugins/Media/WmfMedia/Binaries/Win64/UE4Editor-WmfMediaFactory.dll (API version 3709383).
LogModuleManager: Display: Found up-to-date module file ../../../Engine/Plugins/Media/WmfMedia/Binaries/Win64/UE4Editor-WmfMediaFactory.dll (API version 3709383).
LogModuleManager: Display: Found up-to-date module file ../../../Engine/Plugins/Messaging/TcpMessaging/Binaries/Win64/UE4Editor-TcpMessaging.dll (API version 3709383).
LogModuleManager: Display: Found up-to-date module file ../../../Engine/Plugins/Messaging/UdpMessaging/Binaries/Win64/UE4Editor-UdpMessaging.dll (API version 3709383).
LogModuleManager: Display: Found up-to-date module file ../../../Engine/Plugins/MovieScene/ActorSequence/Binaries/Win64/UE4Editor-ActorSequence.dll (API version 3709383).
LogModuleManager: Display: Found up-to-date module file ../../../Engine/Plugins/MovieScene/LevelSequenceEditor/Binaries/Win64/UE4Editor-LevelSequenceEditor.dll (API version 3709383).
LogModuleManager: Display: Found up-to-date module file ../../../Engine/Plugins/MovieScene/MatineeToLevelSequence/Binaries/Win64/UE4Editor-MatineeToLevelSequence.dll (API version 3709383).
LogModuleManager: Display: Found up-to-date module file ../../../Engine/Plugins/Online/OnlineSubsystem/Binaries/Win64/UE4Editor-OnlineSubsystem.dll (API version 3709383).
LogModuleManager: Display: Found up-to-date module file ../../../Engine/Plugins/Runtime/AndroidPermission/Binaries/Win64/UE4Editor-AndroidPermission.dll (API version 3709383).
LogModuleManager: Display: Found up-to-date module file ../../../Engine/Plugins/Online/OnlineSubsystemNull/Binaries/Win64/UE4Editor-OnlineSubsystemNull.dll (API version 3709383).
LogModuleManager: Display: Found up-to-date module file ../../../Engine/Plugins/Online/OnlineSubsystemUtils/Binaries/Win64/UE4Editor-OnlineSubsystemUtils.dll (API version 3709383).
LogModuleManager: Display: Found up-to-date module file ../../../Engine/Plugins/Online/OnlineSubsystemUtils/Binaries/Win64/UE4Editor-OnlineBlueprintSupport.dll (API version 3709383).
LogModuleManager: Display: Found up-to-date module file ../../../Engine/Plugins/Runtime/AndroidDeviceProfileSelector/Binaries/Win64/UE4Editor-AndroidDeviceProfileSelector.dll (API version 3709383).
LogModuleManager: Display: Found up-to-date module file ../../../Engine/Plugins/Runtime/AppleARKit/Binaries/Win64/UE4Editor-AppleARKit.dll (API version 3709383).
LogModuleManager: Display: Found up-to-date module file ../../../Engine/Plugins/Runtime/ArchVisCharacter/Binaries/Win64/UE4Editor-ArchVisCharacter.dll (API version 3709383).
LogModuleManager: Display: Found up-to-date module file ../../../Engine/Plugins/Runtime/CableComponent/Binaries/Win64/UE4Editor-CableComponent.dll (API version 3709383).
LogModuleManager: Display: Found up-to-date module file ../../../Engine/Plugins/Runtime/CustomMeshComponent/Binaries/Win64/UE4Editor-CustomMeshComponent.dll (API version 3709383).
LogModuleManager: Display: Found up-to-date module file ../../../Engine/Plugins/Runtime/ExampleDeviceProfileSelector/Binaries/Win64/UE4Editor-ExampleDeviceProfileSelector.dll (API version 3709383).
LogModuleManager: Display: Found up-to-date module file ../../../Engine/Plugins/Runtime/ImmediatePhysics/Binaries/Win64/UE4Editor-ImmediatePhysics.dll (API version 3709383).
LogModuleManager: Display: Found up-to-date module file ../../../Engine/Plugins/Runtime/ImmediatePhysics/Binaries/Win64/UE4Editor-ImmediatePhysicsEditor.dll (API version 3709383).
LogModuleManager: Display: Found up-to-date module file ../../../Engine/Plugins/Runtime/LocationServicesBPLibrary/Binaries/Win64/UE4Editor-LocationServicesBPLibrary.dll (API version 3709383).
LogModuleManager: Display: Found up-to-date module file ../../../Engine/Plugins/Runtime/MobilePatchingUtils/Binaries/Win64/UE4Editor-MobilePatchingUtils.dll (API version 3709383).
LogModuleManager: Display: Found up-to-date module file ../../../Engine/Plugins/Runtime/Oculus/OculusVR/Binaries/Win64/UE4Editor-OculusHMD.dll (API version 3709383).
LogModuleManager: Display: Found up-to-date module file ../../../Engine/Plugins/Runtime/Oculus/OculusVR/Binaries/Win64/UE4Editor-OculusInput.dll (API version 3709383).
LogModuleManager: Display: Found up-to-date module file ../../../Engine/Plugins/Runtime/Oculus/OculusVR/Binaries/Win64/UE4Editor-OculusEditor.dll (API version 3709383).
LogModuleManager: Display: Found up-to-date module file ../../../Engine/Plugins/Runtime/PhysXVehicles/Binaries/Win64/UE4Editor-PhysXVehicles.dll (API version 3709383).
LogModuleManager: Display: Found up-to-date module file ../../../Engine/Plugins/Runtime/PhysXVehicles/Binaries/Win64/UE4Editor-PhysXVehiclesEditor.dll (API version 3709383).
LogModuleManager: Display: Found up-to-date module file ../../../Engine/Plugins/Runtime/ProceduralMeshComponent/Binaries/Win64/UE4Editor-ProceduralMeshComponent.dll (API version 3709383).
LogModuleManager: Display: Found up-to-date module file ../../../Engine/Plugins/Runtime/ProceduralMeshComponent/Binaries/Win64/UE4Editor-ProceduralMeshComponentEditor.dll (API version 3709383).
LogModuleManager: Display: Found up-to-date module file ../../../Engine/Plugins/Runtime/RuntimePhysXCooking/Binaries/Win64/UE4Editor-RuntimePhysXCooking.dll (API version 3709383).
LogModuleManager: Display: Found up-to-date module file ../../../Engine/Plugins/Runtime/Steam/SteamVR/Binaries/Win64/UE4Editor-SteamVR.dll (API version 3709383).
LogModuleManager: Display: Found up-to-date module file ../../../Engine/Plugins/Runtime/Steam/SteamVR/Binaries/Win64/UE4Editor-SteamVRController.dll (API version 3709383).
LogModuleManager: Display: Found up-to-date module file ../../../Engine/Plugins/Runtime/WindowsMoviePlayer/Binaries/Win64/UE4Editor-WindowsMoviePlayer.dll (API version 3709383).
LogPluginManager: Mounting plugin Paper2D
LogPluginManager: Mounting plugin LightPropagationVolume
LogPluginManager: Mounting plugin CodeLiteSourceCodeAccess
LogPluginManager: Mounting plugin GitSourceControl
LogPluginManager: Mounting plugin KDevelopSourceCodeAccess
LogPluginManager: Mounting plugin NullSourceCodeAccess
LogPluginManager: Mounting plugin PerforceSourceControl
LogPluginManager: Mounting plugin SubversionSourceControl
LogPluginManager: Mounting plugin UObjectPlugin
LogPluginManager: Mounting plugin VisualStudioCodeSourceCodeAccess
LogPluginManager: Mounting plugin VisualStudioSourceCodeAccess
LogPluginManager: Mounting plugin XCodeSourceCodeAccess
LogPluginManager: Mounting plugin AssetManagerEditor
LogPluginManager: Mounting plugin AudioCapture
LogPluginManager: Mounting plugin FacialAnimation
LogPluginManager: Mounting plugin GameplayTagsEditor
LogPluginManager: Mounting plugin MobileLauncherProfileWizard
LogPluginManager: Mounting plugin PluginBrowser
LogPluginManager: Mounting plugin SpeedTreeImporter
LogPluginManager: Mounting plugin AlembicImporter
LogPluginManager: Mounting plugin CharacterAI
LogPluginManager: Mounting plugin HTML5Networking
LogPluginManager: Mounting plugin AndroidMedia
LogPluginManager: Mounting plugin AvfMedia
LogPluginManager: Mounting plugin ImgMedia
LogPluginManager: Mounting plugin MediaCompositing
LogPluginManager: Mounting plugin MediaPlayerEditor
LogPluginManager: Mounting plugin WmfMedia
LogPluginManager: Mounting plugin TcpMessaging
LogPluginManager: Mounting plugin UdpMessaging
LogPluginManager: Mounting plugin ActorSequence
LogPluginManager: Mounting plugin LevelSequenceEditor
LogPluginManager: Mounting plugin MatineeToLevelSequence
LogPluginManager: Mounting plugin OnlineSubsystemGooglePlay
LogPluginManager: Mounting plugin OnlineSubsystemIOS
LogPluginManager: Mounting plugin OnlineSubsystem
LogPluginManager: Mounting plugin OnlineSubsystemNull
LogPluginManager: Mounting plugin OnlineSubsystemUtils
LogPluginManager: Mounting plugin AndroidDeviceProfileSelector
LogPluginManager: Mounting plugin AndroidMoviePlayer
LogPluginManager: Mounting plugin AndroidPermission
LogPluginManager: Mounting plugin AppleARKit
LogPluginManager: Mounting plugin AppleMoviePlayer
LogPluginManager: Mounting plugin ArchVisCharacter
LogPluginManager: Mounting plugin CableComponent
LogPluginManager: Mounting plugin CustomMeshComponent
LogPluginManager: Mounting plugin ExampleDeviceProfileSelector
LogPluginManager: Mounting plugin GoogleCloudMessaging
LogPluginManager: Mounting plugin ImmediatePhysics
LogPluginManager: Mounting plugin IOSDeviceProfileSelector
LogPluginManager: Mounting plugin LinuxDeviceProfileSelector
LogPluginManager: Mounting plugin LocationServicesBPLibrary
LogPluginManager: Mounting plugin MobilePatchingUtils
LogPluginManager: Mounting plugin OculusVR
LogPluginManager: Plugin shader directory ../../../Engine/Plugins/Runtime/Oculus/OculusVR/Shaders found
LogPluginManager: Mapping shader source directory ../../../Engine/Plugins/Runtime/Oculus/OculusVR/Shaders to virtual directory /Plugin/OculusVR
LogPluginManager: Mounting plugin PhysXVehicles
LogPluginManager: Mounting plugin ProceduralMeshComponent
LogPluginManager: Mounting plugin RuntimePhysXCooking
LogPluginManager: Mounting plugin SteamVR
LogPluginManager: Mounting plugin WindowsMoviePlayer
LogInit: Using libcurl 7.47.1
LogInit:  - built for x86_64-pc-win32
LogInit:  - supports SSL with OpenSSL/1.0.2g
LogInit:  - supports HTTP deflate (compression) using libz 1.2.8
LogInit:  - other features:
LogInit:      CURL_VERSION_SSL
LogInit:      CURL_VERSION_LIBZ
LogInit:      CURL_VERSION_IPV6
LogInit:      CURL_VERSION_ASYNCHDNS
LogInit:      CURL_VERSION_LARGEFILE
LogInit:      CURL_VERSION_IDN
LogInit:  CurlRequestOptions (configurable via config and command line):
LogInit:  - bVerifyPeer = false  - Libcurl will NOT verify peer certificate
LogInit:  - bUseHttpProxy = false  - Libcurl will NOT use HTTP proxy
LogInit:  - bDontReuseConnections = false  - Libcurl will reuse connections
LogInit:  - CertBundlePath = nullptr  - Libcurl will use whatever was configured at build time.
LogInit: Build: ++UE4+Release-4.18-CL-3794801
LogInit: Engine Version: 4.18.2-3794801+++UE4+Release-4.18
LogInit: Compatible Engine Version: 4.18.0-3709383+++UE4+Release-4.18
LogInit: Net CL: 3709383
LogDevObjectVersion: Number of dev versions registered: 16
LogDevObjectVersion:   Dev-Blueprints (B0D832E4-1F89-4F0D-ACCF-7EB736FD4AA2): 10
LogDevObjectVersion:   Dev-Build (E1C64328-A22C-4D53-A36C-8E866417BD8C): 0
LogDevObjectVersion:   Dev-Core (375EC13C-06E4-48FB-B500-84F0262A717E): 2
LogDevObjectVersion:   Dev-Editor (E4B068ED-F494-42E9-A231-DA0B2E46BB41): 20
LogDevObjectVersion:   Dev-Framework (CFFC743F-43B0-4480-9391-14DF171D2073): 30
LogDevObjectVersion:   Dev-Mobile (B02B49B5-BB20-44E9-A304-32B752E40360): 0
LogDevObjectVersion:   Dev-Networking (A4E4105C-59A1-49B5-A7C5-40C4547EDFEE): 0
LogDevObjectVersion:   Dev-Online (39C831C9-5AE6-47DC-9A44-9C173E1C8E7C): 0
LogDevObjectVersion:   Dev-Physics (78F01B33-EBEA-4F98-B9B4-84EACCB95AA2): 0
LogDevObjectVersion:   Dev-Platform (6631380F-2D4D-43E0-8009-CF276956A95A): 0
LogDevObjectVersion:   Dev-Rendering (12F88B9F-8875-4AFC-A67C-D90C383ABD29): 20
LogDevObjectVersion:   Dev-Sequencer (7B5AE74C-D270-4C10-A958-57980B212A5A): 4
LogDevObjectVersion:   Dev-VR (D7296918-1DD6-4BDD-9DE2-64A83CC13884): 0
LogDevObjectVersion:   Dev-LoadTimes (C2A15278-BFE7-4AFE-6C17-90FF531DF755): 1
LogDevObjectVersion:   Private-Geometry (6EACA3D4-40EC-4CC1-B786-8BED09428FC5): 1
LogDevObjectVersion:   Dev-AnimPhys (29E575DD-E0A3-4627-9D10-D276232CDCEA): 12
LogInit: Compiled (64-bit): Dec  8 2017 02:04:53
LogInit: Compiled with Visual C++: 19.00.24215.01
LogInit: Build Configuration: Development
LogInit: Branch Name: ++UE4+Release-4.18
LogInit: Command line:  /Game/TestMap -game -PIEVIACONSOLE -ResX=1280 -ResY=720  -Multiprocess -messaging -SessionName="Play in Standalone Game" -windowed 
LogInit: Base directory: C:/Program Files/Epic Games/UE_4.18/Engine/Binaries/Win64/
LogInit: Installed Engine Build: 1
LogInit: Presizing for max 8388607 objects, including 0 objects not considered by GC, pre-allocating 0 bytes for permanent pool.
LogInit: Object subsystem initialized
[2018.02.22-02.22.31:877][  0]LogInit: Selected Device Profile: [Windows]
[2018.02.22-02.22.31:877][  0]LogInit: Applying CVar settings loaded from the selected device profile: [Windows]
[2018.02.22-02.22.31:902][  0]LogInit: Computer: DESKTOP-L2CNR04
[2018.02.22-02.22.31:902][  0]LogInit: User: Matt
[2018.02.22-02.22.31:902][  0]LogInit: CPU Page size=4096, Cores=2
[2018.02.22-02.22.31:902][  0]LogInit: High frequency timer resolution =2.437498 MHz
[2018.02.22-02.22.31:920][  0]LogMemory: Memory total: Physical=7.9GB (8GB approx)
[2018.02.22-02.22.31:920][  0]LogMemory: Platform Memory Stats for Windows
[2018.02.22-02.22.31:920][  0]LogMemory: Process Physical Memory: 274.91 MB used, 274.91 MB peak
[2018.02.22-02.22.31:920][  0]LogMemory: Process Virtual Memory: 271.32 MB used, 271.32 MB peak
[2018.02.22-02.22.31:920][  0]LogMemory: Physical Memory: 5977.17 MB used,  2140.13 MB free, 8117.30 MB total
[2018.02.22-02.22.31:920][  0]LogMemory: Virtual Memory: 676.11 MB used,  2140.13 MB free, 134217728.00 MB total
[2018.02.22-02.22.33:089][  0]LogInit: Using OS detected language (en-US).
[2018.02.22-02.22.33:089][  0]LogInit: Using OS detected locale (en-US).
[2018.02.22-02.22.33:109][  0]LogTextLocalizationManager: No specific localization for 'en-US' exists, so the 'en' localization will be used.
[2018.02.22-02.22.35:394][  0]LogD3D11RHI: D3D11 adapters:
[2018.02.22-02.22.35:413][  0]LogD3D11RHI:    0. 'Intel(R) HD Graphics 520' (Feature Level 11_0)
[2018.02.22-02.22.35:413][  0]LogD3D11RHI:       128/0/4058 MB DedicatedVideo/DedicatedSystem/SharedSystem, Outputs:1, VendorId:0x8086
[2018.02.22-02.22.35:419][  0]LogD3D11RHI:    1. 'Microsoft Basic Render Driver' (Feature Level 11_0)
[2018.02.22-02.22.35:419][  0]LogD3D11RHI:       0/0/4058 MB DedicatedVideo/DedicatedSystem/SharedSystem, Outputs:0, VendorId:0x1414
[2018.02.22-02.22.35:420][  0]LogD3D11RHI: Chosen D3D11 Adapter: 0
[2018.02.22-02.22.35:434][  0]LogD3D11RHI: Creating new Direct3DDevice
[2018.02.22-02.22.35:434][  0]LogD3D11RHI:     GPU DeviceId: 0x1916 (for the marketing name, search the web for "GPU Device Id")
[2018.02.22-02.22.35:434][  0]LogWindows: EnumDisplayDevices:
[2018.02.22-02.22.35:434][  0]LogWindows:    0. 'Intel(R) HD Graphics 520' (P:1 D:1)
[2018.02.22-02.22.35:435][  0]LogWindows:    1. 'Intel(R) HD Graphics 520' (P:0 D:0)
[2018.02.22-02.22.35:435][  0]LogWindows:    2. 'Intel(R) HD Graphics 520' (P:0 D:0)
[2018.02.22-02.22.35:436][  0]LogWindows: DebugString: GetVideoDriverDetailsInvalid PrimaryIsNotTheChoosenAdapter GetVideoDriverDetailsInvalid PrimaryIsNotTheChoosenAdapter GetVideoDriverDetailsInvalid PrimaryIsNotTheChoosenAdapter FoundDriverCount:0 
[2018.02.22-02.22.35:436][  0]LogD3D11RHI:     Adapter Name: Intel(R) HD Graphics 520
[2018.02.22-02.22.35:436][  0]LogD3D11RHI:   Driver Version: Unknown (internal:Unknown, unified:Unknown)
[2018.02.22-02.22.35:436][  0]LogD3D11RHI:      Driver Date: Unknown
[2018.02.22-02.22.35:436][  0]LogRHI: Texture pool is 1510 MB (70% of 2157 MB)
[2018.02.22-02.22.35:450][  0]LogD3D11RHI: Async texture creation enabled
[2018.02.22-02.22.35:485][  0]LogD3D11RHI: GPU Timing Frequency: 12.000000 (Debug: 2 0)
[2018.02.22-02.22.35:487][  0]LogShaderCompilers: Guid format shader working directory is -38 characters bigger than the processId version (../../../../../../Users/Matt/Documents/GameProjects/Unreal/Investiture/Investiture/Intermediate/Shaders/WorkingDirectory/11708/).
[2018.02.22-02.22.35:487][  0]LogShaderCompilers: Cleaned the shader compiler working directory 'C:/Users/Matt/AppData/Local/Temp/UnrealShaderWorkingDir/740F2BD34D014F979C630887A4A4C801/'.
[2018.02.22-02.22.35:487][  0]LogShaderCompilers: Display: Using Local Shader Compiler.
[2018.02.22-02.22.37:290][  0]LogTemp: Display: Loaded TP WindowsClientTargetPlatform
[2018.02.22-02.22.37:395][  0]LogTemp: Display: Loaded TP WindowsNoEditorTargetPlatform
[2018.02.22-02.22.37:493][  0]LogTemp: Display: Loaded TP WindowsServerTargetPlatform
[2018.02.22-02.22.37:612][  0]LogTemp: Display: Loaded TP WindowsTargetPlatform
[2018.02.22-02.22.37:613][  0]LogTargetPlatformManager: Display: Building Assets For Windows
[2018.02.22-02.22.38:579][  0]LogDerivedDataCache: Display: Max Cache Size: 512 MB
[2018.02.22-02.22.38:687][  0]LogDerivedDataCache: Loaded boot cache 0.11s 78MB C:/Users/Matt/AppData/Local/UnrealEngine/4.18/DerivedDataCache/Boot.ddc.
[2018.02.22-02.22.38:687][  0]LogDerivedDataCache: Display: Loaded Boot cache: C:/Users/Matt/AppData/Local/UnrealEngine/4.18/DerivedDataCache/Boot.ddc
[2018.02.22-02.22.38:688][  0]LogDerivedDataCache: FDerivedDataBackendGraph:  Pak pak cache file ../../../../../../Users/Matt/Documents/GameProjects/Unreal/Investiture/Investiture/DerivedDataCache/DDC.ddp not found, will not use a pak cache.
[2018.02.22-02.22.38:688][  0]LogDerivedDataCache: Unable to find inner node Pak for hierarchical cache Hierarchy.
[2018.02.22-02.22.38:688][  0]LogDerivedDataCache: FDerivedDataBackendGraph:  CompressedPak pak cache file ../../../../../../Users/Matt/Documents/GameProjects/Unreal/Investiture/Investiture/DerivedDataCache/Compressed.ddp not found, will not use a pak cache.
[2018.02.22-02.22.38:688][  0]LogDerivedDataCache: Unable to find inner node CompressedPak for hierarchical cache Hierarchy.
[2018.02.22-02.22.38:716][  0]LogDerivedDataCache: Display: Pak cache opened for reading ../../../Engine/DerivedDataCache/Compressed.ddp.
[2018.02.22-02.22.38:729][  0]LogDerivedDataCache: Using Local data cache path C:/Users/Matt/AppData/Local/UnrealEngine/Common/DerivedDataCache: Writable
[2018.02.22-02.22.38:743][  0]LogMaterial: Verifying Global Shaders for PCD3D_SM5
[2018.02.22-02.22.38:744][  0]LogSlate: Using Freetype 2.6.0
[2018.02.22-02.22.38:745][  0]LogSlate: SlateFontCache - WITH_FREETYPE: 1, WITH_HARFBUZZ: 1
[2018.02.22-02.22.38:745][  0]LogSlate: SlateFontCache - WITH_FREETYPE: 1, WITH_HARFBUZZ: 1
[2018.02.22-02.22.39:268][  0]LogAssetRegistry: FAssetRegistry took 0.0063 seconds to start up
[2018.02.22-02.22.39:295][  0]LogPackageLocalizationCache: Processed 7 localized package path(s) for 2 prioritized culture(s) in 0.026571 seconds
[2018.02.22-02.22.39:463][  0]LogInit: Selected Device Profile: [Windows]
[2018.02.22-02.22.40:085][  0]LogSimplygon: Simplygon DLL not present - disabling.
[2018.02.22-02.22.40:164][  0]LogMeshReduction: Using SimplygonSwarm for distributed automatic mesh merging
[2018.02.22-02.22.40:165][  0]LogMeshReduction: Using QuadricMeshReduction for automatic static mesh reduction
[2018.02.22-02.22.40:165][  0]LogMeshReduction: No automatic skeletal mesh reduction module available
[2018.02.22-02.22.40:165][  0]LogMeshReduction: No automatic mesh merging module available
[2018.02.22-02.22.40:165][  0]LogMeshMerging: No automatic mesh merging module available
[2018.02.22-02.22.40:207][  0]LogNetVersion: Investiture , NetCL: 3709383, EngineNetVer: 2, GameNetVer: 0 (Checksum: 1457158739)
[2018.02.22-02.22.40:579][  0]LogInit: Warning: Passing commandline switches using / instead of - has been deprecated and will be removed in future versions of Unreal Engine.
[2018.02.22-02.22.40:579][  0]LogInit: Warning: Passing commandline switches using / instead of - has been deprecated and will be removed in future versions of Unreal Engine.
[2018.02.22-02.22.40:579][  0]LogInit: Warning: Passing commandline switches using / instead of - has been deprecated and will be removed in future versions of Unreal Engine.
[2018.02.22-02.22.41:125][  0]LogInit: WinSock: version 1.1 (2.2), MaxSocks=32767, MaxUdp=65467
[2018.02.22-02.22.43:850][  0]LogMoviePlayer: Initializing movie player
[2018.02.22-02.22.43:924][  0]LogWindowsTextInputMethodSystem: Display: IME system now deactivated.
[2018.02.22-02.22.43:924][  0]LogWindowsTextInputMethodSystem: Display: IME system now deactivated.
[2018.02.22-02.22.44:525][  0]LogCollectionManager: Loaded 0 collections in 0.002974 seconds
[2018.02.22-02.22.44:604][  0]LogFileCache: Scanning file cache for directory 'C:/Users/Matt/Documents/GameProjects/Unreal/Investiture/Investiture/Saved/Collections/' took 0.01s
[2018.02.22-02.22.44:604][  0]LogFileCache: Scanning file cache for directory 'C:/Users/Matt/Documents/GameProjects/Unreal/Investiture/Investiture/Content/Developers/Matt/Collections/' took 0.01s
[2018.02.22-02.22.44:604][  0]LogFileCache: Scanning file cache for directory 'C:/Users/Matt/Documents/GameProjects/Unreal/Investiture/Investiture/Content/Collections/' took 0.01s
[2018.02.22-02.22.44:604][  0]LogCollectionManager: Rebuilt the object cache for 0 collections in 0.000000 seconds (found 0 objects)
[2018.02.22-02.22.44:604][  0]LogCollectionManager: Fixed up redirectors for 0 collections in 0.000141 seconds (updated 0 objects)
[2018.02.22-02.22.44:972][  0]LogTcpMessaging: Initializing TcpMessaging bridge
[2018.02.22-02.22.45:038][  0]LogUdpMessaging: Initializing bridge on interface 0.0.0.0:0 to multicast group 230.0.0.1:6666.
[2018.02.22-02.22.45:962][  0]LogInit: Warning: Passing commandline switches using / instead of - has been deprecated and will be removed in future versions of Unreal Engine.
[2018.02.22-02.22.45:963][  0]SourceControl: Source control is disabled
[2018.02.22-02.22.45:963][  0]SourceControl: Source control is disabled
[2018.02.22-02.22.46:078][  0]SourceControl: Source control is disabled
[2018.02.22-02.22.46:907][  0]LogAndroidPermission: UAndroidPermissionCallbackProxy::GetInstance
[2018.02.22-02.22.47:448][  0]LogOcInput: OculusInput pre-init called
[2018.02.22-02.22.47:677][  0]LogUObjectArray: 38953 objects as part of root set at end of initial load.
[2018.02.22-02.22.47:678][  0]LogUObjectAllocator: 8357520 out of 0 bytes used by permanent object pool.
[2018.02.22-02.22.47:678][  0]LogUObjectArray: CloseDisregardForGC: 0/0 objects in disregard for GC pool
[2018.02.22-02.22.47:863][  0]LogEngine: Initializing Engine...
[2018.02.22-02.22.47:867][  0]LogHMD: Failed to initialize OpenVR with code 100
[2018.02.22-02.22.48:165][  0]LogStats: UGameplayTagsManager::ConstructGameplayTagTree: Construct from data asset -  0.000 s
[2018.02.22-02.22.48:166][  0]LogStats: UGameplayTagsManager::ConstructGameplayTagTree: ImportINI -  0.001 s
[2018.02.22-02.22.48:166][  0]LogStats: UGameplayTagsManager::ConstructGameplayTagTree: GameplayTagTreeChangedEvent.Broadcast -  0.000 s
[2018.02.22-02.22.48:192][  0]LogInit: XAudio2 using 'Speakers (Realtek High Definition Audio(SST))' : 2 channels at 48 kHz using 32 bits per sample (channel mask 0x3)
[2018.02.22-02.22.48:255][  0]LogInit: FAudioDevice initialized.
[2018.02.22-02.22.48:297][  0]LogInit: Texture streaming: Enabled
[2018.02.22-02.22.48:346][  0]LogMaterial: Uniform references updated for custom material expression Custom.
[2018.02.22-02.22.49:152][  0]LogInit: Warning: Passing commandline switches using / instead of - has been deprecated and will be removed in future versions of Unreal Engine.
[2018.02.22-02.22.49:265][  0]LogInit: Display: Game Engine Initialized.
[2018.02.22-02.22.49:265][  0]LogGameplayTags: Display: UGameplayTagsManager::DoneAddingNativeTags. DelegateIsBound: 0
[2018.02.22-02.22.49:595][  0]LogInit: Display: Starting Game.
[2018.02.22-02.22.49:595][  0]LogNet: Browse: /Game/TestMap?Name=Player
[2018.02.22-02.22.49:595][  0]LogLoad: LoadMap: /Game/TestMap?Name=Player
[2018.02.22-02.22.50:530][  0]LogLinker: Warning: Asset '../../../../../../Users/Matt/Documents/GameProjects/Unreal/Investiture/Investiture/Content/Materials/Outline/MF_ConvolveTexture.uasset' has been saved with empty engine version. The asset will be loaded but may be incompatible.
[2018.02.22-02.22.51:110][  0]LogAIModule: Creating AISystem for world TestMap
[2018.02.22-02.22.51:111][  0]LogLoad: Game class is 'FirstPersonGameMode_C'
[2018.02.22-02.22.51:127][  0]LogWorld: Bringing World /Game/TestMap.TestMap up for play (max tick rate 0) at 2018.02.21-18.22.51
[2018.02.22-02.22.51:132][  0]LogWorld: Bringing up level for play took: 0.019912
[2018.02.22-02.22.51:152][  0]LogBlueprintUserMessages: [FirstPersonGameMode_C_0] Game Mode Begin
[2018.02.22-02.22.51:154][  0]LogBlueprintUserMessages: [CubeSpawner_56] CubeSpawner_56 spawned a cube
[2018.02.22-02.22.51:154][  0]LogBlueprintUserMessages: [ProceduralPuzzle_C_0] Creating Level 0
[2018.02.22-02.22.51:155][  0]LogBlueprintUserMessages: [CubeSpawner_56] CubeSpawner_56 spawned a cube
[2018.02.22-02.22.51:155][  0]LogLoad: Took 1.559771 seconds to LoadMap(/Game/TestMap)
[2018.02.22-02.22.51:661][  0]LogRenderer: Reallocating scene render targets to support 1280x720 Format 10 NumSamples 1 (Frame:1).
[2018.02.22-02.22.51:661][  0]LogLoad: (Engine Initialization) Total time: 34.00 seconds
[2018.02.22-02.22.51:661][  0]LogLoad: (Engine Initialization) Total Blueprint compile time: 0.00 seconds
[2018.02.22-02.22.51:661][  0]LogExternalProfiler: Found external profiler: VSPerf
[2018.02.22-02.22.51:661][  0]LogExternalProfiler: Using external profiler: VSPerf
[2018.02.22-02.22.52:841][  0]LogContentStreaming: Texture pool size now 1000 MB
[2018.02.22-02.22.53:555][  1]LogCharacterMovement: Warning: GetSimulationTimeStep() - Max iterations 8 hit while remaining time 0.072107 > MaxSimulationTimeStep (0.050) for 'FirstPersonCharacter_C_0', movement 'Walking'
[2018.02.22-02.22.59:332][166]LogBlueprintUserMessages: [FirstPersonController_C_0] Starting replay
[2018.02.22-02.23.19:553][765]LogBlueprintUserMessages: [FirstPersonController_C_0] Stopping replay
[2018.02.22-02.23.19:558][765]LogBlueprintUserMessages: [CubeSpawner_56] CubeSpawner_56 spawned a cube
[2018.02.22-02.23.20:719][798]LogBlueprintUserMessages: [FirstPersonController_C_0] Starting replay
[2018.02.22-02.23.58:088][840]LogBlueprintUserMessages: [FirstPersonController_C_0] Stopping replay
[2018.02.22-02.23.58:090][840]LogBlueprintUserMessages: [CubeSpawner_56] CubeSpawner_56 spawned a cube
[2018.02.22-02.24.01:580][936]LogBlueprintUserMessages: [FirstPersonController_C_0] Starting replay
[2018.02.22-02.24.37:158][936]LogBlueprintUserMessages: [FirstPersonController_C_0] Stopping replay
[2018.02.22-02.24.37:160][936]LogBlueprintUserMessages: [CubeSpawner_56] CubeSpawner_56 spawned a cube
[2018.02.22-02.24.47:763][229]LogBlueprintUserMessages: [FirstPersonController_C_0] Starting replay
[2018.02.22-02.25.05:136][718]LogBlueprintUserMessages: [FirstPersonController_C_0] Stopping replay
[2018.02.22-02.25.05:139][718]LogBlueprintUserMessages: [CubeSpawner_56] CubeSpawner_56 spawned a cube
[2018.02.22-02.25.05:726][734]LogBlueprintUserMessages: [FirstPersonController_C_0] Starting replay
[2018.02.22-02.25.45:312][774]LogBlueprintUserMessages: [FirstPersonController_C_0] Stopping replay
[2018.02.22-02.25.45:317][774]LogBlueprintUserMessages: [CubeSpawner_56] CubeSpawner_56 spawned a cube
[2018.02.22-02.25.47:121][823]LogBlueprintUserMessages: [FirstPersonController_C_0] Starting replay
[2018.02.22-02.25.59:141][166]LogBlueprintUserMessages: [FirstPersonController_C_0] Stopping replay
[2018.02.22-02.25.59:145][166]LogBlueprintUserMessages: [CubeSpawner_56] CubeSpawner_56 spawned a cube
[2018.02.22-02.26.03:230][275]LogBlueprintUserMessages: [FirstPersonController_C_0] Starting replay
[2018.02.22-02.26.21:887][772]LogBlueprintUserMessages: [FirstPersonController_C_0] Stopping replay
[2018.02.22-02.26.21:888][772]LogBlueprintUserMessages: [CubeSpawner_56] CubeSpawner_56 spawned a cube
[2018.02.22-02.26.21:890][772]LogBlueprintUserMessages: [FirstPersonController_C_0] Starting replay
[2018.02.22-02.26.21:918][772]PIE: Warning: The widget 'ReplayStatsWidget_C' was already added to the screen.
[2018.02.22-02.26.47:455][408]LogBlueprintUserMessages: [FirstPersonHUD_C_0] 106.282639
[2018.02.22-02.26.49:420][456]LogBlueprintUserMessages: [FirstPersonHUD_C_0] 74.0
[2018.02.22-02.26.52:626][534]LogBlueprintUserMessages: [FirstPersonHUD_C_0] 45.650848
[2018.02.22-02.26.53:773][562]LogBlueprintUserMessages: [FirstPersonHUD_C_0] 22.803509
[2018.02.22-02.26.56:033][617]LogBlueprintUserMessages: [CubeSpawner_56] CubeSpawner_56 spawned a cube
[2018.02.22-02.26.59:608][712]LogBlueprintUserMessages: [FirstPersonController_C_0] Starting replay
[2018.02.22-02.27.47:533][951]LogBlueprintUserMessages: [FirstPersonController_C_0] Stopping replay
[2018.02.22-02.27.47:539][951]LogBlueprintUserMessages: [CubeSpawner_56] CubeSpawner_56 spawned a cube
[2018.02.22-02.27.47:542][951]LogBlueprintUserMessages: [FirstPersonController_C_0] Starting replay
[2018.02.22-02.27.47:584][951]PIE: Warning: The widget 'ReplayStatsWidget_C' was already added to the screen.
[2018.02.22-02.27.47:646][951]PIE: Warning: The widget 'ReplayStatsWidget_C' was already added to the screen.
[2018.02.22-02.28.11:229][534]LogScript: Warning: Attempted to access FirstPersonCharacter_C_4 via property SelectedRun, but FirstPersonCharacter_C_4 is pending kill
	FirstPersonHUD_C /Game/TestMap.TestMap:PersistentLevel.FirstPersonHUD_C_0
	Function /Game/Blueprints/FirstPersonHUD.FirstPersonHUD_C:SelectUnit:0083
[2018.02.22-02.28.11:229][534]LogScript: Warning: Script call stack:
	Function /Game/Blueprints/FirstPersonController.FirstPersonController_C:SelectRun
	Function /Game/Blueprints/FirstPersonHUD.FirstPersonHUD_C:SelectUnit

[2018.02.22-02.28.12:714][572]LogScript: Warning: Attempted to access FirstPersonCharacter_C_4 via property SelectedRun, but FirstPersonCharacter_C_4 is pending kill
	FirstPersonHUD_C /Game/TestMap.TestMap:PersistentLevel.FirstPersonHUD_C_0
	Function /Game/Blueprints/FirstPersonHUD.FirstPersonHUD_C:SelectUnit:0083
[2018.02.22-02.28.12:715][572]LogScript: Warning: Script call stack:
	Function /Game/Blueprints/FirstPersonController.FirstPersonController_C:SelectRun
	Function /Game/Blueprints/FirstPersonHUD.FirstPersonHUD_C:SelectUnit

[2018.02.22-02.28.15:713][648]LogBlueprintUserMessages: [CubeSpawner_56] CubeSpawner_56 spawned a cube
[2018.02.22-02.28.18:253][717]LogBlueprintUserMessages: [FirstPersonController_C_0] Starting replay
[2018.02.22-02.29.05:909][977]LogBlueprintUserMessages: [FirstPersonController_C_0] Stopping replay
[2018.02.22-02.29.05:912][977]LogBlueprintUserMessages: [CubeSpawner_56] CubeSpawner_56 spawned a cube
[2018.02.22-02.29.05:913][977]LogBlueprintUserMessages: [FirstPersonController_C_0] Starting replay
[2018.02.22-02.29.05:941][977]PIE: Warning: The widget 'ReplayStatsWidget_C' was already added to the screen.
[2018.02.22-02.29.05:996][977]PIE: Warning: The widget 'ReplayStatsWidget_C' was already added to the screen.
[2018.02.22-02.29.24:915][440]LogBlueprintUserMessages: [CubeSpawner_56] CubeSpawner_56 spawned a cube
[2018.02.22-02.29.28:899][547]LogBlueprintUserMessages: [FirstPersonController_C_0] Starting replay
[2018.02.22-02.29.44:420][931]LogBlueprintUserMessages: [FirstPersonController_C_0] Stopping replay
[2018.02.22-02.29.44:423][931]LogBlueprintUserMessages: [CubeSpawner_56] CubeSpawner_56 spawned a cube
[2018.02.22-02.29.46:808][995]LogBlueprintUserMessages: [FirstPersonController_C_0] Starting replay
[2018.02.22-02.30.05:293][464]LogBlueprintUserMessages: [FirstPersonController_C_0] Stopping replay
[2018.02.22-02.30.05:297][464]LogBlueprintUserMessages: [CubeSpawner_56] CubeSpawner_56 spawned a cube
[2018.02.22-02.30.05:298][464]LogBlueprintUserMessages: [FirstPersonController_C_0] Starting replay
[2018.02.22-02.30.05:335][464]PIE: Warning: The widget 'ReplayStatsWidget_C' was already added to the screen.
[2018.02.22-02.30.05:407][464]PIE: Warning: The widget 'ReplayStatsWidget_C' was already added to the screen.
[2018.02.22-02.30.05:424][464]PIE: Warning: The widget 'ReplayStatsWidget_C' was already added to the screen.
[2018.02.22-02.30.11:592][613]LogBlueprintUserMessages: [CubeSpawner_56] CubeSpawner_56 spawned a cube
[2018.02.22-02.30.14:303][688]LogBlueprintUserMessages: [FirstPersonController_C_0] Starting replay
[2018.02.22-02.30.56:585][784]LogBlueprintUserMessages: [FirstPersonController_C_0] Stopping replay
[2018.02.22-02.30.56:586][784]LogBlueprintUserMessages: [CubeSpawner_56] CubeSpawner_56 spawned a cube
[2018.02.22-02.31.08:553][ 97]LogBlueprintUserMessages: [FirstPersonController_C_0] Starting replay
[2018.02.22-02.31.15:308][262]LogBlueprintUserMessages: [FirstPersonController_C_0] Stopping replay
[2018.02.22-02.31.15:310][262]LogBlueprintUserMessages: [CubeSpawner_56] CubeSpawner_56 spawned a cube
[2018.02.22-02.31.20:468][397]LogBlueprintUserMessages: [FirstPersonController_C_0] Starting replay
[2018.02.22-02.31.23:955][481]LogBlueprintUserMessages: [FirstPersonController_C_0] Stopping replay
[2018.02.22-02.31.23:959][481]LogBlueprintUserMessages: [CubeSpawner_56] CubeSpawner_56 spawned a cube
[2018.02.22-02.31.27:959][586]LogBlueprintUserMessages: [FirstPersonController_C_0] Starting replay
[2018.02.22-02.31.29:678][626]LogBlueprintUserMessages: [FirstPersonController_C_0] Stopping replay
[2018.02.22-02.31.29:681][626]LogBlueprintUserMessages: [CubeSpawner_56] CubeSpawner_56 spawned a cube
[2018.02.22-02.31.29:682][626]LogBlueprintUserMessages: [FirstPersonController_C_0] Starting replay
[2018.02.22-02.31.29:709][626]PIE: Warning: The widget 'ReplayStatsWidget_C' was already added to the screen.
[2018.02.22-02.31.29:773][626]PIE: Warning: The widget 'ReplayStatsWidget_C' was already added to the screen.
[2018.02.22-02.31.29:789][626]PIE: Warning: The widget 'ReplayStatsWidget_C' was already added to the screen.
[2018.02.22-02.31.29:794][626]PIE: Warning: The widget 'ReplayStatsWidget_C' was already added to the screen.
[2018.02.22-02.31.36:662][790]LogScript: Warning: Accessed None trying to read property ControllerRef
	ReplayController_C /Game/TestMap.TestMap:PersistentLevel.ReplayController_C_37
	Function /Game/Blueprints/ReplayController.ReplayController_C:Delete:000A
[2018.02.22-02.31.36:662][790]LogScript: Warning: Script call stack:
	Function /Game/Blueprints/FirstPersonController.FirstPersonController_C:InpActEvt_Delete_K2Node_InputActionEvent_1
	Function /Game/Blueprints/FirstPersonController.FirstPersonController_C:ExecuteUbergraph_FirstPersonController
	Function /Game/Blueprints/FirstPersonHUD.FirstPersonHUD_C:DeleteSelected
	Function /Game/Blueprints/FirstPersonCharacter.FirstPersonCharacter_C:Delete
	Function /Game/Blueprints/ReplayController.ReplayController_C:Delete

[2018.02.22-02.31.38:872][845]LogBlueprintUserMessages: [CubeSpawner_56] CubeSpawner_56 spawned a cube
[2018.02.22-02.32.13:971][776]LogBlueprintUserMessages: [FirstPersonController_C_0] Starting replay
[2018.02.22-02.32.33:757][289]LogBlueprintUserMessages: [FirstPersonController_C_0] Stopping replay
[2018.02.22-02.32.33:760][289]LogBlueprintUserMessages: [CubeSpawner_56] CubeSpawner_56 spawned a cube
[2018.02.22-02.32.41:332][486]LogBlueprintUserMessages: [FirstPersonController_C_0] Starting replay
[2018.02.22-02.33.00:779][  4]LogBlueprintUserMessages: [FirstPersonController_C_0] Stopping replay
[2018.02.22-02.33.00:784][  4]LogBlueprintUserMessages: [FirstPersonCharacter_C_0] Entered End
[2018.02.22-02.33.02:796][ 63]LogBlueprintUserMessages: [ProceduralPuzzle_C_0] Creating Level 1
[2018.02.22-02.33.02:799][ 63]LogBlueprintUserMessages: [CubeSpawner_56] CubeSpawner_56 spawned a cube
[2018.02.22-02.36.07:981][821]LogEngine: All Windows Closed
[2018.02.22-02.36.07:982][821]LogWindows: FPlatformMisc::RequestExit(0)
[2018.02.22-02.36.08:388][822]LogExit: Preparing to exit.
[2018.02.22-02.36.08:388][822]LogMoviePlayer: Shutting down movie player
[2018.02.22-02.36.08:634][822]LogExit: Game engine shut down
[2018.02.22-02.36.08:744][822]LogExit: Object subsystem successfully closed.
[2018.02.22-02.36.08:760][822]LogD3D11RHI: Shutdown
[2018.02.22-02.36.08:760][822]LogD3D11RHI: CleanupD3DDevice
[2018.02.22-02.36.08:782][822]LogD3D11RHI: ~FD3D11DynamicRHI
[2018.02.22-02.36.08:799][822]LogModuleManager: Shutting down and abandoning module SequenceRecorderSections (312)
[2018.02.22-02.36.08:799][822]LogModuleManager: Shutting down and abandoning module SequenceRecorder (310)
[2018.02.22-02.36.08:799][822]LogModuleManager: Shutting down and abandoning module AutomationController (308)
[2018.02.22-02.36.08:799][822]LogModuleManager: Shutting down and abandoning module AutomationWorker (306)
[2018.02.22-02.36.08:799][822]LogModuleManager: Shutting down and abandoning module AIModule (304)
[2018.02.22-02.36.08:799][822]LogModuleManager: Shutting down and abandoning module GameplayDebugger (303)
[2018.02.22-02.36.08:799][822]LogModuleManager: Shutting down and abandoning module AITestSuite (301)
[2018.02.22-02.36.08:799][822]LogModuleManager: Shutting down and abandoning module WmfMediaFactory (298)
[2018.02.22-02.36.08:799][822]LogModuleManager: Shutting down and abandoning module OpenExrWrapper (296)
[2018.02.22-02.36.08:799][822]LogModuleManager: Shutting down and abandoning module ImgMediaFactory (294)
[2018.02.22-02.36.08:799][822]LogModuleManager: Shutting down and abandoning module AvfMediaFactory (292)
[2018.02.22-02.36.08:799][822]LogModuleManager: Shutting down and abandoning module CharacterAI (290)
[2018.02.22-02.36.08:799][822]LogModuleManager: Shutting down and abandoning module SessionServices (288)
[2018.02.22-02.36.08:799][822]LogModuleManager: Shutting down and abandoning module MovieSceneCapture (286)
[2018.02.22-02.36.08:799][822]LogModuleManager: Shutting down and abandoning module MovieSceneTracks (284)
[2018.02.22-02.36.08:800][822]LogModuleManager: Shutting down and abandoning module MovieScene (282)
[2018.02.22-02.36.08:800][822]LogModuleManager: Shutting down and abandoning module GeometryCache (280)
[2018.02.22-02.36.08:800][822]LogModuleManager: Shutting down and abandoning module GeometryCacheEd (279)
[2018.02.22-02.36.08:800][822]LogModuleManager: Shutting down and abandoning module StreamingPauseRendering (276)
[2018.02.22-02.36.08:800][822]LogModuleManager: Shutting down and abandoning module PortalServices (274)
[2018.02.22-02.36.08:800][822]LogModuleManager: Shutting down and abandoning module PortalRpc (272)
[2018.02.22-02.36.08:800][822]LogModuleManager: Shutting down and abandoning module MessagingRpc (270)
[2018.02.22-02.36.08:800][822]LogModuleManager: Shutting down and abandoning module ProfilerService (268)
[2018.02.22-02.36.09:018][822]LogModuleManager: Shutting down and abandoning module TaskGraph (266)
[2018.02.22-02.36.09:018][822]LogModuleManager: Shutting down and abandoning module SteamVRController (264)
[2018.02.22-02.36.09:018][822]LogModuleManager: Shutting down and abandoning module ProceduralMeshComponent (262)
[2018.02.22-02.36.09:018][822]LogModuleManager: Shutting down and abandoning module OculusInput (260)
[2018.02.22-02.36.09:018][822]LogModuleManager: Shutting down and abandoning module MobilePatchingUtils (258)
[2018.02.22-02.36.09:018][822]LogModuleManager: Shutting down and abandoning module CustomMeshComponent (256)
[2018.02.22-02.36.09:018][822]LogModuleManager: Shutting down and abandoning module CableComponent (254)
[2018.02.22-02.36.09:019][822]LogModuleManager: Shutting down and abandoning module ArchVisCharacter (252)
[2018.02.22-02.36.09:019][822]LogModuleManager: Shutting down and abandoning module AndroidPermission (250)
[2018.02.22-02.36.09:019][822]LogModuleManager: Shutting down and abandoning module ActorSequence (246)
[2018.02.22-02.36.09:019][822]LogModuleManager: Shutting down and abandoning module MediaCompositing (244)
[2018.02.22-02.36.09:019][822]LogModuleManager: Shutting down and abandoning module HTML5Networking (242)
[2018.02.22-02.36.09:019][822]LogModuleManager: Shutting down and abandoning module VisualStudioSourceCodeAccess (240)
[2018.02.22-02.36.09:019][822]LogModuleManager: Shutting down and abandoning module HotReload (239)
[2018.02.22-02.36.09:019][822]LogModuleManager: Shutting down and abandoning module VisualStudioCodeSourceCodeAccess (236)
[2018.02.22-02.36.09:019][822]LogModuleManager: Shutting down and abandoning module UObjectPlugin (234)
[2018.02.22-02.36.09:019][822]LogModuleManager: Shutting down and abandoning module SubversionSourceControl (232)
[2018.02.22-02.36.09:019][822]LogModuleManager: Shutting down and abandoning module PerforceSourceControl (230)
[2018.02.22-02.36.09:019][822]LogModuleManager: Shutting down and abandoning module SourceControl (229)
[2018.02.22-02.36.09:019][822]LogModuleManager: Shutting down and abandoning module RuntimePhysXCooking (226)
[2018.02.22-02.36.09:019][822]LogModuleManager: Shutting down and abandoning module PhysXVehiclesEditor (224)
[2018.02.22-02.36.09:019][822]LogModuleManager: Shutting down and abandoning module PhysXVehicles (222)
[2018.02.22-02.36.09:019][822]LogModuleManager: Shutting down and abandoning module LocationServicesBPLibrary (220)
[2018.02.22-02.36.09:019][822]LogModuleManager: Shutting down and abandoning module ImmediatePhysicsEditor (218)
[2018.02.22-02.36.09:019][822]LogModuleManager: Shutting down and abandoning module ImmediatePhysics (216)
[2018.02.22-02.36.09:019][822]LogModuleManager: Shutting down and abandoning module UdpMessaging (214)
[2018.02.22-02.36.09:120][822]LogModuleManager: Shutting down and abandoning module TcpMessaging (212)
[2018.02.22-02.36.09:483][822]LogModuleManager: Shutting down and abandoning module GameplayTagsEditor (210)
[2018.02.22-02.36.09:483][822]LogModuleManager: Shutting down and abandoning module FacialAnimation (208)
[2018.02.22-02.36.09:483][822]LogModuleManager: Shutting down and abandoning module AssetManagerEditor (206)
[2018.02.22-02.36.09:483][822]LogModuleManager: Shutting down and abandoning module GraphEditor (205)
[2018.02.22-02.36.09:483][822]LogModuleManager: Shutting down and abandoning module ContentBrowser (203)
[2018.02.22-02.36.09:483][822]LogModuleManager: Shutting down and abandoning module CollectionManager (202)
[2018.02.22-02.36.09:484][822]LogDirectoryWatcher: A directory notification for 'C:/Users/Matt/Documents/GameProjects/Unreal/Investiture/Investiture/Content/Collections/' was aborted.
[2018.02.22-02.36.09:484][822]LogDirectoryWatcher: A directory notification for 'C:/Users/Matt/Documents/GameProjects/Unreal/Investiture/Investiture/Content/Developers/Matt/Collections/' was aborted.
[2018.02.22-02.36.09:484][822]LogDirectoryWatcher: A directory notification for 'C:/Users/Matt/Documents/GameProjects/Unreal/Investiture/Investiture/Saved/Collections/' was aborted.
[2018.02.22-02.36.09:484][822]LogModuleManager: Shutting down and abandoning module DirectoryWatcher (201)
[2018.02.22-02.36.09:484][822]LogModuleManager: Shutting down and abandoning module LightPropagationVolumeRuntime (196)
[2018.02.22-02.36.09:484][822]LogModuleManager: Shutting down and abandoning module Paper2D (194)
[2018.02.22-02.36.09:484][822]LogModuleManager: Shutting down and abandoning module WindowsMoviePlayer (192)
[2018.02.22-02.36.09:484][822]LogModuleManager: Shutting down and abandoning module WmfMedia (190)
[2018.02.22-02.36.09:486][822]LogModuleManager: Shutting down and abandoning module ImgMedia (188)
[2018.02.22-02.36.09:486][822]LogModuleManager: Shutting down and abandoning module PacketHandler (186)
[2018.02.22-02.36.09:486][822]LogModuleManager: Shutting down and abandoning module ClothingSystemEditor (184)
[2018.02.22-02.36.09:487][822]LogModuleManager: Shutting down and abandoning module ClothingSystemRuntime (182)
[2018.02.22-02.36.09:487][822]LogModuleManager: Shutting down and abandoning module MediaAssets (180)
[2018.02.22-02.36.09:487][822]LogModuleManager: Shutting down and abandoning module Media (179)
[2018.02.22-02.36.09:493][822]LogModuleManager: Shutting down and abandoning module Overlay (176)
[2018.02.22-02.36.09:493][822]LogModuleManager: Shutting down and abandoning module OverlayEditor (175)
[2018.02.22-02.36.09:493][822]LogModuleManager: Shutting down and abandoning module VREditor (172)
[2018.02.22-02.36.09:493][822]LogModuleManager: Shutting down and abandoning module StringTableEditor (170)
[2018.02.22-02.36.09:493][822]LogModuleManager: Shutting down and abandoning module GameplayTasksEditor (168)
[2018.02.22-02.36.09:493][822]LogModuleManager: Shutting down and abandoning module BehaviorTreeEditor (166)
[2018.02.22-02.36.09:493][822]LogModuleManager: Shutting down and abandoning module FunctionalTesting (164)
[2018.02.22-02.36.09:493][822]LogModuleManager: Shutting down and abandoning module CollisionAnalyzer (162)
[2018.02.22-02.36.09:493][822]LogModuleManager: Shutting down and abandoning module WorkspaceMenuStructure (161)
[2018.02.22-02.36.09:493][822]LogModuleManager: Shutting down and abandoning module UMG (158)
[2018.02.22-02.36.09:493][822]LogModuleManager: Shutting down and abandoning module UMGEditor (157)
[2018.02.22-02.36.09:493][822]LogModuleManager: Shutting down and abandoning module Sequencer (156)
[2018.02.22-02.36.09:493][822]LogModuleManager: Shutting down and abandoning module MessageLog (153)
[2018.02.22-02.36.09:493][822]LogModuleManager: Shutting down and abandoning module SlateReflector (148)
[2018.02.22-02.36.09:493][822]LogModuleManager: Shutting down and abandoning module Slate (146)
[2018.02.22-02.36.09:493][822]LogModuleManager: Shutting down and abandoning module EditorStyle (144)
[2018.02.22-02.36.09:496][822]LogModuleManager: Shutting down and abandoning module MRMesh (142)
[2018.02.22-02.36.09:496][822]LogModuleManager: Shutting down and abandoning module Messaging (140)
[2018.02.22-02.36.09:496][822]LogModuleManager: Shutting down and abandoning module SourceCodeAccess (138)
[2018.02.22-02.36.09:496][822]LogModuleManager: Shutting down and abandoning module HeadMountedDisplay (136)
[2018.02.22-02.36.09:496][822]LogModuleManager: Shutting down and abandoning module XAudio2 (134)
[2018.02.22-02.36.09:496][822]LogModuleManager: Shutting down and abandoning module Networking (132)
[2018.02.22-02.36.09:496][822]LogModuleManager: Shutting down and abandoning module Core (128)
[2018.02.22-02.36.09:496][822]LogModuleManager: Shutting down and abandoning module LevelSequence (126)
[2018.02.22-02.36.09:496][822]LogModuleManager: Shutting down and abandoning module KismetCompiler (124)
[2018.02.22-02.36.09:496][822]LogModuleManager: Shutting down and abandoning module MeshUtilities (122)
[2018.02.22-02.36.09:496][822]LogModuleManager: Shutting down and abandoning module MeshMergeUtilities (121)
[2018.02.22-02.36.09:496][822]LogModuleManager: Shutting down and abandoning module MeshReductionInterface (120)
[2018.02.22-02.36.09:496][822]LogModuleManager: Shutting down and abandoning module SimplygonSwarm (119)
[2018.02.22-02.36.09:496][822]LogModuleManager: Shutting down and abandoning module SimplygonMeshReduction (117)
[2018.02.22-02.36.09:496][822]LogModuleManager: Shutting down and abandoning module QuadricMeshReduction (115)
[2018.02.22-02.36.09:496][822]LogModuleManager: Shutting down and abandoning module MaterialBaking (111)
[2018.02.22-02.36.09:496][822]LogModuleManager: Shutting down and abandoning module DerivedDataCache (106)
[2018.02.22-02.36.09:547][822]LogDerivedDataCache: Shutdown
[2018.02.22-02.36.09:547][822]LogModuleManager: Shutting down and abandoning module TargetPlatform (104)
[2018.02.22-02.36.09:547][822]LogModuleManager: Shutting down and abandoning module VulkanShaderFormat (103)
[2018.02.22-02.36.09:547][822]LogModuleManager: Shutting down and abandoning module ShaderFormatVectorVM (101)
[2018.02.22-02.36.09:547][822]LogModuleManager: Shutting down and abandoning module ShaderFormatOpenGL (99)
[2018.02.22-02.36.09:547][822]LogModuleManager: Shutting down and abandoning module ShaderFormatD3D (97)
[2018.02.22-02.36.09:547][822]LogModuleManager: Shutting down and abandoning module MetalShaderFormat (95)
[2018.02.22-02.36.09:547][822]LogModuleManager: Shutting down and abandoning module TextureFormatUncompressed (93)
[2018.02.22-02.36.09:547][822]LogModuleManager: Shutting down and abandoning module TextureFormatPVR (91)
[2018.02.22-02.36.09:547][822]LogModuleManager: Shutting down and abandoning module TextureFormatDXT (89)
[2018.02.22-02.36.09:547][822]LogModuleManager: Shutting down and abandoning module TextureFormatIntelISPCTexComp (87)
[2018.02.22-02.36.09:547][822]LogModuleManager: Shutting down and abandoning module TextureFormatASTC (85)
[2018.02.22-02.36.09:547][822]LogModuleManager: Shutting down and abandoning module ImageWrapper (84)
[2018.02.22-02.36.09:547][822]LogModuleManager: Shutting down and abandoning module TextureFormatAndroid (81)
[2018.02.22-02.36.09:547][822]LogModuleManager: Shutting down and abandoning module AudioFormatOpus (79)
[2018.02.22-02.36.09:547][822]LogModuleManager: Shutting down and abandoning module AudioFormatOgg (77)
[2018.02.22-02.36.09:547][822]LogModuleManager: Shutting down and abandoning module AudioFormatADPCM (75)
[2018.02.22-02.36.09:547][822]LogModuleManager: Shutting down and abandoning module WindowsTargetPlatform (73)
[2018.02.22-02.36.09:547][822]LogModuleManager: Shutting down and abandoning module WindowsServerTargetPlatform (71)
[2018.02.22-02.36.09:547][822]LogModuleManager: Shutting down and abandoning module WindowsNoEditorTargetPlatform (69)
[2018.02.22-02.36.09:547][822]LogModuleManager: Shutting down and abandoning module WindowsClientTargetPlatform (67)
[2018.02.22-02.36.09:547][822]LogModuleManager: Shutting down and abandoning module InputCore (64)
[2018.02.22-02.36.09:547][822]LogModuleManager: Shutting down and abandoning module Settings (62)
[2018.02.22-02.36.09:547][822]LogModuleManager: Shutting down and abandoning module PhysXCooking (60)
[2018.02.22-02.36.09:547][822]LogModuleManager: Shutting down and abandoning module SteamVR (58)
[2018.02.22-02.36.09:547][822]LogModuleManager: Shutting down and abandoning module OculusHMD (56)
[2018.02.22-02.36.09:547][822]LogModuleManager: Shutting down and abandoning module ExampleDeviceProfileSelector (54)
[2018.02.22-02.36.09:547][822]LogModuleManager: Shutting down and abandoning module AppleARKit (52)
[2018.02.22-02.36.09:547][822]LogModuleManager: Shutting down and abandoning module AugmentedReality (51)
[2018.02.22-02.36.09:547][822]LogModuleManager: Shutting down and abandoning module OnlineBlueprintSupport (48)
[2018.02.22-02.36.09:547][822]LogModuleManager: Shutting down and abandoning module OnlineSubsystem (44)
[2018.02.22-02.36.09:548][822]LogModuleManager: Shutting down and abandoning module XMPP (43)
[2018.02.22-02.36.09:548][822]LogModuleManager: Shutting down and abandoning module HTTP (41)
[2018.02.22-02.36.09:570][822]LogModuleManager: Shutting down and abandoning module SSL (40)
[2018.02.22-02.36.09:572][822]LogModuleManager: Shutting down and abandoning module AnimationModifiers (36)
[2018.02.22-02.36.09:572][822]LogModuleManager: Shutting down and abandoning module PropertyEditor (35)
[2018.02.22-02.36.09:573][822]LogModuleManager: Shutting down and abandoning module AudioEditor (32)
[2018.02.22-02.36.09:573][822]LogModuleManager: Shutting down and abandoning module TextureCompressor (30)
[2018.02.22-02.36.09:573][822]LogModuleManager: Shutting down and abandoning module ShaderCore (28)
[2018.02.22-02.36.09:573][822]LogModuleManager: Shutting down and abandoning module Landscape (26)
[2018.02.22-02.36.09:573][822]LogModuleManager: Shutting down and abandoning module SlateRHIRenderer (24)
[2018.02.22-02.36.09:573][822]LogModuleManager: Shutting down and abandoning module OpenGLDrv (22)
[2018.02.22-02.36.09:573][822]LogModuleManager: Shutting down and abandoning module D3D11RHI (20)
[2018.02.22-02.36.09:573][822]LogModuleManager: Shutting down and abandoning module AnimGraphRuntime (18)
[2018.02.22-02.36.09:574][822]LogModuleManager: Shutting down and abandoning module Renderer (16)
[2018.02.22-02.36.09:574][822]LogModuleManager: Shutting down and abandoning module Engine (14)
[2018.02.22-02.36.09:574][822]LogModuleManager: Shutting down and abandoning module CoreUObject (12)
[2018.02.22-02.36.09:574][822]LogModuleManager: Shutting down and abandoning module NetworkFile (10)
[2018.02.22-02.36.09:574][822]LogModuleManager: Shutting down and abandoning module CookedIterativeFile (8)
[2018.02.22-02.36.09:574][822]LogModuleManager: Shutting down and abandoning module StreamingFile (6)
[2018.02.22-02.36.09:574][822]LogModuleManager: Shutting down and abandoning module SandboxFile (4)
[2018.02.22-02.36.09:574][822]LogModuleManager: Shutting down and abandoning module PakFile (2)
[2018.02.22-02.36.09:576][822]LogExit: Exiting.
[2018.02.22-02.36.09:577][822]Log file closed, 02/21/18 18:36:09
