Log file open, 03/24/18 12:33:25
LogWindows: Failed to load 'aqProf.dll' (GetLastError=126)
LogWindows: File 'aqProf.dll' does not exist
LogWindows: Failed to load 'VtuneApi.dll' (GetLastError=126)
LogWindows: File 'VtuneApi.dll' does not exist
LogWindows: Failed to load 'VtuneApi32e.dll' (GetLastError=126)
LogWindows: File 'VtuneApi32e.dll' does not exist
LogInit: Display: Running engine for game: Investiture
LogPlatformFile: Not using cached read wrapper
LogInit: Display: RandInit(409316773) SRandInit(409316774).
LogInit: Read version file with build ID '3709383'
LogInit: Overriding engine version to CL 3794801, compatible CL 3709383
LogInit: Registered custom module enumerator with build ID '3709383'
LogTaskGraph: Started task graph with 5 named threads and 8 total threads with 3 sets of task threads.
LogStats: Stats thread started at 0.206974
LogD3D11RHI: Aftermath initialized
LogModuleManager: Display: Found up-to-date module file ../../../Engine/Plugins/2D/Paper2D/Binaries/Win64/UE4Editor-Paper2D.dll (API version 3709383).
LogModuleManager: Display: Found up-to-date module file ../../../Engine/Plugins/2D/Paper2D/Binaries/Win64/UE4Editor-Paper2DEditor.dll (API version 3709383).
LogModuleManager: Display: Found up-to-date module file ../../../Engine/Plugins/2D/Paper2D/Binaries/Win64/UE4Editor-PaperSpriteSheetImporter.dll (API version 3709383).
LogModuleManager: Display: Found up-to-date module file ../../../Engine/Plugins/2D/Paper2D/Binaries/Win64/UE4Editor-PaperTiledImporter.dll (API version 3709383).
LogModuleManager: Display: Found up-to-date module file ../../../Engine/Plugins/2D/Paper2D/Binaries/Win64/UE4Editor-SmartSnapping.dll (API version 3709383).
LogModuleManager: Display: Found up-to-date module file ../../../Engine/Plugins/Blendables/LightPropagationVolume/Binaries/Win64/UE4Editor-LightPropagationVolumeRuntime.dll (API version 3709383).
LogModuleManager: Display: Found up-to-date module file ../../../Engine/Plugins/Blendables/LightPropagationVolume/Binaries/Win64/UE4Editor-LightPropagationVolumeEditor.dll (API version 3709383).
LogModuleManager: Display: Found up-to-date module file ../../../Engine/Plugins/Developer/GitSourceControl/Binaries/Win64/UE4Editor-GitSourceControl.dll (API version 3709383).
LogModuleManager: Display: Found up-to-date module file ../../../Engine/Plugins/Developer/PerforceSourceControl/Binaries/Win64/UE4Editor-PerforceSourceControl.dll (API version 3709383).
LogModuleManager: Display: Found up-to-date module file ../../../Engine/Plugins/Developer/SubversionSourceControl/Binaries/Win64/UE4Editor-SubversionSourceControl.dll (API version 3709383).
LogModuleManager: Display: Found up-to-date module file ../../../Engine/Plugins/Developer/UObjectPlugin/Binaries/Win64/UE4Editor-UObjectPlugin.dll (API version 3709383).
LogModuleManager: Display: Found up-to-date module file ../../../Engine/Plugins/Developer/VisualStudioCodeSourceCodeAccess/Binaries/Win64/UE4Editor-VisualStudioCodeSourceCodeAccess.dll (API version 3709383).
LogModuleManager: Display: Found up-to-date module file ../../../Engine/Plugins/Developer/VisualStudioSourceCodeAccess/Binaries/Win64/UE4Editor-VisualStudioSourceCodeAccess.dll (API version 3709383).
LogModuleManager: Display: Found up-to-date module file ../../../Engine/Plugins/Editor/AssetManagerEditor/Binaries/Win64/UE4Editor-AssetManagerEditor.dll (API version 3709383).
LogModuleManager: Display: Found up-to-date module file ../../../Engine/Plugins/Editor/AudioCapture/Binaries/Win64/UE4Editor-AudioCapture.dll (API version 3709383).
LogModuleManager: Display: Found up-to-date module file ../../../Engine/Plugins/Editor/FacialAnimation/Binaries/Win64/UE4Editor-FacialAnimation.dll (API version 3709383).
LogModuleManager: Display: Found up-to-date module file ../../../Engine/Plugins/Editor/FacialAnimation/Binaries/Win64/UE4Editor-FacialAnimationEditor.dll (API version 3709383).
LogModuleManager: Display: Found up-to-date module file ../../../Engine/Plugins/Editor/GameplayTagsEditor/Binaries/Win64/UE4Editor-GameplayTagsEditor.dll (API version 3709383).
LogModuleManager: Display: Found up-to-date module file ../../../Engine/Plugins/Editor/MobileLauncherProfileWizard/Binaries/Win64/UE4Editor-MobileLauncherProfileWizard.dll (API version 3709383).
LogModuleManager: Display: Found up-to-date module file ../../../Engine/Plugins/Editor/PluginBrowser/Binaries/Win64/UE4Editor-PluginBrowser.dll (API version 3709383).
LogModuleManager: Display: Found up-to-date module file ../../../Engine/Plugins/Editor/SpeedTreeImporter/Binaries/Win64/UE4Editor-SpeedTreeImporter.dll (API version 3709383).
LogModuleManager: Display: Found up-to-date module file ../../../Engine/Plugins/Experimental/AlembicImporter/Binaries/Win64/UE4Editor-AlembicImporter.dll (API version 3709383).
LogModuleManager: Display: Found up-to-date module file ../../../Engine/Plugins/Experimental/AlembicImporter/Binaries/Win64/UE4Editor-AlembicLibrary.dll (API version 3709383).
LogModuleManager: Display: Found up-to-date module file ../../../Engine/Plugins/Experimental/CharacterAI/Binaries/Win64/UE4Editor-CharacterAI.dll (API version 3709383).
LogModuleManager: Display: Found up-to-date module file ../../../Engine/Plugins/Experimental/HTML5Networking/Binaries/Win64/UE4Editor-HTML5Networking.dll (API version 3709383).
LogModuleManager: Display: Found up-to-date module file ../../../Engine/Plugins/Media/AndroidMedia/Binaries/Win64/UE4Editor-AndroidMediaEditor.dll (API version 3709383).
LogModuleManager: Display: Found up-to-date module file ../../../Engine/Plugins/Media/AndroidMedia/Binaries/Win64/UE4Editor-AndroidMediaFactory.dll (API version 3709383).
LogModuleManager: Display: Found up-to-date module file ../../../Engine/Plugins/Media/AvfMedia/Binaries/Win64/UE4Editor-AvfMediaEditor.dll (API version 3709383).
LogModuleManager: Display: Found up-to-date module file ../../../Engine/Plugins/Media/AvfMedia/Binaries/Win64/UE4Editor-AvfMediaFactory.dll (API version 3709383).
LogModuleManager: Display: Found up-to-date module file ../../../Engine/Plugins/Media/AvfMedia/Binaries/Win64/UE4Editor-AvfMediaFactory.dll (API version 3709383).
LogModuleManager: Display: Found up-to-date module file ../../../Engine/Plugins/Media/ImgMedia/Binaries/Win64/UE4Editor-ImgMedia.dll (API version 3709383).
LogModuleManager: Display: Found up-to-date module file ../../../Engine/Plugins/Media/ImgMedia/Binaries/Win64/UE4Editor-ImgMediaEditor.dll (API version 3709383).
LogModuleManager: Display: Found up-to-date module file ../../../Engine/Plugins/Media/ImgMedia/Binaries/Win64/UE4Editor-ImgMediaFactory.dll (API version 3709383).
LogModuleManager: Display: Found up-to-date module file ../../../Engine/Plugins/Media/ImgMedia/Binaries/Win64/UE4Editor-ImgMediaFactory.dll (API version 3709383).
LogModuleManager: Display: Found up-to-date module file ../../../Engine/Plugins/Media/ImgMedia/Binaries/Win64/UE4Editor-OpenExrWrapper.dll (API version 3709383).
LogModuleManager: Display: Found up-to-date module file ../../../Engine/Plugins/Media/MediaCompositing/Binaries/Win64/UE4Editor-MediaCompositing.dll (API version 3709383).
LogModuleManager: Display: Found up-to-date module file ../../../Engine/Plugins/Media/MediaCompositing/Binaries/Win64/UE4Editor-MediaCompositingEditor.dll (API version 3709383).
LogModuleManager: Display: Found up-to-date module file ../../../Engine/Plugins/Media/MediaPlayerEditor/Binaries/Win64/UE4Editor-MediaPlayerEditor.dll (API version 3709383).
LogModuleManager: Display: Found up-to-date module file ../../../Engine/Plugins/Media/WmfMedia/Binaries/Win64/UE4Editor-WmfMedia.dll (API version 3709383).
LogModuleManager: Display: Found up-to-date module file ../../../Engine/Plugins/Media/WmfMedia/Binaries/Win64/UE4Editor-WmfMediaEditor.dll (API version 3709383).
LogModuleManager: Display: Found up-to-date module file ../../../Engine/Plugins/Media/WmfMedia/Binaries/Win64/UE4Editor-WmfMediaFactory.dll (API version 3709383).
LogModuleManager: Display: Found up-to-date module file ../../../Engine/Plugins/Media/WmfMedia/Binaries/Win64/UE4Editor-WmfMediaFactory.dll (API version 3709383).
LogModuleManager: Display: Found up-to-date module file ../../../Engine/Plugins/Messaging/TcpMessaging/Binaries/Win64/UE4Editor-TcpMessaging.dll (API version 3709383).
LogModuleManager: Display: Found up-to-date module file ../../../Engine/Plugins/Messaging/UdpMessaging/Binaries/Win64/UE4Editor-UdpMessaging.dll (API version 3709383).
LogModuleManager: Display: Found up-to-date module file ../../../Engine/Plugins/MovieScene/ActorSequence/Binaries/Win64/UE4Editor-ActorSequence.dll (API version 3709383).
LogModuleManager: Display: Found up-to-date module file ../../../Engine/Plugins/MovieScene/LevelSequenceEditor/Binaries/Win64/UE4Editor-LevelSequenceEditor.dll (API version 3709383).
LogModuleManager: Display: Found up-to-date module file ../../../Engine/Plugins/MovieScene/MatineeToLevelSequence/Binaries/Win64/UE4Editor-MatineeToLevelSequence.dll (API version 3709383).
LogModuleManager: Display: Found up-to-date module file ../../../Engine/Plugins/Online/OnlineSubsystem/Binaries/Win64/UE4Editor-OnlineSubsystem.dll (API version 3709383).
LogModuleManager: Display: Found up-to-date module file ../../../Engine/Plugins/Runtime/AndroidPermission/Binaries/Win64/UE4Editor-AndroidPermission.dll (API version 3709383).
LogModuleManager: Display: Found up-to-date module file ../../../Engine/Plugins/Online/OnlineSubsystemNull/Binaries/Win64/UE4Editor-OnlineSubsystemNull.dll (API version 3709383).
LogModuleManager: Display: Found up-to-date module file ../../../Engine/Plugins/Online/OnlineSubsystemUtils/Binaries/Win64/UE4Editor-OnlineSubsystemUtils.dll (API version 3709383).
LogModuleManager: Display: Found up-to-date module file ../../../Engine/Plugins/Online/OnlineSubsystemUtils/Binaries/Win64/UE4Editor-OnlineBlueprintSupport.dll (API version 3709383).
LogModuleManager: Display: Found up-to-date module file ../../../Engine/Plugins/Runtime/AndroidDeviceProfileSelector/Binaries/Win64/UE4Editor-AndroidDeviceProfileSelector.dll (API version 3709383).
LogModuleManager: Display: Found up-to-date module file ../../../Engine/Plugins/Runtime/AppleARKit/Binaries/Win64/UE4Editor-AppleARKit.dll (API version 3709383).
LogModuleManager: Display: Found up-to-date module file ../../../Engine/Plugins/Runtime/ArchVisCharacter/Binaries/Win64/UE4Editor-ArchVisCharacter.dll (API version 3709383).
LogModuleManager: Display: Found up-to-date module file ../../../Engine/Plugins/Runtime/CableComponent/Binaries/Win64/UE4Editor-CableComponent.dll (API version 3709383).
LogModuleManager: Display: Found up-to-date module file ../../../Engine/Plugins/Runtime/CustomMeshComponent/Binaries/Win64/UE4Editor-CustomMeshComponent.dll (API version 3709383).
LogModuleManager: Display: Found up-to-date module file ../../../Engine/Plugins/Runtime/ExampleDeviceProfileSelector/Binaries/Win64/UE4Editor-ExampleDeviceProfileSelector.dll (API version 3709383).
LogModuleManager: Display: Found up-to-date module file ../../../Engine/Plugins/Runtime/ImmediatePhysics/Binaries/Win64/UE4Editor-ImmediatePhysics.dll (API version 3709383).
LogModuleManager: Display: Found up-to-date module file ../../../Engine/Plugins/Runtime/ImmediatePhysics/Binaries/Win64/UE4Editor-ImmediatePhysicsEditor.dll (API version 3709383).
LogModuleManager: Display: Found up-to-date module file ../../../Engine/Plugins/Runtime/LocationServicesBPLibrary/Binaries/Win64/UE4Editor-LocationServicesBPLibrary.dll (API version 3709383).
LogModuleManager: Display: Found up-to-date module file ../../../Engine/Plugins/Runtime/MobilePatchingUtils/Binaries/Win64/UE4Editor-MobilePatchingUtils.dll (API version 3709383).
LogModuleManager: Display: Found up-to-date module file ../../../Engine/Plugins/Runtime/Oculus/OculusVR/Binaries/Win64/UE4Editor-OculusHMD.dll (API version 3709383).
LogModuleManager: Display: Found up-to-date module file ../../../Engine/Plugins/Runtime/Oculus/OculusVR/Binaries/Win64/UE4Editor-OculusInput.dll (API version 3709383).
LogModuleManager: Display: Found up-to-date module file ../../../Engine/Plugins/Runtime/Oculus/OculusVR/Binaries/Win64/UE4Editor-OculusEditor.dll (API version 3709383).
LogModuleManager: Display: Found up-to-date module file ../../../Engine/Plugins/Runtime/PhysXVehicles/Binaries/Win64/UE4Editor-PhysXVehicles.dll (API version 3709383).
LogModuleManager: Display: Found up-to-date module file ../../../Engine/Plugins/Runtime/PhysXVehicles/Binaries/Win64/UE4Editor-PhysXVehiclesEditor.dll (API version 3709383).
LogModuleManager: Display: Found up-to-date module file ../../../Engine/Plugins/Runtime/ProceduralMeshComponent/Binaries/Win64/UE4Editor-ProceduralMeshComponent.dll (API version 3709383).
LogModuleManager: Display: Found up-to-date module file ../../../Engine/Plugins/Runtime/ProceduralMeshComponent/Binaries/Win64/UE4Editor-ProceduralMeshComponentEditor.dll (API version 3709383).
LogModuleManager: Display: Found up-to-date module file ../../../Engine/Plugins/Runtime/RuntimePhysXCooking/Binaries/Win64/UE4Editor-RuntimePhysXCooking.dll (API version 3709383).
LogModuleManager: Display: Found up-to-date module file ../../../Engine/Plugins/Runtime/Steam/SteamVR/Binaries/Win64/UE4Editor-SteamVR.dll (API version 3709383).
LogModuleManager: Display: Found up-to-date module file ../../../Engine/Plugins/Runtime/Steam/SteamVR/Binaries/Win64/UE4Editor-SteamVRController.dll (API version 3709383).
LogModuleManager: Display: Found up-to-date module file ../../../Engine/Plugins/Runtime/WindowsMoviePlayer/Binaries/Win64/UE4Editor-WindowsMoviePlayer.dll (API version 3709383).
LogPluginManager: Mounting plugin Paper2D
LogPluginManager: Mounting plugin LightPropagationVolume
LogPluginManager: Mounting plugin CodeLiteSourceCodeAccess
LogPluginManager: Mounting plugin GitSourceControl
LogPluginManager: Mounting plugin KDevelopSourceCodeAccess
LogPluginManager: Mounting plugin NullSourceCodeAccess
LogPluginManager: Mounting plugin PerforceSourceControl
LogPluginManager: Mounting plugin SubversionSourceControl
LogPluginManager: Mounting plugin UObjectPlugin
LogPluginManager: Mounting plugin VisualStudioCodeSourceCodeAccess
LogPluginManager: Mounting plugin VisualStudioSourceCodeAccess
LogPluginManager: Mounting plugin XCodeSourceCodeAccess
LogPluginManager: Mounting plugin AssetManagerEditor
LogPluginManager: Mounting plugin AudioCapture
LogPluginManager: Mounting plugin FacialAnimation
LogPluginManager: Mounting plugin GameplayTagsEditor
LogPluginManager: Mounting plugin MobileLauncherProfileWizard
LogPluginManager: Mounting plugin PluginBrowser
LogPluginManager: Mounting plugin SpeedTreeImporter
LogPluginManager: Mounting plugin AlembicImporter
LogPluginManager: Mounting plugin CharacterAI
LogPluginManager: Mounting plugin HTML5Networking
LogPluginManager: Mounting plugin AndroidMedia
LogPluginManager: Mounting plugin AvfMedia
LogPluginManager: Mounting plugin ImgMedia
LogPluginManager: Mounting plugin MediaCompositing
LogPluginManager: Mounting plugin MediaPlayerEditor
LogPluginManager: Mounting plugin WmfMedia
LogPluginManager: Mounting plugin TcpMessaging
LogPluginManager: Mounting plugin UdpMessaging
LogPluginManager: Mounting plugin ActorSequence
LogPluginManager: Mounting plugin LevelSequenceEditor
LogPluginManager: Mounting plugin MatineeToLevelSequence
LogPluginManager: Mounting plugin OnlineSubsystemGooglePlay
LogPluginManager: Mounting plugin OnlineSubsystemIOS
LogPluginManager: Mounting plugin OnlineSubsystem
LogPluginManager: Mounting plugin OnlineSubsystemNull
LogPluginManager: Mounting plugin OnlineSubsystemUtils
LogPluginManager: Mounting plugin AndroidDeviceProfileSelector
LogPluginManager: Mounting plugin AndroidMoviePlayer
LogPluginManager: Mounting plugin AndroidPermission
LogPluginManager: Mounting plugin AppleARKit
LogPluginManager: Mounting plugin AppleMoviePlayer
LogPluginManager: Mounting plugin ArchVisCharacter
LogPluginManager: Mounting plugin CableComponent
LogPluginManager: Mounting plugin CustomMeshComponent
LogPluginManager: Mounting plugin ExampleDeviceProfileSelector
LogPluginManager: Mounting plugin GoogleCloudMessaging
LogPluginManager: Mounting plugin ImmediatePhysics
LogPluginManager: Mounting plugin IOSDeviceProfileSelector
LogPluginManager: Mounting plugin LinuxDeviceProfileSelector
LogPluginManager: Mounting plugin LocationServicesBPLibrary
LogPluginManager: Mounting plugin MobilePatchingUtils
LogPluginManager: Mounting plugin OculusVR
LogPluginManager: Plugin shader directory ../../../Engine/Plugins/Runtime/Oculus/OculusVR/Shaders found
LogPluginManager: Mapping shader source directory ../../../Engine/Plugins/Runtime/Oculus/OculusVR/Shaders to virtual directory /Plugin/OculusVR
LogPluginManager: Mounting plugin PhysXVehicles
LogPluginManager: Mounting plugin ProceduralMeshComponent
LogPluginManager: Mounting plugin RuntimePhysXCooking
LogPluginManager: Mounting plugin SteamVR
LogPluginManager: Mounting plugin WindowsMoviePlayer
LogInit: Using libcurl 7.47.1
LogInit:  - built for x86_64-pc-win32
LogInit:  - supports SSL with OpenSSL/1.0.2g
LogInit:  - supports HTTP deflate (compression) using libz 1.2.8
LogInit:  - other features:
LogInit:      CURL_VERSION_SSL
LogInit:      CURL_VERSION_LIBZ
LogInit:      CURL_VERSION_IPV6
LogInit:      CURL_VERSION_ASYNCHDNS
LogInit:      CURL_VERSION_LARGEFILE
LogInit:      CURL_VERSION_IDN
LogInit:  CurlRequestOptions (configurable via config and command line):
LogInit:  - bVerifyPeer = false  - Libcurl will NOT verify peer certificate
LogInit:  - bUseHttpProxy = false  - Libcurl will NOT use HTTP proxy
LogInit:  - bDontReuseConnections = false  - Libcurl will reuse connections
LogInit:  - CertBundlePath = nullptr  - Libcurl will use whatever was configured at build time.
LogInit: Build: ++UE4+Release-4.18-CL-3794801
LogInit: Engine Version: 4.18.2-3794801+++UE4+Release-4.18
LogInit: Compatible Engine Version: 4.18.0-3709383+++UE4+Release-4.18
LogInit: Net CL: 3709383
LogDevObjectVersion: Number of dev versions registered: 16
LogDevObjectVersion:   Dev-Blueprints (B0D832E4-1F89-4F0D-ACCF-7EB736FD4AA2): 10
LogDevObjectVersion:   Dev-Build (E1C64328-A22C-4D53-A36C-8E866417BD8C): 0
LogDevObjectVersion:   Dev-Core (375EC13C-06E4-48FB-B500-84F0262A717E): 2
LogDevObjectVersion:   Dev-Editor (E4B068ED-F494-42E9-A231-DA0B2E46BB41): 20
LogDevObjectVersion:   Dev-Framework (CFFC743F-43B0-4480-9391-14DF171D2073): 30
LogDevObjectVersion:   Dev-Mobile (B02B49B5-BB20-44E9-A304-32B752E40360): 0
LogDevObjectVersion:   Dev-Networking (A4E4105C-59A1-49B5-A7C5-40C4547EDFEE): 0
LogDevObjectVersion:   Dev-Online (39C831C9-5AE6-47DC-9A44-9C173E1C8E7C): 0
LogDevObjectVersion:   Dev-Physics (78F01B33-EBEA-4F98-B9B4-84EACCB95AA2): 0
LogDevObjectVersion:   Dev-Platform (6631380F-2D4D-43E0-8009-CF276956A95A): 0
LogDevObjectVersion:   Dev-Rendering (12F88B9F-8875-4AFC-A67C-D90C383ABD29): 20
LogDevObjectVersion:   Dev-Sequencer (7B5AE74C-D270-4C10-A958-57980B212A5A): 4
LogDevObjectVersion:   Dev-VR (D7296918-1DD6-4BDD-9DE2-64A83CC13884): 0
LogDevObjectVersion:   Dev-LoadTimes (C2A15278-BFE7-4AFE-6C17-90FF531DF755): 1
LogDevObjectVersion:   Private-Geometry (6EACA3D4-40EC-4CC1-B786-8BED09428FC5): 1
LogDevObjectVersion:   Dev-AnimPhys (29E575DD-E0A3-4627-9D10-D276232CDCEA): 12
LogInit: Compiled (64-bit): Dec  8 2017 02:04:53
LogInit: Compiled with Visual C++: 19.00.24215.01
LogInit: Build Configuration: Development
LogInit: Branch Name: ++UE4+Release-4.18
LogInit: Command line: -EpicPortal 
LogInit: Base directory: C:/Program Files/Epic Games/UE_4.18/Engine/Binaries/Win64/
LogInit: Installed Engine Build: 1
LogInit: Presizing for max 8388607 objects, including 0 objects not considered by GC, pre-allocating 0 bytes for permanent pool.
LogInit: Object subsystem initialized
[2018.03.24-19.33.28:487][  0]LogInit: Selected Device Profile: [Windows]
[2018.03.24-19.33.28:487][  0]LogInit: Applying CVar settings loaded from the selected device profile: [Windows]
[2018.03.24-19.33.28:576][  0]LogInit: Computer: DESKTOP-L2CNR04
[2018.03.24-19.33.28:577][  0]LogInit: User: Matt
[2018.03.24-19.33.28:577][  0]LogInit: CPU Page size=4096, Cores=2
[2018.03.24-19.33.28:577][  0]LogInit: High frequency timer resolution =2.437499 MHz
[2018.03.24-19.33.28:579][  0]LogMemory: Memory total: Physical=7.9GB (8GB approx)
[2018.03.24-19.33.28:579][  0]LogMemory: Platform Memory Stats for Windows
[2018.03.24-19.33.28:579][  0]LogMemory: Process Physical Memory: 274.24 MB used, 274.24 MB peak
[2018.03.24-19.33.28:580][  0]LogMemory: Process Virtual Memory: 269.09 MB used, 269.09 MB peak
[2018.03.24-19.33.28:580][  0]LogMemory: Physical Memory: 3103.71 MB used,  5013.59 MB free, 8117.30 MB total
[2018.03.24-19.33.28:580][  0]LogMemory: Virtual Memory: 678.93 MB used,  5013.59 MB free, 134217728.00 MB total
[2018.03.24-19.33.29:147][  0]LogInit: Using OS detected language (en-US).
[2018.03.24-19.33.29:147][  0]LogInit: Using OS detected locale (en-US).
[2018.03.24-19.33.29:151][  0]LogTextLocalizationManager: No specific localization for 'en-US' exists, so the 'en' localization will be used.
[2018.03.24-19.33.29:929][  0]LogInit: Setting process to per monitor DPI aware
[2018.03.24-19.33.30:581][  0]LogD3D11RHI: D3D11 adapters:
[2018.03.24-19.33.30:699][  0]LogD3D11RHI:    0. 'NVIDIA GeForce GPU' (Feature Level 11_0)
[2018.03.24-19.33.30:699][  0]LogD3D11RHI:       997/0/4058 MB DedicatedVideo/DedicatedSystem/SharedSystem, Outputs:1, VendorId:0x10de
[2018.03.24-19.33.30:716][  0]LogD3D11RHI:    1. 'Intel(R) HD Graphics 520' (Feature Level 11_0)
[2018.03.24-19.33.30:716][  0]LogD3D11RHI:       128/0/4058 MB DedicatedVideo/DedicatedSystem/SharedSystem, Outputs:0, VendorId:0x8086
[2018.03.24-19.33.30:722][  0]LogD3D11RHI:    2. 'Microsoft Basic Render Driver' (Feature Level 11_0)
[2018.03.24-19.33.30:722][  0]LogD3D11RHI:       0/0/4058 MB DedicatedVideo/DedicatedSystem/SharedSystem, Outputs:0, VendorId:0x1414
[2018.03.24-19.33.30:722][  0]LogD3D11RHI: Chosen D3D11 Adapter: 0
[2018.03.24-19.33.30:736][  0]LogD3D11RHI: Creating new Direct3DDevice
[2018.03.24-19.33.30:736][  0]LogD3D11RHI:     GPU DeviceId: 0x134b (for the marketing name, search the web for "GPU Device Id")
[2018.03.24-19.33.30:736][  0]LogWindows: EnumDisplayDevices:
[2018.03.24-19.33.30:737][  0]LogWindows:    0. 'Intel(R) HD Graphics 520' (P:1 D:1)
[2018.03.24-19.33.30:737][  0]LogWindows:    1. 'Intel(R) HD Graphics 520' (P:0 D:0)
[2018.03.24-19.33.30:738][  0]LogWindows:    2. 'Intel(R) HD Graphics 520' (P:0 D:0)
[2018.03.24-19.33.30:738][  0]LogWindows: DebugString: GetVideoDriverDetailsInvalid PrimaryIsNotTheChoosenAdapter GetVideoDriverDetailsInvalid PrimaryIsNotTheChoosenAdapter GetVideoDriverDetailsInvalid PrimaryIsNotTheChoosenAdapter FoundDriverCount:0 
[2018.03.24-19.33.30:738][  0]LogD3D11RHI:     Adapter Name: NVIDIA GeForce GPU
[2018.03.24-19.33.30:738][  0]LogD3D11RHI:   Driver Version: Unknown (internal:Unknown, unified:Unknown)
[2018.03.24-19.33.30:738][  0]LogD3D11RHI:      Driver Date: Unknown
[2018.03.24-19.33.30:738][  0]LogRHI: Texture pool is 698 MB (70% of 997 MB)
[2018.03.24-19.33.30:815][  0]LogD3D11RHI: Async texture creation enabled
[2018.03.24-19.33.30:839][  0]LogD3D11RHI: GPU Timing Frequency: 1000.000000 (Debug: 2 1)
[2018.03.24-19.33.30:842][  0]LogShaderCompilers: Guid format shader working directory is -37 characters bigger than the processId version (../../../../../../Users/Matt/Documents/GameProjects/Unreal/Investiture/Investiture/Intermediate/Shaders/WorkingDirectory/3292/).
[2018.03.24-19.33.30:842][  0]LogShaderCompilers: Cleaned the shader compiler working directory 'C:/Users/Matt/AppData/Local/Temp/UnrealShaderWorkingDir/165B248540D2FD602203178BB6EB56C9/'.
[2018.03.24-19.33.30:842][  0]LogShaderCompilers: Display: Using Local Shader Compiler.
[2018.03.24-19.33.32:579][  0]LogTemp: Display: Loaded TP AllDesktopTargetPlatform
[2018.03.24-19.33.32:702][  0]LogTemp: Display: Loaded TP MacClientTargetPlatform
[2018.03.24-19.33.32:841][  0]LogTemp: Display: Loaded TP MacNoEditorTargetPlatform
[2018.03.24-19.33.32:957][  0]LogTemp: Display: Loaded TP MacServerTargetPlatform
[2018.03.24-19.33.33:085][  0]LogTemp: Display: Loaded TP MacTargetPlatform
[2018.03.24-19.33.33:216][  0]LogTemp: Display: Loaded TP WindowsClientTargetPlatform
[2018.03.24-19.33.33:333][  0]LogTemp: Display: Loaded TP WindowsNoEditorTargetPlatform
[2018.03.24-19.33.33:469][  0]LogTemp: Display: Loaded TP WindowsServerTargetPlatform
[2018.03.24-19.33.33:570][  0]LogTemp: Display: Loaded TP WindowsTargetPlatform
[2018.03.24-19.33.33:695][  0]LogTemp: Display: Loaded TP Android_ASTCTargetPlatform
[2018.03.24-19.33.33:821][  0]LogTemp: Display: Loaded TP Android_ATCTargetPlatform
[2018.03.24-19.33.33:932][  0]LogTemp: Display: Loaded TP Android_DXTTargetPlatform
[2018.03.24-19.33.34:041][  0]LogTemp: Display: Loaded TP Android_ETC1TargetPlatform
[2018.03.24-19.33.34:178][  0]LogTemp: Display: Loaded TP Android_ETC2TargetPlatform
[2018.03.24-19.33.34:460][  0]LogTemp: Display: Loaded TP Android_MultiTargetPlatform
[2018.03.24-19.33.34:460][  0]LogTemp: Display: Loaded TP Android_PVRTCTargetPlatform
[2018.03.24-19.33.34:589][  0]LogTemp: Display: Loaded TP AndroidTargetPlatform
[2018.03.24-19.33.34:693][  0]LogTemp: Display: Loaded TP HTML5TargetPlatform
[2018.03.24-19.33.34:939][  0]LogTemp: Display: Loaded TP IOSTargetPlatform
[2018.03.24-19.33.35:034][  0]LogTemp: Display: Loaded TP TVOSTargetPlatform
[2018.03.24-19.33.35:194][  0]LogTemp: Display: Loaded TP LinuxClientTargetPlatform
[2018.03.24-19.33.35:319][  0]LogTemp: Display: Loaded TP LinuxNoEditorTargetPlatform
[2018.03.24-19.33.35:441][  0]LogTemp: Display: Loaded TP LinuxServerTargetPlatform
[2018.03.24-19.33.35:565][  0]LogTemp: Display: Loaded TP LinuxTargetPlatform
[2018.03.24-19.33.35:565][  0]LogTargetPlatformManager: Display: Building Assets For Windows
[2018.03.24-19.33.36:647][  0]LogDerivedDataCache: Display: Max Cache Size: 512 MB
[2018.03.24-19.33.36:790][  0]LogDerivedDataCache: Loaded boot cache 0.14s 78MB C:/Users/Matt/AppData/Local/UnrealEngine/4.18/DerivedDataCache/Boot.ddc.
[2018.03.24-19.33.36:790][  0]LogDerivedDataCache: Display: Loaded Boot cache: C:/Users/Matt/AppData/Local/UnrealEngine/4.18/DerivedDataCache/Boot.ddc
[2018.03.24-19.33.36:790][  0]LogDerivedDataCache: FDerivedDataBackendGraph:  Pak pak cache file ../../../../../../Users/Matt/Documents/GameProjects/Unreal/Investiture/Investiture/DerivedDataCache/DDC.ddp not found, will not use a pak cache.
[2018.03.24-19.33.36:790][  0]LogDerivedDataCache: Unable to find inner node Pak for hierarchical cache Hierarchy.
[2018.03.24-19.33.36:790][  0]LogDerivedDataCache: FDerivedDataBackendGraph:  CompressedPak pak cache file ../../../../../../Users/Matt/Documents/GameProjects/Unreal/Investiture/Investiture/DerivedDataCache/Compressed.ddp not found, will not use a pak cache.
[2018.03.24-19.33.36:790][  0]LogDerivedDataCache: Unable to find inner node CompressedPak for hierarchical cache Hierarchy.
[2018.03.24-19.33.36:818][  0]LogDerivedDataCache: Display: Pak cache opened for reading ../../../Engine/DerivedDataCache/Compressed.ddp.
[2018.03.24-19.33.36:832][  0]LogDerivedDataCache: Using Local data cache path C:/Users/Matt/AppData/Local/UnrealEngine/Common/DerivedDataCache: Writable
[2018.03.24-19.33.36:850][  0]LogMaterial: Verifying Global Shaders for PCD3D_SM5
[2018.03.24-19.33.36:851][  0]LogSlate: Using Freetype 2.6.0
[2018.03.24-19.33.36:852][  0]LogSlate: SlateFontCache - WITH_FREETYPE: 1, WITH_HARFBUZZ: 1
[2018.03.24-19.33.36:852][  0]LogSlate: SlateFontCache - WITH_FREETYPE: 1, WITH_HARFBUZZ: 1
[2018.03.24-19.33.37:600][  0]LogInit: Selected Device Profile: [Windows]
[2018.03.24-19.33.38:231][  0]LogSimplygon: Simplygon DLL not present - disabling.
[2018.03.24-19.33.38:326][  0]LogMeshReduction: Using SimplygonSwarm for distributed automatic mesh merging
[2018.03.24-19.33.38:326][  0]LogMeshReduction: Using QuadricMeshReduction for automatic static mesh reduction
[2018.03.24-19.33.38:326][  0]LogMeshReduction: No automatic skeletal mesh reduction module available
[2018.03.24-19.33.38:326][  0]LogMeshReduction: No automatic mesh merging module available
[2018.03.24-19.33.38:326][  0]LogMeshMerging: No automatic mesh merging module available
[2018.03.24-19.33.38:525][  0]LogNetVersion: Investiture , NetCL: 3709383, EngineNetVer: 2, GameNetVer: 0 (Checksum: 1457158739)
[2018.03.24-19.33.38:888][  0]LogAssetRegistry: FAssetRegistry took 0.0318 seconds to start up
[2018.03.24-19.33.40:292][  0]LogPackageLocalizationCache: Processed 7 localized package path(s) for 2 prioritized culture(s) in 0.204965 seconds
[2018.03.24-19.33.40:304][  0]LogUObjectArray: 35900 objects as part of root set at end of initial load.
[2018.03.24-19.33.40:304][  0]LogUObjectAllocator: 7372016 out of 0 bytes used by permanent object pool.
[2018.03.24-19.33.40:304][  0]LogUObjectArray: CloseDisregardForGC: 0/0 objects in disregard for GC pool
[2018.03.24-19.33.40:434][  0]LogInit: WinSock: version 1.1 (2.2), MaxSocks=32767, MaxUdp=65467
[2018.03.24-19.33.46:594][  0]LogTcpMessaging: Initializing TcpMessaging bridge
[2018.03.24-19.33.46:704][  0]LogUdpMessaging: Initializing bridge on interface 0.0.0.0:0 to multicast group 230.0.0.1:6666.
[2018.03.24-19.33.48:411][  0]LogMaterial: Uniform references updated for custom material expression Custom.
[2018.03.24-19.33.49:383][  0]SourceControl: Source control is disabled
[2018.03.24-19.33.49:383][  0]SourceControl: Source control is disabled
[2018.03.24-19.33.49:509][  0]SourceControl: Source control is disabled
[2018.03.24-19.33.49:628][  0]SourceControl: Source control is disabled
[2018.03.24-19.33.51:599][  0]LogAndroidPermission: UAndroidPermissionCallbackProxy::GetInstance
[2018.03.24-19.33.52:293][  0]LogOcInput: OculusInput pre-init called
[2018.03.24-19.33.52:991][  0]LogEngine: Initializing Engine...
[2018.03.24-19.33.52:996][  0]LogHMD: Failed to initialize OpenVR with code 100
[2018.03.24-19.33.53:415][  0]LogStats: UGameplayTagsManager::ConstructGameplayTagTree: Construct from data asset -  0.000 s
[2018.03.24-19.33.53:441][  0]LogStats: UGameplayTagsManager::ConstructGameplayTagTree: ImportINI -  0.026 s
[2018.03.24-19.33.53:441][  0]LogStats: UGameplayTagsManager::ConstructGameplayTagTree: GameplayTagTreeChangedEvent.Broadcast -  0.000 s
[2018.03.24-19.33.53:743][  0]LogAIModule: Creating AISystem for world Untitled
[2018.03.24-19.33.53:767][  0]LogInit: XAudio2 using 'Speakers (Realtek High Definition Audio(SST))' : 2 channels at 48 kHz using 32 bits per sample (channel mask 0x3)
[2018.03.24-19.33.54:617][  0]LogInit: FAudioDevice initialized.
[2018.03.24-19.33.54:848][  0]LogDerivedDataCache: Saved boot cache 0.23s 78MB C:/Users/Matt/AppData/Local/UnrealEngine/4.18/DerivedDataCache/Boot.ddc.
[2018.03.24-19.33.54:898][  0]LogInit: Texture streaming: Enabled
[2018.03.24-19.33.55:258][  0]LogEngineSessionManager: EngineSessionManager initialized
[2018.03.24-19.33.55:581][  0]LogInit: Transaction tracking system initialized
[2018.03.24-19.33.56:410][  0]BlueprintLog: New page: Editor Load
[2018.03.24-19.33.58:749][  0]LocalizationService: Localization service is disabled
[2018.03.24-19.34.00:736][  0]LogConsoleResponse: Display: 
[2018.03.24-19.34.01:230][  0]LogCook: Display: Max memory allowance for cook 16384mb min free memory 0mb
[2018.03.24-19.34.01:230][  0]LogCook: Display: Mobile HDR setting 1
[2018.03.24-19.34.01:230][  0]LogGameplayTags: Display: UGameplayTagsManager::DoneAddingNativeTags. DelegateIsBound: 0
[2018.03.24-19.34.01:393][  0]LogFileCache: Scanning file cache for directory 'C:/Users/Matt/Documents/GameProjects/Unreal/Investiture/Investiture/Content/' took 0.04s
[2018.03.24-19.34.04:231][  0]SourceControl: Source control is disabled
[2018.03.24-19.34.04:232][  0]Cmd: MAP LOAD FILE="../../../../../../Users/Matt/Documents/GameProjects/Unreal/Investiture/Investiture/Content/FirstPersonBP/Maps/FirstPersonExampleMap.umap" TEMPLATE=0 SHOWPROGRESS=1 FEATURELEVEL=3
[2018.03.24-19.34.04:232][  0]LogEditorServer: Warning: Can't find file '../../../../../../Users/Matt/Documents/GameProjects/Unreal/Investiture/Investiture/Content/FirstPersonBP/Maps/FirstPersonExampleMap.umap'
[2018.03.24-19.34.04:232][  0]Cmd: MAP CHECKDEP NOCLEARLOG
[2018.03.24-19.34.04:335][  0]MapCheck: Map check complete: 0 Error(s), 0 Warning(s), took 102.748ms to complete.
[2018.03.24-19.34.04:335][  0]LogFileHelpers: Loading map 'FirstPersonExampleMap' took 0.104
[2018.03.24-19.34.04:437][  0]LogWindowsTextInputMethodSystem: Display: IME system now deactivated.
[2018.03.24-19.34.04:438][  0]LogWindowsTextInputMethodSystem: Display: IME system now deactivated.
[2018.03.24-19.34.04:941][  0]LogCollectionManager: Loaded 0 collections in 0.004299 seconds
[2018.03.24-19.34.05:177][  0]LogFileCache: Scanning file cache for directory 'C:/Users/Matt/Documents/GameProjects/Unreal/Investiture/Investiture/Saved/Collections/' took 0.01s
[2018.03.24-19.34.05:177][  0]LogFileCache: Scanning file cache for directory 'C:/Users/Matt/Documents/GameProjects/Unreal/Investiture/Investiture/Content/Developers/Matt/Collections/' took 0.01s
[2018.03.24-19.34.05:177][  0]LogFileCache: Scanning file cache for directory 'C:/Users/Matt/Documents/GameProjects/Unreal/Investiture/Investiture/Content/Collections/' took 0.01s
[2018.03.24-19.34.05:177][  0]LogCollectionManager: Rebuilt the GUID cache for 0 collections in 0.000001 seconds
[2018.03.24-19.34.05:199][  0]LogContentBrowser: Native class hierarchy populated in 0.0199 seconds. Added 2364 classes and 521 folders.
[2018.03.24-19.34.05:399][  0]LogContentBrowser: Native class hierarchy updated for 'WidgetCarousel' in 0.0005 seconds. Added 0 classes and 0 folders.
[2018.03.24-19.34.06:225][  0]LogContentBrowser: Native class hierarchy updated for 'AddContentDialog' in 0.0005 seconds. Added 0 classes and 0 folders.
[2018.03.24-19.34.06:527][  0]LogSlate: Took 0.001187 seconds to synchronously load lazily loaded font '../../../Engine/Content/Slate/Fonts/Roboto-Regular.ttf' (155K)
[2018.03.24-19.34.06:559][  0]LogSlate: Took 0.000533 seconds to synchronously load lazily loaded font '../../../Engine/Content/Slate/Fonts/Roboto-Bold.ttf' (160K)
[2018.03.24-19.34.06:580][  0]LogSlate: Took 0.011956 seconds to synchronously load lazily loaded font '../../../Engine/Content/Editor/Slate/Fonts/FontAwesome.ttf' (139K)
[2018.03.24-19.34.06:727][  0]LogRenderer: Reallocating scene render targets to support 312x168 Format 9 NumSamples 1 (Frame:1).
[2018.03.24-19.34.07:144][  0]LogContentBrowser: Native class hierarchy updated for 'HierarchicalLODOutliner' in 0.0004 seconds. Added 1 classes and 2 folders.
[2018.03.24-19.34.07:145][  0]LogLoad: (Engine Initialization) Total time: 44.39 seconds
[2018.03.24-19.34.07:145][  0]LogLoad: (Engine Initialization) Total Blueprint compile time: 0.00 seconds
[2018.03.24-19.34.07:145][  0]LogExternalProfiler: Found external profiler: VSPerf
[2018.03.24-19.34.07:145][  0]LogExternalProfiler: Using external profiler: VSPerf
[2018.03.24-19.34.07:218][  0]LogContentStreaming: Texture pool size now 800 MB
[2018.03.24-19.34.07:357][  1]LogFileCache: Retrieving MD5 hashes for directory 'C:/Users/Matt/Documents/GameProjects/Unreal/Investiture/Investiture/Content/' took 0.16s
[2018.03.24-19.34.07:608][  3]LogAssetRegistry: Asset discovery search completed in 28.7428 seconds
[2018.03.24-19.34.07:611][  3]LogCollectionManager: Rebuilt the object cache for 0 collections in 0.000000 seconds (found 0 objects)
[2018.03.24-19.34.07:611][  3]LogCollectionManager: Fixed up redirectors for 0 collections in 0.000144 seconds (updated 0 objects)
[2018.03.24-19.34.08:336][ 31]LogSlate: Took 0.040941 seconds to synchronously load lazily loaded font '../../../Engine/Content/Slate/Fonts/Roboto-Light.ttf' (159K)
[2018.03.24-19.34.17:525][160]LogSlate: Took 0.000836 seconds to synchronously load lazily loaded font '../../../Engine/Content/Slate/Fonts/Roboto-Light.ttf' (159K)
[2018.03.24-19.34.18:461][160]LogContentBrowser: Native class hierarchy updated for 'BlueprintGraph' in 0.0010 seconds. Added 116 classes and 0 folders.
[2018.03.24-19.34.21:971][160]LogSlate: Took 0.008375 seconds to synchronously load lazily loaded font '../../../Engine/Content/Editor/Slate/Fonts/Roboto-BoldCondensed.ttf' (158K)
[2018.03.24-19.34.21:998][160]LogSlate: Took 0.000418 seconds to synchronously load lazily loaded font '../../../Engine/Content/Slate/Fonts/Roboto-Light.ttf' (159K)
[2018.03.24-19.34.22:337][161]LogRenderer: Reallocating scene render targets to support 312x256 Format 9 NumSamples 1 (Frame:1).
[2018.03.24-19.34.22:338][161]LogSlate: Took 0.010378 seconds to synchronously load lazily loaded font '../../../Engine/Content/Editor/Slate/Fonts/Roboto-Italic.ttf' (157K)
[2018.03.24-19.34.30:010][337]LogLinker: Warning: Asset '../../../../../../Users/Matt/Documents/GameProjects/Unreal/Investiture/Investiture/Content/Materials/Outline/MF_ConvolveTexture.uasset' has been saved with empty engine version. The asset will be loaded but may be incompatible.
[2018.03.24-19.34.30:218][337]LogAIModule: Creating AISystem for world ProcLevel
[2018.03.24-19.34.30:330][337]Cmd: MAP LOAD FILE="../../../../../../Users/Matt/Documents/GameProjects/Unreal/Investiture/Investiture/Content/ProcLevel.umap" TEMPLATE=0 SHOWPROGRESS=1 FEATURELEVEL=3
[2018.03.24-19.34.30:331][337]LightingResults: New page: Lighting Build
[2018.03.24-19.34.30:447][337]LogContentBrowser: Native class hierarchy updated for 'StatsViewer' in 0.0005 seconds. Added 5 classes and 0 folders.
[2018.03.24-19.34.30:449][337]LoadErrors: New page: Loading map: ProcLevel.umap
[2018.03.24-19.34.30:450][337]MapCheck: New page: Map Check
[2018.03.24-19.34.30:450][337]LightingResults: New page: Lighting Build
[2018.03.24-19.34.30:759][337]LogEditorServer: Finished looking for orphan Actors (0.000 secs)
[2018.03.24-19.34.30:891][337]Cmd: MAP CHECKDEP NOCLEARLOG
[2018.03.24-19.34.31:048][337]MapCheck: Map check complete: 0 Error(s), 0 Warning(s), took 156.582ms to complete.
[2018.03.24-19.34.31:075][337]LogFileHelpers: Loading map 'ProcLevel' took 0.745
[2018.03.24-19.34.31:077][337]LogSlate: Took 0.000290 seconds to synchronously load lazily loaded font '../../../Engine/Content/Slate/Fonts/Roboto-Regular.ttf' (155K)
[2018.03.24-19.35.54:941][ 20]BlueprintLog: New page: Compile GroundButton
[2018.03.24-19.35.57:670][ 43]LogSavePackage: Save=381.49ms
[2018.03.24-19.35.57:670][ 43]LogSavePackage: Moving '../../../../../../Users/Matt/Documents/GameProjects/Unreal/Investiture/Investiture/Saved/GroundButton747DBD294E998F044CD91B9D4B923420.tmp' to '../../../../../../Users/Matt/Documents/GameProjects/Unreal/Investiture/Investiture/Content/Blueprints/LevelElements/GroundButton.uasset'
[2018.03.24-19.35.57:680][ 43]LogSavePackage: Display: Finished SavePackage ../../../../../../Users/Matt/Documents/GameProjects/Unreal/Investiture/Investiture/Content/Blueprints/LevelElements/GroundButton.uasset
[2018.03.24-19.36.28:161][721]LogSlate: Took 0.017026 seconds to synchronously load lazily loaded font '../../../Engine/Content/Editor/Slate/Fonts/Roboto-BoldCondensedItalic.ttf' (160K)
[2018.03.24-19.36.35:703][912]BlueprintLog: New page: Compile GroundButton
[2018.03.24-19.36.38:768][946]LogSavePackage: Save=285.76ms
[2018.03.24-19.36.38:768][946]LogSavePackage: Moving '../../../../../../Users/Matt/Documents/GameProjects/Unreal/Investiture/Investiture/Saved/GroundButton96D80A864A6141617ACEE89040091B0C.tmp' to '../../../../../../Users/Matt/Documents/GameProjects/Unreal/Investiture/Investiture/Content/Blueprints/LevelElements/GroundButton.uasset'
[2018.03.24-19.36.38:777][946]LogSavePackage: Display: Finished SavePackage ../../../../../../Users/Matt/Documents/GameProjects/Unreal/Investiture/Investiture/Content/Blueprints/LevelElements/GroundButton.uasset
[2018.03.24-19.39.22:232][513]BlueprintLog: New page: Compile StartZone
[2018.03.24-19.39.24:308][527]LogSavePackage: Save=94.68ms
[2018.03.24-19.39.24:308][527]LogSavePackage: Moving '../../../../../../Users/Matt/Documents/GameProjects/Unreal/Investiture/Investiture/Saved/StartZoneC86D9418487F21856AE528919DB956AD.tmp' to '../../../../../../Users/Matt/Documents/GameProjects/Unreal/Investiture/Investiture/Content/Blueprints/LevelElements/StartZone.uasset'
[2018.03.24-19.39.24:318][527]LogSavePackage: Display: Finished SavePackage ../../../../../../Users/Matt/Documents/GameProjects/Unreal/Investiture/Investiture/Content/Blueprints/LevelElements/StartZone.uasset
[2018.03.24-19.39.46:922][ 64]LogEditorViewport: Clicking on Actor (LMB): StaticMeshActor (Cube)
[2018.03.24-19.41.19:992][113]BlueprintLog: New page: Compile MovingDoor
[2018.03.24-19.41.22:973][113]LogSavePackage: Save=169.58ms
[2018.03.24-19.41.22:973][113]LogSavePackage: Moving '../../../../../../Users/Matt/Documents/GameProjects/Unreal/Investiture/Investiture/Saved/MovingDoor548808984D60AA8BB5F50A9436A3C914.tmp' to '../../../../../../Users/Matt/Documents/GameProjects/Unreal/Investiture/Investiture/Content/Blueprints/LevelElements/MovingDoor.uasset'
[2018.03.24-19.41.22:980][113]LogSavePackage: Display: Finished SavePackage ../../../../../../Users/Matt/Documents/GameProjects/Unreal/Investiture/Investiture/Content/Blueprints/LevelElements/MovingDoor.uasset
[2018.03.24-19.41.23:602][117]LogSavePackage: Save=121.39ms
[2018.03.24-19.41.23:603][117]LogSavePackage: Moving '../../../../../../Users/Matt/Documents/GameProjects/Unreal/Investiture/Investiture/Saved/MovingDoorB7A4612047E7B2074937D7A1E830CA33.tmp' to '../../../../../../Users/Matt/Documents/GameProjects/Unreal/Investiture/Investiture/Content/Blueprints/LevelElements/MovingDoor.uasset'
[2018.03.24-19.41.23:606][117]LogSavePackage: Display: Finished SavePackage ../../../../../../Users/Matt/Documents/GameProjects/Unreal/Investiture/Investiture/Content/Blueprints/LevelElements/MovingDoor.uasset
[2018.03.24-19.42.45:670][615]BlueprintLog: New page: Compile MovingDoor
[2018.03.24-19.42.49:462][635]LogSavePackage: Save=166.94ms
[2018.03.24-19.42.49:462][635]LogSavePackage: Moving '../../../../../../Users/Matt/Documents/GameProjects/Unreal/Investiture/Investiture/Saved/MovingDoorD8008F034A8EE83EC761D491A5576420.tmp' to '../../../../../../Users/Matt/Documents/GameProjects/Unreal/Investiture/Investiture/Content/Blueprints/LevelElements/MovingDoor.uasset'
[2018.03.24-19.42.49:470][635]LogSavePackage: Display: Finished SavePackage ../../../../../../Users/Matt/Documents/GameProjects/Unreal/Investiture/Investiture/Content/Blueprints/LevelElements/MovingDoor.uasset
[2018.03.24-19.46.01:954][735]BlueprintLog: New page: Compile ClosingDoor
[2018.03.24-19.46.05:009][764]LogSavePackage: Save=354.10ms
[2018.03.24-19.46.05:009][764]LogSavePackage: Moving '../../../../../../Users/Matt/Documents/GameProjects/Unreal/Investiture/Investiture/Saved/ClosingDoor28495EAC44EE7A78325FDFA3DB2FCF2B.tmp' to '../../../../../../Users/Matt/Documents/GameProjects/Unreal/Investiture/Investiture/Content/Blueprints/LevelElements/ClosingDoor.uasset'
[2018.03.24-19.46.05:018][764]LogSavePackage: Display: Finished SavePackage ../../../../../../Users/Matt/Documents/GameProjects/Unreal/Investiture/Investiture/Content/Blueprints/LevelElements/ClosingDoor.uasset
[2018.03.24-19.46.37:777][445]LogSavePackage: Save=468.59ms
[2018.03.24-19.46.37:781][445]LogSavePackage: Moving '../../../../../../Users/Matt/Documents/GameProjects/Unreal/Investiture/Investiture/Saved/ProcLevel_Auto1C6A673074F1A63BC4D4876B6576ACC78.tmp' to '../../../../../../Users/Matt/Documents/GameProjects/Unreal/Investiture/Investiture/Saved/Autosaves/Game/ProcLevel_Auto1.umap'
[2018.03.24-19.46.37:813][445]LogSavePackage: Display: Finished SavePackage ../../../../../../Users/Matt/Documents/GameProjects/Unreal/Investiture/Investiture/Saved/Autosaves/Game/ProcLevel_Auto1.umap
[2018.03.24-19.46.37:822][445]LogFileHelpers: Editor autosave (incl. sublevels) for '/Game/ProcLevel' took 0.940
[2018.03.24-19.46.37:822][445]LogFileHelpers: Editor autosave (incl. sublevels) for all levels took 0.940
[2018.03.24-19.46.37:832][445]OBJ SavePackage: Generating thumbnails for [1] asset(s) in package [/Game/Blueprints/LevelElements/BoxButton] ([1] browsable assets)...
[2018.03.24-19.46.37:919][445]OBJ SavePackage:     Rendered thumbnail for [Blueprint /Game/Blueprints/LevelElements/BoxButton.BoxButton]
[2018.03.24-19.46.37:919][445]OBJ SavePackage: Finished generating thumbnails for package [/Game/Blueprints/LevelElements/BoxButton]
[2018.03.24-19.46.38:288][445]LogSavePackage: Save=154.00ms
[2018.03.24-19.46.38:288][445]LogSavePackage: Moving '../../../../../../Users/Matt/Documents/GameProjects/Unreal/Investiture/Investiture/Saved/BoxButton_Auto1AC21C71D4C88CB320978278B8E1F2541.tmp' to '../../../../../../Users/Matt/Documents/GameProjects/Unreal/Investiture/Investiture/Saved/Autosaves/Game/Blueprints/LevelElements/BoxButton_Auto1.uasset'
[2018.03.24-19.46.38:319][445]LogSavePackage: Display: Finished SavePackage ../../../../../../Users/Matt/Documents/GameProjects/Unreal/Investiture/Investiture/Saved/Autosaves/Game/Blueprints/LevelElements/BoxButton_Auto1.uasset
[2018.03.24-19.46.38:320][445]LogFileHelpers: Auto-saving content packages took 0.494
[2018.03.24-19.48.11:127][315]LogScript: Warning: Accessed None trying to read property CallFunc_K2_GetPawn_ReturnValue2
	FirstPersonController_C /Engine/Transient.World_27:PersistentLevel.FirstPersonController_C_0
	Function /Game/Blueprints/FirstPersonController.FirstPersonController_C:ExecuteUbergraph_FirstPersonController:0D75
[2018.03.24-19.48.11:127][315]LogScript: Warning: Accessed None trying to read property CallFunc_K2_GetPawn_ReturnValue
	FirstPersonController_C /Engine/Transient.World_27:PersistentLevel.FirstPersonController_C_0
	Function /Game/Blueprints/FirstPersonController.FirstPersonController_C:ExecuteUbergraph_FirstPersonController:0DC4
[2018.03.24-19.48.11:127][315]LogScript: Warning: Accessed None trying to read property CallFunc_K2_GetPawn_ReturnValue2
	FirstPersonController_C /Engine/Transient.World_27:PersistentLevel.FirstPersonController_C_0
	Function /Game/Blueprints/FirstPersonController.FirstPersonController_C:ExecuteUbergraph_FirstPersonController:0D75
[2018.03.24-19.48.11:127][315]LogScript: Warning: Accessed None trying to read property CallFunc_K2_GetPawn_ReturnValue
	FirstPersonController_C /Engine/Transient.World_27:PersistentLevel.FirstPersonController_C_0
	Function /Game/Blueprints/FirstPersonController.FirstPersonController_C:ExecuteUbergraph_FirstPersonController:0DC4
[2018.03.24-19.48.11:127][315]LogScript: Warning: Accessed None trying to read property CallFunc_K2_GetPawn_ReturnValue3
	FirstPersonController_C /Engine/Transient.World_27:PersistentLevel.FirstPersonController_C_0
	Function /Game/Blueprints/FirstPersonController.FirstPersonController_C:ExecuteUbergraph_FirstPersonController:0974
[2018.03.24-19.48.11:128][315]LogScript: Warning: Accessed None trying to read property CallFunc_K2_GetPawn_ReturnValue3
	FirstPersonController_C /Engine/Transient.World_27:PersistentLevel.FirstPersonController_C_0
	Function /Game/Blueprints/FirstPersonController.FirstPersonController_C:ExecuteUbergraph_FirstPersonController:092E
[2018.03.24-19.48.11:284][316]LogScript: Warning: Accessed None trying to read property CallFunc_K2_GetPawn_ReturnValue2
	FirstPersonController_C /Engine/Transient.World_27:PersistentLevel.FirstPersonController_C_0
	Function /Game/Blueprints/FirstPersonController.FirstPersonController_C:ExecuteUbergraph_FirstPersonController:0D75
[2018.03.24-19.48.11:284][316]LogScript: Warning: Accessed None trying to read property CallFunc_K2_GetPawn_ReturnValue
	FirstPersonController_C /Engine/Transient.World_27:PersistentLevel.FirstPersonController_C_0
	Function /Game/Blueprints/FirstPersonController.FirstPersonController_C:ExecuteUbergraph_FirstPersonController:0DC4
[2018.03.24-19.48.11:284][316]LogScript: Warning: Accessed None trying to read property CallFunc_K2_GetPawn_ReturnValue2
	FirstPersonController_C /Engine/Transient.World_27:PersistentLevel.FirstPersonController_C_0
	Function /Game/Blueprints/FirstPersonController.FirstPersonController_C:ExecuteUbergraph_FirstPersonController:0D75
[2018.03.24-19.48.11:285][316]LogScript: Warning: Accessed None trying to read property CallFunc_K2_GetPawn_ReturnValue
	FirstPersonController_C /Engine/Transient.World_27:PersistentLevel.FirstPersonController_C_0
	Function /Game/Blueprints/FirstPersonController.FirstPersonController_C:ExecuteUbergraph_FirstPersonController:0DC4
[2018.03.24-19.48.11:285][316]LogScript: Warning: Accessed None trying to read property CallFunc_K2_GetPawn_ReturnValue3
	FirstPersonController_C /Engine/Transient.World_27:PersistentLevel.FirstPersonController_C_0
	Function /Game/Blueprints/FirstPersonController.FirstPersonController_C:ExecuteUbergraph_FirstPersonController:0974
[2018.03.24-19.48.11:285][316]LogScript: Warning: Accessed None trying to read property CallFunc_K2_GetPawn_ReturnValue3
	FirstPersonController_C /Engine/Transient.World_27:PersistentLevel.FirstPersonController_C_0
	Function /Game/Blueprints/FirstPersonController.FirstPersonController_C:ExecuteUbergraph_FirstPersonController:092E
[2018.03.24-19.48.11:429][317]LogScript: Warning: Accessed None trying to read property CallFunc_K2_GetPawn_ReturnValue2
	FirstPersonController_C /Engine/Transient.World_27:PersistentLevel.FirstPersonController_C_0
	Function /Game/Blueprints/FirstPersonController.FirstPersonController_C:ExecuteUbergraph_FirstPersonController:0D75
[2018.03.24-19.48.11:429][317]LogScript: Warning: Accessed None trying to read property CallFunc_K2_GetPawn_ReturnValue
	FirstPersonController_C /Engine/Transient.World_27:PersistentLevel.FirstPersonController_C_0
	Function /Game/Blueprints/FirstPersonController.FirstPersonController_C:ExecuteUbergraph_FirstPersonController:0DC4
[2018.03.24-19.48.11:430][317]LogScript: Warning: Accessed None trying to read property CallFunc_K2_GetPawn_ReturnValue2
	FirstPersonController_C /Engine/Transient.World_27:PersistentLevel.FirstPersonController_C_0
	Function /Game/Blueprints/FirstPersonController.FirstPersonController_C:ExecuteUbergraph_FirstPersonController:0D75
[2018.03.24-19.48.11:430][317]LogScript: Warning: Accessed None trying to read property CallFunc_K2_GetPawn_ReturnValue
	FirstPersonController_C /Engine/Transient.World_27:PersistentLevel.FirstPersonController_C_0
	Function /Game/Blueprints/FirstPersonController.FirstPersonController_C:ExecuteUbergraph_FirstPersonController:0DC4
[2018.03.24-19.48.11:430][317]LogScript: Warning: Accessed None trying to read property CallFunc_K2_GetPawn_ReturnValue3
	FirstPersonController_C /Engine/Transient.World_27:PersistentLevel.FirstPersonController_C_0
	Function /Game/Blueprints/FirstPersonController.FirstPersonController_C:ExecuteUbergraph_FirstPersonController:0974
[2018.03.24-19.49.46:190][135]LogEditorTransaction: Undo Delete current selection
[2018.03.24-19.50.42:856][271]BlueprintLog: New page: Compile FirstPersonController
[2018.03.24-19.50.46:629][278]LogSavePackage: Save=1074.76ms
[2018.03.24-19.50.46:629][278]LogSavePackage: Moving '../../../../../../Users/Matt/Documents/GameProjects/Unreal/Investiture/Investiture/Saved/FirstPersonControllerCA22DFF44D1084D78326C19923D544C6.tmp' to '../../../../../../Users/Matt/Documents/GameProjects/Unreal/Investiture/Investiture/Content/Blueprints/FirstPersonController.uasset'
[2018.03.24-19.50.46:637][278]LogSavePackage: Display: Finished SavePackage ../../../../../../Users/Matt/Documents/GameProjects/Unreal/Investiture/Investiture/Content/Blueprints/FirstPersonController.uasset
[2018.03.24-19.50.48:896][351]LogTemp: Repeating last play command: New Editor Window (PIE)
[2018.03.24-19.50.49:085][351]LogBlueprintUserMessages: Early PlayInEditor Detection: Level '/Game/ProcLevel.ProcLevel:PersistentLevel' has LevelScriptBlueprint '/Game/ProcLevel.ProcLevel:PersistentLevel.ProcLevel' with GeneratedClass '/Game/ProcLevel.ProcLevel_C' with ClassGeneratedBy '/Game/ProcLevel.ProcLevel:PersistentLevel.ProcLevel'
[2018.03.24-19.50.49:087][351]LogPlayLevel: PlayLevel: No blueprints needed recompiling
[2018.03.24-19.50.49:089][351]PIE: New page: PIE session: ProcLevel (Mar 24, 2018, 5:50:49 AM)
[2018.03.24-19.50.49:089][351]LogPlayLevel: Creating play world package: /Game/UEDPIE_0_ProcLevel
[2018.03.24-19.50.49:098][351]LogPlayLevel: PIE: StaticDuplicateObject took: (0.008768s)
[2018.03.24-19.50.49:099][351]LogAIModule: Creating AISystem for world ProcLevel
[2018.03.24-19.50.49:100][351]LogPlayLevel: PIE: World Init took: (0.001315s)
[2018.03.24-19.50.49:100][351]LogPlayLevel: PIE: Created PIE world by copying editor world from /Game/ProcLevel.ProcLevel to /Game/UEDPIE_0_ProcLevel.ProcLevel (0.010781s)
[2018.03.24-19.50.49:171][351]LogInit: XAudio2 using 'Speakers (Realtek High Definition Audio(SST))' : 2 channels at 48 kHz using 32 bits per sample (channel mask 0x3)
[2018.03.24-19.50.49:206][351]LogInit: FAudioDevice initialized.
[2018.03.24-19.50.49:586][351]LogLoad: Game class is 'FirstPersonGameMode_C'
[2018.03.24-19.50.49:622][351]LogWorld: Bringing World /Game/UEDPIE_0_ProcLevel.ProcLevel up for play (max tick rate 60) at 2018.03.24-12.50.49
[2018.03.24-19.50.49:625][351]LogWorld: Bringing up level for play took: 0.007135
[2018.03.24-19.50.49:817][351]LogContentBrowser: Native class hierarchy updated for 'MovieSceneCapture' in 0.0006 seconds. Added 11 classes and 0 folders.
[2018.03.24-19.50.49:839][351]LogBlueprintUserMessages: [FirstPersonCharacter_C_0] Physics for FirstPersonCharacterset to true
[2018.03.24-19.50.49:852][351]LogBlueprintUserMessages: [FirstPersonGameMode_C_0] Game Mode Begin
[2018.03.24-19.50.49:853][351]LogBlueprintUserMessages: [ProceduralPuzzle_C_0] Creating Level 4
[2018.03.24-19.50.49:857][351]LogBlueprintUserMessages: [Layout_Puzzle1_C_0] Spawned jump obstacle requiring 2
[2018.03.24-19.50.49:858][351]LogBlueprintUserMessages: [Layout_Puzzle1_C_0] Spawned jump obstacle requiring 1
[2018.03.24-19.50.49:861][351]LogBlueprintUserMessages: [Layout_Puzzle1_C_0] Spawned speed obstacle for requiring 3
[2018.03.24-19.50.49:862][351]LogBlueprintUserMessages: [Layout_Puzzle1_C_0] Spawned jump obstacle requiring 1
[2018.03.24-19.50.49:867][351]LogBlueprintUserMessages: [Arc_C_0] Built arc!
[2018.03.24-19.50.49:873][351]LogBlueprintUserMessages: [Arc_C_1] Built arc!
[2018.03.24-19.50.49:878][351]LogBlueprintUserMessages: [Arc_C_2] Built arc!
[2018.03.24-19.50.49:911][351]PIE: Play in editor start time for /Game/UEDPIE_0_ProcLevel 0.925
[2018.03.24-19.50.49:911][351]LogBlueprintUserMessages: Late PlayInEditor Detection: Level '/Game/ProcLevel.ProcLevel:PersistentLevel' has LevelScriptBlueprint '/Game/ProcLevel.ProcLevel:PersistentLevel.ProcLevel' with GeneratedClass '/Game/ProcLevel.ProcLevel_C' with ClassGeneratedBy '/Game/ProcLevel.ProcLevel:PersistentLevel.ProcLevel'
[2018.03.24-19.50.50:207][351]LogRenderer: Reallocating scene render targets to support 1116x696 Format 9 NumSamples 1 (Frame:1).
[2018.03.24-19.51.01:299][589]LogBlueprintUserMessages: [FirstPersonController_C_0] Starting replay
[2018.03.24-19.51.03:557][633]LogCharacterMovement: FirstPersonCharacter_C_0 is stuck and failed to move! Velocity: X=-40.45 Y=164.95 Z=0.00 Location: X=0.87 Y=1540.80 Z=98.15 Normal: X=-0.36 Y=-0.93 Z=-0.00 PenetrationDepth:2.228 Actor:ClosingDoor_C_0 Component:leftdoor BoneName:None (0 other events since notify)
[2018.03.24-19.51.04:887][660]LogBlueprintUserMessages: Early EndPlayMap Detection: Level '/Game/ProcLevel.ProcLevel:PersistentLevel' has LevelScriptBlueprint '/Game/ProcLevel.ProcLevel:PersistentLevel.ProcLevel' with GeneratedClass '/Game/ProcLevel.ProcLevel_C' with ClassGeneratedBy '/Game/ProcLevel.ProcLevel:PersistentLevel.ProcLevel'
[2018.03.24-19.51.05:174][660]LogBlueprintUserMessages: Late EndPlayMap Detection: Level '/Game/ProcLevel.ProcLevel:PersistentLevel' has LevelScriptBlueprint '/Game/ProcLevel.ProcLevel:PersistentLevel.ProcLevel' with GeneratedClass '/Game/ProcLevel.ProcLevel_C' with ClassGeneratedBy '/Game/ProcLevel.ProcLevel:PersistentLevel.ProcLevel'
[2018.03.24-19.51.06:214][690]LogTemp: Repeating last play command: New Editor Window (PIE)
[2018.03.24-19.51.06:313][690]LogBlueprintUserMessages: Early PlayInEditor Detection: Level '/Game/ProcLevel.ProcLevel:PersistentLevel' has LevelScriptBlueprint '/Game/ProcLevel.ProcLevel:PersistentLevel.ProcLevel' with GeneratedClass '/Game/ProcLevel.ProcLevel_C' with ClassGeneratedBy '/Game/ProcLevel.ProcLevel:PersistentLevel.ProcLevel'
[2018.03.24-19.51.06:313][690]LogPlayLevel: PlayLevel: No blueprints needed recompiling
[2018.03.24-19.51.06:314][690]PIE: New page: PIE session: ProcLevel (Mar 24, 2018, 5:51:06 AM)
[2018.03.24-19.51.06:314][690]LogPlayLevel: Creating play world package: /Game/UEDPIE_0_ProcLevel
[2018.03.24-19.51.06:325][690]LogPlayLevel: PIE: StaticDuplicateObject took: (0.011113s)
[2018.03.24-19.51.06:328][690]LogAIModule: Creating AISystem for world ProcLevel
[2018.03.24-19.51.06:328][690]LogPlayLevel: PIE: World Init took: (0.002699s)
[2018.03.24-19.51.06:329][690]LogPlayLevel: PIE: Created PIE world by copying editor world from /Game/ProcLevel.ProcLevel to /Game/UEDPIE_0_ProcLevel.ProcLevel (0.015140s)
[2018.03.24-19.51.06:396][690]LogInit: XAudio2 using 'Speakers (Realtek High Definition Audio(SST))' : 2 channels at 48 kHz using 32 bits per sample (channel mask 0x3)
[2018.03.24-19.51.06:430][690]LogInit: FAudioDevice initialized.
[2018.03.24-19.51.06:761][690]LogLoad: Game class is 'FirstPersonGameMode_C'
[2018.03.24-19.51.06:773][690]LogWorld: Bringing World /Game/UEDPIE_0_ProcLevel.ProcLevel up for play (max tick rate 60) at 2018.03.24-12.51.06
[2018.03.24-19.51.06:775][690]LogWorld: Bringing up level for play took: 0.011720
[2018.03.24-19.51.06:807][690]LogBlueprintUserMessages: [FirstPersonCharacter_C_0] Physics for FirstPersonCharacterset to true
[2018.03.24-19.51.06:809][690]LogBlueprintUserMessages: [FirstPersonGameMode_C_0] Game Mode Begin
[2018.03.24-19.51.06:810][690]LogBlueprintUserMessages: [ProceduralPuzzle_C_0] Creating Level 4
[2018.03.24-19.51.06:815][690]LogBlueprintUserMessages: [Layout_Puzzle1_C_0] Spawned jump obstacle requiring 2
[2018.03.24-19.51.06:817][690]LogBlueprintUserMessages: [Layout_Puzzle1_C_0] Spawned jump obstacle requiring 1
[2018.03.24-19.51.06:820][690]LogBlueprintUserMessages: [Layout_Puzzle1_C_0] Spawned speed obstacle for requiring 3
[2018.03.24-19.51.06:821][690]LogBlueprintUserMessages: [Layout_Puzzle1_C_0] Spawned jump obstacle requiring 1
[2018.03.24-19.51.06:827][690]LogBlueprintUserMessages: [Arc_C_0] Built arc!
[2018.03.24-19.51.06:833][690]LogBlueprintUserMessages: [Arc_C_1] Built arc!
[2018.03.24-19.51.06:837][690]LogBlueprintUserMessages: [Arc_C_2] Built arc!
[2018.03.24-19.51.06:872][690]PIE: Play in editor start time for /Game/UEDPIE_0_ProcLevel -0.113
[2018.03.24-19.51.06:874][690]LogBlueprintUserMessages: Late PlayInEditor Detection: Level '/Game/ProcLevel.ProcLevel:PersistentLevel' has LevelScriptBlueprint '/Game/ProcLevel.ProcLevel:PersistentLevel.ProcLevel' with GeneratedClass '/Game/ProcLevel.ProcLevel_C' with ClassGeneratedBy '/Game/ProcLevel.ProcLevel:PersistentLevel.ProcLevel'
[2018.03.24-19.51.10:678][763]LogBlueprintUserMessages: [FirstPersonController_C_0] Starting replay
[2018.03.24-19.51.13:066][816]LogCharacterMovement: FirstPersonCharacter_C_0 is stuck and failed to move! Velocity: X=-21.42 Y=599.62 Z=0.00 Location: X=-1.47 Y=1673.14 Z=98.15 Normal: X=1.00 Y=-0.00 Z=0.00 PenetrationDepth:2.647 Actor:ClosingDoor_C_0 Component:rightdoor BoneName:None (0 other events since notify)
[2018.03.24-19.51.14:197][841]LogBlueprintUserMessages: Early EndPlayMap Detection: Level '/Game/ProcLevel.ProcLevel:PersistentLevel' has LevelScriptBlueprint '/Game/ProcLevel.ProcLevel:PersistentLevel.ProcLevel' with GeneratedClass '/Game/ProcLevel.ProcLevel_C' with ClassGeneratedBy '/Game/ProcLevel.ProcLevel:PersistentLevel.ProcLevel'
[2018.03.24-19.51.14:409][841]LogBlueprintUserMessages: Late EndPlayMap Detection: Level '/Game/ProcLevel.ProcLevel:PersistentLevel' has LevelScriptBlueprint '/Game/ProcLevel.ProcLevel:PersistentLevel.ProcLevel' with GeneratedClass '/Game/ProcLevel.ProcLevel_C' with ClassGeneratedBy '/Game/ProcLevel.ProcLevel:PersistentLevel.ProcLevel'
[2018.03.24-19.51.15:174][854]LogTemp: Repeating last play command: New Editor Window (PIE)
[2018.03.24-19.51.15:247][854]LogBlueprintUserMessages: Early PlayInEditor Detection: Level '/Game/ProcLevel.ProcLevel:PersistentLevel' has LevelScriptBlueprint '/Game/ProcLevel.ProcLevel:PersistentLevel.ProcLevel' with GeneratedClass '/Game/ProcLevel.ProcLevel_C' with ClassGeneratedBy '/Game/ProcLevel.ProcLevel:PersistentLevel.ProcLevel'
[2018.03.24-19.51.15:247][854]LogPlayLevel: PlayLevel: No blueprints needed recompiling
[2018.03.24-19.51.15:247][854]PIE: New page: PIE session: ProcLevel (Mar 24, 2018, 5:51:15 AM)
[2018.03.24-19.51.15:247][854]LogPlayLevel: Creating play world package: /Game/UEDPIE_0_ProcLevel
[2018.03.24-19.51.15:254][854]LogPlayLevel: PIE: StaticDuplicateObject took: (0.006458s)
[2018.03.24-19.51.15:255][854]LogAIModule: Creating AISystem for world ProcLevel
[2018.03.24-19.51.15:256][854]LogPlayLevel: PIE: World Init took: (0.001559s)
[2018.03.24-19.51.15:256][854]LogPlayLevel: PIE: Created PIE world by copying editor world from /Game/ProcLevel.ProcLevel to /Game/UEDPIE_0_ProcLevel.ProcLevel (0.008694s)
[2018.03.24-19.51.15:314][854]LogInit: XAudio2 using 'Speakers (Realtek High Definition Audio(SST))' : 2 channels at 48 kHz using 32 bits per sample (channel mask 0x3)
[2018.03.24-19.51.15:347][854]LogInit: FAudioDevice initialized.
[2018.03.24-19.51.15:603][854]LogLoad: Game class is 'FirstPersonGameMode_C'
[2018.03.24-19.51.15:611][854]LogWorld: Bringing World /Game/UEDPIE_0_ProcLevel.ProcLevel up for play (max tick rate 60) at 2018.03.24-12.51.15
[2018.03.24-19.51.15:612][854]LogWorld: Bringing up level for play took: 0.007387
[2018.03.24-19.51.15:659][854]LogBlueprintUserMessages: [FirstPersonCharacter_C_0] Physics for FirstPersonCharacterset to true
[2018.03.24-19.51.15:661][854]LogBlueprintUserMessages: [FirstPersonGameMode_C_0] Game Mode Begin
[2018.03.24-19.51.15:662][854]LogBlueprintUserMessages: [ProceduralPuzzle_C_0] Creating Level 4
[2018.03.24-19.51.15:666][854]LogBlueprintUserMessages: [Layout_Puzzle1_C_0] Spawned jump obstacle requiring 2
[2018.03.24-19.51.15:667][854]LogBlueprintUserMessages: [Layout_Puzzle1_C_0] Spawned jump obstacle requiring 2
[2018.03.24-19.51.15:672][854]LogBlueprintUserMessages: [Layout_Puzzle1_C_0] Spawned speed obstacle for requiring 3
[2018.03.24-19.51.15:674][854]LogBlueprintUserMessages: [Layout_Puzzle1_C_0] Spawned jump obstacle requiring 2
[2018.03.24-19.51.15:687][854]LogBlueprintUserMessages: [Arc_C_0] Built arc!
[2018.03.24-19.51.15:695][854]LogBlueprintUserMessages: [Arc_C_1] Built arc!
[2018.03.24-19.51.15:703][854]LogBlueprintUserMessages: [Arc_C_2] Built arc!
[2018.03.24-19.51.15:729][854]PIE: Play in editor start time for /Game/UEDPIE_0_ProcLevel 0.744
[2018.03.24-19.51.15:730][854]LogBlueprintUserMessages: Late PlayInEditor Detection: Level '/Game/ProcLevel.ProcLevel:PersistentLevel' has LevelScriptBlueprint '/Game/ProcLevel.ProcLevel:PersistentLevel.ProcLevel' with GeneratedClass '/Game/ProcLevel.ProcLevel_C' with ClassGeneratedBy '/Game/ProcLevel.ProcLevel:PersistentLevel.ProcLevel'
[2018.03.24-19.51.17:695][891]LogBlueprintUserMessages: Early EndPlayMap Detection: Level '/Game/ProcLevel.ProcLevel:PersistentLevel' has LevelScriptBlueprint '/Game/ProcLevel.ProcLevel:PersistentLevel.ProcLevel' with GeneratedClass '/Game/ProcLevel.ProcLevel_C' with ClassGeneratedBy '/Game/ProcLevel.ProcLevel:PersistentLevel.ProcLevel'
[2018.03.24-19.51.17:910][891]LogBlueprintUserMessages: Late EndPlayMap Detection: Level '/Game/ProcLevel.ProcLevel:PersistentLevel' has LevelScriptBlueprint '/Game/ProcLevel.ProcLevel:PersistentLevel.ProcLevel' with GeneratedClass '/Game/ProcLevel.ProcLevel_C' with ClassGeneratedBy '/Game/ProcLevel.ProcLevel:PersistentLevel.ProcLevel'
[2018.03.24-19.51.18:485][897]LogTemp: Repeating last play command: New Editor Window (PIE)
[2018.03.24-19.51.18:613][897]LogBlueprintUserMessages: Early PlayInEditor Detection: Level '/Game/ProcLevel.ProcLevel:PersistentLevel' has LevelScriptBlueprint '/Game/ProcLevel.ProcLevel:PersistentLevel.ProcLevel' with GeneratedClass '/Game/ProcLevel.ProcLevel_C' with ClassGeneratedBy '/Game/ProcLevel.ProcLevel:PersistentLevel.ProcLevel'
[2018.03.24-19.51.18:613][897]LogPlayLevel: PlayLevel: No blueprints needed recompiling
[2018.03.24-19.51.18:614][897]PIE: New page: PIE session: ProcLevel (Mar 24, 2018, 5:51:18 AM)
[2018.03.24-19.51.18:614][897]LogPlayLevel: Creating play world package: /Game/UEDPIE_0_ProcLevel
[2018.03.24-19.51.18:623][897]LogPlayLevel: PIE: StaticDuplicateObject took: (0.009093s)
[2018.03.24-19.51.18:624][897]LogAIModule: Creating AISystem for world ProcLevel
[2018.03.24-19.51.18:624][897]LogPlayLevel: PIE: World Init took: (0.001427s)
[2018.03.24-19.51.18:625][897]LogPlayLevel: PIE: Created PIE world by copying editor world from /Game/ProcLevel.ProcLevel to /Game/UEDPIE_0_ProcLevel.ProcLevel (0.011226s)
[2018.03.24-19.51.18:687][897]LogInit: XAudio2 using 'Speakers (Realtek High Definition Audio(SST))' : 2 channels at 48 kHz using 32 bits per sample (channel mask 0x3)
[2018.03.24-19.51.18:720][897]LogInit: FAudioDevice initialized.
[2018.03.24-19.51.18:990][897]LogLoad: Game class is 'FirstPersonGameMode_C'
[2018.03.24-19.51.18:996][897]LogWorld: Bringing World /Game/UEDPIE_0_ProcLevel.ProcLevel up for play (max tick rate 60) at 2018.03.24-12.51.18
[2018.03.24-19.51.18:997][897]LogWorld: Bringing up level for play took: 0.005839
[2018.03.24-19.51.19:033][897]LogBlueprintUserMessages: [FirstPersonCharacter_C_0] Physics for FirstPersonCharacterset to true
[2018.03.24-19.51.19:035][897]LogBlueprintUserMessages: [FirstPersonGameMode_C_0] Game Mode Begin
[2018.03.24-19.51.19:037][897]LogBlueprintUserMessages: [ProceduralPuzzle_C_0] Creating Level 4
[2018.03.24-19.51.19:042][897]LogBlueprintUserMessages: [Layout_Puzzle1_C_0] Spawned jump obstacle requiring 1
[2018.03.24-19.51.19:044][897]LogBlueprintUserMessages: [Layout_Puzzle1_C_0] Spawned jump obstacle requiring 2
[2018.03.24-19.51.19:048][897]LogBlueprintUserMessages: [Layout_Puzzle1_C_0] Spawned speed obstacle for requiring 2
[2018.03.24-19.51.19:050][897]LogBlueprintUserMessages: [Layout_Puzzle1_C_0] Spawned jump obstacle requiring 2
[2018.03.24-19.51.19:057][897]LogBlueprintUserMessages: [Arc_C_0] Built arc!
[2018.03.24-19.51.19:069][897]LogBlueprintUserMessages: [Arc_C_1] Built arc!
[2018.03.24-19.51.19:081][897]LogBlueprintUserMessages: [Arc_C_2] Built arc!
[2018.03.24-19.51.19:110][897]PIE: Play in editor start time for /Game/UEDPIE_0_ProcLevel 0.124
[2018.03.24-19.51.19:111][897]LogBlueprintUserMessages: Late PlayInEditor Detection: Level '/Game/ProcLevel.ProcLevel:PersistentLevel' has LevelScriptBlueprint '/Game/ProcLevel.ProcLevel:PersistentLevel.ProcLevel' with GeneratedClass '/Game/ProcLevel.ProcLevel_C' with ClassGeneratedBy '/Game/ProcLevel.ProcLevel:PersistentLevel.ProcLevel'
[2018.03.24-19.51.22:817][968]LogBlueprintUserMessages: [FirstPersonController_C_0] Starting replay
[2018.03.24-19.51.24:583][  8]LogCharacterMovement: FirstPersonCharacter_C_0 is stuck and failed to move! Velocity: X=94.80 Y=794.36 Z=0.00 Location: X=1.65 Y=1662.98 Z=98.15 Normal: X=-1.00 Y=0.00 Z=0.00 PenetrationDepth:2.969 Actor:ClosingDoor_C_0 Component:leftdoor BoneName:None (0 other events since notify)
[2018.03.24-19.51.25:623][ 31]LogBlueprintUserMessages: Early EndPlayMap Detection: Level '/Game/ProcLevel.ProcLevel:PersistentLevel' has LevelScriptBlueprint '/Game/ProcLevel.ProcLevel:PersistentLevel.ProcLevel' with GeneratedClass '/Game/ProcLevel.ProcLevel_C' with ClassGeneratedBy '/Game/ProcLevel.ProcLevel:PersistentLevel.ProcLevel'
[2018.03.24-19.51.25:862][ 31]LogBlueprintUserMessages: Late EndPlayMap Detection: Level '/Game/ProcLevel.ProcLevel:PersistentLevel' has LevelScriptBlueprint '/Game/ProcLevel.ProcLevel:PersistentLevel.ProcLevel' with GeneratedClass '/Game/ProcLevel.ProcLevel_C' with ClassGeneratedBy '/Game/ProcLevel.ProcLevel:PersistentLevel.ProcLevel'
