Log file open, 03/24/18 12:16:14
LogWindows: Failed to load 'aqProf.dll' (GetLastError=126)
LogWindows: File 'aqProf.dll' does not exist
LogWindows: Failed to load 'VtuneApi.dll' (GetLastError=126)
LogWindows: File 'VtuneApi.dll' does not exist
LogWindows: Failed to load 'VtuneApi32e.dll' (GetLastError=126)
LogWindows: File 'VtuneApi32e.dll' does not exist
LogInit: Display: Running engine for game: Investiture
LogPlatformFile: Not using cached read wrapper
LogInit: Display: RandInit(2089386713) SRandInit(2089386713).
LogInit: Read version file with build ID '3709383'
LogInit: Overriding engine version to CL 3794801, compatible CL 3709383
LogInit: Registered custom module enumerator with build ID '3709383'
LogTaskGraph: Started task graph with 5 named threads and 8 total threads with 3 sets of task threads.
LogStats: Stats thread started at 0.989367
LogD3D11RHI: Aftermath initialized
LogModuleManager: Display: Found up-to-date module file ../../../Engine/Plugins/2D/Paper2D/Binaries/Win64/UE4Editor-Paper2D.dll (API version 3709383).
LogModuleManager: Display: Found up-to-date module file ../../../Engine/Plugins/2D/Paper2D/Binaries/Win64/UE4Editor-Paper2DEditor.dll (API version 3709383).
LogModuleManager: Display: Found up-to-date module file ../../../Engine/Plugins/2D/Paper2D/Binaries/Win64/UE4Editor-PaperSpriteSheetImporter.dll (API version 3709383).
LogModuleManager: Display: Found up-to-date module file ../../../Engine/Plugins/2D/Paper2D/Binaries/Win64/UE4Editor-PaperTiledImporter.dll (API version 3709383).
LogModuleManager: Display: Found up-to-date module file ../../../Engine/Plugins/2D/Paper2D/Binaries/Win64/UE4Editor-SmartSnapping.dll (API version 3709383).
LogModuleManager: Display: Found up-to-date module file ../../../Engine/Plugins/Blendables/LightPropagationVolume/Binaries/Win64/UE4Editor-LightPropagationVolumeRuntime.dll (API version 3709383).
LogModuleManager: Display: Found up-to-date module file ../../../Engine/Plugins/Blendables/LightPropagationVolume/Binaries/Win64/UE4Editor-LightPropagationVolumeEditor.dll (API version 3709383).
LogModuleManager: Display: Found up-to-date module file ../../../Engine/Plugins/Developer/GitSourceControl/Binaries/Win64/UE4Editor-GitSourceControl.dll (API version 3709383).
LogModuleManager: Display: Found up-to-date module file ../../../Engine/Plugins/Developer/PerforceSourceControl/Binaries/Win64/UE4Editor-PerforceSourceControl.dll (API version 3709383).
LogModuleManager: Display: Found up-to-date module file ../../../Engine/Plugins/Developer/SubversionSourceControl/Binaries/Win64/UE4Editor-SubversionSourceControl.dll (API version 3709383).
LogModuleManager: Display: Found up-to-date module file ../../../Engine/Plugins/Developer/UObjectPlugin/Binaries/Win64/UE4Editor-UObjectPlugin.dll (API version 3709383).
LogModuleManager: Display: Found up-to-date module file ../../../Engine/Plugins/Developer/VisualStudioCodeSourceCodeAccess/Binaries/Win64/UE4Editor-VisualStudioCodeSourceCodeAccess.dll (API version 3709383).
LogModuleManager: Display: Found up-to-date module file ../../../Engine/Plugins/Developer/VisualStudioSourceCodeAccess/Binaries/Win64/UE4Editor-VisualStudioSourceCodeAccess.dll (API version 3709383).
LogModuleManager: Display: Found up-to-date module file ../../../Engine/Plugins/Editor/AssetManagerEditor/Binaries/Win64/UE4Editor-AssetManagerEditor.dll (API version 3709383).
LogModuleManager: Display: Found up-to-date module file ../../../Engine/Plugins/Editor/AudioCapture/Binaries/Win64/UE4Editor-AudioCapture.dll (API version 3709383).
LogModuleManager: Display: Found up-to-date module file ../../../Engine/Plugins/Editor/FacialAnimation/Binaries/Win64/UE4Editor-FacialAnimation.dll (API version 3709383).
LogModuleManager: Display: Found up-to-date module file ../../../Engine/Plugins/Editor/FacialAnimation/Binaries/Win64/UE4Editor-FacialAnimationEditor.dll (API version 3709383).
LogModuleManager: Display: Found up-to-date module file ../../../Engine/Plugins/Editor/GameplayTagsEditor/Binaries/Win64/UE4Editor-GameplayTagsEditor.dll (API version 3709383).
LogModuleManager: Display: Found up-to-date module file ../../../Engine/Plugins/Editor/MobileLauncherProfileWizard/Binaries/Win64/UE4Editor-MobileLauncherProfileWizard.dll (API version 3709383).
LogModuleManager: Display: Found up-to-date module file ../../../Engine/Plugins/Editor/PluginBrowser/Binaries/Win64/UE4Editor-PluginBrowser.dll (API version 3709383).
LogModuleManager: Display: Found up-to-date module file ../../../Engine/Plugins/Editor/SpeedTreeImporter/Binaries/Win64/UE4Editor-SpeedTreeImporter.dll (API version 3709383).
LogModuleManager: Display: Found up-to-date module file ../../../Engine/Plugins/Experimental/AlembicImporter/Binaries/Win64/UE4Editor-AlembicImporter.dll (API version 3709383).
LogModuleManager: Display: Found up-to-date module file ../../../Engine/Plugins/Experimental/AlembicImporter/Binaries/Win64/UE4Editor-AlembicLibrary.dll (API version 3709383).
LogModuleManager: Display: Found up-to-date module file ../../../Engine/Plugins/Experimental/CharacterAI/Binaries/Win64/UE4Editor-CharacterAI.dll (API version 3709383).
LogModuleManager: Display: Found up-to-date module file ../../../Engine/Plugins/Experimental/HTML5Networking/Binaries/Win64/UE4Editor-HTML5Networking.dll (API version 3709383).
LogModuleManager: Display: Found up-to-date module file ../../../Engine/Plugins/Media/AndroidMedia/Binaries/Win64/UE4Editor-AndroidMediaEditor.dll (API version 3709383).
LogModuleManager: Display: Found up-to-date module file ../../../Engine/Plugins/Media/AndroidMedia/Binaries/Win64/UE4Editor-AndroidMediaFactory.dll (API version 3709383).
LogModuleManager: Display: Found up-to-date module file ../../../Engine/Plugins/Media/AvfMedia/Binaries/Win64/UE4Editor-AvfMediaEditor.dll (API version 3709383).
LogModuleManager: Display: Found up-to-date module file ../../../Engine/Plugins/Media/AvfMedia/Binaries/Win64/UE4Editor-AvfMediaFactory.dll (API version 3709383).
LogModuleManager: Display: Found up-to-date module file ../../../Engine/Plugins/Media/AvfMedia/Binaries/Win64/UE4Editor-AvfMediaFactory.dll (API version 3709383).
LogModuleManager: Display: Found up-to-date module file ../../../Engine/Plugins/Media/ImgMedia/Binaries/Win64/UE4Editor-ImgMedia.dll (API version 3709383).
LogModuleManager: Display: Found up-to-date module file ../../../Engine/Plugins/Media/ImgMedia/Binaries/Win64/UE4Editor-ImgMediaEditor.dll (API version 3709383).
LogModuleManager: Display: Found up-to-date module file ../../../Engine/Plugins/Media/ImgMedia/Binaries/Win64/UE4Editor-ImgMediaFactory.dll (API version 3709383).
LogModuleManager: Display: Found up-to-date module file ../../../Engine/Plugins/Media/ImgMedia/Binaries/Win64/UE4Editor-ImgMediaFactory.dll (API version 3709383).
LogModuleManager: Display: Found up-to-date module file ../../../Engine/Plugins/Media/ImgMedia/Binaries/Win64/UE4Editor-OpenExrWrapper.dll (API version 3709383).
LogModuleManager: Display: Found up-to-date module file ../../../Engine/Plugins/Media/MediaCompositing/Binaries/Win64/UE4Editor-MediaCompositing.dll (API version 3709383).
LogModuleManager: Display: Found up-to-date module file ../../../Engine/Plugins/Media/MediaCompositing/Binaries/Win64/UE4Editor-MediaCompositingEditor.dll (API version 3709383).
LogModuleManager: Display: Found up-to-date module file ../../../Engine/Plugins/Media/MediaPlayerEditor/Binaries/Win64/UE4Editor-MediaPlayerEditor.dll (API version 3709383).
LogModuleManager: Display: Found up-to-date module file ../../../Engine/Plugins/Media/WmfMedia/Binaries/Win64/UE4Editor-WmfMedia.dll (API version 3709383).
LogModuleManager: Display: Found up-to-date module file ../../../Engine/Plugins/Media/WmfMedia/Binaries/Win64/UE4Editor-WmfMediaEditor.dll (API version 3709383).
LogModuleManager: Display: Found up-to-date module file ../../../Engine/Plugins/Media/WmfMedia/Binaries/Win64/UE4Editor-WmfMediaFactory.dll (API version 3709383).
LogModuleManager: Display: Found up-to-date module file ../../../Engine/Plugins/Media/WmfMedia/Binaries/Win64/UE4Editor-WmfMediaFactory.dll (API version 3709383).
LogModuleManager: Display: Found up-to-date module file ../../../Engine/Plugins/Messaging/TcpMessaging/Binaries/Win64/UE4Editor-TcpMessaging.dll (API version 3709383).
LogModuleManager: Display: Found up-to-date module file ../../../Engine/Plugins/Messaging/UdpMessaging/Binaries/Win64/UE4Editor-UdpMessaging.dll (API version 3709383).
LogModuleManager: Display: Found up-to-date module file ../../../Engine/Plugins/MovieScene/ActorSequence/Binaries/Win64/UE4Editor-ActorSequence.dll (API version 3709383).
LogModuleManager: Display: Found up-to-date module file ../../../Engine/Plugins/MovieScene/LevelSequenceEditor/Binaries/Win64/UE4Editor-LevelSequenceEditor.dll (API version 3709383).
LogModuleManager: Display: Found up-to-date module file ../../../Engine/Plugins/MovieScene/MatineeToLevelSequence/Binaries/Win64/UE4Editor-MatineeToLevelSequence.dll (API version 3709383).
LogModuleManager: Display: Found up-to-date module file ../../../Engine/Plugins/Online/OnlineSubsystem/Binaries/Win64/UE4Editor-OnlineSubsystem.dll (API version 3709383).
LogModuleManager: Display: Found up-to-date module file ../../../Engine/Plugins/Runtime/AndroidPermission/Binaries/Win64/UE4Editor-AndroidPermission.dll (API version 3709383).
LogModuleManager: Display: Found up-to-date module file ../../../Engine/Plugins/Online/OnlineSubsystemNull/Binaries/Win64/UE4Editor-OnlineSubsystemNull.dll (API version 3709383).
LogModuleManager: Display: Found up-to-date module file ../../../Engine/Plugins/Online/OnlineSubsystemUtils/Binaries/Win64/UE4Editor-OnlineSubsystemUtils.dll (API version 3709383).
LogModuleManager: Display: Found up-to-date module file ../../../Engine/Plugins/Online/OnlineSubsystemUtils/Binaries/Win64/UE4Editor-OnlineBlueprintSupport.dll (API version 3709383).
LogModuleManager: Display: Found up-to-date module file ../../../Engine/Plugins/Runtime/AndroidDeviceProfileSelector/Binaries/Win64/UE4Editor-AndroidDeviceProfileSelector.dll (API version 3709383).
LogModuleManager: Display: Found up-to-date module file ../../../Engine/Plugins/Runtime/AppleARKit/Binaries/Win64/UE4Editor-AppleARKit.dll (API version 3709383).
LogModuleManager: Display: Found up-to-date module file ../../../Engine/Plugins/Runtime/ArchVisCharacter/Binaries/Win64/UE4Editor-ArchVisCharacter.dll (API version 3709383).
LogModuleManager: Display: Found up-to-date module file ../../../Engine/Plugins/Runtime/CableComponent/Binaries/Win64/UE4Editor-CableComponent.dll (API version 3709383).
LogModuleManager: Display: Found up-to-date module file ../../../Engine/Plugins/Runtime/CustomMeshComponent/Binaries/Win64/UE4Editor-CustomMeshComponent.dll (API version 3709383).
LogModuleManager: Display: Found up-to-date module file ../../../Engine/Plugins/Runtime/ExampleDeviceProfileSelector/Binaries/Win64/UE4Editor-ExampleDeviceProfileSelector.dll (API version 3709383).
LogModuleManager: Display: Found up-to-date module file ../../../Engine/Plugins/Runtime/ImmediatePhysics/Binaries/Win64/UE4Editor-ImmediatePhysics.dll (API version 3709383).
LogModuleManager: Display: Found up-to-date module file ../../../Engine/Plugins/Runtime/ImmediatePhysics/Binaries/Win64/UE4Editor-ImmediatePhysicsEditor.dll (API version 3709383).
LogModuleManager: Display: Found up-to-date module file ../../../Engine/Plugins/Runtime/LocationServicesBPLibrary/Binaries/Win64/UE4Editor-LocationServicesBPLibrary.dll (API version 3709383).
LogModuleManager: Display: Found up-to-date module file ../../../Engine/Plugins/Runtime/MobilePatchingUtils/Binaries/Win64/UE4Editor-MobilePatchingUtils.dll (API version 3709383).
LogModuleManager: Display: Found up-to-date module file ../../../Engine/Plugins/Runtime/Oculus/OculusVR/Binaries/Win64/UE4Editor-OculusHMD.dll (API version 3709383).
LogModuleManager: Display: Found up-to-date module file ../../../Engine/Plugins/Runtime/Oculus/OculusVR/Binaries/Win64/UE4Editor-OculusInput.dll (API version 3709383).
LogModuleManager: Display: Found up-to-date module file ../../../Engine/Plugins/Runtime/Oculus/OculusVR/Binaries/Win64/UE4Editor-OculusEditor.dll (API version 3709383).
LogModuleManager: Display: Found up-to-date module file ../../../Engine/Plugins/Runtime/PhysXVehicles/Binaries/Win64/UE4Editor-PhysXVehicles.dll (API version 3709383).
LogModuleManager: Display: Found up-to-date module file ../../../Engine/Plugins/Runtime/PhysXVehicles/Binaries/Win64/UE4Editor-PhysXVehiclesEditor.dll (API version 3709383).
LogModuleManager: Display: Found up-to-date module file ../../../Engine/Plugins/Runtime/ProceduralMeshComponent/Binaries/Win64/UE4Editor-ProceduralMeshComponent.dll (API version 3709383).
LogModuleManager: Display: Found up-to-date module file ../../../Engine/Plugins/Runtime/ProceduralMeshComponent/Binaries/Win64/UE4Editor-ProceduralMeshComponentEditor.dll (API version 3709383).
LogModuleManager: Display: Found up-to-date module file ../../../Engine/Plugins/Runtime/RuntimePhysXCooking/Binaries/Win64/UE4Editor-RuntimePhysXCooking.dll (API version 3709383).
LogModuleManager: Display: Found up-to-date module file ../../../Engine/Plugins/Runtime/Steam/SteamVR/Binaries/Win64/UE4Editor-SteamVR.dll (API version 3709383).
LogModuleManager: Display: Found up-to-date module file ../../../Engine/Plugins/Runtime/Steam/SteamVR/Binaries/Win64/UE4Editor-SteamVRController.dll (API version 3709383).
LogModuleManager: Display: Found up-to-date module file ../../../Engine/Plugins/Runtime/WindowsMoviePlayer/Binaries/Win64/UE4Editor-WindowsMoviePlayer.dll (API version 3709383).
LogPluginManager: Mounting plugin Paper2D
LogPluginManager: Mounting plugin LightPropagationVolume
LogPluginManager: Mounting plugin CodeLiteSourceCodeAccess
LogPluginManager: Mounting plugin GitSourceControl
LogPluginManager: Mounting plugin KDevelopSourceCodeAccess
LogPluginManager: Mounting plugin NullSourceCodeAccess
LogPluginManager: Mounting plugin PerforceSourceControl
LogPluginManager: Mounting plugin SubversionSourceControl
LogPluginManager: Mounting plugin UObjectPlugin
LogPluginManager: Mounting plugin VisualStudioCodeSourceCodeAccess
LogPluginManager: Mounting plugin VisualStudioSourceCodeAccess
LogPluginManager: Mounting plugin XCodeSourceCodeAccess
LogPluginManager: Mounting plugin AssetManagerEditor
LogPluginManager: Mounting plugin AudioCapture
LogPluginManager: Mounting plugin FacialAnimation
LogPluginManager: Mounting plugin GameplayTagsEditor
LogPluginManager: Mounting plugin MobileLauncherProfileWizard
LogPluginManager: Mounting plugin PluginBrowser
LogPluginManager: Mounting plugin SpeedTreeImporter
LogPluginManager: Mounting plugin AlembicImporter
LogPluginManager: Mounting plugin CharacterAI
LogPluginManager: Mounting plugin HTML5Networking
LogPluginManager: Mounting plugin AndroidMedia
LogPluginManager: Mounting plugin AvfMedia
LogPluginManager: Mounting plugin ImgMedia
LogPluginManager: Mounting plugin MediaCompositing
LogPluginManager: Mounting plugin MediaPlayerEditor
LogPluginManager: Mounting plugin WmfMedia
LogPluginManager: Mounting plugin TcpMessaging
LogPluginManager: Mounting plugin UdpMessaging
LogPluginManager: Mounting plugin ActorSequence
LogPluginManager: Mounting plugin LevelSequenceEditor
LogPluginManager: Mounting plugin MatineeToLevelSequence
LogPluginManager: Mounting plugin OnlineSubsystemGooglePlay
LogPluginManager: Mounting plugin OnlineSubsystemIOS
LogPluginManager: Mounting plugin OnlineSubsystem
LogPluginManager: Mounting plugin OnlineSubsystemNull
LogPluginManager: Mounting plugin OnlineSubsystemUtils
LogPluginManager: Mounting plugin AndroidDeviceProfileSelector
LogPluginManager: Mounting plugin AndroidMoviePlayer
LogPluginManager: Mounting plugin AndroidPermission
LogPluginManager: Mounting plugin AppleARKit
LogPluginManager: Mounting plugin AppleMoviePlayer
LogPluginManager: Mounting plugin ArchVisCharacter
LogPluginManager: Mounting plugin CableComponent
LogPluginManager: Mounting plugin CustomMeshComponent
LogPluginManager: Mounting plugin ExampleDeviceProfileSelector
LogPluginManager: Mounting plugin GoogleCloudMessaging
LogPluginManager: Mounting plugin ImmediatePhysics
LogPluginManager: Mounting plugin IOSDeviceProfileSelector
LogPluginManager: Mounting plugin LinuxDeviceProfileSelector
LogPluginManager: Mounting plugin LocationServicesBPLibrary
LogPluginManager: Mounting plugin MobilePatchingUtils
LogPluginManager: Mounting plugin OculusVR
LogPluginManager: Plugin shader directory ../../../Engine/Plugins/Runtime/Oculus/OculusVR/Shaders found
LogPluginManager: Mapping shader source directory ../../../Engine/Plugins/Runtime/Oculus/OculusVR/Shaders to virtual directory /Plugin/OculusVR
LogPluginManager: Mounting plugin PhysXVehicles
LogPluginManager: Mounting plugin ProceduralMeshComponent
LogPluginManager: Mounting plugin RuntimePhysXCooking
LogPluginManager: Mounting plugin SteamVR
LogPluginManager: Mounting plugin WindowsMoviePlayer
LogInit: Using libcurl 7.47.1
LogInit:  - built for x86_64-pc-win32
LogInit:  - supports SSL with OpenSSL/1.0.2g
LogInit:  - supports HTTP deflate (compression) using libz 1.2.8
LogInit:  - other features:
LogInit:      CURL_VERSION_SSL
LogInit:      CURL_VERSION_LIBZ
LogInit:      CURL_VERSION_IPV6
LogInit:      CURL_VERSION_ASYNCHDNS
LogInit:      CURL_VERSION_LARGEFILE
LogInit:      CURL_VERSION_IDN
LogInit:  CurlRequestOptions (configurable via config and command line):
LogInit:  - bVerifyPeer = false  - Libcurl will NOT verify peer certificate
LogInit:  - bUseHttpProxy = false  - Libcurl will NOT use HTTP proxy
LogInit:  - bDontReuseConnections = false  - Libcurl will reuse connections
LogInit:  - CertBundlePath = nullptr  - Libcurl will use whatever was configured at build time.
LogInit: Build: ++UE4+Release-4.18-CL-3794801
LogInit: Engine Version: 4.18.2-3794801+++UE4+Release-4.18
LogInit: Compatible Engine Version: 4.18.0-3709383+++UE4+Release-4.18
LogInit: Net CL: 3709383
LogDevObjectVersion: Number of dev versions registered: 16
LogDevObjectVersion:   Dev-Blueprints (B0D832E4-1F89-4F0D-ACCF-7EB736FD4AA2): 10
LogDevObjectVersion:   Dev-Build (E1C64328-A22C-4D53-A36C-8E866417BD8C): 0
LogDevObjectVersion:   Dev-Core (375EC13C-06E4-48FB-B500-84F0262A717E): 2
LogDevObjectVersion:   Dev-Editor (E4B068ED-F494-42E9-A231-DA0B2E46BB41): 20
LogDevObjectVersion:   Dev-Framework (CFFC743F-43B0-4480-9391-14DF171D2073): 30
LogDevObjectVersion:   Dev-Mobile (B02B49B5-BB20-44E9-A304-32B752E40360): 0
LogDevObjectVersion:   Dev-Networking (A4E4105C-59A1-49B5-A7C5-40C4547EDFEE): 0
LogDevObjectVersion:   Dev-Online (39C831C9-5AE6-47DC-9A44-9C173E1C8E7C): 0
LogDevObjectVersion:   Dev-Physics (78F01B33-EBEA-4F98-B9B4-84EACCB95AA2): 0
LogDevObjectVersion:   Dev-Platform (6631380F-2D4D-43E0-8009-CF276956A95A): 0
LogDevObjectVersion:   Dev-Rendering (12F88B9F-8875-4AFC-A67C-D90C383ABD29): 20
LogDevObjectVersion:   Dev-Sequencer (7B5AE74C-D270-4C10-A958-57980B212A5A): 4
LogDevObjectVersion:   Dev-VR (D7296918-1DD6-4BDD-9DE2-64A83CC13884): 0
LogDevObjectVersion:   Dev-LoadTimes (C2A15278-BFE7-4AFE-6C17-90FF531DF755): 1
LogDevObjectVersion:   Private-Geometry (6EACA3D4-40EC-4CC1-B786-8BED09428FC5): 1
LogDevObjectVersion:   Dev-AnimPhys (29E575DD-E0A3-4627-9D10-D276232CDCEA): 12
LogInit: Compiled (64-bit): Dec  8 2017 02:04:53
LogInit: Compiled with Visual C++: 19.00.24215.01
LogInit: Build Configuration: Development
LogInit: Branch Name: ++UE4+Release-4.18
LogInit: Command line:  
LogInit: Base directory: C:/Program Files/Epic Games/UE_4.18/Engine/Binaries/Win64/
LogInit: Installed Engine Build: 1
LogInit: Presizing for max 8388607 objects, including 0 objects not considered by GC, pre-allocating 0 bytes for permanent pool.
LogInit: Object subsystem initialized
[2018.03.24-19.16.18:677][  0]LogInit: Selected Device Profile: [Windows]
[2018.03.24-19.16.18:677][  0]LogInit: Applying CVar settings loaded from the selected device profile: [Windows]
[2018.03.24-19.16.18:746][  0]LogInit: Computer: DESKTOP-L2CNR04
[2018.03.24-19.16.18:746][  0]LogInit: User: Matt
[2018.03.24-19.16.18:746][  0]LogInit: CPU Page size=4096, Cores=2
[2018.03.24-19.16.18:746][  0]LogInit: High frequency timer resolution =2.437497 MHz
[2018.03.24-19.16.18:747][  0]LogMemory: Memory total: Physical=7.9GB (8GB approx)
[2018.03.24-19.16.18:747][  0]LogMemory: Platform Memory Stats for Windows
[2018.03.24-19.16.18:747][  0]LogMemory: Process Physical Memory: 272.41 MB used, 272.41 MB peak
[2018.03.24-19.16.18:747][  0]LogMemory: Process Virtual Memory: 269.23 MB used, 269.23 MB peak
[2018.03.24-19.16.18:747][  0]LogMemory: Physical Memory: 6277.86 MB used,  1839.44 MB free, 8117.30 MB total
[2018.03.24-19.16.18:747][  0]LogMemory: Virtual Memory: 678.40 MB used,  1839.44 MB free, 134217728.00 MB total
[2018.03.24-19.16.19:563][  0]LogInit: Using OS detected language (en-US).
[2018.03.24-19.16.19:563][  0]LogInit: Using OS detected locale (en-US).
[2018.03.24-19.16.19:709][  0]LogTextLocalizationManager: No specific localization for 'en-US' exists, so the 'en' localization will be used.
[2018.03.24-19.16.20:681][  0]LogInit: Setting process to per monitor DPI aware
[2018.03.24-19.16.27:193][  0]LogD3D11RHI: D3D11 adapters:
[2018.03.24-19.16.28:093][  0]LogD3D11RHI:    0. 'NVIDIA GeForce GPU' (Feature Level 11_0)
[2018.03.24-19.16.28:093][  0]LogD3D11RHI:       997/0/4058 MB DedicatedVideo/DedicatedSystem/SharedSystem, Outputs:1, VendorId:0x10de
[2018.03.24-19.16.28:113][  0]LogD3D11RHI:    1. 'Intel(R) HD Graphics 520' (Feature Level 11_0)
[2018.03.24-19.16.28:113][  0]LogD3D11RHI:       128/0/4058 MB DedicatedVideo/DedicatedSystem/SharedSystem, Outputs:0, VendorId:0x8086
[2018.03.24-19.16.28:119][  0]LogD3D11RHI:    2. 'Microsoft Basic Render Driver' (Feature Level 11_0)
[2018.03.24-19.16.28:119][  0]LogD3D11RHI:       0/0/4058 MB DedicatedVideo/DedicatedSystem/SharedSystem, Outputs:0, VendorId:0x1414
[2018.03.24-19.16.28:119][  0]LogD3D11RHI: Chosen D3D11 Adapter: 0
[2018.03.24-19.16.28:137][  0]LogD3D11RHI: Creating new Direct3DDevice
[2018.03.24-19.16.28:138][  0]LogD3D11RHI:     GPU DeviceId: 0x134b (for the marketing name, search the web for "GPU Device Id")
[2018.03.24-19.16.28:138][  0]LogWindows: EnumDisplayDevices:
[2018.03.24-19.16.28:138][  0]LogWindows:    0. 'Intel(R) HD Graphics 520' (P:1 D:1)
[2018.03.24-19.16.28:139][  0]LogWindows:    1. 'Intel(R) HD Graphics 520' (P:0 D:0)
[2018.03.24-19.16.28:139][  0]LogWindows:    2. 'Intel(R) HD Graphics 520' (P:0 D:0)
[2018.03.24-19.16.28:140][  0]LogWindows: DebugString: GetVideoDriverDetailsInvalid PrimaryIsNotTheChoosenAdapter GetVideoDriverDetailsInvalid PrimaryIsNotTheChoosenAdapter GetVideoDriverDetailsInvalid PrimaryIsNotTheChoosenAdapter FoundDriverCount:0 
[2018.03.24-19.16.28:140][  0]LogD3D11RHI:     Adapter Name: NVIDIA GeForce GPU
[2018.03.24-19.16.28:140][  0]LogD3D11RHI:   Driver Version: Unknown (internal:Unknown, unified:Unknown)
[2018.03.24-19.16.28:140][  0]LogD3D11RHI:      Driver Date: Unknown
[2018.03.24-19.16.28:140][  0]LogRHI: Texture pool is 698 MB (70% of 997 MB)
[2018.03.24-19.16.28:223][  0]LogD3D11RHI: Async texture creation enabled
[2018.03.24-19.16.28:270][  0]LogD3D11RHI: GPU Timing Frequency: 1000.000000 (Debug: 2 1)
[2018.03.24-19.16.28:282][  0]LogShaderCompilers: Guid format shader working directory is -38 characters bigger than the processId version (../../../../../../Users/Matt/Documents/GameProjects/Unreal/Investiture/Investiture/Intermediate/Shaders/WorkingDirectory/16152/).
[2018.03.24-19.16.28:282][  0]LogShaderCompilers: Cleaned the shader compiler working directory 'C:/Users/Matt/AppData/Local/Temp/UnrealShaderWorkingDir/C04405084825E4499ED1A9A3D7F46D9F/'.
[2018.03.24-19.16.28:284][  0]LogShaderCompilers: Display: Using Local Shader Compiler.
[2018.03.24-19.16.33:434][  0]LogTemp: Display: Loaded TP AllDesktopTargetPlatform
[2018.03.24-19.16.33:587][  0]LogTemp: Display: Loaded TP MacClientTargetPlatform
[2018.03.24-19.16.33:729][  0]LogTemp: Display: Loaded TP MacNoEditorTargetPlatform
[2018.03.24-19.16.33:837][  0]LogTemp: Display: Loaded TP MacServerTargetPlatform
[2018.03.24-19.16.33:971][  0]LogTemp: Display: Loaded TP MacTargetPlatform
[2018.03.24-19.16.34:098][  0]LogTemp: Display: Loaded TP WindowsClientTargetPlatform
[2018.03.24-19.16.34:217][  0]LogTemp: Display: Loaded TP WindowsNoEditorTargetPlatform
[2018.03.24-19.16.34:358][  0]LogTemp: Display: Loaded TP WindowsServerTargetPlatform
[2018.03.24-19.16.34:506][  0]LogTemp: Display: Loaded TP WindowsTargetPlatform
[2018.03.24-19.16.34:629][  0]LogTemp: Display: Loaded TP Android_ASTCTargetPlatform
[2018.03.24-19.16.34:725][  0]LogTemp: Display: Loaded TP Android_ATCTargetPlatform
[2018.03.24-19.16.34:831][  0]LogTemp: Display: Loaded TP Android_DXTTargetPlatform
[2018.03.24-19.16.34:936][  0]LogTemp: Display: Loaded TP Android_ETC1TargetPlatform
[2018.03.24-19.16.35:048][  0]LogTemp: Display: Loaded TP Android_ETC2TargetPlatform
[2018.03.24-19.16.35:426][  0]LogTemp: Display: Loaded TP Android_MultiTargetPlatform
[2018.03.24-19.16.35:426][  0]LogTemp: Display: Loaded TP Android_PVRTCTargetPlatform
[2018.03.24-19.16.35:582][  0]LogTemp: Display: Loaded TP AndroidTargetPlatform
[2018.03.24-19.16.35:715][  0]LogTemp: Display: Loaded TP HTML5TargetPlatform
[2018.03.24-19.16.35:944][  0]LogTemp: Display: Loaded TP IOSTargetPlatform
[2018.03.24-19.16.36:011][  0]LogTemp: Display: Loaded TP TVOSTargetPlatform
[2018.03.24-19.16.36:149][  0]LogTemp: Display: Loaded TP LinuxClientTargetPlatform
[2018.03.24-19.16.36:370][  0]LogTemp: Display: Loaded TP LinuxNoEditorTargetPlatform
[2018.03.24-19.16.36:481][  0]LogTemp: Display: Loaded TP LinuxServerTargetPlatform
[2018.03.24-19.16.36:610][  0]LogTemp: Display: Loaded TP LinuxTargetPlatform
[2018.03.24-19.16.36:611][  0]LogTargetPlatformManager: Display: Building Assets For Windows
[2018.03.24-19.16.38:046][  0]LogDerivedDataCache: Display: Max Cache Size: 512 MB
[2018.03.24-19.16.38:421][  0]LogDerivedDataCache: Loaded boot cache 0.37s 78MB C:/Users/Matt/AppData/Local/UnrealEngine/4.18/DerivedDataCache/Boot.ddc.
[2018.03.24-19.16.38:422][  0]LogDerivedDataCache: Display: Loaded Boot cache: C:/Users/Matt/AppData/Local/UnrealEngine/4.18/DerivedDataCache/Boot.ddc
[2018.03.24-19.16.38:422][  0]LogDerivedDataCache: FDerivedDataBackendGraph:  Pak pak cache file ../../../../../../Users/Matt/Documents/GameProjects/Unreal/Investiture/Investiture/DerivedDataCache/DDC.ddp not found, will not use a pak cache.
[2018.03.24-19.16.38:422][  0]LogDerivedDataCache: Unable to find inner node Pak for hierarchical cache Hierarchy.
[2018.03.24-19.16.38:422][  0]LogDerivedDataCache: FDerivedDataBackendGraph:  CompressedPak pak cache file ../../../../../../Users/Matt/Documents/GameProjects/Unreal/Investiture/Investiture/DerivedDataCache/Compressed.ddp not found, will not use a pak cache.
[2018.03.24-19.16.38:422][  0]LogDerivedDataCache: Unable to find inner node CompressedPak for hierarchical cache Hierarchy.
[2018.03.24-19.16.38:485][  0]LogDerivedDataCache: Display: Pak cache opened for reading ../../../Engine/DerivedDataCache/Compressed.ddp.
[2018.03.24-19.16.38:499][  0]LogDerivedDataCache: Using Local data cache path C:/Users/Matt/AppData/Local/UnrealEngine/Common/DerivedDataCache: Writable
[2018.03.24-19.16.38:533][  0]LogMaterial: Verifying Global Shaders for PCD3D_SM5
[2018.03.24-19.16.38:542][  0]LogSlate: Using Freetype 2.6.0
[2018.03.24-19.16.38:593][  0]LogSlate: SlateFontCache - WITH_FREETYPE: 1, WITH_HARFBUZZ: 1
[2018.03.24-19.16.38:594][  0]LogSlate: SlateFontCache - WITH_FREETYPE: 1, WITH_HARFBUZZ: 1
[2018.03.24-19.16.40:660][  0]LogInit: Selected Device Profile: [Windows]
[2018.03.24-19.16.42:071][  0]LogSimplygon: Simplygon DLL not present - disabling.
[2018.03.24-19.16.42:180][  0]LogMeshReduction: Using SimplygonSwarm for distributed automatic mesh merging
[2018.03.24-19.16.42:181][  0]LogMeshReduction: Using QuadricMeshReduction for automatic static mesh reduction
[2018.03.24-19.16.42:181][  0]LogMeshReduction: No automatic skeletal mesh reduction module available
[2018.03.24-19.16.42:181][  0]LogMeshReduction: No automatic mesh merging module available
[2018.03.24-19.16.42:181][  0]LogMeshMerging: No automatic mesh merging module available
[2018.03.24-19.16.42:317][  0]LogNetVersion: Investiture , NetCL: 3709383, EngineNetVer: 2, GameNetVer: 0 (Checksum: 1457158739)
[2018.03.24-19.16.43:195][  0]LogAssetRegistry: FAssetRegistry took 0.0359 seconds to start up
[2018.03.24-19.16.46:440][  0]LogPackageLocalizationCache: Processed 7 localized package path(s) for 2 prioritized culture(s) in 0.282969 seconds
[2018.03.24-19.16.46:457][  0]LogUObjectArray: 35900 objects as part of root set at end of initial load.
[2018.03.24-19.16.46:457][  0]LogUObjectAllocator: 7372016 out of 0 bytes used by permanent object pool.
[2018.03.24-19.16.46:457][  0]LogUObjectArray: CloseDisregardForGC: 0/0 objects in disregard for GC pool
[2018.03.24-19.16.46:631][  0]LogInit: WinSock: version 1.1 (2.2), MaxSocks=32767, MaxUdp=65467
[2018.03.24-19.17.12:373][  0]LogTcpMessaging: Initializing TcpMessaging bridge
[2018.03.24-19.17.12:491][  0]LogUdpMessaging: Initializing bridge on interface 0.0.0.0:0 to multicast group 230.0.0.1:6666.
[2018.03.24-19.17.15:486][  0]LogMaterial: Uniform references updated for custom material expression Custom.
[2018.03.24-19.17.17:591][  0]SourceControl: Source control is disabled
[2018.03.24-19.17.17:592][  0]SourceControl: Source control is disabled
[2018.03.24-19.17.17:844][  0]SourceControl: Source control is disabled
[2018.03.24-19.17.18:052][  0]SourceControl: Source control is disabled
[2018.03.24-19.17.21:474][  0]LogAndroidPermission: UAndroidPermissionCallbackProxy::GetInstance
[2018.03.24-19.17.22:386][  0]LogOcInput: OculusInput pre-init called
[2018.03.24-19.17.23:356][  0]LogEngine: Initializing Engine...
[2018.03.24-19.17.23:381][  0]LogHMD: Failed to initialize OpenVR with code 100
[2018.03.24-19.17.24:432][  0]LogStats: UGameplayTagsManager::ConstructGameplayTagTree: Construct from data asset -  0.000 s
[2018.03.24-19.17.24:433][  0]LogStats: UGameplayTagsManager::ConstructGameplayTagTree: ImportINI -  0.001 s
[2018.03.24-19.17.24:433][  0]LogStats: UGameplayTagsManager::ConstructGameplayTagTree: GameplayTagTreeChangedEvent.Broadcast -  0.000 s
[2018.03.24-19.17.24:914][  0]LogAIModule: Creating AISystem for world Untitled
[2018.03.24-19.17.24:954][  0]LogInit: XAudio2 using 'Speakers (Realtek High Definition Audio(SST))' : 2 channels at 48 kHz using 32 bits per sample (channel mask 0x3)
[2018.03.24-19.17.25:347][  0]LogInit: FAudioDevice initialized.
[2018.03.24-19.17.25:501][  0]LogDerivedDataCache: Saved boot cache 0.15s 78MB C:/Users/Matt/AppData/Local/UnrealEngine/4.18/DerivedDataCache/Boot.ddc.
[2018.03.24-19.17.25:533][  0]LogInit: Texture streaming: Enabled
[2018.03.24-19.17.25:927][  0]LogEngineSessionManager: EngineSessionManager initialized
[2018.03.24-19.17.26:794][  0]LogInit: Transaction tracking system initialized
[2018.03.24-19.17.27:836][  0]BlueprintLog: New page: Editor Load
[2018.03.24-19.17.30:689][  0]LocalizationService: Localization service is disabled
[2018.03.24-19.17.33:600][  0]LogConsoleResponse: Display: 
[2018.03.24-19.17.35:303][  0]LogCook: Display: Max memory allowance for cook 16384mb min free memory 0mb
[2018.03.24-19.17.35:304][  0]LogCook: Display: Mobile HDR setting 1
[2018.03.24-19.17.35:304][  0]LogGameplayTags: Display: UGameplayTagsManager::DoneAddingNativeTags. DelegateIsBound: 0
[2018.03.24-19.17.35:970][  0]LogFileCache: Scanning file cache for directory 'C:/Users/Matt/Documents/GameProjects/Unreal/Investiture/Investiture/Content/' took 0.05s
[2018.03.24-19.17.38:846][  0]SourceControl: Source control is disabled
[2018.03.24-19.17.38:850][  0]Cmd: MAP LOAD FILE="../../../../../../Users/Matt/Documents/GameProjects/Unreal/Investiture/Investiture/Content/FirstPersonBP/Maps/FirstPersonExampleMap.umap" TEMPLATE=0 SHOWPROGRESS=1 FEATURELEVEL=3
[2018.03.24-19.17.38:851][  0]LogEditorServer: Warning: Can't find file '../../../../../../Users/Matt/Documents/GameProjects/Unreal/Investiture/Investiture/Content/FirstPersonBP/Maps/FirstPersonExampleMap.umap'
[2018.03.24-19.17.38:852][  0]Cmd: MAP CHECKDEP NOCLEARLOG
[2018.03.24-19.17.39:005][  0]MapCheck: Map check complete: 0 Error(s), 0 Warning(s), took 152.899ms to complete.
[2018.03.24-19.17.39:005][  0]LogFileHelpers: Loading map 'FirstPersonExampleMap' took 0.157
[2018.03.24-19.17.39:780][  0]LogCollectionManager: Loaded 0 collections in 0.005163 seconds
[2018.03.24-19.17.40:000][  0]LogFileCache: Scanning file cache for directory 'C:/Users/Matt/Documents/GameProjects/Unreal/Investiture/Investiture/Saved/Collections/' took 0.01s
[2018.03.24-19.17.40:000][  0]LogFileCache: Scanning file cache for directory 'C:/Users/Matt/Documents/GameProjects/Unreal/Investiture/Investiture/Content/Developers/Matt/Collections/' took 0.01s
[2018.03.24-19.17.40:000][  0]LogFileCache: Scanning file cache for directory 'C:/Users/Matt/Documents/GameProjects/Unreal/Investiture/Investiture/Content/Collections/' took 0.01s
[2018.03.24-19.17.40:000][  0]LogCollectionManager: Rebuilt the GUID cache for 0 collections in 0.000001 seconds
[2018.03.24-19.17.40:026][  0]LogContentBrowser: Native class hierarchy populated in 0.0228 seconds. Added 2364 classes and 521 folders.
[2018.03.24-19.17.40:202][  0]LogContentBrowser: Native class hierarchy updated for 'WidgetCarousel' in 0.0006 seconds. Added 0 classes and 0 folders.
[2018.03.24-19.17.41:196][  0]LogContentBrowser: Native class hierarchy updated for 'AddContentDialog' in 0.0005 seconds. Added 0 classes and 0 folders.
[2018.03.24-19.17.41:610][  0]LogSlate: Took 0.049821 seconds to synchronously load lazily loaded font '../../../Engine/Content/Slate/Fonts/Roboto-Regular.ttf' (155K)
[2018.03.24-19.17.41:649][  0]LogSlate: Took 0.018171 seconds to synchronously load lazily loaded font '../../../Engine/Content/Slate/Fonts/Roboto-Bold.ttf' (160K)
[2018.03.24-19.17.41:685][  0]LogSlate: Took 0.017256 seconds to synchronously load lazily loaded font '../../../Engine/Content/Editor/Slate/Fonts/FontAwesome.ttf' (139K)
[2018.03.24-19.17.42:000][  0]LogRenderer: Reallocating scene render targets to support 312x168 Format 9 NumSamples 1 (Frame:1).
[2018.03.24-19.17.42:738][  0]LogContentBrowser: Native class hierarchy updated for 'HierarchicalLODOutliner' in 0.0008 seconds. Added 1 classes and 2 folders.
[2018.03.24-19.17.42:738][  0]LogLoad: (Engine Initialization) Total time: 94.16 seconds
[2018.03.24-19.17.42:738][  0]LogLoad: (Engine Initialization) Total Blueprint compile time: 0.00 seconds
[2018.03.24-19.17.42:740][  0]LogExternalProfiler: Found external profiler: VSPerf
[2018.03.24-19.17.42:740][  0]LogExternalProfiler: Using external profiler: VSPerf
[2018.03.24-19.17.42:813][  0]LogContentStreaming: Texture pool size now 800 MB
[2018.03.24-19.17.42:944][  1]LogFileCache: Retrieving MD5 hashes for directory 'C:/Users/Matt/Documents/GameProjects/Unreal/Investiture/Investiture/Content/' took 0.15s
[2018.03.24-19.17.43:244][  4]LogAssetRegistry: Asset discovery search completed in 60.0718 seconds
[2018.03.24-19.17.43:255][  4]LogCollectionManager: Rebuilt the object cache for 0 collections in 0.000001 seconds (found 0 objects)
[2018.03.24-19.17.43:255][  4]LogCollectionManager: Fixed up redirectors for 0 collections in 0.000248 seconds (updated 0 objects)
[2018.03.24-19.17.45:011][ 77]LogSlate: Took 0.020757 seconds to synchronously load lazily loaded font '../../../Engine/Content/Slate/Fonts/Roboto-Light.ttf' (159K)
[2018.03.24-19.17.46:759][155]LogSlate: Took 0.000399 seconds to synchronously load lazily loaded font '../../../Engine/Content/Slate/Fonts/Roboto-Light.ttf' (159K)
[2018.03.24-19.17.47:829][155]LogSlate: Took 0.000626 seconds to synchronously load lazily loaded font '../../../Engine/Content/Slate/Fonts/Roboto-Regular.ttf' (155K)
[2018.03.24-19.17.51:827][155]LogLinker: Warning: Asset '../../../../../../Users/Matt/Documents/GameProjects/Unreal/Investiture/Investiture/Content/Materials/Outline/MF_ConvolveTexture.uasset' has been saved with empty engine version. The asset will be loaded but may be incompatible.
[2018.03.24-19.17.54:976][155]LogAIModule: Creating AISystem for world ProcLevel
[2018.03.24-19.17.55:164][155]Cmd: MAP LOAD FILE="../../../../../../Users/Matt/Documents/GameProjects/Unreal/Investiture/Investiture/Content/ProcLevel.umap" TEMPLATE=0 SHOWPROGRESS=1 FEATURELEVEL=3
[2018.03.24-19.17.55:164][155]LightingResults: New page: Lighting Build
[2018.03.24-19.17.55:294][155]LogContentBrowser: Native class hierarchy updated for 'StatsViewer' in 0.0006 seconds. Added 5 classes and 0 folders.
[2018.03.24-19.17.55:297][155]LoadErrors: New page: Loading map: ProcLevel.umap
[2018.03.24-19.17.55:303][155]MapCheck: New page: Map Check
[2018.03.24-19.17.55:303][155]LightingResults: New page: Lighting Build
[2018.03.24-19.17.55:671][155]LogEditorServer: Finished looking for orphan Actors (0.000 secs)
[2018.03.24-19.17.55:839][155]Cmd: MAP CHECKDEP NOCLEARLOG
[2018.03.24-19.17.56:049][155]MapCheck: Map check complete: 0 Error(s), 0 Warning(s), took 210.213ms to complete.
[2018.03.24-19.17.56:056][155]LogFileHelpers: Loading map 'ProcLevel' took 0.896
[2018.03.24-19.18.18:550][800]LogRenderer: Reallocating scene render targets to support 312x256 Format 9 NumSamples 1 (Frame:1).
[2018.03.24-19.18.29:338][ 89]LogContentBrowser: Native class hierarchy updated for 'BlueprintGraph' in 0.0009 seconds. Added 116 classes and 0 folders.
[2018.03.24-19.18.31:362][ 89]LogSlate: Took 0.010565 seconds to synchronously load lazily loaded font '../../../Engine/Content/Editor/Slate/Fonts/Roboto-BoldCondensed.ttf' (158K)
[2018.03.24-19.18.32:030][ 90]LogSlate: Took 0.013301 seconds to synchronously load lazily loaded font '../../../Engine/Content/Editor/Slate/Fonts/Roboto-Italic.ttf' (157K)
[2018.03.24-19.18.41:513][243]BlueprintLog: New page: Compile ProceduralPuzzle
[2018.03.24-19.18.43:752][250]LogSavePackage: Save=368.57ms
[2018.03.24-19.18.43:752][250]LogSavePackage: Moving '../../../../../../Users/Matt/Documents/GameProjects/Unreal/Investiture/Investiture/Saved/ProceduralPuzzle4BEF2A5E4CAFBE3DE221EBAF0FD01F6E.tmp' to '../../../../../../Users/Matt/Documents/GameProjects/Unreal/Investiture/Investiture/Content/Blueprints/ProceduralPuzzle.uasset'
[2018.03.24-19.18.43:765][250]LogSavePackage: Display: Finished SavePackage ../../../../../../Users/Matt/Documents/GameProjects/Unreal/Investiture/Investiture/Content/Blueprints/ProceduralPuzzle.uasset
[2018.03.24-19.18.45:750][315]LogTemp: Repeating last play command: New Editor Window (PIE)
[2018.03.24-19.18.45:978][315]LogBlueprintUserMessages: Early PlayInEditor Detection: Level '/Game/ProcLevel.ProcLevel:PersistentLevel' has LevelScriptBlueprint '/Game/ProcLevel.ProcLevel:PersistentLevel.ProcLevel' with GeneratedClass '/Game/ProcLevel.ProcLevel_C' with ClassGeneratedBy '/Game/ProcLevel.ProcLevel:PersistentLevel.ProcLevel'
[2018.03.24-19.18.45:980][315]LogPlayLevel: PlayLevel: No blueprints needed recompiling
[2018.03.24-19.18.45:987][315]PIE: New page: PIE session: ProcLevel (Mar 24, 2018, 5:18:45 AM)
[2018.03.24-19.18.45:988][315]LogPlayLevel: Creating play world package: /Game/UEDPIE_0_ProcLevel
[2018.03.24-19.18.45:999][315]LogPlayLevel: PIE: StaticDuplicateObject took: (0.011342s)
[2018.03.24-19.18.46:001][315]LogAIModule: Creating AISystem for world ProcLevel
[2018.03.24-19.18.46:002][315]LogPlayLevel: PIE: World Init took: (0.003012s)
[2018.03.24-19.18.46:003][315]LogPlayLevel: PIE: Created PIE world by copying editor world from /Game/ProcLevel.ProcLevel to /Game/UEDPIE_0_ProcLevel.ProcLevel (0.015670s)
[2018.03.24-19.18.46:082][315]LogInit: XAudio2 using 'Speakers (Realtek High Definition Audio(SST))' : 2 channels at 48 kHz using 32 bits per sample (channel mask 0x3)
[2018.03.24-19.18.46:119][315]LogInit: FAudioDevice initialized.
[2018.03.24-19.18.47:801][315]LogLoad: Game class is 'FirstPersonGameMode_C'
[2018.03.24-19.18.47:823][315]LogWorld: Bringing World /Game/UEDPIE_0_ProcLevel.ProcLevel up for play (max tick rate 60) at 2018.03.24-12.18.47
[2018.03.24-19.18.47:834][315]LogWorld: Bringing up level for play took: 0.015339
[2018.03.24-19.18.48:169][315]LogContentBrowser: Native class hierarchy updated for 'MovieSceneCapture' in 0.0010 seconds. Added 11 classes and 0 folders.
[2018.03.24-19.18.48:235][315]LogBlueprintUserMessages: [FirstPersonCharacter_C_0] Physics for FirstPersonCharacterset to true
[2018.03.24-19.18.48:254][315]LogBlueprintUserMessages: [FirstPersonGameMode_C_0] Game Mode Begin
[2018.03.24-19.18.48:256][315]LogBlueprintUserMessages: [ProceduralPuzzle_C_0] Creating Level 0
[2018.03.24-19.18.48:260][315]LogBlueprintUserMessages: [Layout_Tutorial0_C_0] Spawned jump obstacle requiring 0
[2018.03.24-19.18.48:261][315]LogScriptCore: Warning: Script Msg: Divide by zero detected: 0.000000 / 0
Script call stack:
	Function /Game/Blueprints/ProceduralPuzzle.ProceduralPuzzle_C:ReceiveBeginPlay
	Function /Game/Blueprints/ProceduralPuzzle.ProceduralPuzzle_C:ExecuteUbergraph_ProceduralPuzzle
	Function /Game/Blueprints/ProceduralPuzzle.ProceduralPuzzle_C:GenerateLevel
	Function /Game/Blueprints/FirstPersonController.FirstPersonController_C:UpdateStats
	Function /Game/Blueprints/UI/StatsWidget.StatsWidget_C:UpdateStats

[2018.03.24-19.18.48:261][315]LogScriptCore: Warning: Script Msg: Divide by zero detected: 0.000000 / 0
Script call stack:
	Function /Game/Blueprints/ProceduralPuzzle.ProceduralPuzzle_C:ReceiveBeginPlay
	Function /Game/Blueprints/ProceduralPuzzle.ProceduralPuzzle_C:ExecuteUbergraph_ProceduralPuzzle
	Function /Game/Blueprints/ProceduralPuzzle.ProceduralPuzzle_C:GenerateLevel
	Function /Game/Blueprints/FirstPersonController.FirstPersonController_C:UpdateStats
	Function /Game/Blueprints/UI/StatsWidget.StatsWidget_C:UpdateStats

[2018.03.24-19.18.48:262][315]LogScriptCore: Warning: Script Msg: Divide by zero detected: 0.000000 / 0
Script call stack:
	Function /Game/Blueprints/ProceduralPuzzle.ProceduralPuzzle_C:ReceiveBeginPlay
	Function /Game/Blueprints/ProceduralPuzzle.ProceduralPuzzle_C:ExecuteUbergraph_ProceduralPuzzle
	Function /Game/Blueprints/ProceduralPuzzle.ProceduralPuzzle_C:GenerateLevel
	Function /Game/Blueprints/FirstPersonController.FirstPersonController_C:UpdateStats
	Function /Game/Blueprints/UI/StatsWidget.StatsWidget_C:UpdateStats

[2018.03.24-19.18.48:262][315]LogScriptCore: Warning: Script Msg: Divide by zero detected: 0.000000 / 0
Script call stack:
	Function /Game/Blueprints/ProceduralPuzzle.ProceduralPuzzle_C:ReceiveBeginPlay
	Function /Game/Blueprints/ProceduralPuzzle.ProceduralPuzzle_C:ExecuteUbergraph_ProceduralPuzzle
	Function /Game/Blueprints/ProceduralPuzzle.ProceduralPuzzle_C:GenerateLevel
	Function /Game/Blueprints/FirstPersonController.FirstPersonController_C:UpdateStats
	Function /Game/Blueprints/UI/StatsWidget.StatsWidget_C:UpdateStats

[2018.03.24-19.18.48:280][315]PIE: Play in editor start time for /Game/UEDPIE_0_ProcLevel 2.686
[2018.03.24-19.18.48:281][315]LogBlueprintUserMessages: Late PlayInEditor Detection: Level '/Game/ProcLevel.ProcLevel:PersistentLevel' has LevelScriptBlueprint '/Game/ProcLevel.ProcLevel:PersistentLevel.ProcLevel' with GeneratedClass '/Game/ProcLevel.ProcLevel_C' with ClassGeneratedBy '/Game/ProcLevel.ProcLevel:PersistentLevel.ProcLevel'
[2018.03.24-19.18.48:470][315]LogRenderer: Reallocating scene render targets to support 1116x696 Format 9 NumSamples 1 (Frame:1).
[2018.03.24-19.18.50:330][354]LogBlueprintUserMessages: Early EndPlayMap Detection: Level '/Game/ProcLevel.ProcLevel:PersistentLevel' has LevelScriptBlueprint '/Game/ProcLevel.ProcLevel:PersistentLevel.ProcLevel' with GeneratedClass '/Game/ProcLevel.ProcLevel_C' with ClassGeneratedBy '/Game/ProcLevel.ProcLevel:PersistentLevel.ProcLevel'
[2018.03.24-19.18.50:479][354]LogBlueprintUserMessages: Late EndPlayMap Detection: Level '/Game/ProcLevel.ProcLevel:PersistentLevel' has LevelScriptBlueprint '/Game/ProcLevel.ProcLevel:PersistentLevel.ProcLevel' with GeneratedClass '/Game/ProcLevel.ProcLevel_C' with ClassGeneratedBy '/Game/ProcLevel.ProcLevel:PersistentLevel.ProcLevel'
[2018.03.24-19.18.57:310][493]BlueprintLog: New page: Compile ProceduralPuzzle
[2018.03.24-19.18.59:793][505]LogSavePackage: Save=436.76ms
[2018.03.24-19.18.59:795][505]LogSavePackage: Moving '../../../../../../Users/Matt/Documents/GameProjects/Unreal/Investiture/Investiture/Saved/ProceduralPuzzle1134BFE84462F64C8306FF9A21ED6814.tmp' to '../../../../../../Users/Matt/Documents/GameProjects/Unreal/Investiture/Investiture/Content/Blueprints/ProceduralPuzzle.uasset'
[2018.03.24-19.18.59:814][505]LogSavePackage: Display: Finished SavePackage ../../../../../../Users/Matt/Documents/GameProjects/Unreal/Investiture/Investiture/Content/Blueprints/ProceduralPuzzle.uasset
[2018.03.24-19.19.08:392][702]BlueprintLog: New page: Compile FirstPersonGameMode
[2018.03.24-19.19.10:299][711]LogSavePackage: Save=92.92ms
[2018.03.24-19.19.10:299][711]LogSavePackage: Moving '../../../../../../Users/Matt/Documents/GameProjects/Unreal/Investiture/Investiture/Saved/FirstPersonGameMode9E386FCF4FB5AAF05D46BBBC256F2AC7.tmp' to '../../../../../../Users/Matt/Documents/GameProjects/Unreal/Investiture/Investiture/Content/Blueprints/FirstPersonGameMode.uasset'
[2018.03.24-19.19.10:308][711]LogSavePackage: Display: Finished SavePackage ../../../../../../Users/Matt/Documents/GameProjects/Unreal/Investiture/Investiture/Content/Blueprints/FirstPersonGameMode.uasset
[2018.03.24-19.19.12:043][760]LogTemp: Repeating last play command: New Editor Window (PIE)
[2018.03.24-19.19.12:126][760]LogBlueprintUserMessages: Early PlayInEditor Detection: Level '/Game/ProcLevel.ProcLevel:PersistentLevel' has LevelScriptBlueprint '/Game/ProcLevel.ProcLevel:PersistentLevel.ProcLevel' with GeneratedClass '/Game/ProcLevel.ProcLevel_C' with ClassGeneratedBy '/Game/ProcLevel.ProcLevel:PersistentLevel.ProcLevel'
[2018.03.24-19.19.12:126][760]LogPlayLevel: PlayLevel: No blueprints needed recompiling
[2018.03.24-19.19.12:127][760]PIE: New page: PIE session: ProcLevel (Mar 24, 2018, 5:19:12 AM)
[2018.03.24-19.19.12:127][760]LogPlayLevel: Creating play world package: /Game/UEDPIE_0_ProcLevel
[2018.03.24-19.19.12:199][760]LogPlayLevel: PIE: StaticDuplicateObject took: (0.071703s)
[2018.03.24-19.19.12:200][760]LogAIModule: Creating AISystem for world ProcLevel
[2018.03.24-19.19.12:200][760]LogPlayLevel: PIE: World Init took: (0.001657s)
[2018.03.24-19.19.12:201][760]LogPlayLevel: PIE: Created PIE world by copying editor world from /Game/ProcLevel.ProcLevel to /Game/UEDPIE_0_ProcLevel.ProcLevel (0.074164s)
[2018.03.24-19.19.12:260][760]LogInit: XAudio2 using 'Speakers (Realtek High Definition Audio(SST))' : 2 channels at 48 kHz using 32 bits per sample (channel mask 0x3)
[2018.03.24-19.19.12:290][760]LogInit: FAudioDevice initialized.
[2018.03.24-19.19.13:491][760]LogLoad: Game class is 'FirstPersonGameMode_C'
[2018.03.24-19.19.13:496][760]LogWorld: Bringing World /Game/UEDPIE_0_ProcLevel.ProcLevel up for play (max tick rate 60) at 2018.03.24-12.19.13
[2018.03.24-19.19.13:498][760]LogWorld: Bringing up level for play took: 0.005397
[2018.03.24-19.19.13:547][760]LogBlueprintUserMessages: [FirstPersonCharacter_C_0] Physics for FirstPersonCharacterset to true
[2018.03.24-19.19.13:548][760]LogBlueprintUserMessages: [FirstPersonGameMode_C_0] Game Mode Begin
[2018.03.24-19.19.13:549][760]LogBlueprintUserMessages: [ProceduralPuzzle_C_0] Creating Level 4
[2018.03.24-19.19.13:555][760]LogBlueprintUserMessages: [Layout_Puzzle1_C_0] Spawned jump obstacle requiring 1
[2018.03.24-19.19.13:556][760]LogBlueprintUserMessages: [Layout_Puzzle1_C_0] Spawned jump obstacle requiring 2
[2018.03.24-19.19.13:579][760]LogBlueprintUserMessages: [Layout_Puzzle1_C_0] Spawned speed obstacle for requiring 2
[2018.03.24-19.19.13:581][760]LogBlueprintUserMessages: [Layout_Puzzle1_C_0] Spawned jump obstacle requiring 2
[2018.03.24-19.19.13:588][760]LogBlueprintUserMessages: [Arc_C_0] Built arc!
[2018.03.24-19.19.13:595][760]LogBlueprintUserMessages: [Arc_C_1] Built arc!
[2018.03.24-19.19.13:601][760]LogBlueprintUserMessages: [Arc_C_2] Built arc!
[2018.03.24-19.19.13:618][760]PIE: Play in editor start time for /Game/UEDPIE_0_ProcLevel 2.024
[2018.03.24-19.19.13:620][760]LogBlueprintUserMessages: Late PlayInEditor Detection: Level '/Game/ProcLevel.ProcLevel:PersistentLevel' has LevelScriptBlueprint '/Game/ProcLevel.ProcLevel:PersistentLevel.ProcLevel' with GeneratedClass '/Game/ProcLevel.ProcLevel_C' with ClassGeneratedBy '/Game/ProcLevel.ProcLevel:PersistentLevel.ProcLevel'
[2018.03.24-19.19.25:578][ 17]LogBlueprintUserMessages: [FirstPersonController_C_0] Starting replay
[2018.03.24-19.19.31:794][151]LogBlueprintUserMessages: [GroundButton_C_2] FirstPersonCharacter_C_0.CollisionCylinder begin overlap
[2018.03.24-19.19.34:316][203]LogBlueprintUserMessages: [FirstPersonController_C_0] Stopping replay
[2018.03.24-19.19.34:319][203]LogBlueprintUserMessages: [FirstPersonController_C_0] Starting replay
[2018.03.24-19.19.34:328][203]LogBlueprintUserMessages: [FirstPersonCharacter_C_1] Physics for FirstPersonCharacter1set to false
[2018.03.24-19.19.34:330][203]PIE: Warning: The widget 'ReplayStatsWidget_C' was already added to the screen.
[2018.03.24-19.19.34:331][203]LogBlueprintUserMessages: [RunIcon_C_0] Icon with this color has index0
[2018.03.24-19.19.34:332][203]LogBlueprintUserMessages: [GroundButton_C_2] FirstPersonCharacter_C_0.CollisionCylinder end overlap
[2018.03.24-19.19.41:931][365]LogBlueprintUserMessages: [FirstPersonController_C_0] Starting replay
[2018.03.24-19.19.41:937][365]LogBlueprintUserMessages: [FirstPersonCharacter_C_2] Physics for FirstPersonCharacter2set to false
[2018.03.24-19.19.41:938][365]LogBlueprintUserMessages: [RunIcon_C_1] Icon with this color has index0
[2018.03.24-19.19.46:494][462]LogBlueprintUserMessages: Early EndPlayMap Detection: Level '/Game/ProcLevel.ProcLevel:PersistentLevel' has LevelScriptBlueprint '/Game/ProcLevel.ProcLevel:PersistentLevel.ProcLevel' with GeneratedClass '/Game/ProcLevel.ProcLevel_C' with ClassGeneratedBy '/Game/ProcLevel.ProcLevel:PersistentLevel.ProcLevel'
[2018.03.24-19.19.46:623][462]LogBlueprintUserMessages: Late EndPlayMap Detection: Level '/Game/ProcLevel.ProcLevel:PersistentLevel' has LevelScriptBlueprint '/Game/ProcLevel.ProcLevel:PersistentLevel.ProcLevel' with GeneratedClass '/Game/ProcLevel.ProcLevel_C' with ClassGeneratedBy '/Game/ProcLevel.ProcLevel:PersistentLevel.ProcLevel'
[2018.03.24-19.26.00:507][ 73]BlueprintLog: New page: Compile EndZone
[2018.03.24-19.26.08:450][159]LogSlate: Took 0.008744 seconds to synchronously load lazily loaded font '../../../Engine/Content/Slate/Fonts/Roboto-Light.ttf' (159K)
[2018.03.24-19.26.19:924][313]BlueprintLog: New page: Compile EndZone
[2018.03.24-19.26.22:513][321]LogSavePackage: Save=92.01ms
[2018.03.24-19.26.22:513][321]LogSavePackage: Moving '../../../../../../Users/Matt/Documents/GameProjects/Unreal/Investiture/Investiture/Saved/EndZoneB24C7438423A7A3A3DAF258589362941.tmp' to '../../../../../../Users/Matt/Documents/GameProjects/Unreal/Investiture/Investiture/Content/Blueprints/LevelElements/EndZone.uasset'
[2018.03.24-19.26.22:522][321]LogSavePackage: Display: Finished SavePackage ../../../../../../Users/Matt/Documents/GameProjects/Unreal/Investiture/Investiture/Content/Blueprints/LevelElements/EndZone.uasset
[2018.03.24-19.27.52:088][529]BlueprintLog: New page: Compile EndZone
[2018.03.24-19.27.54:550][534]LogSavePackage: Save=116.28ms
[2018.03.24-19.27.54:550][534]LogSavePackage: Moving '../../../../../../Users/Matt/Documents/GameProjects/Unreal/Investiture/Investiture/Saved/EndZone755E64014FA341A5401E52AC43FE8BFE.tmp' to '../../../../../../Users/Matt/Documents/GameProjects/Unreal/Investiture/Investiture/Content/Blueprints/LevelElements/EndZone.uasset'
[2018.03.24-19.27.54:564][534]LogSavePackage: Display: Finished SavePackage ../../../../../../Users/Matt/Documents/GameProjects/Unreal/Investiture/Investiture/Content/Blueprints/LevelElements/EndZone.uasset
                                                                                                 