Log file open, 02/16/18 15:49:59
LogWindows: Failed to load 'aqProf.dll' (GetLastError=126)
LogWindows: File 'aqProf.dll' does not exist
LogWindows: Failed to load 'VtuneApi.dll' (GetLastError=126)
LogWindows: File 'VtuneApi.dll' does not exist
LogWindows: Failed to load 'VtuneApi32e.dll' (GetLastError=126)
LogWindows: File 'VtuneApi32e.dll' does not exist
LogInit: Display: Running engine for game: Investiture
LogPlatformFile: Not using cached read wrapper
LogInit: Display: RandInit(-1662903164) SRandInit(-1662903164).
LogInit: Read version file with build ID '3709383'
LogInit: Overriding engine version to CL 3794801, compatible CL 3709383
LogInit: Registered custom module enumerator with build ID '3709383'
LogTaskGraph: Started task graph with 5 named threads and 8 total threads with 3 sets of task threads.
LogStats: Stats thread started at 0.170053
LogD3D11RHI: Aftermath initialized
LogModuleManager: Display: Found up-to-date module file ../../../Engine/Plugins/2D/Paper2D/Binaries/Win64/UE4Editor-Paper2D.dll (API version 3709383).
LogModuleManager: Display: Found up-to-date module file ../../../Engine/Plugins/2D/Paper2D/Binaries/Win64/UE4Editor-Paper2DEditor.dll (API version 3709383).
LogModuleManager: Display: Found up-to-date module file ../../../Engine/Plugins/2D/Paper2D/Binaries/Win64/UE4Editor-PaperSpriteSheetImporter.dll (API version 3709383).
LogModuleManager: Display: Found up-to-date module file ../../../Engine/Plugins/2D/Paper2D/Binaries/Win64/UE4Editor-PaperTiledImporter.dll (API version 3709383).
LogModuleManager: Display: Found up-to-date module file ../../../Engine/Plugins/2D/Paper2D/Binaries/Win64/UE4Editor-SmartSnapping.dll (API version 3709383).
LogModuleManager: Display: Found up-to-date module file ../../../Engine/Plugins/Blendables/LightPropagationVolume/Binaries/Win64/UE4Editor-LightPropagationVolumeRuntime.dll (API version 3709383).
LogModuleManager: Display: Found up-to-date module file ../../../Engine/Plugins/Blendables/LightPropagationVolume/Binaries/Win64/UE4Editor-LightPropagationVolumeEditor.dll (API version 3709383).
LogModuleManager: Display: Found up-to-date module file ../../../Engine/Plugins/Developer/GitSourceControl/Binaries/Win64/UE4Editor-GitSourceControl.dll (API version 3709383).
LogModuleManager: Display: Found up-to-date module file ../../../Engine/Plugins/Developer/PerforceSourceControl/Binaries/Win64/UE4Editor-PerforceSourceControl.dll (API version 3709383).
LogModuleManager: Display: Found up-to-date module file ../../../Engine/Plugins/Developer/SubversionSourceControl/Binaries/Win64/UE4Editor-SubversionSourceControl.dll (API version 3709383).
LogModuleManager: Display: Found up-to-date module file ../../../Engine/Plugins/Developer/UObjectPlugin/Binaries/Win64/UE4Editor-UObjectPlugin.dll (API version 3709383).
LogModuleManager: Display: Found up-to-date module file ../../../Engine/Plugins/Developer/VisualStudioCodeSourceCodeAccess/Binaries/Win64/UE4Editor-VisualStudioCodeSourceCodeAccess.dll (API version 3709383).
LogModuleManager: Display: Found up-to-date module file ../../../Engine/Plugins/Developer/VisualStudioSourceCodeAccess/Binaries/Win64/UE4Editor-VisualStudioSourceCodeAccess.dll (API version 3709383).
LogModuleManager: Display: Found up-to-date module file ../../../Engine/Plugins/Editor/AssetManagerEditor/Binaries/Win64/UE4Editor-AssetManagerEditor.dll (API version 3709383).
LogModuleManager: Display: Found up-to-date module file ../../../Engine/Plugins/Editor/AudioCapture/Binaries/Win64/UE4Editor-AudioCapture.dll (API version 3709383).
LogModuleManager: Display: Found up-to-date module file ../../../Engine/Plugins/Editor/FacialAnimation/Binaries/Win64/UE4Editor-FacialAnimation.dll (API version 3709383).
LogModuleManager: Display: Found up-to-date module file ../../../Engine/Plugins/Editor/FacialAnimation/Binaries/Win64/UE4Editor-FacialAnimationEditor.dll (API version 3709383).
LogModuleManager: Display: Found up-to-date module file ../../../Engine/Plugins/Editor/GameplayTagsEditor/Binaries/Win64/UE4Editor-GameplayTagsEditor.dll (API version 3709383).
LogModuleManager: Display: Found up-to-date module file ../../../Engine/Plugins/Editor/MobileLauncherProfileWizard/Binaries/Win64/UE4Editor-MobileLauncherProfileWizard.dll (API version 3709383).
LogModuleManager: Display: Found up-to-date module file ../../../Engine/Plugins/Editor/PluginBrowser/Binaries/Win64/UE4Editor-PluginBrowser.dll (API version 3709383).
LogModuleManager: Display: Found up-to-date module file ../../../Engine/Plugins/Editor/SpeedTreeImporter/Binaries/Win64/UE4Editor-SpeedTreeImporter.dll (API version 3709383).
LogModuleManager: Display: Found up-to-date module file ../../../Engine/Plugins/Experimental/AlembicImporter/Binaries/Win64/UE4Editor-AlembicImporter.dll (API version 3709383).
LogModuleManager: Display: Found up-to-date module file ../../../Engine/Plugins/Experimental/AlembicImporter/Binaries/Win64/UE4Editor-AlembicLibrary.dll (API version 3709383).
LogModuleManager: Display: Found up-to-date module file ../../../Engine/Plugins/Experimental/CharacterAI/Binaries/Win64/UE4Editor-CharacterAI.dll (API version 3709383).
LogModuleManager: Display: Found up-to-date module file ../../../Engine/Plugins/Experimental/HTML5Networking/Binaries/Win64/UE4Editor-HTML5Networking.dll (API version 3709383).
LogModuleManager: Display: Found up-to-date module file ../../../Engine/Plugins/Media/AndroidMedia/Binaries/Win64/UE4Editor-AndroidMediaEditor.dll (API version 3709383).
LogModuleManager: Display: Found up-to-date module file ../../../Engine/Plugins/Media/AndroidMedia/Binaries/Win64/UE4Editor-AndroidMediaFactory.dll (API version 3709383).
LogModuleManager: Display: Found up-to-date module file ../../../Engine/Plugins/Media/AvfMedia/Binaries/Win64/UE4Editor-AvfMediaEditor.dll (API version 3709383).
LogModuleManager: Display: Found up-to-date module file ../../../Engine/Plugins/Media/AvfMedia/Binaries/Win64/UE4Editor-AvfMediaFactory.dll (API version 3709383).
LogModuleManager: Display: Found up-to-date module file ../../../Engine/Plugins/Media/AvfMedia/Binaries/Win64/UE4Editor-AvfMediaFactory.dll (API version 3709383).
LogModuleManager: Display: Found up-to-date module file ../../../Engine/Plugins/Media/ImgMedia/Binaries/Win64/UE4Editor-ImgMedia.dll (API version 3709383).
LogModuleManager: Display: Found up-to-date module file ../../../Engine/Plugins/Media/ImgMedia/Binaries/Win64/UE4Editor-ImgMediaEditor.dll (API version 3709383).
LogModuleManager: Display: Found up-to-date module file ../../../Engine/Plugins/Media/ImgMedia/Binaries/Win64/UE4Editor-ImgMediaFactory.dll (API version 3709383).
LogModuleManager: Display: Found up-to-date module file ../../../Engine/Plugins/Media/ImgMedia/Binaries/Win64/UE4Editor-ImgMediaFactory.dll (API version 3709383).
LogModuleManager: Display: Found up-to-date module file ../../../Engine/Plugins/Media/ImgMedia/Binaries/Win64/UE4Editor-OpenExrWrapper.dll (API version 3709383).
LogModuleManager: Display: Found up-to-date module file ../../../Engine/Plugins/Media/MediaCompositing/Binaries/Win64/UE4Editor-MediaCompositing.dll (API version 3709383).
LogModuleManager: Display: Found up-to-date module file ../../../Engine/Plugins/Media/MediaCompositing/Binaries/Win64/UE4Editor-MediaCompositingEditor.dll (API version 3709383).
LogModuleManager: Display: Found up-to-date module file ../../../Engine/Plugins/Media/MediaPlayerEditor/Binaries/Win64/UE4Editor-MediaPlayerEditor.dll (API version 3709383).
LogModuleManager: Display: Found up-to-date module file ../../../Engine/Plugins/Media/WmfMedia/Binaries/Win64/UE4Editor-WmfMedia.dll (API version 3709383).
LogModuleManager: Display: Found up-to-date module file ../../../Engine/Plugins/Media/WmfMedia/Binaries/Win64/UE4Editor-WmfMediaEditor.dll (API version 3709383).
LogModuleManager: Display: Found up-to-date module file ../../../Engine/Plugins/Media/WmfMedia/Binaries/Win64/UE4Editor-WmfMediaFactory.dll (API version 3709383).
LogModuleManager: Display: Found up-to-date module file ../../../Engine/Plugins/Media/WmfMedia/Binaries/Win64/UE4Editor-WmfMediaFactory.dll (API version 3709383).
LogModuleManager: Display: Found up-to-date module file ../../../Engine/Plugins/Messaging/TcpMessaging/Binaries/Win64/UE4Editor-TcpMessaging.dll (API version 3709383).
LogModuleManager: Display: Found up-to-date module file ../../../Engine/Plugins/Messaging/UdpMessaging/Binaries/Win64/UE4Editor-UdpMessaging.dll (API version 3709383).
LogModuleManager: Display: Found up-to-date module file ../../../Engine/Plugins/MovieScene/ActorSequence/Binaries/Win64/UE4Editor-ActorSequence.dll (API version 3709383).
LogModuleManager: Display: Found up-to-date module file ../../../Engine/Plugins/MovieScene/LevelSequenceEditor/Binaries/Win64/UE4Editor-LevelSequenceEditor.dll (API version 3709383).
LogModuleManager: Display: Found up-to-date module file ../../../Engine/Plugins/MovieScene/MatineeToLevelSequence/Binaries/Win64/UE4Editor-MatineeToLevelSequence.dll (API version 3709383).
LogModuleManager: Display: Found up-to-date module file ../../../Engine/Plugins/Online/OnlineSubsystem/Binaries/Win64/UE4Editor-OnlineSubsystem.dll (API version 3709383).
LogModuleManager: Display: Found up-to-date module file ../../../Engine/Plugins/Runtime/AndroidPermission/Binaries/Win64/UE4Editor-AndroidPermission.dll (API version 3709383).
LogModuleManager: Display: Found up-to-date module file ../../../Engine/Plugins/Online/OnlineSubsystemNull/Binaries/Win64/UE4Editor-OnlineSubsystemNull.dll (API version 3709383).
LogModuleManager: Display: Found up-to-date module file ../../../Engine/Plugins/Online/OnlineSubsystemUtils/Binaries/Win64/UE4Editor-OnlineSubsystemUtils.dll (API version 3709383).
LogModuleManager: Display: Found up-to-date module file ../../../Engine/Plugins/Online/OnlineSubsystemUtils/Binaries/Win64/UE4Editor-OnlineBlueprintSupport.dll (API version 3709383).
LogModuleManager: Display: Found up-to-date module file ../../../Engine/Plugins/Runtime/AndroidDeviceProfileSelector/Binaries/Win64/UE4Editor-AndroidDeviceProfileSelector.dll (API version 3709383).
LogModuleManager: Display: Found up-to-date module file ../../../Engine/Plugins/Runtime/AppleARKit/Binaries/Win64/UE4Editor-AppleARKit.dll (API version 3709383).
LogModuleManager: Display: Found up-to-date module file ../../../Engine/Plugins/Runtime/ArchVisCharacter/Binaries/Win64/UE4Editor-ArchVisCharacter.dll (API version 3709383).
LogModuleManager: Display: Found up-to-date module file ../../../Engine/Plugins/Runtime/CableComponent/Binaries/Win64/UE4Editor-CableComponent.dll (API version 3709383).
LogModuleManager: Display: Found up-to-date module file ../../../Engine/Plugins/Runtime/CustomMeshComponent/Binaries/Win64/UE4Editor-CustomMeshComponent.dll (API version 3709383).
LogModuleManager: Display: Found up-to-date module file ../../../Engine/Plugins/Runtime/ExampleDeviceProfileSelector/Binaries/Win64/UE4Editor-ExampleDeviceProfileSelector.dll (API version 3709383).
LogModuleManager: Display: Found up-to-date module file ../../../Engine/Plugins/Runtime/ImmediatePhysics/Binaries/Win64/UE4Editor-ImmediatePhysics.dll (API version 3709383).
LogModuleManager: Display: Found up-to-date module file ../../../Engine/Plugins/Runtime/ImmediatePhysics/Binaries/Win64/UE4Editor-ImmediatePhysicsEditor.dll (API version 3709383).
LogModuleManager: Display: Found up-to-date module file ../../../Engine/Plugins/Runtime/LocationServicesBPLibrary/Binaries/Win64/UE4Editor-LocationServicesBPLibrary.dll (API version 3709383).
LogModuleManager: Display: Found up-to-date module file ../../../Engine/Plugins/Runtime/MobilePatchingUtils/Binaries/Win64/UE4Editor-MobilePatchingUtils.dll (API version 3709383).
LogModuleManager: Display: Found up-to-date module file ../../../Engine/Plugins/Runtime/Oculus/OculusVR/Binaries/Win64/UE4Editor-OculusHMD.dll (API version 3709383).
LogModuleManager: Display: Found up-to-date module file ../../../Engine/Plugins/Runtime/Oculus/OculusVR/Binaries/Win64/UE4Editor-OculusInput.dll (API version 3709383).
LogModuleManager: Display: Found up-to-date module file ../../../Engine/Plugins/Runtime/Oculus/OculusVR/Binaries/Win64/UE4Editor-OculusEditor.dll (API version 3709383).
LogModuleManager: Display: Found up-to-date module file ../../../Engine/Plugins/Runtime/PhysXVehicles/Binaries/Win64/UE4Editor-PhysXVehicles.dll (API version 3709383).
LogModuleManager: Display: Found up-to-date module file ../../../Engine/Plugins/Runtime/PhysXVehicles/Binaries/Win64/UE4Editor-PhysXVehiclesEditor.dll (API version 3709383).
LogModuleManager: Display: Found up-to-date module file ../../../Engine/Plugins/Runtime/ProceduralMeshComponent/Binaries/Win64/UE4Editor-ProceduralMeshComponent.dll (API version 3709383).
LogModuleManager: Display: Found up-to-date module file ../../../Engine/Plugins/Runtime/ProceduralMeshComponent/Binaries/Win64/UE4Editor-ProceduralMeshComponentEditor.dll (API version 3709383).
LogModuleManager: Display: Found up-to-date module file ../../../Engine/Plugins/Runtime/RuntimePhysXCooking/Binaries/Win64/UE4Editor-RuntimePhysXCooking.dll (API version 3709383).
LogModuleManager: Display: Found up-to-date module file ../../../Engine/Plugins/Runtime/Steam/SteamVR/Binaries/Win64/UE4Editor-SteamVR.dll (API version 3709383).
LogModuleManager: Display: Found up-to-date module file ../../../Engine/Plugins/Runtime/Steam/SteamVR/Binaries/Win64/UE4Editor-SteamVRController.dll (API version 3709383).
LogModuleManager: Display: Found up-to-date module file ../../../Engine/Plugins/Runtime/WindowsMoviePlayer/Binaries/Win64/UE4Editor-WindowsMoviePlayer.dll (API version 3709383).
LogPluginManager: Mounting plugin Paper2D
LogPluginManager: Mounting plugin LightPropagationVolume
LogPluginManager: Mounting plugin CodeLiteSourceCodeAccess
LogPluginManager: Mounting plugin GitSourceControl
LogPluginManager: Mounting plugin KDevelopSourceCodeAccess
LogPluginManager: Mounting plugin NullSourceCodeAccess
LogPluginManager: Mounting plugin PerforceSourceControl
LogPluginManager: Mounting plugin SubversionSourceControl
LogPluginManager: Mounting plugin UObjectPlugin
LogPluginManager: Mounting plugin VisualStudioCodeSourceCodeAccess
LogPluginManager: Mounting plugin VisualStudioSourceCodeAccess
LogPluginManager: Mounting plugin XCodeSourceCodeAccess
LogPluginManager: Mounting plugin AssetManagerEditor
LogPluginManager: Mounting plugin AudioCapture
LogPluginManager: Mounting plugin FacialAnimation
LogPluginManager: Mounting plugin GameplayTagsEditor
LogPluginManager: Mounting plugin MobileLauncherProfileWizard
LogPluginManager: Mounting plugin PluginBrowser
LogPluginManager: Mounting plugin SpeedTreeImporter
LogPluginManager: Mounting plugin AlembicImporter
LogPluginManager: Mounting plugin CharacterAI
LogPluginManager: Mounting plugin HTML5Networking
LogPluginManager: Mounting plugin AndroidMedia
LogPluginManager: Mounting plugin AvfMedia
LogPluginManager: Mounting plugin ImgMedia
LogPluginManager: Mounting plugin MediaCompositing
LogPluginManager: Mounting plugin MediaPlayerEditor
LogPluginManager: Mounting plugin WmfMedia
LogPluginManager: Mounting plugin TcpMessaging
LogPluginManager: Mounting plugin UdpMessaging
LogPluginManager: Mounting plugin ActorSequence
LogPluginManager: Mounting plugin LevelSequenceEditor
LogPluginManager: Mounting plugin MatineeToLevelSequence
LogPluginManager: Mounting plugin OnlineSubsystemGooglePlay
LogPluginManager: Mounting plugin OnlineSubsystemIOS
LogPluginManager: Mounting plugin OnlineSubsystem
LogPluginManager: Mounting plugin OnlineSubsystemNull
LogPluginManager: Mounting plugin OnlineSubsystemUtils
LogPluginManager: Mounting plugin AndroidDeviceProfileSelector
LogPluginManager: Mounting plugin AndroidMoviePlayer
LogPluginManager: Mounting plugin AndroidPermission
LogPluginManager: Mounting plugin AppleARKit
LogPluginManager: Mounting plugin AppleMoviePlayer
LogPluginManager: Mounting plugin ArchVisCharacter
LogPluginManager: Mounting plugin CableComponent
LogPluginManager: Mounting plugin CustomMeshComponent
LogPluginManager: Mounting plugin ExampleDeviceProfileSelector
LogPluginManager: Mounting plugin GoogleCloudMessaging
LogPluginManager: Mounting plugin ImmediatePhysics
LogPluginManager: Mounting plugin IOSDeviceProfileSelector
LogPluginManager: Mounting plugin LinuxDeviceProfileSelector
LogPluginManager: Mounting plugin LocationServicesBPLibrary
LogPluginManager: Mounting plugin MobilePatchingUtils
LogPluginManager: Mounting plugin OculusVR
LogPluginManager: Plugin shader directory ../../../Engine/Plugins/Runtime/Oculus/OculusVR/Shaders found
LogPluginManager: Mapping shader source directory ../../../Engine/Plugins/Runtime/Oculus/OculusVR/Shaders to virtual directory /Plugin/OculusVR
LogPluginManager: Mounting plugin PhysXVehicles
LogPluginManager: Mounting plugin ProceduralMeshComponent
LogPluginManager: Mounting plugin RuntimePhysXCooking
LogPluginManager: Mounting plugin SteamVR
LogPluginManager: Mounting plugin WindowsMoviePlayer
LogInit: Using libcurl 7.47.1
LogInit:  - built for x86_64-pc-win32
LogInit:  - supports SSL with OpenSSL/1.0.2g
LogInit:  - supports HTTP deflate (compression) using libz 1.2.8
LogInit:  - other features:
LogInit:      CURL_VERSION_SSL
LogInit:      CURL_VERSION_LIBZ
LogInit:      CURL_VERSION_IPV6
LogInit:      CURL_VERSION_ASYNCHDNS
LogInit:      CURL_VERSION_LARGEFILE
LogInit:      CURL_VERSION_IDN
LogInit:  CurlRequestOptions (configurable via config and command line):
LogInit:  - bVerifyPeer = false  - Libcurl will NOT verify peer certificate
LogInit:  - bUseHttpProxy = false  - Libcurl will NOT use HTTP proxy
LogInit:  - bDontReuseConnections = false  - Libcurl will reuse connections
LogInit:  - CertBundlePath = nullptr  - Libcurl will use whatever was configured at build time.
LogInit: Build: ++UE4+Release-4.18-CL-3794801
LogInit: Engine Version: 4.18.2-3794801+++UE4+Release-4.18
LogInit: Compatible Engine Version: 4.18.0-3709383+++UE4+Release-4.18
LogInit: Net CL: 3709383
LogDevObjectVersion: Number of dev versions registered: 16
LogDevObjectVersion:   Dev-Blueprints (B0D832E4-1F89-4F0D-ACCF-7EB736FD4AA2): 10
LogDevObjectVersion:   Dev-Build (E1C64328-A22C-4D53-A36C-8E866417BD8C): 0
LogDevObjectVersion:   Dev-Core (375EC13C-06E4-48FB-B500-84F0262A717E): 2
LogDevObjectVersion:   Dev-Editor (E4B068ED-F494-42E9-A231-DA0B2E46BB41): 20
LogDevObjectVersion:   Dev-Framework (CFFC743F-43B0-4480-9391-14DF171D2073): 30
LogDevObjectVersion:   Dev-Mobile (B02B49B5-BB20-44E9-A304-32B752E40360): 0
LogDevObjectVersion:   Dev-Networking (A4E4105C-59A1-49B5-A7C5-40C4547EDFEE): 0
LogDevObjectVersion:   Dev-Online (39C831C9-5AE6-47DC-9A44-9C173E1C8E7C): 0
LogDevObjectVersion:   Dev-Physics (78F01B33-EBEA-4F98-B9B4-84EACCB95AA2): 0
LogDevObjectVersion:   Dev-Platform (6631380F-2D4D-43E0-8009-CF276956A95A): 0
LogDevObjectVersion:   Dev-Rendering (12F88B9F-8875-4AFC-A67C-D90C383ABD29): 20
LogDevObjectVersion:   Dev-Sequencer (7B5AE74C-D270-4C10-A958-57980B212A5A): 4
LogDevObjectVersion:   Dev-VR (D7296918-1DD6-4BDD-9DE2-64A83CC13884): 0
LogDevObjectVersion:   Dev-LoadTimes (C2A15278-BFE7-4AFE-6C17-90FF531DF755): 1
LogDevObjectVersion:   Private-Geometry (6EACA3D4-40EC-4CC1-B786-8BED09428FC5): 1
LogDevObjectVersion:   Dev-AnimPhys (29E575DD-E0A3-4627-9D10-D276232CDCEA): 12
LogInit: Compiled (64-bit): Dec  8 2017 02:04:53
LogInit: Compiled with Visual C++: 19.00.24215.01
LogInit: Build Configuration: Development
LogInit: Branch Name: ++UE4+Release-4.18
LogInit: Command line: -EpicPortal 
LogInit: Base directory: C:/Program Files/Epic Games/UE_4.18/Engine/Binaries/Win64/
LogInit: Installed Engine Build: 1
LogInit: Presizing for max 8388607 objects, including 0 objects not considered by GC, pre-allocating 0 bytes for permanent pool.
LogInit: Object subsystem initialized
[2018.02.16-23.50.02:986][  0]LogInit: Selected Device Profile: [Windows]
[2018.02.16-23.50.02:986][  0]LogInit: Applying CVar settings loaded from the selected device profile: [Windows]
[2018.02.16-23.50.03:031][  0]LogInit: Computer: DESKTOP-L2CNR04
[2018.02.16-23.50.03:031][  0]LogInit: User: Matt
[2018.02.16-23.50.03:031][  0]LogInit: CPU Page size=4096, Cores=2
[2018.02.16-23.50.03:031][  0]LogInit: High frequency timer resolution =2.437498 MHz
[2018.02.16-23.50.03:032][  0]LogMemory: Memory total: Physical=7.9GB (8GB approx)
[2018.02.16-23.50.03:032][  0]LogMemory: Platform Memory Stats for Windows
[2018.02.16-23.50.03:032][  0]LogMemory: Process Physical Memory: 275.14 MB used, 275.14 MB peak
[2018.02.16-23.50.03:032][  0]LogMemory: Process Virtual Memory: 271.39 MB used, 271.39 MB peak
[2018.02.16-23.50.03:032][  0]LogMemory: Physical Memory: 4567.51 MB used,  3549.79 MB free, 8117.30 MB total
[2018.02.16-23.50.03:032][  0]LogMemory: Virtual Memory: 676.11 MB used,  3549.79 MB free, 134217728.00 MB total
[2018.02.16-23.50.03:738][  0]LogInit: Using OS detected language (en-US).
[2018.02.16-23.50.03:738][  0]LogInit: Using OS detected locale (en-US).
[2018.02.16-23.50.03:799][  0]LogTextLocalizationManager: No specific localization for 'en-US' exists, so the 'en' localization will be used.
[2018.02.16-23.50.05:570][  0]LogInit: Setting process to per monitor DPI aware
[2018.02.16-23.50.07:119][  0]LogD3D11RHI: D3D11 adapters:
[2018.02.16-23.50.07:736][  0]LogD3D11RHI:    0. 'NVIDIA GeForce GPU' (Feature Level 11_0)
[2018.02.16-23.50.07:736][  0]LogD3D11RHI:       997/0/4058 MB DedicatedVideo/DedicatedSystem/SharedSystem, Outputs:1, VendorId:0x10de
[2018.02.16-23.50.07:750][  0]LogD3D11RHI:    1. 'Intel(R) HD Graphics 520' (Feature Level 11_0)
[2018.02.16-23.50.07:750][  0]LogD3D11RHI:       128/0/4058 MB DedicatedVideo/DedicatedSystem/SharedSystem, Outputs:0, VendorId:0x8086
[2018.02.16-23.50.07:755][  0]LogD3D11RHI:    2. 'Microsoft Basic Render Driver' (Feature Level 11_0)
[2018.02.16-23.50.07:755][  0]LogD3D11RHI:       0/0/4058 MB DedicatedVideo/DedicatedSystem/SharedSystem, Outputs:0, VendorId:0x1414
[2018.02.16-23.50.07:755][  0]LogD3D11RHI: Chosen D3D11 Adapter: 0
[2018.02.16-23.50.07:770][  0]LogD3D11RHI: Creating new Direct3DDevice
[2018.02.16-23.50.07:770][  0]LogD3D11RHI:     GPU DeviceId: 0x134b (for the marketing name, search the web for "GPU Device Id")
[2018.02.16-23.50.07:770][  0]LogWindows: EnumDisplayDevices:
[2018.02.16-23.50.07:771][  0]LogWindows:    0. 'Intel(R) HD Graphics 520' (P:1 D:1)
[2018.02.16-23.50.07:771][  0]LogWindows:    1. 'Intel(R) HD Graphics 520' (P:0 D:0)
[2018.02.16-23.50.07:772][  0]LogWindows:    2. 'Intel(R) HD Graphics 520' (P:0 D:0)
[2018.02.16-23.50.07:772][  0]LogWindows: DebugString: GetVideoDriverDetailsInvalid PrimaryIsNotTheChoosenAdapter GetVideoDriverDetailsInvalid PrimaryIsNotTheChoosenAdapter GetVideoDriverDetailsInvalid PrimaryIsNotTheChoosenAdapter FoundDriverCount:0 
[2018.02.16-23.50.07:772][  0]LogD3D11RHI:     Adapter Name: NVIDIA GeForce GPU
[2018.02.16-23.50.07:772][  0]LogD3D11RHI:   Driver Version: Unknown (internal:Unknown, unified:Unknown)
[2018.02.16-23.50.07:772][  0]LogD3D11RHI:      Driver Date: Unknown
[2018.02.16-23.50.07:772][  0]LogRHI: Texture pool is 698 MB (70% of 997 MB)
[2018.02.16-23.50.08:038][  0]LogD3D11RHI: Async texture creation enabled
[2018.02.16-23.50.08:242][  0]LogD3D11RHI: GPU Timing Frequency: 1000.000000 (Debug: 2 1)
[2018.02.16-23.50.08:245][  0]LogShaderCompilers: Guid format shader working directory is -38 characters bigger than the processId version (../../../../../../Users/Matt/Documents/GameProjects/Unreal/Investiture/Investiture/Intermediate/Shaders/WorkingDirectory/11400/).
[2018.02.16-23.50.08:245][  0]LogShaderCompilers: Cleaned the shader compiler working directory 'C:/Users/Matt/AppData/Local/Temp/UnrealShaderWorkingDir/CE6549B14CE7253A1639FEAB10D40F0C/'.
[2018.02.16-23.50.08:245][  0]LogShaderCompilers: Display: Using Local Shader Compiler.
[2018.02.16-23.50.13:647][  0]LogTemp: Display: Loaded TP AllDesktopTargetPlatform
[2018.02.16-23.50.13:874][  0]LogTemp: Display: Loaded TP MacClientTargetPlatform
[2018.02.16-23.50.14:066][  0]LogTemp: Display: Loaded TP MacNoEditorTargetPlatform
[2018.02.16-23.50.14:474][  0]LogTemp: Display: Loaded TP MacServerTargetPlatform
[2018.02.16-23.50.14:747][  0]LogTemp: Display: Loaded TP MacTargetPlatform
[2018.02.16-23.50.14:975][  0]LogTemp: Display: Loaded TP WindowsClientTargetPlatform
[2018.02.16-23.50.15:170][  0]LogTemp: Display: Loaded TP WindowsNoEditorTargetPlatform
[2018.02.16-23.50.15:403][  0]LogTemp: Display: Loaded TP WindowsServerTargetPlatform
[2018.02.16-23.50.15:555][  0]LogTemp: Display: Loaded TP WindowsTargetPlatform
[2018.02.16-23.50.15:730][  0]LogTemp: Display: Loaded TP Android_ASTCTargetPlatform
[2018.02.16-23.50.15:913][  0]LogTemp: Display: Loaded TP Android_ATCTargetPlatform
[2018.02.16-23.50.16:190][  0]LogTemp: Display: Loaded TP Android_DXTTargetPlatform
[2018.02.16-23.50.16:461][  0]LogTemp: Display: Loaded TP Android_ETC1TargetPlatform
[2018.02.16-23.50.16:688][  0]LogTemp: Display: Loaded TP Android_ETC2TargetPlatform
[2018.02.16-23.50.17:059][  0]LogTemp: Display: Loaded TP Android_MultiTargetPlatform
[2018.02.16-23.50.17:059][  0]LogTemp: Display: Loaded TP Android_PVRTCTargetPlatform
[2018.02.16-23.50.17:192][  0]LogTemp: Display: Loaded TP AndroidTargetPlatform
[2018.02.16-23.50.17:283][  0]LogTemp: Display: Loaded TP HTML5TargetPlatform
[2018.02.16-23.50.17:477][  0]LogTemp: Display: Loaded TP IOSTargetPlatform
[2018.02.16-23.50.17:576][  0]LogTemp: Display: Loaded TP TVOSTargetPlatform
[2018.02.16-23.50.17:747][  0]LogTemp: Display: Loaded TP LinuxClientTargetPlatform
[2018.02.16-23.50.17:887][  0]LogTemp: Display: Loaded TP LinuxNoEditorTargetPlatform
[2018.02.16-23.50.18:000][  0]LogTemp: Display: Loaded TP LinuxServerTargetPlatform
[2018.02.16-23.50.18:119][  0]LogTemp: Display: Loaded TP LinuxTargetPlatform
[2018.02.16-23.50.18:119][  0]LogTargetPlatformManager: Display: Building Assets For Windows
[2018.02.16-23.50.19:719][  0]LogDerivedDataCache: Display: Max Cache Size: 512 MB
[2018.02.16-23.50.19:834][  0]LogDerivedDataCache: Loaded boot cache 0.12s 78MB C:/Users/Matt/AppData/Local/UnrealEngine/4.18/DerivedDataCache/Boot.ddc.
[2018.02.16-23.50.19:834][  0]LogDerivedDataCache: Display: Loaded Boot cache: C:/Users/Matt/AppData/Local/UnrealEngine/4.18/DerivedDataCache/Boot.ddc
[2018.02.16-23.50.19:835][  0]LogDerivedDataCache: FDerivedDataBackendGraph:  Pak pak cache file ../../../../../../Users/Matt/Documents/GameProjects/Unreal/Investiture/Investiture/DerivedDataCache/DDC.ddp not found, will not use a pak cache.
[2018.02.16-23.50.19:835][  0]LogDerivedDataCache: Unable to find inner node Pak for hierarchical cache Hierarchy.
[2018.02.16-23.50.19:835][  0]LogDerivedDataCache: FDerivedDataBackendGraph:  CompressedPak pak cache file ../../../../../../Users/Matt/Documents/GameProjects/Unreal/Investiture/Investiture/DerivedDataCache/Compressed.ddp not found, will not use a pak cache.
[2018.02.16-23.50.19:835][  0]LogDerivedDataCache: Unable to find inner node CompressedPak for hierarchical cache Hierarchy.
[2018.02.16-23.50.19:860][  0]LogDerivedDataCache: Display: Pak cache opened for reading ../../../Engine/DerivedDataCache/Compressed.ddp.
[2018.02.16-23.50.19:873][  0]LogDerivedDataCache: Using Local data cache path C:/Users/Matt/AppData/Local/UnrealEngine/Common/DerivedDataCache: Writable
[2018.02.16-23.50.19:890][  0]LogMaterial: Verifying Global Shaders for PCD3D_SM5
[2018.02.16-23.50.19:891][  0]LogSlate: Using Freetype 2.6.0
[2018.02.16-23.50.19:892][  0]LogSlate: SlateFontCache - WITH_FREETYPE: 1, WITH_HARFBUZZ: 1
[2018.02.16-23.50.19:892][  0]LogSlate: SlateFontCache - WITH_FREETYPE: 1, WITH_HARFBUZZ: 1
[2018.02.16-23.50.20:815][  0]LogInit: Selected Device Profile: [Windows]
[2018.02.16-23.50.21:632][  0]LogSimplygon: Simplygon DLL not present - disabling.
[2018.02.16-23.50.21:716][  0]LogMeshReduction: Using SimplygonSwarm for distributed automatic mesh merging
[2018.02.16-23.50.21:716][  0]LogMeshReduction: Using QuadricMeshReduction for automatic static mesh reduction
[2018.02.16-23.50.21:716][  0]LogMeshReduction: No automatic skeletal mesh reduction module available
[2018.02.16-23.50.21:716][  0]LogMeshReduction: No automatic mesh merging module available
[2018.02.16-23.50.21:716][  0]LogMeshMerging: No automatic mesh merging module available
[2018.02.16-23.50.21:779][  0]LogNetVersion: Investiture , NetCL: 3709383, EngineNetVer: 2, GameNetVer: 0 (Checksum: 1457158739)
[2018.02.16-23.50.22:096][  0]LogAssetRegistry: FAssetRegistry took 0.0287 seconds to start up
[2018.02.16-23.50.23:079][  0]LogPackageLocalizationCache: Processed 7 localized package path(s) for 2 prioritized culture(s) in 0.138490 seconds
[2018.02.16-23.50.23:092][  0]LogUObjectArray: 35900 objects as part of root set at end of initial load.
[2018.02.16-23.50.23:092][  0]LogUObjectAllocator: 7372024 out of 0 bytes used by permanent object pool.
[2018.02.16-23.50.23:092][  0]LogUObjectArray: CloseDisregardForGC: 0/0 objects in disregard for GC pool
[2018.02.16-23.50.23:209][  0]LogInit: WinSock: version 1.1 (2.2), MaxSocks=32767, MaxUdp=65467
[2018.02.16-23.50.28:693][  0]LogTcpMessaging: Initializing TcpMessaging bridge
[2018.02.16-23.50.28:767][  0]LogUdpMessaging: Initializing bridge on interface 0.0.0.0:0 to multicast group 230.0.0.1:6666.
[2018.02.16-23.50.30:079][  0]LogMaterial: Uniform references updated for custom material expression Custom.
[2018.02.16-23.50.30:924][  0]SourceControl: Source control is disabled
[2018.02.16-23.50.30:924][  0]SourceControl: Source control is disabled
[2018.02.16-23.50.31:036][  0]SourceControl: Source control is disabled
[2018.02.16-23.50.31:144][  0]SourceControl: Source control is disabled
[2018.02.16-23.50.33:000][  0]LogAndroidPermission: UAndroidPermissionCallbackProxy::GetInstance
[2018.02.16-23.50.33:597][  0]LogOcInput: OculusInput pre-init called
[2018.02.16-23.50.34:212][  0]LogEngine: Initializing Engine...
[2018.02.16-23.50.34:220][  0]LogHMD: Failed to initialize OpenVR with code 100
[2018.02.16-23.50.34:701][  0]LogStats: UGameplayTagsManager::ConstructGameplayTagTree: Construct from data asset -  0.000 s
[2018.02.16-23.50.34:701][  0]LogStats: UGameplayTagsManager::ConstructGameplayTagTree: GameplayTagTreeChangedEvent.Broadcast -  0.000 s
[2018.02.16-23.50.35:071][  0]LogAIModule: Creating AISystem for world Untitled
[2018.02.16-23.50.35:099][  0]LogInit: XAudio2 using 'Headphones (Realtek High Definition Audio(SST))' : 2 channels at 48 kHz using 32 bits per sample (channel mask 0x3)
[2018.02.16-23.50.35:133][  0]LogInit: FAudioDevice initialized.
[2018.02.16-23.50.35:259][  0]LogDerivedDataCache: Saved boot cache 0.13s 78MB C:/Users/Matt/AppData/Local/UnrealEngine/4.18/DerivedDataCache/Boot.ddc.
[2018.02.16-23.50.35:303][  0]LogInit: Texture streaming: Enabled
[2018.02.16-23.50.35:726][  0]LogEngineSessionManager: EngineSessionManager initialized
[2018.02.16-23.50.36:039][  0]LogInit: Transaction tracking system initialized
[2018.02.16-23.50.37:028][  0]BlueprintLog: New page: Editor Load
[2018.02.16-23.50.39:450][  0]LocalizationService: Localization service is disabled
[2018.02.16-23.50.41:236][  0]LogConsoleResponse: Display: 
[2018.02.16-23.50.41:712][  0]LogCook: Display: Max memory allowance for cook 16384mb min free memory 0mb
[2018.02.16-23.50.41:712][  0]LogCook: Display: Mobile HDR setting 1
[2018.02.16-23.50.41:712][  0]LogGameplayTags: Display: UGameplayTagsManager::DoneAddingNativeTags. DelegateIsBound: 0
[2018.02.16-23.50.42:407][  0]LogFileCache: Scanning file cache for directory 'C:/Users/Matt/Documents/GameProjects/Unreal/Investiture/Investiture/Content/' took 0.03s
[2018.02.16-23.50.44:725][  0]SourceControl: Source control is disabled
[2018.02.16-23.50.44:726][  0]Cmd: MAP LOAD FILE="../../../../../../Users/Matt/Documents/GameProjects/Unreal/Investiture/Investiture/Content/FirstPersonBP/Maps/FirstPersonExampleMap.umap" TEMPLATE=0 SHOWPROGRESS=1 FEATURELEVEL=3
[2018.02.16-23.50.44:727][  0]LogEditorServer: Warning: Can't find file '../../../../../../Users/Matt/Documents/GameProjects/Unreal/Investiture/Investiture/Content/FirstPersonBP/Maps/FirstPersonExampleMap.umap'
[2018.02.16-23.50.44:727][  0]Cmd: MAP CHECKDEP NOCLEARLOG
[2018.02.16-23.50.44:810][  0]MapCheck: Map check complete: 0 Error(s), 0 Warning(s), took 82.139ms to complete.
[2018.02.16-23.50.44:810][  0]LogFileHelpers: Loading map 'FirstPersonExampleMap' took 0.084
[2018.02.16-23.50.45:190][  0]LogCollectionManager: Loaded 0 collections in 0.005200 seconds
[2018.02.16-23.50.45:369][  0]LogFileCache: Scanning file cache for directory 'C:/Users/Matt/Documents/GameProjects/Unreal/Investiture/Investiture/Saved/Collections/' took 0.01s
[2018.02.16-23.50.45:369][  0]LogFileCache: Scanning file cache for directory 'C:/Users/Matt/Documents/GameProjects/Unreal/Investiture/Investiture/Content/Developers/Matt/Collections/' took 0.01s
[2018.02.16-23.50.45:369][  0]LogFileCache: Scanning file cache for directory 'C:/Users/Matt/Documents/GameProjects/Unreal/Investiture/Investiture/Content/Collections/' took 0.02s
[2018.02.16-23.50.45:369][  0]LogCollectionManager: Rebuilt the GUID cache for 0 collections in 0.000000 seconds
[2018.02.16-23.50.45:389][  0]LogContentBrowser: Native class hierarchy populated in 0.0191 seconds. Added 2364 classes and 521 folders.
[2018.02.16-23.50.45:606][  0]LogContentBrowser: Native class hierarchy updated for 'WidgetCarousel' in 0.0009 seconds. Added 0 classes and 0 folders.
[2018.02.16-23.50.46:212][  0]LogContentBrowser: Native class hierarchy updated for 'AddContentDialog' in 0.0003 seconds. Added 0 classes and 0 folders.
[2018.02.16-23.50.46:348][  0]LogSlate: Took 0.000782 seconds to synchronously load lazily loaded font '../../../Engine/Content/Slate/Fonts/Roboto-Regular.ttf' (155K)
[2018.02.16-23.50.46:364][  0]LogSlate: Took 0.000400 seconds to synchronously load lazily loaded font '../../../Engine/Content/Slate/Fonts/Roboto-Bold.ttf' (160K)
[2018.02.16-23.50.46:382][  0]LogSlate: Took 0.010239 seconds to synchronously load lazily loaded font '../../../Engine/Content/Editor/Slate/Fonts/FontAwesome.ttf' (139K)
[2018.02.16-23.50.46:581][  0]LogRenderer: Reallocating scene render targets to support 616x392 Format 10 NumSamples 1 (Frame:1).
[2018.02.16-23.50.46:868][  0]LogContentBrowser: Native class hierarchy updated for 'HierarchicalLODOutliner' in 0.0003 seconds. Added 1 classes and 2 folders.
[2018.02.16-23.50.46:868][  0]LogLoad: (Engine Initialization) Total time: 49.40 seconds
[2018.02.16-23.50.46:868][  0]LogLoad: (Engine Initialization) Total Blueprint compile time: 0.00 seconds
[2018.02.16-23.50.46:868][  0]LogExternalProfiler: Found external profiler: VSPerf
[2018.02.16-23.50.46:868][  0]LogExternalProfiler: Using external profiler: VSPerf
[2018.02.16-23.50.47:228][  0]LogContentStreaming: Texture pool size now 1000 MB
[2018.02.16-23.50.47:889][  2]LogAssetRegistry: Asset discovery search completed in 25.8144 seconds
[2018.02.16-23.50.47:891][  2]LogCollectionManager: Rebuilt the object cache for 0 collections in 0.000000 seconds (found 0 objects)
[2018.02.16-23.50.47:891][  2]LogCollectionManager: Fixed up redirectors for 0 collections in 0.000083 seconds (updated 0 objects)
[2018.02.16-23.51.00:596][ 64]LogSlate: Took 0.000288 seconds to synchronously load lazily loaded font '../../../Engine/Content/Slate/Fonts/Roboto-Light.ttf' (159K)
[2018.02.16-23.51.00:626][ 64]LogAIModule: Creating AISystem for world TestMap
[2018.02.16-23.51.00:661][ 64]Cmd: MAP LOAD FILE="../../../../../../Users/Matt/Documents/GameProjects/Unreal/Investiture/Investiture/Content/TestMap.umap" TEMPLATE=0 SHOWPROGRESS=1 FEATURELEVEL=3
[2018.02.16-23.51.00:661][ 64]LightingResults: New page: Lighting Build
[2018.02.16-23.51.00:780][ 64]LogContentBrowser: Native class hierarchy updated for 'StatsViewer' in 0.0006 seconds. Added 5 classes and 0 folders.
[2018.02.16-23.51.00:782][ 64]LoadErrors: New page: Loading map: TestMap.umap
[2018.02.16-23.51.00:783][ 64]MapCheck: New page: Map Check
[2018.02.16-23.51.00:783][ 64]LightingResults: New page: Lighting Build
[2018.02.16-23.51.00:945][ 64]LogEditorServer: Finished looking for orphan Actors (0.000 secs)
[2018.02.16-23.51.01:068][ 64]Cmd: MAP CHECKDEP NOCLEARLOG
[2018.02.16-23.51.01:205][ 64]MapCheck: Map check complete: 0 Error(s), 0 Warning(s), took 136.505ms to complete.
[2018.02.16-23.51.01:207][ 64]LogFileHelpers: Loading map 'TestMap' took 0.546
[2018.02.16-23.51.01:224][ 64]LogSlate: Took 0.000369 seconds to synchronously load lazily loaded font '../../../Engine/Content/Slate/Fonts/Roboto-Regular.ttf' (155K)
[2018.02.16-23.51.06:689][298]LogEditorViewport: Clicking Background
[2018.02.16-23.51.47:750][287]Cmd: BRUSH ADD SELECTNEWBRUSH
[2018.02.16-23.52.08:688][269]LogEditorViewport: Clicking Background
[2018.02.16-23.52.19:192][685]MapCheck: New page: Map Check
[2018.02.16-23.52.19:218][685]Cmd: MAP REBUILD ALLVISIBLE
[2018.02.16-23.52.19:218][685]LogEditorServer: Rebuildmap Clear paths rebuilt
[2018.02.16-23.52.19:311][685]Cmd: MAP CHECK DONTDISPLAYDIALOG
[2018.02.16-23.52.19:313][685]MapCheck: New page: TestMap - Feb 16, 2018, 7:52:19 AM
[2018.02.16-23.52.19:405][685]MapCheck: Map check complete: 0 Error(s), 0 Warning(s), took 94.507ms to complete.
[2018.02.16-23.52.19:429][685]LogEditorBuildUtils: Build time 0:00
[2018.02.16-23.52.20:605][736]LogEditorViewport: Clicking Background
[2018.02.16-23.52.55:324][403]LogEditorViewport: Clicking Background
[2018.02.16-23.53.16:647][175]LogContentBrowser: Native class hierarchy updated for 'BlueprintGraph' in 0.0007 seconds. Added 116 classes and 0 folders.
[2018.02.16-23.53.17:845][175]LogSlate: Took 0.000333 seconds to synchronously load lazily loaded font '../../../Engine/Content/Editor/Slate/Fonts/Roboto-BoldCondensed.ttf' (158K)
[2018.02.16-23.53.18:127][176]LogSlate: Took 0.000410 seconds to synchronously load lazily loaded font '../../../Engine/Content/Editor/Slate/Fonts/Roboto-Italic.ttf' (157K)
[2018.02.16-23.54.16:163][925]Cmd: TRANSACTION UNDO
[2018.02.16-23.54.16:163][925]LogEditorTransaction: Undo Move Actors
[2018.02.16-23.54.16:244][925]LogSlate: Took 0.000336 seconds to synchronously load lazily loaded font '../../../Engine/Content/Slate/Fonts/Roboto-Light.ttf' (159K)
[2018.02.16-23.54.16:891][945]LogEditorViewport: Clicking Background
[2018.02.16-23.54.17:400][959]LogEditorViewport: Clicking on Actor (LMB): Brush (Box Brush)
[2018.02.16-23.54.53:855][923]LogEditorViewport: Clicking Background
[2018.02.16-23.54.54:328][951]LogEditorViewport: Clicking on Actor (LMB): FirstPersonCharacter_C (FirstPersonCharacter)
[2018.02.16-23.54.59:477][211]LogEditorViewport: Clicking Background
[2018.02.16-23.55.02:475][349]LogTemp: Repeating last play command: Selected Viewport
[2018.02.16-23.55.02:588][349]LogPlayLevel: PlayLevel: No blueprints needed recompiling
[2018.02.16-23.55.02:588][349]PIE: New page: PIE session: TestMap (Feb 16, 2018, 7:55:02 AM)
[2018.02.16-23.55.02:589][349]LogPlayLevel: Creating play world package: /Game/UEDPIE_0_TestMap
[2018.02.16-23.55.02:593][349]LogPlayLevel: PIE: StaticDuplicateObject took: (0.003984s)
[2018.02.16-23.55.02:593][349]LogAIModule: Creating AISystem for world TestMap
[2018.02.16-23.55.02:594][349]LogPlayLevel: PIE: World Init took: (0.000994s)
[2018.02.16-23.55.02:594][349]LogPlayLevel: PIE: Created PIE world by copying editor world from /Game/TestMap.TestMap to /Game/UEDPIE_0_TestMap.TestMap (0.005385s)
[2018.02.16-23.55.02:655][349]LogInit: XAudio2 using 'Headphones (Realtek High Definition Audio(SST))' : 2 channels at 48 kHz using 32 bits per sample (channel mask 0x3)
[2018.02.16-23.55.02:693][349]LogInit: FAudioDevice initialized.
[2018.02.16-23.55.02:744][349]LogLinker: Warning: Can't find file '/Game/FirstPersonBP/Blueprints/FirstPersonGameMode'
[2018.02.16-23.55.02:744][349]LogLinker: Warning: Can't find file '/Game/FirstPersonBP/Blueprints/FirstPersonGameMode'
[2018.02.16-23.55.02:744][349]LogUObjectGlobals: Warning: Failed to find object 'Class /Game/FirstPersonBP/Blueprints/FirstPersonGameMode.FirstPersonGameMode_C'
[2018.02.16-23.55.02:744][349]LogLoad: Game class is 'GameModeBase'
[2018.02.16-23.55.02:748][349]LogWorld: Bringing World /Game/UEDPIE_0_TestMap.TestMap up for play (max tick rate 0) at 2018.02.16-15.55.02
[2018.02.16-23.55.02:756][349]LogWorld: Bringing up level for play took: 0.009406
[2018.02.16-23.55.02:886][349]LogContentBrowser: Native class hierarchy updated for 'MovieSceneCapture' in 0.0014 seconds. Added 11 classes and 0 folders.
[2018.02.16-23.55.02:889][349]PIE: Play in editor start time for /Game/UEDPIE_0_TestMap 0.532
[2018.02.16-23.55.18:035][123]LogSlate: Warning: Prevented a slow task dialog from being summoned while a context menu was open
[2018.02.16-23.55.23:438][452]Cmd: OBJ SAVEPACKAGE PACKAGE="/Game/TestMap" FILE="../../../../../../Users/Matt/Documents/GameProjects/Unreal/Investiture/Investiture/Content/TestMap.umap" SILENT=true AUTOSAVING=false KEEPDIRTY=false
[2018.02.16-23.55.23:544][452]LogSavePackage: Save=58.47ms
[2018.02.16-23.55.23:544][452]LogSavePackage: Moving '../../../../../../Users/Matt/Documents/GameProjects/Unreal/Investiture/Investiture/Saved/TestMap1FA1153D4CC58A12BE048AA01063523A.tmp' to '../../../../../../Users/Matt/Documents/GameProjects/Unreal/Investiture/Investiture/Content/TestMap.umap'
[2018.02.16-23.55.23:552][452]LogSavePackage: Display: Finished SavePackage ../../../../../../Users/Matt/Documents/GameProjects/Unreal/Investiture/Investiture/Content/TestMap.umap
[2018.02.16-23.55.27:599][678]LogTemp: Repeating last play command: Selected Viewport
[2018.02.16-23.55.27:625][678]LogPlayLevel: PlayLevel: No blueprints needed recompiling
[2018.02.16-23.55.27:626][678]PIE: New page: PIE session: TestMap (Feb 16, 2018, 7:55:27 AM)
[2018.02.16-23.55.27:626][678]LogPlayLevel: Creating play world package: /Game/UEDPIE_0_TestMap
[2018.02.16-23.55.27:631][678]LogPlayLevel: PIE: StaticDuplicateObject took: (0.004900s)
[2018.02.16-23.55.27:632][678]LogAIModule: Creating AISystem for world TestMap
[2018.02.16-23.55.27:632][678]LogPlayLevel: PIE: World Init took: (0.001046s)
[2018.02.16-23.55.27:632][678]LogPlayLevel: PIE: Created PIE world by copying editor world from /Game/TestMap.TestMap to /Game/UEDPIE_0_TestMap.TestMap (0.006367s)
[2018.02.16-23.55.27:679][678]LogInit: XAudio2 using 'Headphones (Realtek High Definition Audio(SST))' : 2 channels at 48 kHz using 32 bits per sample (channel mask 0x3)
[2018.02.16-23.55.27:703][678]LogInit: FAudioDevice initialized.
[2018.02.16-23.55.27:740][678]LogLoad: Game class is 'FirstPersonGameMode_C'
[2018.02.16-23.55.27:742][678]LogWorld: Bringing World /Game/UEDPIE_0_TestMap.TestMap up for play (max tick rate 0) at 2018.02.16-15.55.27
[2018.02.16-23.55.27:743][678]LogWorld: Bringing up level for play took: 0.002384
[2018.02.16-23.55.27:746][678]PIE: Play in editor start time for /Game/UEDPIE_0_TestMap -0.612
[2018.02.16-23.55.50:449][773]LogEditorViewport: Clicking Background
[2018.02.16-23.56.19:800][698]LogSlate: Only BGRA pngs, bmps or icos are supported in by External Image Picker
[2018.02.16-23.56.19:949][700]LogTemp: Executing iPhonePackager certificates Engine -bundlename com.YourCompany.Investiture
[2018.02.16-23.56.19:949][700]LogTemp: CWD: C:\Program Files\Epic Games\UE_4.18\Engine\Binaries\DotNET\IOS
[2018.02.16-23.56.19:949][700]LogTemp: Initial Dir: C:\Program Files\Epic Games\UE_4.18
[2018.02.16-23.56.19:951][700]LogTemp: Env CWD: C:\Program Files\Epic Games\UE_4.18\Engine\Binaries\DotNET\IOS
[2018.02.16-23.56.19:957][700]LogTemp: BranchPath = DESKTOP-L2CNR04/C/Program Files/Epic Games/UE_4.18/Engine/Binaries --- GameBranchPath = DESKTOP-L2CNR04/C/Program Files/Epic Games/UE_4.18/Engine/Binaries
[2018.02.16-23.56.19:979][700]LogTemp: IPP ERROR: Could not find provision directory 'C:\Users\Matt\AppData\Local/Apple Computer/MobileDevice/Provisioning Profiles/'.
[2018.02.16-23.59.47:268][170]LogHttp: Warning: 000001B5F689A200: request failed, libcurl error: 0 (No error)
[2018.02.16-23.59.47:268][170]LogHttp: Warning: 000001B5F689A200: libcurl info message cache 0 (Found bundle for host datarouter.ol.epicgames.com: 0x1b5ad743fe8 [can pipeline])
[2018.02.16-23.59.47:268][170]LogHttp: Warning: 000001B5F689A200: libcurl info message cache 1 (Re-using existing connection! (#2) with host datarouter.ol.epicgames.com)
[2018.02.16-23.59.47:268][170]LogHttp: Warning: 000001B5F689A200: libcurl info message cache 2 (Connected to datarouter.ol.epicgames.com (52.0.218.199) port 443 (#2))
[2018.02.16-23.59.47:268][170]LogHttp: Warning: 000001B5F689A200: libcurl info message cache 3 (upload completely sent off: 934 out of 934 bytes)
[2018.02.16-23.59.47:268][170]LogHttp: Warning: 000001B5F689A200: libcurl info message cache 4 (TLSv1.2 (IN), TLS alert, Client hello (1):)
[2018.02.16-23.59.47:268][170]LogHttp: Warning: 000001B5F689A200: libcurl info message cache 5 (Connection died, retrying a fresh connect)
[2018.02.16-23.59.47:268][170]LogHttp: Warning: 000001B5F689A200: libcurl info message cache 6 (Closing connection 2)
[2018.02.16-23.59.47:268][170]LogHttp: Warning: 000001B5F689A200: libcurl info message cache 7 (TLSv1.2 (OUT), TLS alert, Client hello (1):)
[2018.02.16-23.59.47:268][170]LogHttp: Warning: 000001B5F689A200: libcurl info message cache 8 (Issue another request to this URL: 'https://datarouter.ol.epicgames.com/datarouter/api/v1/public/data?SessionID=%7BD22D48D2-4DD8-7E7F-90F6-81B43EFF2BFF%7D&AppID=UEEditor.Rocket.Release&AppVersion=4.18.2-3794801%2B%2B%2BUE4%2BRelease-4.18&UserID=a7395a7d4e93e5d7bcabec8b583433c1%7C5f58ce32267f47a98b9957bde209981f%7Ca0f9f770-b780-4deb-8108-3d95ec00d0c2&AppEnvironment=datacollector-binary&UploadType=eteventstream')
[2018.02.16-23.59.47:268][170]LogHttp: Warning: 000001B5F689A200: libcurl info message cache 9 (  Trying 34.226.35.236...)
[2018.02.16-23.59.47:268][170]LogHttp: Warning: 000001B5F689A200: libcurl info message cache 10 (connect to 34.226.35.236 port 443 failed: Timed out)
[2018.02.16-23.59.47:268][170]LogHttp: Warning: 000001B5F689A200: libcurl info message cache 11 (  Trying 34.232.223.19...)
[2018.02.16-23.59.47:268][170]LogHttp: Warning: 000001B5F689A200: libcurl info message cache 12 (Connected to datarouter.ol.epicgames.com (34.232.223.19) port 443 (#3))
[2018.02.16-23.59.47:268][170]LogHttp: Warning: 000001B5F689A200: libcurl info message cache 13 (ALPN, offering http/1.1)
[2018.02.16-23.59.47:268][170]LogHttp: Warning: 000001B5F689A200: libcurl info message cache 14 (Cipher selection: ALL:!EXPORT:!EXPORT40:!EXPORT56:!aNULL:!LOW:!RC4:@STRENGTH)
[2018.02.16-23.59.47:268][170]LogHttp: Warning: 000001B5F689A200: libcurl info message cache 15 (SSL re-using session ID)
[2018.02.16-23.59.47:268][170]LogHttp: Warning: 000001B5F689A200: libcurl info message cache 16 (TLSv1.2 (OUT), TLS handshake, Client hello (1):)
[2018.02.16-23.59.47:268][170]LogHttp: Warning: 000001B5F689A200: libcurl info message cache 17 (TLSv1.2 (IN), TLS handshake, Server hello (2):)
[2018.02.16-23.59.47:268][170]LogHttp: Warning: 000001B5F689A200: libcurl info message cache 18 (Closing connection 3)
[2018.02.17-00.02.24:522][427]LogSlate: Warning: Prevented a slow task dialog from being summoned while a context menu was open
[2018.02.17-00.02.32:014][640]LogTabManager: Warning: Cannot spawn tab because no spawner is registered for 'CompilerResults'
[2018.02.17-00.02.32:927][658]BlueprintLog: New page: Compile FirstPersonGameMode
[2018.02.17-00.02.33:495][662]LogSavePackage: Save=16.86ms
[2018.02.17-00.02.33:495][662]LogSavePackage: Moving '../../../../../../Users/Matt/Documents/GameProjects/Unreal/Investiture/Investiture/Saved/FirstPersonGameModeC375DB2C4B3233EB79BF49B13E944564.tmp' to '../../../../../../Users/Matt/Documents/GameProjects/Unreal/Investiture/Investiture/Content/Blueprints/FirstPersonGameMode.uasset'
[2018.02.17-00.02.33:503][662]LogSavePackage: Display: Finished SavePackage ../../../../../../Users/Matt/Documents/GameProjects/Unreal/Investiture/Investiture/Content/Blueprints/FirstPersonGameMode.uasset
[2018.02.17-00.02.36:152][710]LogRenderer: Reallocating scene render targets to support 616x488 Format 10 NumSamples 1 (Frame:1).
[2018.02.17-00.02.37:601][741]BlueprintLog: New page: Compile FirstPersonController
[2018.02.17-00.02.38:447][747]LogSavePackage: Save=24.70ms
[2018.02.17-00.02.38:447][747]LogSavePackage: Moving '../../../../../../Users/Matt/Documents/GameProjects/Unreal/Investiture/Investiture/Saved/FirstPersonController7E811A6E4C4E983BDCF50081BC12CCF2.tmp' to '../../../../../../Users/Matt/Documents/GameProjects/Unreal/Investiture/Investiture/Content/Blueprints/FirstPersonController.uasset'
[2018.02.17-00.02.38:456][747]LogSavePackage: Display: Finished SavePackage ../../../../../../Users/Matt/Documents/GameProjects/Unreal/Investiture/Investiture/Content/Blueprints/FirstPersonController.uasset
[2018.02.17-00.03.10:842][659]LogD3D11RHI: Timed out while waiting for GPU to catch up. (0.5 s)
[2018.02.17-00.03.12:301][661]LogD3D11RHI: Timed out while waiting for GPU to catch up. (0.5 s)
[2018.02.17-00.03.13:179][662]LogD3D11RHI: Timed out while waiting for GPU to catch up. (0.5 s)
[2018.02.17-00.03.14:777][664]LogD3D11RHI: Timed out while waiting for GPU to catch up. (0.5 s)
[2018.02.17-00.03.15:892][665]LogD3D11RHI: Timed out while waiting for GPU to catch up. (0.5 s)
[2018.02.17-00.03.26:677][932]LogBlueprint: Warning: [FirstPersonController] 'GunOffset' variable not found. Base class was probably changed. /Game/Blueprints/FirstPersonController.FirstPersonController
[2018.02.17-00.03.26:677][932]LogBlueprint: Warning: [FirstPersonController] 'BaseTurnRate' variable not found. Base class was probably changed. /Game/Blueprints/FirstPersonController.FirstPersonController
[2018.02.17-00.03.26:677][932]LogBlueprint: Warning: [FirstPersonController] 'BaseLookUpRate' variable not found. Base class was probably changed. /Game/Blueprints/FirstPersonController.FirstPersonController
[2018.02.17-00.03.26:678][932]LogBlueprint: Warning: [FirstPersonController] 'Mesh2P' variable not found. Base class was probably changed. /Game/Blueprints/FirstPersonController.FirstPersonController
[2018.02.17-00.03.26:678][932]LogBlueprint: Warning: [FirstPersonController] 'Sphere' variable not found. Base class was probably changed. /Game/Blueprints/FirstPersonController.FirstPersonController
[2018.02.17-00.03.26:678][932]LogBlueprint: Warning: [FirstPersonController] 'FirstPersonCamera' variable not found. Base class was probably changed. /Game/Blueprints/FirstPersonController.FirstPersonController
[2018.02.17-00.04.47:287][279]LogHttp: Warning: 000001B5EF81B280: request failed, libcurl error: 0 (No error)
[2018.02.17-00.04.47:287][279]LogHttp: Warning: 000001B5EF81B280: libcurl info message cache 0 (Connection 4 seems to be dead!)
[2018.02.17-00.04.47:287][279]LogHttp: Warning: 000001B5EF81B280: libcurl info message cache 1 (Closing connection 4)
[2018.02.17-00.04.47:287][279]LogHttp: Warning: 000001B5EF81B280: libcurl info message cache 2 (TLSv1.2 (OUT), TLS alert, Client hello (1):)
[2018.02.17-00.04.47:287][279]LogHttp: Warning: 000001B5EF81B280: libcurl info message cache 3 (  Trying 34.202.228.46...)
[2018.02.17-00.04.47:287][279]LogHttp: Warning: 000001B5EF81B280: libcurl info message cache 4 (Connected to datarouter.ol.epicgames.com (34.202.228.46) port 443 (#5))
[2018.02.17-00.04.47:287][279]LogHttp: Warning: 000001B5EF81B280: libcurl info message cache 5 (ALPN, offering http/1.1)
[2018.02.17-00.04.47:287][279]LogHttp: Warning: 000001B5EF81B280: libcurl info message cache 6 (Cipher selection: ALL:!EXPORT:!EXPORT40:!EXPORT56:!aNULL:!LOW:!RC4:@STRENGTH)
[2018.02.17-00.04.47:287][279]LogHttp: Warning: 000001B5EF81B280: libcurl info message cache 7 (SSL re-using session ID)
[2018.02.17-00.04.47:287][279]LogHttp: Warning: 000001B5EF81B280: libcurl info message cache 8 (TLSv1.2 (OUT), TLS handshake, Client hello (1):)
[2018.02.17-00.04.47:287][279]LogHttp: Warning: 000001B5EF81B280: libcurl info message cache 9 (TLSv1.2 (IN), TLS handshake, Server hello (2):)
[2018.02.17-00.04.47:287][279]LogHttp: Warning: 000001B5EF81B280: libcurl info message cache 10 (Closing connection 5)
[2018.02.17-00.05.23:790][356]LogEditorTransaction: Undo Move Node
[2018.02.17-00.05.24:193][359]LogEditorTransaction: Undo Create Pin Link
[2018.02.17-00.05.24:813][373]LogEditorTransaction: Undo Move Node
[2018.02.17-00.06.31:300][270]LogEditorTransaction: Undo Delete current selection
[2018.02.17-00.06.44:291][470]BlueprintLog: New page: Compile FirstPersonController
[2018.02.17-00.06.44:326][470]LogBlueprint: Warning: [Compiler FirstPersonController] Could not find a variable named "BaseLookUpRate" in 'FirstPersonController_C'.
Make sure 'FirstPersonController_C' has been compiled for  Get BaseLookUpRate
[2018.02.17-00.06.44:326][470]LogBlueprint: Warning: [Compiler FirstPersonController] Could not find a variable named "BaseTurnRate" in 'FirstPersonController_C'.
Make sure 'FirstPersonController_C' has been compiled for  Get BaseTurnRate
[2018.02.17-00.06.44:330][470]LogBlueprint: Error: [Compiler FirstPersonController] The property associated with  Base Turn Rate  could not be found
[2018.02.17-00.06.44:331][470]LogBlueprint: Error: [Compiler FirstPersonController] The property associated with  Base Look Up Rate  could not be found
[2018.02.17-00.06.44:657][470]LogBlueprint: Warning: [Compiler FirstPersonController] [1007.19] Compile of FirstPersonController failed. 2 Fatal Issue(s) 2 Warning(s) [in 365 ms] (/Game/Blueprints/FirstPersonController.FirstPersonController)
[2018.02.17-00.06.45:434][478]LogSavePackage: Save=85.68ms
[2018.02.17-00.06.45:434][478]LogSavePackage: Moving '../../../../../../Users/Matt/Documents/GameProjects/Unreal/Investiture/Investiture/Saved/FirstPersonControllerEB169CF94BDD3D6513DF90B861580FEF.tmp' to '../../../../../../Users/Matt/Documents/GameProjects/Unreal/Investiture/Investiture/Content/Blueprints/FirstPersonController.uasset'
[2018.02.17-00.06.45:442][478]LogSavePackage: Display: Finished SavePackage ../../../../../../Users/Matt/Documents/GameProjects/Unreal/Investiture/Investiture/Content/Blueprints/FirstPersonController.uasset
[2018.02.17-00.07.09:683][998]LogD3D11RHI: Timed out while waiting for GPU to catch up. (0.5 s)
[2018.02.17-00.07.10:407][999]LogD3D11RHI: Timed out while waiting for GPU to catch up. (0.5 s)
[2018.02.17-00.07.22:712][314]LogEditorTransaction: Undo Move Node
[2018.02.17-00.07.27:800][454]LogSavePackage: Save=82.80ms
[2018.02.17-00.07.27:800][454]LogSavePackage: Moving '../../../../../../Users/Matt/Documents/GameProjects/Unreal/Investiture/Investiture/Saved/FirstPersonCharacterB1D1227E4554B37043737B8D37EDD841.tmp' to '../../../../../../Users/Matt/Documents/GameProjects/Unreal/Investiture/Investiture/Content/Blueprints/FirstPersonCharacter.uasset'
[2018.02.17-00.07.27:807][454]LogSavePackage: Display: Finished SavePackage ../../../../../../Users/Matt/Documents/GameProjects/Unreal/Investiture/Investiture/Content/Blueprints/FirstPersonCharacter.uasset
[2018.02.17-00.07.29:759][508]BlueprintLog: New page: Compile FirstPersonCharacter
[2018.02.17-00.07.30:892][513]LogSavePackage: Save=66.63ms
[2018.02.17-00.07.30:892][513]LogSavePackage: Moving '../../../../../../Users/Matt/Documents/GameProjects/Unreal/Investiture/Investiture/Saved/FirstPersonCharacter671AFF40458024E57CE61E9803229E44.tmp' to '../../../../../../Users/Matt/Documents/GameProjects/Unreal/Investiture/Investiture/Content/Blueprints/FirstPersonCharacter.uasset'
[2018.02.17-00.07.30:895][513]LogSavePackage: Display: Finished SavePackage ../../../../../../Users/Matt/Documents/GameProjects/Unreal/Investiture/Investiture/Content/Blueprints/FirstPersonCharacter.uasset
[2018.02.17-00.07.55:132][ 57]LogSavePackage: Save=47.73ms
[2018.02.17-00.07.55:133][ 57]LogSavePackage: Moving '../../../../../../Users/Matt/Documents/GameProjects/Unreal/Investiture/Investiture/Saved/TestMap_Auto12FBE66434CF73C0E24EE4892EB24E001.tmp' to '../../../../../../Users/Matt/Documents/GameProjects/Unreal/Investiture/Investiture/Saved/Autosaves/Game/TestMap_Auto1.umap'
[2018.02.17-00.07.55:135][ 57]LogSavePackage: Display: Finished SavePackage ../../../../../../Users/Matt/Documents/GameProjects/Unreal/Investiture/Investiture/Saved/Autosaves/Game/TestMap_Auto1.umap
[2018.02.17-00.07.55:139][ 57]LogFileHelpers: Editor autosave (incl. sublevels) for '/Game/TestMap' took 0.104
[2018.02.17-00.07.55:139][ 57]LogFileHelpers: Editor autosave (incl. sublevels) for all levels took 0.104
[2018.02.17-00.08.41:014][408]LogSavePackage: Save=80.06ms
[2018.02.17-00.08.41:014][408]LogSavePackage: Moving '../../../../../../Users/Matt/Documents/GameProjects/Unreal/Investiture/Investiture/Saved/FirstPersonControllerB164BF684E5120EE3DFF2199780F7002.tmp' to '../../../../../../Users/Matt/Documents/GameProjects/Unreal/Investiture/Investiture/Content/Blueprints/FirstPersonController.uasset'
[2018.02.17-00.08.41:020][408]LogSavePackage: Display: Finished SavePackage ../../../../../../Users/Matt/Documents/GameProjects/Unreal/Investiture/Investiture/Content/Blueprints/FirstPersonController.uasset
[2018.02.17-00.09.10:926][315]BlueprintLog: New page: Compile FirstPersonController
[2018.02.17-00.09.11:277][315]LogScript: Warning: Accessed None trying to read property CallFunc_K2_GetPawn_ReturnValue3
	FirstPersonController_C /Engine/Transient.World_11:PersistentLevel.FirstPersonController_C_0
	Function /Game/Blueprints/FirstPersonController.FirstPersonController_C:ExecuteUbergraph_FirstPersonController:02F4
[2018.02.17-00.09.11:277][315]LogScript: Warning: Accessed None trying to read property CallFunc_K2_GetPawn_ReturnValue2
	FirstPersonController_C /Engine/Transient.World_11:PersistentLevel.FirstPersonController_C_0
	Function /Game/Blueprints/FirstPersonController.FirstPersonController_C:ExecuteUbergraph_FirstPersonController:0343
[2018.02.17-00.09.11:278][315]LogScript: Warning: Accessed None trying to read property CallFunc_K2_GetPawn_ReturnValue3
	FirstPersonController_C /Engine/Transient.World_11:PersistentLevel.FirstPersonController_C_0
	Function /Game/Blueprints/FirstPersonController.FirstPersonController_C:ExecuteUbergraph_FirstPersonController:02F4
[2018.02.17-00.09.11:278][315]LogScript: Warning: Accessed None trying to read property CallFunc_K2_GetPawn_ReturnValue2
	FirstPersonController_C /Engine/Transient.World_11:PersistentLevel.FirstPersonController_C_0
	Function /Game/Blueprints/FirstPersonController.FirstPersonController_C:ExecuteUbergraph_FirstPersonController:0343
[2018.02.17-00.09.11:278][315]LogScript: Warning: Accessed None trying to read property CallFunc_K2_GetPawn_ReturnValue4
	FirstPersonController_C /Engine/Transient.World_11:PersistentLevel.FirstPersonController_C_0
	Function /Game/Blueprints/FirstPersonController.FirstPersonController_C:ExecuteUbergraph_FirstPersonController:01B3
[2018.02.17-00.09.11:278][315]LogScript: Warning: Accessed None trying to read property CallFunc_K2_GetPawn_ReturnValue4
	FirstPersonController_C /Engine/Transient.World_11:PersistentLevel.FirstPersonController_C_0
	Function /Game/Blueprints/FirstPersonController.FirstPersonController_C:ExecuteUbergraph_FirstPersonController:0169
[2018.02.17-00.09.11:310][316]LogScript: Warning: Accessed None trying to read property CallFunc_K2_GetPawn_ReturnValue3
	FirstPersonController_C /Engine/Transient.World_11:PersistentLevel.FirstPersonController_C_0
	Function /Game/Blueprints/FirstPersonController.FirstPersonController_C:ExecuteUbergraph_FirstPersonController:02F4
[2018.02.17-00.09.11:310][316]LogScript: Warning: Accessed None trying to read property CallFunc_K2_GetPawn_ReturnValue2
	FirstPersonController_C /Engine/Transient.World_11:PersistentLevel.FirstPersonController_C_0
	Function /Game/Blueprints/FirstPersonController.FirstPersonController_C:ExecuteUbergraph_FirstPersonController:0343
[2018.02.17-00.09.11:310][316]LogScript: Warning: Accessed None trying to read property CallFunc_K2_GetPawn_ReturnValue3
	FirstPersonController_C /Engine/Transient.World_11:PersistentLevel.FirstPersonController_C_0
	Function /Game/Blueprints/FirstPersonController.FirstPersonController_C:ExecuteUbergraph_FirstPersonController:02F4
[2018.02.17-00.09.11:310][316]LogScript: Warning: Accessed None trying to read property CallFunc_K2_GetPawn_ReturnValue2
	FirstPersonController_C /Engine/Transient.World_11:PersistentLevel.FirstPersonController_C_0
	Function /Game/Blueprints/FirstPersonController.FirstPersonController_C:ExecuteUbergraph_FirstPersonController:0343
[2018.02.17-00.09.11:310][316]LogScript: Warning: Accessed None trying to read property CallFunc_K2_GetPawn_ReturnValue4
	FirstPersonController_C /Engine/Transient.World_11:PersistentLevel.FirstPersonController_C_0
	Function /Game/Blueprints/FirstPersonController.FirstPersonController_C:ExecuteUbergraph_FirstPersonController:01B3
[2018.02.17-00.09.11:310][316]LogScript: Warning: Accessed None trying to read property CallFunc_K2_GetPawn_ReturnValue4
	FirstPersonController_C /Engine/Transient.World_11:PersistentLevel.FirstPersonController_C_0
	Function /Game/Blueprints/FirstPersonController.FirstPersonController_C:ExecuteUbergraph_FirstPersonController:0169
[2018.02.17-00.09.11:326][317]LogScript: Warning: Accessed None trying to read property CallFunc_K2_GetPawn_ReturnValue3
	FirstPersonController_C /Engine/Transient.World_11:PersistentLevel.FirstPersonController_C_0
	Function /Game/Blueprints/FirstPersonController.FirstPersonController_C:ExecuteUbergraph_FirstPersonController:02F4
[2018.02.17-00.09.11:326][317]LogScript: Warning: Accessed None trying to read property CallFunc_K2_GetPawn_ReturnValue2
	FirstPersonController_C /Engine/Transient.World_11:PersistentLevel.FirstPersonController_C_0
	Function /Game/Blueprints/FirstPersonController.FirstPersonController_C:ExecuteUbergraph_FirstPersonController:0343
[2018.02.17-00.09.11:326][317]LogScript: Warning: Accessed None trying to read property CallFunc_K2_GetPawn_ReturnValue3
	FirstPersonController_C /Engine/Transient.World_11:PersistentLevel.FirstPersonController_C_0
	Function /Game/Blueprints/FirstPersonController.FirstPersonController_C:ExecuteUbergraph_FirstPersonController:02F4
[2018.02.17-00.09.11:326][317]LogScript: Warning: Accessed None trying to read property CallFunc_K2_GetPawn_ReturnValue2
	FirstPersonController_C /Engine/Transient.World_11:PersistentLevel.FirstPersonController_C_0
	Function /Game/Blueprints/FirstPersonController.FirstPersonController_C:ExecuteUbergraph_FirstPersonController:0343
[2018.02.17-00.09.11:326][317]LogScript: Warning: Accessed None trying to read property CallFunc_K2_GetPawn_ReturnValue4
	FirstPersonController_C /Engine/Transient.World_11:PersistentLevel.FirstPersonController_C_0
	Function /Game/Blueprints/FirstPersonController.FirstPersonController_C:ExecuteUbergraph_FirstPersonController:01B3
[2018.02.17-00.09.12:207][335]LogSavePackage: Save=63.29ms
[2018.02.17-00.09.12:207][335]LogSavePackage: Moving '../../../../../../Users/Matt/Documents/GameProjects/Unreal/Investiture/Investiture/Saved/FirstPersonControllerBC8D3E034E63F666CFBEABB3687F097B.tmp' to '../../../../../../Users/Matt/Documents/GameProjects/Unreal/Investiture/Investiture/Content/Blueprints/FirstPersonController.uasset'
[2018.02.17-00.09.12:215][335]LogSavePackage: Display: Finished SavePackage ../../../../../../Users/Matt/Documents/GameProjects/Unreal/Investiture/Investiture/Content/Blueprints/FirstPersonController.uasset
[2018.02.17-00.09.17:147][509]LogTemp: Repeating last play command: Selected Viewport
[2018.02.17-00.09.17:186][509]LogPlayLevel: PlayLevel: No blueprints needed recompiling
[2018.02.17-00.09.17:186][509]PIE: New page: PIE session: TestMap (Feb 16, 2018, 8:09:17 AM)
[2018.02.17-00.09.17:186][509]LogPlayLevel: Creating play world package: /Game/UEDPIE_0_TestMap
[2018.02.17-00.09.17:191][509]LogPlayLevel: PIE: StaticDuplicateObject took: (0.005146s)
[2018.02.17-00.09.17:192][509]LogAIModule: Creating AISystem for world TestMap
[2018.02.17-00.09.17:193][509]LogPlayLevel: PIE: World Init took: (0.001001s)
[2018.02.17-00.09.17:193][509]LogPlayLevel: PIE: Created PIE world by copying editor world from /Game/TestMap.TestMap to /Game/UEDPIE_0_TestMap.TestMap (0.006570s)
[2018.02.17-00.09.17:241][509]LogInit: XAudio2 using 'Headphones (Realtek High Definition Audio(SST))' : 2 channels at 48 kHz using 32 bits per sample (channel mask 0x3)
[2018.02.17-00.09.17:267][509]LogInit: FAudioDevice initialized.
[2018.02.17-00.09.17:304][509]LogLoad: Game class is 'FirstPersonGameMode_C'
[2018.02.17-00.09.17:306][509]LogWorld: Bringing World /Game/UEDPIE_0_TestMap.TestMap up for play (max tick rate 0) at 2018.02.16-16.09.17
[2018.02.17-00.09.17:307][509]LogWorld: Bringing up level for play took: 0.002911
[2018.02.17-00.09.17:311][509]PIE: Play in editor start time for /Game/UEDPIE_0_TestMap 0.954
[2018.02.17-00.09.30:153][  8]Cmd: OBJ SAVEPACKAGE PACKAGE="/Game/TestMap" FILE="../../../../../../Users/Matt/Documents/GameProjects/Unreal/Investiture/Investiture/Content/TestMap.umap" SILENT=true AUTOSAVING=false KEEPDIRTY=false
[2018.02.17-00.09.30:241][  8]LogSavePackage: Save=49.07ms
[2018.02.17-00.09.30:242][  8]LogSavePackage: Moving '../../../../../../Users/Matt/Documents/GameProjects/Unreal/Investiture/Investiture/Saved/TestMap1F7F00BC43ACD1F0EE8E8DAE478CD460.tmp' to '../../../../../../Users/Matt/Documents/GameProjects/Unreal/Investiture/Investiture/Content/TestMap.umap'
[2018.02.17-00.09.30:250][  8]LogSavePackage: Display: Finished SavePackage ../../../../../../Users/Matt/Documents/GameProjects/Unreal/Investiture/Investiture/Content/TestMap.umap
[2018.02.17-00.09.30:298][  8]LogFileHelpers: Saving map 'TestMap' took 0.253
[2018.02.17-00.09.30:426][  8]LogWindowsTextInputMethodSystem: Display: IME system now deactivated.
[2018.02.17-00.09.30:427][  8]LogWindowsTextInputMethodSystem: Display: IME system now deactivated.
[2018.02.17-00.09.30:804][  9]Cmd: QUIT_EDITOR
[2018.02.17-00.09.31:435][  9]LogExit: Preparing to exit.
[2018.02.17-00.09.32:255][  9]LogDirectoryWatcher: A directory notification for 'C:/Users/Matt/Documents/GameProjects/Unreal/Investiture/Investiture/Content/' was aborted.
[2018.02.17-00.09.32:313][  9]LogExit: Editor shut down
[2018.02.17-00.09.32:319][  9]LogExit: Transaction tracking system shut down
[2018.02.17-00.09.32:529][  9]LogDirectoryWatcher: A directory notification for '../../../Engine/Content/' was aborted.
[2018.02.17-00.09.32:530][  9]LogDirectoryWatcher: A directory notification for '../../../../../../Users/Matt/Documents/GameProjects/Unreal/Investiture/Investiture/Content/' was aborted.
[2018.02.17-00.09.32:530][  9]LogDirectoryWatcher: A directory notification for '../../../Engine/Plugins/2D/Paper2D/Content/' was aborted.
[2018.02.17-00.09.32:530][  9]LogDirectoryWatcher: A directory notification for '../../../Engine/Plugins/Media/MediaCompositing/Content/' was aborted.
[2018.02.17-00.09.32:530][  9]LogDirectoryWatcher: A directory notification for '../../../Engine/Plugins/Runtime/AppleARKit/Content/' was aborted.
[2018.02.17-00.09.32:530][  9]LogDirectoryWatcher: A directory notification for '../../../Engine/Plugins/Runtime/Oculus/OculusVR/Content/' was aborted.
[2018.02.17-00.09.32:530][  9]LogDirectoryWatcher: A directory notification for '../../../Engine/Plugins/Runtime/Steam/SteamVR/Content/' was aborted.
[2018.02.17-00.09.32:637][  9]LogExit: Object subsystem successfully closed.
[2018.02.17-00.09.32:665][  9]LogD3D11RHI: Shutdown
[2018.02.17-00.09.32:666][  9]LogD3D11RHI: CleanupD3DDevice
[2018.02.17-00.09.32:697][  9]LogD3D11RHI: ~FD3D11DynamicRHI
[2018.02.17-00.09.32:722][  9]LogModuleManager: Shutting down and abandoning module ExternalImagePicker (554)
[2018.02.17-00.09.32:723][  9]LogModuleManager: Shutting down and abandoning module MovieSceneCapture (552)
[2018.02.17-00.09.32:723][  9]LogModuleManager: Shutting down and abandoning module BlueprintGraph (550)
[2018.02.17-00.09.32:723][  9]LogModuleManager: Shutting down and abandoning module StatsViewer (548)
[2018.02.17-00.09.32:723][  9]LogModuleManager: Shutting down and abandoning module HierarchicalLODOutliner (546)
[2018.02.17-00.09.32:723][  9]LogModuleManager: Shutting down and abandoning module AddContentDialog (544)
[2018.02.17-00.09.32:723][  9]LogDirectoryWatcher: A directory notification for 'C:/Program Files/Epic Games/UE_4.18/FeaturePacks/' was aborted.
[2018.02.17-00.09.32:723][  9]LogModuleManager: Shutting down and abandoning module WidgetCarousel (543)
[2018.02.17-00.09.32:723][  9]LogModuleManager: Shutting down and abandoning module EditorWidgets (540)
[2018.02.17-00.09.32:723][  9]LogModuleManager: Shutting down and abandoning module CollectionManager (538)
[2018.02.17-00.09.32:724][  9]LogDirectoryWatcher: A directory notification for 'C:/Users/Matt/Documents/GameProjects/Unreal/Investiture/Investiture/Content/Collections/' was aborted.
[2018.02.17-00.09.32:724][  9]LogDirectoryWatcher: A directory notification for 'C:/Users/Matt/Documents/GameProjects/Unreal/Investiture/Investiture/Content/Developers/Matt/Collections/' was aborted.
[2018.02.17-00.09.32:724][  9]LogDirectoryWatcher: A directory notification for 'C:/Users/Matt/Documents/GameProjects/Unreal/Investiture/Investiture/Saved/Collections/' was aborted.
[2018.02.17-00.09.32:724][  9]LogModuleManager: Shutting down and abandoning module SceneOutliner (536)
[2018.02.17-00.09.32:724][  9]LogModuleManager: Shutting down and abandoning module FoliageEdit (534)
[2018.02.17-00.09.32:724][  9]LogModuleManager: Shutting down and abandoning module LandscapeEditor (532)
[2018.02.17-00.09.32:724][  9]LogModuleManager: Shutting down and abandoning module MeshPaintMode (530)
[2018.02.17-00.09.32:724][  9]LogModuleManager: Shutting down and abandoning module SceneDepthPickerMode (528)
[2018.02.17-00.09.32:724][  9]LogModuleManager: Shutting down and abandoning module ActorPickerMode (526)
[2018.02.17-00.09.32:724][  9]LogModuleManager: Shutting down and abandoning module GeometryMode (524)
[2018.02.17-00.09.32:724][  9]LogModuleManager: Shutting down and abandoning module TextureAlignMode (522)
[2018.02.17-00.09.32:724][  9]LogModuleManager: Shutting down and abandoning module BspMode (520)
[2018.02.17-00.09.32:724][  9]LogModuleManager: Shutting down and abandoning module PIEPreviewDeviceProfileSelector (518)
[2018.02.17-00.09.32:724][  9]LogModuleManager: Shutting down and abandoning module HardwareSurvey (516)
[2018.02.17-00.09.32:724][  9]LogModuleManager: Shutting down and abandoning module SequenceRecorderSections (514)
[2018.02.17-00.09.32:724][  9]LogModuleManager: Shutting down and abandoning module AutomationWorker (512)
[2018.02.17-00.09.32:724][  9]LogModuleManager: Shutting down and abandoning module MatineeToLevelSequence (510)
[2018.02.17-00.09.32:724][  9]LogModuleManager: Shutting down and abandoning module LevelSequenceEditor (508)
[2018.02.17-00.09.32:725][  9]LogModuleManager: Shutting down and abandoning module PlacementMode (507)
[2018.02.17-00.09.32:725][  9]LogModuleManager: Shutting down and abandoning module WmfMediaFactory (504)
[2018.02.17-00.09.32:725][  9]LogModuleManager: Shutting down and abandoning module WmfMediaEditor (502)
[2018.02.17-00.09.32:725][  9]LogModuleManager: Shutting down and abandoning module OpenExrWrapper (500)
[2018.02.17-00.09.32:725][  9]LogModuleManager: Shutting down and abandoning module ImgMediaFactory (498)
[2018.02.17-00.09.32:725][  9]LogModuleManager: Shutting down and abandoning module ImgMediaEditor (496)
[2018.02.17-00.09.32:725][  9]LogModuleManager: Shutting down and abandoning module AvfMediaFactory (494)
[2018.02.17-00.09.32:725][  9]LogModuleManager: Shutting down and abandoning module AvfMediaEditor (492)
[2018.02.17-00.09.32:725][  9]LogModuleManager: Shutting down and abandoning module AndroidMediaFactory (490)
[2018.02.17-00.09.32:725][  9]LogModuleManager: Shutting down and abandoning module AndroidMediaEditor (488)
[2018.02.17-00.09.32:725][  9]LogModuleManager: Shutting down and abandoning module CharacterAI (486)
[2018.02.17-00.09.32:725][  9]LogModuleManager: Shutting down and abandoning module AudioCapture (484)
[2018.02.17-00.09.32:725][  9]LogModuleManager: Shutting down and abandoning module SequenceRecorder (483)
[2018.02.17-00.09.32:725][  9]LogModuleManager: Shutting down and abandoning module SmartSnapping (480)
[2018.02.17-00.09.32:725][  9]LogModuleManager: Shutting down and abandoning module SessionServices (478)
[2018.02.17-00.09.32:725][  9]LogModuleManager: Shutting down and abandoning module ViewportSnapping (476)
[2018.02.17-00.09.32:725][  9]LogModuleManager: Shutting down and abandoning module ViewportInteraction (474)
[2018.02.17-00.09.32:725][  9]LogModuleManager: Shutting down and abandoning module ClothPainter (472)
[2018.02.17-00.09.32:726][  9]LogModuleManager: Shutting down and abandoning module SkeletalMeshEditor (471)
[2018.02.17-00.09.32:726][  9]LogModuleManager: Shutting down and abandoning module LogVisualizer (468)
[2018.02.17-00.09.32:726][  9]LogModuleManager: Shutting down and abandoning module IntroTutorials (466)
[2018.02.17-00.09.32:726][  9]LogModuleManager: Shutting down and abandoning module GameProjectGeneration (465)
[2018.02.17-00.09.32:726][  9]LogModuleManager: Shutting down and abandoning module IOSPlatformEditor (462)
[2018.02.17-00.09.32:726][  9]LogModuleManager: Shutting down and abandoning module HTML5PlatformEditor (460)
[2018.02.17-00.09.32:726][  9]LogModuleManager: Shutting down and abandoning module AndroidPlatformEditor (458)
[2018.02.17-00.09.32:726][  9]LogModuleManager: Shutting down and abandoning module AndroidDeviceDetection (457)
[2018.02.17-00.09.33:179][  9]LogModuleManager: Shutting down and abandoning module WindowsPlatformEditor (454)
[2018.02.17-00.09.33:179][  9]LogModuleManager: Shutting down and abandoning module IOSRuntimeSettings (452)
[2018.02.17-00.09.33:179][  9]LogModuleManager: Shutting down and abandoning module AndroidRuntimeSettings (450)
[2018.02.17-00.09.33:179][  9]LogModuleManager: Shutting down and abandoning module InputBindingEditor (448)
[2018.02.17-00.09.33:179][  9]LogModuleManager: Shutting down and abandoning module MergeActors (446)
[2018.02.17-00.09.33:179][  9]LogModuleManager: Shutting down and abandoning module SizeMap (444)
[2018.02.17-00.09.33:179][  9]LogModuleManager: Shutting down and abandoning module TreeMap (442)
[2018.02.17-00.09.33:179][  9]LogModuleManager: Shutting down and abandoning module ReferenceViewer (440)
[2018.02.17-00.09.33:179][  9]LogModuleManager: Shutting down and abandoning module LocalizationDashboard (438)
[2018.02.17-00.09.33:180][  9]LogModuleManager: Shutting down and abandoning module LocalizationService (437)
[2018.02.17-00.09.33:180][  9]LogModuleManager: Shutting down and abandoning module HardwareTargeting (434)
[2018.02.17-00.09.33:180][  9]LogModuleManager: Shutting down and abandoning module DeviceProfileEditor (432)
[2018.02.17-00.09.33:180][  9]LogModuleManager: Shutting down and abandoning module UndoHistory (430)
[2018.02.17-00.09.33:180][  9]LogModuleManager: Shutting down and abandoning module XmlParser (428)
[2018.02.17-00.09.33:180][  9]LogModuleManager: Shutting down and abandoning module Blutility (426)
[2018.02.17-00.09.33:180][  9]LogModuleManager: Shutting down and abandoning module ProjectSettingsViewer (424)
[2018.02.17-00.09.33:180][  9]LogModuleManager: Shutting down and abandoning module ProjectTargetPlatformEditor (423)
[2018.02.17-00.09.33:180][  9]LogModuleManager: Shutting down and abandoning module EditorSettingsViewer (420)
[2018.02.17-00.09.33:181][  9]LogModuleManager: Shutting down and abandoning module SettingsEditor (418)
[2018.02.17-00.09.33:181][  9]LogModuleManager: Shutting down and abandoning module ProjectLauncher (416)
[2018.02.17-00.09.33:181][  9]LogModuleManager: Shutting down and abandoning module SessionFrontend (414)
[2018.02.17-00.09.33:181][  9]LogModuleManager: Shutting down and abandoning module ProfilerClient (412)
[2018.02.17-00.09.33:181][  9]LogModuleManager: Shutting down and abandoning module DeviceManager (410)
[2018.02.17-00.09.33:181][  9]LogModuleManager: Shutting down and abandoning module TargetDeviceServices (409)
[2018.02.17-00.09.33:246][  9]LogModuleManager: Shutting down and abandoning module AutomationController (406)
[2018.02.17-00.09.33:246][  9]LogModuleManager: Shutting down and abandoning module AutomationWindow (404)
[2018.02.17-00.09.33:246][  9]LogModuleManager: Shutting down and abandoning module Layers (402)
[2018.02.17-00.09.33:246][  9]LogModuleManager: Shutting down and abandoning module ComponentVisualizers (400)
[2018.02.17-00.09.33:246][  9]LogModuleManager: Shutting down and abandoning module DetailCustomizations (398)
[2018.02.17-00.09.33:246][  9]LogModuleManager: Shutting down and abandoning module PackagesDialog (396)
[2018.02.17-00.09.33:247][  9]LogModuleManager: Shutting down and abandoning module Persona (394)
[2018.02.17-00.09.33:247][  9]LogModuleManager: Shutting down and abandoning module AdvancedPreviewScene (393)
[2018.02.17-00.09.33:247][  9]LogModuleManager: Shutting down and abandoning module AnimGraph (391)
[2018.02.17-00.09.33:247][  9]LogModuleManager: Shutting down and abandoning module Kismet (388)
[2018.02.17-00.09.33:263][  9]LogModuleManager: Shutting down and abandoning module ClassViewer (386)
[2018.02.17-00.09.33:264][  9]LogModuleManager: Shutting down and abandoning module Toolbox (384)
[2018.02.17-00.09.33:264][  9]LogModuleManager: Shutting down and abandoning module ModuleUI (382)
[2018.02.17-00.09.33:264][  9]LogModuleManager: Shutting down and abandoning module MovieSceneTools (380)
[2018.02.17-00.09.33:265][  9]LogModuleManager: Shutting down and abandoning module OutputLog (378)
[2018.02.17-00.09.33:265][  9]LogModuleManager: Shutting down and abandoning module GammaUI (376)
[2018.02.17-00.09.33:265][  9]LogModuleManager: Shutting down and abandoning module Documentation (374)
[2018.02.17-00.09.33:265][  9]LogModuleManager: Shutting down and abandoning module MovieSceneTracks (372)
[2018.02.17-00.09.33:265][  9]LogModuleManager: Shutting down and abandoning module MovieScene (370)
[2018.02.17-00.09.33:265][  9]LogModuleManager: Shutting down and abandoning module StreamingPauseRendering (368)
[2018.02.17-00.09.33:265][  9]LogModuleManager: Shutting down and abandoning module LauncherPlatform (366)
[2018.02.17-00.09.33:265][  9]LogModuleManager: Shutting down and abandoning module AnalyticsET (364)
[2018.02.17-00.09.33:265][  9]LogModuleManager: Shutting down and abandoning module PortalServices (362)
[2018.02.17-00.09.33:265][  9]LogModuleManager: Shutting down and abandoning module PortalRpc (360)
[2018.02.17-00.09.33:265][  9]LogModuleManager: Shutting down and abandoning module MessagingRpc (358)
[2018.02.17-00.09.33:265][  9]LogModuleManager: Shutting down and abandoning module AIModule (356)
[2018.02.17-00.09.33:265][  9]LogModuleManager: Shutting down and abandoning module GameplayDebugger (355)
[2018.02.17-00.09.33:265][  9]LogModuleManager: Shutting down and abandoning module AITestSuite (353)
[2018.02.17-00.09.33:265][  9]LogModuleManager: Shutting down and abandoning module DesktopPlatform (350)
[2018.02.17-00.09.33:265][  9]LogModuleManager: Shutting down and abandoning module ProfilerService (348)
[2018.02.17-00.09.33:337][  9]LogModuleManager: Shutting down and abandoning module TaskGraph (346)
[2018.02.17-00.09.33:337][  9]LogModuleManager: Shutting down and abandoning module SteamVRController (344)
[2018.02.17-00.09.33:337][  9]LogModuleManager: Shutting down and abandoning module ProceduralMeshComponentEditor (342)
[2018.02.17-00.09.33:338][  9]LogModuleManager: Shutting down and abandoning module ProceduralMeshComponent (340)
[2018.02.17-00.09.33:338][  9]LogModuleManager: Shutting down and abandoning module OculusInput (338)
[2018.02.17-00.09.33:338][  9]LogModuleManager: Shutting down and abandoning module MobilePatchingUtils (336)
[2018.02.17-00.09.33:338][  9]LogModuleManager: Shutting down and abandoning module CustomMeshComponent (334)
[2018.02.17-00.09.33:338][  9]LogModuleManager: Shutting down and abandoning module CableComponent (332)
[2018.02.17-00.09.33:338][  9]LogModuleManager: Shutting down and abandoning module ArchVisCharacter (330)
[2018.02.17-00.09.33:338][  9]LogModuleManager: Shutting down and abandoning module AndroidPermission (328)
[2018.02.17-00.09.33:338][  9]LogModuleManager: Shutting down and abandoning module ActorSequence (324)
[2018.02.17-00.09.33:338][  9]LogModuleManager: Shutting down and abandoning module MediaPlayerEditor (322)
[2018.02.17-00.09.33:338][  9]LogModuleManager: Shutting down and abandoning module MediaCompositingEditor (320)
[2018.02.17-00.09.33:338][  9]LogModuleManager: Shutting down and abandoning module MediaCompositing (318)
[2018.02.17-00.09.33:338][  9]LogModuleManager: Shutting down and abandoning module HTML5Networking (316)
[2018.02.17-00.09.33:338][  9]LogModuleManager: Shutting down and abandoning module AlembicImporter (314)
[2018.02.17-00.09.33:338][  9]LogModuleManager: Shutting down and abandoning module AlembicLibrary (313)
[2018.02.17-00.09.33:338][  9]LogModuleManager: Shutting down and abandoning module GeometryCache (312)
[2018.02.17-00.09.33:338][  9]LogModuleManager: Shutting down and abandoning module GeometryCacheEd (311)
[2018.02.17-00.09.33:338][  9]LogModuleManager: Shutting down and abandoning module SpeedTreeImporter (306)
[2018.02.17-00.09.33:338][  9]LogModuleManager: Shutting down and abandoning module PluginBrowser (304)
[2018.02.17-00.09.33:338][  9]LogModuleManager: Shutting down and abandoning module MobileLauncherProfileWizard (302)
[2018.02.17-00.09.33:338][  9]LogModuleManager: Shutting down and abandoning module VisualStudioSourceCodeAccess (300)
[2018.02.17-00.09.33:339][  9]LogModuleManager: Shutting down and abandoning module VisualStudioCodeSourceCodeAccess (298)
[2018.02.17-00.09.33:339][  9]LogModuleManager: Shutting down and abandoning module UObjectPlugin (296)
[2018.02.17-00.09.33:339][  9]LogModuleManager: Shutting down and abandoning module SubversionSourceControl (294)
[2018.02.17-00.09.33:339][  9]LogModuleManager: Shutting down and abandoning module PerforceSourceControl (292)
[2018.02.17-00.09.33:339][  9]LogModuleManager: Shutting down and abandoning module GitSourceControl (290)
[2018.02.17-00.09.33:339][  9]LogModuleManager: Shutting down and abandoning module SourceControl (289)
[2018.02.17-00.09.33:339][  9]LogModuleManager: Shutting down and abandoning module LightPropagationVolumeEditor (286)
[2018.02.17-00.09.33:339][  9]LogModuleManager: Shutting down and abandoning module PaperTiledImporter (284)
[2018.02.17-00.09.33:339][  9]LogModuleManager: Shutting down and abandoning module PaperSpriteSheetImporter (282)
[2018.02.17-00.09.33:339][  9]LogModuleManager: Shutting down and abandoning module Paper2DEditor (280)
[2018.02.17-00.09.33:339][  9]LogModuleManager: Shutting down and abandoning module MeshPaint (279)
[2018.02.17-00.09.33:339][  9]LogModuleManager: Shutting down and abandoning module LevelEditor (277)
[2018.02.17-00.09.33:340][  9]LogModuleManager: Shutting down and abandoning module PixelInspectorModule (276)
[2018.02.17-00.09.33:340][  9]LogModuleManager: Shutting down and abandoning module MainFrame (274)
[2018.02.17-00.09.33:340][  9]LogModuleManager: Shutting down and abandoning module HotReload (273)
[2018.02.17-00.09.33:341][  9]LogModuleManager: Shutting down and abandoning module RuntimePhysXCooking (268)
[2018.02.17-00.09.33:341][  9]LogModuleManager: Shutting down and abandoning module PhysXVehiclesEditor (266)
[2018.02.17-00.09.33:341][  9]LogModuleManager: Shutting down and abandoning module PhysXVehicles (264)
[2018.02.17-00.09.33:341][  9]LogModuleManager: Shutting down and abandoning module OculusEditor (262)
[2018.02.17-00.09.33:341][  9]LogModuleManager: Shutting down and abandoning module LocationServicesBPLibrary (260)
[2018.02.17-00.09.33:341][  9]LogModuleManager: Shutting down and abandoning module ImmediatePhysicsEditor (258)
[2018.02.17-00.09.33:341][  9]LogModuleManager: Shutting down and abandoning module ImmediatePhysics (256)
[2018.02.17-00.09.33:341][  9]LogModuleManager: Shutting down and abandoning module UdpMessaging (254)
[2018.02.17-00.09.33:442][  9]LogModuleManager: Shutting down and abandoning module TcpMessaging (252)
[2018.02.17-00.09.33:543][  9]LogModuleManager: Shutting down and abandoning module GameplayTagsEditor (250)
[2018.02.17-00.09.33:543][  9]LogModuleManager: Shutting down and abandoning module FacialAnimationEditor (248)
[2018.02.17-00.09.33:543][  9]LogModuleManager: Shutting down and abandoning module FacialAnimation (246)
[2018.02.17-00.09.33:543][  9]LogModuleManager: Shutting down and abandoning module AssetManagerEditor (244)
[2018.02.17-00.09.33:543][  9]LogModuleManager: Shutting down and abandoning module GraphEditor (243)
[2018.02.17-00.09.33:543][  9]LogModuleManager: Shutting down and abandoning module ContentBrowser (241)
[2018.02.17-00.09.33:545][  9]LogModuleManager: Shutting down and abandoning module LightPropagationVolumeRuntime (238)
[2018.02.17-00.09.33:545][  9]LogModuleManager: Shutting down and abandoning module Paper2D (236)
[2018.02.17-00.09.33:545][  9]LogModuleManager: Shutting down and abandoning module WindowsMoviePlayer (234)
[2018.02.17-00.09.33:545][  9]LogModuleManager: Shutting down and abandoning module WmfMedia (232)
[2018.02.17-00.09.33:548][  9]LogModuleManager: Shutting down and abandoning module ImgMedia (230)
[2018.02.17-00.09.33:548][  9]LogModuleManager: Shutting down and abandoning module PacketHandler (228)
[2018.02.17-00.09.33:548][  9]LogModuleManager: Shutting down and abandoning module ClothingSystemEditor (226)
[2018.02.17-00.09.33:548][  9]LogModuleManager: Shutting down and abandoning module ClothingSystemRuntime (224)
[2018.02.17-00.09.33:549][  9]LogModuleManager: Shutting down and abandoning module MediaAssets (222)
[2018.02.17-00.09.33:549][  9]LogModuleManager: Shutting down and abandoning module Media (221)
[2018.02.17-00.09.33:555][  9]LogModuleManager: Shutting down and abandoning module Overlay (218)
[2018.02.17-00.09.33:556][  9]LogModuleManager: Shutting down and abandoning module OverlayEditor (217)
[2018.02.17-00.09.33:556][  9]LogModuleManager: Shutting down and abandoning module VREditor (214)
[2018.02.17-00.09.33:556][  9]LogModuleManager: Shutting down and abandoning module StringTableEditor (212)
[2018.02.17-00.09.33:556][  9]LogModuleManager: Shutting down and abandoning module GameplayTasksEditor (210)
[2018.02.17-00.09.33:556][  9]LogModuleManager: Shutting down and abandoning module BehaviorTreeEditor (208)
[2018.02.17-00.09.33:556][  9]LogModuleManager: Shutting down and abandoning module FunctionalTesting (206)
[2018.02.17-00.09.33:556][  9]LogModuleManager: Shutting down and abandoning module CollisionAnalyzer (204)
[2018.02.17-00.09.33:556][  9]LogModuleManager: Shutting down and abandoning module WorkspaceMenuStructure (203)
[2018.02.17-00.09.33:556][  9]LogModuleManager: Shutting down and abandoning module UMG (200)
[2018.02.17-00.09.33:556][  9]LogModuleManager: Shutting down and abandoning module UMGEditor (199)
[2018.02.17-00.09.33:556][  9]LogModuleManager: Shutting down and abandoning module Sequencer (198)
[2018.02.17-00.09.33:556][  9]LogModuleManager: Shutting down and abandoning module MessageLog (195)
[2018.02.17-00.09.33:556][  9]LogModuleManager: Shutting down and abandoning module SlateReflector (190)
[2018.02.17-00.09.33:556][  9]LogModuleManager: Shutting down and abandoning module Slate (188)
[2018.02.17-00.09.33:556][  9]LogModuleManager: Shutting down and abandoning module EditorStyle (186)
[2018.02.17-00.09.33:560][  9]LogModuleManager: Shutting down and abandoning module MRMesh (184)
[2018.02.17-00.09.33:560][  9]LogModuleManager: Shutting down and abandoning module SourceCodeAccess (182)
[2018.02.17-00.09.33:560][  9]LogModuleManager: Shutting down and abandoning module HeadMountedDisplay (180)
[2018.02.17-00.09.33:561][  9]LogModuleManager: Shutting down and abandoning module XAudio2 (178)
[2018.02.17-00.09.33:561][  9]LogModuleManager: Shutting down and abandoning module Networking (176)
[2018.02.17-00.09.33:561][  9]LogModuleManager: Shutting down and abandoning module Core (172)
[2018.02.17-00.09.33:561][  9]LogModuleManager: Shutting down and abandoning module LevelSequence (168)
[2018.02.17-00.09.33:561][  9]LogModuleManager: Shutting down and abandoning module DirectoryWatcher (166)
[2018.02.17-00.09.33:562][  9]LogModuleManager: Shutting down and abandoning module KismetCompiler (164)
[2018.02.17-00.09.33:562][  9]LogModuleManager: Shutting down and abandoning module MeshUtilities (162)
[2018.02.17-00.09.33:562][  9]LogModuleManager: Shutting down and abandoning module MeshMergeUtilities (161)
[2018.02.17-00.09.33:562][  9]LogModuleManager: Shutting down and abandoning module MeshReductionInterface (160)
[2018.02.17-00.09.33:562][  9]LogModuleManager: Shutting down and abandoning module SimplygonSwarm (159)
[2018.02.17-00.09.33:562][  9]LogModuleManager: Shutting down and abandoning module SimplygonMeshReduction (157)
[2018.02.17-00.09.33:562][  9]LogModuleManager: Shutting down and abandoning module QuadricMeshReduction (155)
[2018.02.17-00.09.33:562][  9]LogModuleManager: Shutting down and abandoning module MaterialBaking (151)
[2018.02.17-00.09.33:562][  9]LogModuleManager: Shutting down and abandoning module DerivedDataCache (148)
[2018.02.17-00.09.33:654][  9]LogDerivedDataCache: Shutdown
[2018.02.17-00.09.33:655][  9]LogModuleManager: Shutting down and abandoning module TargetPlatform (146)
[2018.02.17-00.09.33:655][  9]LogModuleManager: Shutting down and abandoning module VulkanShaderFormat (145)
[2018.02.17-00.09.33:655][  9]LogModuleManager: Shutting down and abandoning module ShaderFormatVectorVM (143)
[2018.02.17-00.09.33:655][  9]LogModuleManager: Shutting down and abandoning module ShaderFormatOpenGL (141)
[2018.02.17-00.09.33:655][  9]LogModuleManager: Shutting down and abandoning module ShaderFormatD3D (139)
[2018.02.17-00.09.33:655][  9]LogModuleManager: Shutting down and abandoning module MetalShaderFormat (137)
[2018.02.17-00.09.33:655][  9]LogModuleManager: Shutting down and abandoning module TextureFormatUncompressed (135)
[2018.02.17-00.09.33:655][  9]LogModuleManager: Shutting down and abandoning module TextureFormatPVR (133)
[2018.02.17-00.09.33:655][  9]LogModuleManager: Shutting down and abandoning module TextureFormatDXT (131)
[2018.02.17-00.09.33:655][  9]LogModuleManager: Shutting down and abandoning module TextureFormatIntelISPCTexComp (129)
[2018.02.17-00.09.33:655][  9]LogModuleManager: Shutting down and abandoning module TextureFormatASTC (127)
[2018.02.17-00.09.33:655][  9]LogModuleManager: Shutting down and abandoning module ImageWrapper (126)
[2018.02.17-00.09.33:655][  9]LogModuleManager: Shutting down and abandoning module TextureFormatAndroid (123)
[2018.02.17-00.09.33:655][  9]LogModuleManager: Shutting down and abandoning module AudioFormatOpus (121)
[2018.02.17-00.09.33:655][  9]LogModuleManager: Shutting down and abandoning module AudioFormatOgg (119)
[2018.02.17-00.09.33:655][  9]LogModuleManager: Shutting down and abandoning module AudioFormatADPCM (117)
[2018.02.17-00.09.33:655][  9]LogModuleManager: Shutting down and abandoning module LinuxTargetPlatform (115)
[2018.02.17-00.09.33:656][  9]LogModuleManager: Shutting down and abandoning module LinuxServerTargetPlatform (113)
[2018.02.17-00.09.33:656][  9]LogModuleManager: Shutting down and abandoning module LinuxNoEditorTargetPlatform (111)
[2018.02.17-00.09.33:656][  9]LogModuleManager: Shutting down and abandoning module LinuxClientTargetPlatform (109)
[2018.02.17-00.09.33:656][  9]LogModuleManager: Shutting down and abandoning module TVOSTargetPlatform (107)
[2018.02.17-00.09.33:656][  9]LogModuleManager: Shutting down and abandoning module Messaging (105)
[2018.02.17-00.09.33:656][  9]LogModuleManager: Shutting down and abandoning module IOSTargetPlatform (103)
[2018.02.17-00.09.33:656][  9]LogModuleManager: Shutting down and abandoning module HTML5TargetPlatform (101)
[2018.02.17-00.09.33:656][  9]LogModuleManager: Shutting down and abandoning module AndroidTargetPlatform (99)
[2018.02.17-00.09.33:656][  9]LogModuleManager: Shutting down and abandoning module Android_PVRTCTargetPlatform (97)
[2018.02.17-00.09.33:656][  9]LogModuleManager: Shutting down and abandoning module Android_MultiTargetPlatform (95)
[2018.02.17-00.09.33:656][  9]LogModuleManager: Shutting down and abandoning module Android_ETC2TargetPlatform (93)
[2018.02.17-00.09.33:656][  9]LogModuleManager: Shutting down and abandoning module Android_ETC1TargetPlatform (91)
[2018.02.17-00.09.33:656][  9]LogModuleManager: Shutting down and abandoning module Android_DXTTargetPlatform (89)
[2018.02.17-00.09.33:656][  9]LogModuleManager: Shutting down and abandoning module Android_ATCTargetPlatform (87)
[2018.02.17-00.09.33:656][  9]LogModuleManager: Shutting down and abandoning module Android_ASTCTargetPlatform (85)
[2018.02.17-00.09.33:656][  9]LogModuleManager: Shutting down and abandoning module WindowsTargetPlatform (83)
[2018.02.17-00.09.33:656][  9]LogModuleManager: Shutting down and abandoning module WindowsServerTargetPlatform (81)
[2018.02.17-00.09.33:656][  9]LogModuleManager: Shutting down and abandoning module WindowsNoEditorTargetPlatform (79)
[2018.02.17-00.09.33:656][  9]LogModuleManager: Shutting down and abandoning module WindowsClientTargetPlatform (77)
[2018.02.17-00.09.33:656][  9]LogModuleManager: Shutting down and abandoning module MacTargetPlatform (75)
[2018.02.17-00.09.33:656][  9]LogModuleManager: Shutting down and abandoning module MacServerTargetPlatform (73)
[2018.02.17-00.09.33:656][  9]LogModuleManager: Shutting down and abandoning module MacNoEditorTargetPlatform (71)
[2018.02.17-00.09.33:656][  9]LogModuleManager: Shutting down and abandoning module MacClientTargetPlatform (69)
[2018.02.17-00.09.33:657][  9]LogModuleManager: Shutting down and abandoning module AllDesktopTargetPlatform (67)
[2018.02.17-00.09.33:657][  9]LogModuleManager: Shutting down and abandoning module InputCore (64)
[2018.02.17-00.09.33:657][  9]LogModuleManager: Shutting down and abandoning module Settings (62)
[2018.02.17-00.09.33:657][  9]LogModuleManager: Shutting down and abandoning module PhysXCooking (60)
[2018.02.17-00.09.33:657][  9]LogModuleManager: Shutting down and abandoning module SteamVR (58)
[2018.02.17-00.09.33:657][  9]LogModuleManager: Shutting down and abandoning module OculusHMD (56)
[2018.02.17-00.09.33:657][  9]LogModuleManager: Shutting down and abandoning module ExampleDeviceProfileSelector (54)
[2018.02.17-00.09.33:657][  9]LogModuleManager: Shutting down and abandoning module AppleARKit (52)
[2018.02.17-00.09.33:657][  9]LogModuleManager: Shutting down and abandoning module AugmentedReality (51)
[2018.02.17-00.09.33:657][  9]LogModuleManager: Shutting down and abandoning module OnlineBlueprintSupport (48)
[2018.02.17-00.09.33:657][  9]LogModuleManager: Shutting down and abandoning module OnlineSubsystem (44)
[2018.02.17-00.09.33:657][  9]LogModuleManager: Shutting down and abandoning module XMPP (43)
[2018.02.17-00.09.33:657][  9]LogModuleManager: Shutting down and abandoning module HTTP (41)
[2018.02.17-00.09.33:657][  9]LogHttp: Display: Http module shutting down, but needs to wait on 1 outstanding Http requests:
[2018.02.17-00.09.33:657][  9]LogHttp: Display: 	verb=[POST] url=[https://datarouter.ol.epicgames.com/datarouter/api/v1/public/data?SessionID=%7BD22D48D2-4DD8-7E7F-90F6-81B43EFF2BFF%7D&AppID=UEEditor.Rocket.Release&AppVersion=4.18.2-3794801%2B%2B%2BUE4%2BRelease-4.18&UserID=a7395a7d4e93e5d7bcabec8b583433c1%7C5f58ce32267f47a98b9957bde209981f%7Ca0f9f770-b780-4deb-8108-3d95ec00d0c2&AppEnvironment=datacollector-binary&UploadType=eteventstream] status=Processing
[2018.02.17-00.09.33:679][  9]LogModuleManager: Shutting down and abandoning module SSL (40)
[2018.02.17-00.09.33:681][  9]LogModuleManager: Shutting down and abandoning module AnimationModifiers (36)
[2018.02.17-00.09.33:681][  9]LogModuleManager: Shutting down and abandoning module PropertyEditor (35)
[2018.02.17-00.09.33:681][  9]LogModuleManager: Shutting down and abandoning module AudioEditor (32)
[2018.02.17-00.09.33:681][  9]LogModuleManager: Shutting down and abandoning module TextureCompressor (30)
[2018.02.17-00.09.33:682][  9]LogModuleManager: Shutting down and abandoning module ShaderCore (28)
[2018.02.17-00.09.33:682][  9]LogModuleManager: Shutting down and abandoning module Landscape (26)
[2018.02.17-00.09.33:682][  9]LogModuleManager: Shutting down and abandoning module SlateRHIRenderer (24)
[2018.02.17-00.09.33:684][  9]LogModuleManager: Shutting down and abandoning module OpenGLDrv (22)
[2018.02.17-00.09.33:684][  9]LogModuleManager: Shutting down and abandoning module D3D11RHI (20)
[2018.02.17-00.09.33:684][  9]LogModuleManager: Shutting down and abandoning module AnimGraphRuntime (18)
[2018.02.17-00.09.33:684][  9]LogModuleManager: Shutting down and abandoning module Renderer (16)
[2018.02.17-00.09.33:684][  9]LogModuleManager: Shutting down and abandoning module Engine (14)
[2018.02.17-00.09.33:684][  9]LogModuleManager: Shutting down and abandoning module CoreUObject (12)
[2018.02.17-00.09.33:684][  9]LogModuleManager: Shutting down and abandoning module NetworkFile (10)
[2018.02.17-00.09.33:684][  9]LogModuleManager: Shutting down and abandoning module CookedIterativeFile (8)
[2018.02.17-00.09.33:684][  9]LogModuleManager: Shutting down and abandoning module StreamingFile (6)
[2018.02.17-00.09.33:684][  9]LogModuleManager: Shutting down and abandoning module SandboxFile (4)
[2018.02.17-00.09.33:684][  9]LogModuleManager: Shutting down and abandoning module PakFile (2)
[2018.02.17-00.09.33:688][  9]LogExit: Exiting.
[2018.02.17-00.09.33:714][  9]Log file closed, 02/16/18 16:09:33
