Log file open, 03/30/18 13:58:33
LogWindows: Failed to load 'aqProf.dll' (GetLastError=126)
LogWindows: File 'aqProf.dll' does not exist
LogWindows: Failed to load 'VtuneApi.dll' (GetLastError=126)
LogWindows: File 'VtuneApi.dll' does not exist
LogWindows: Failed to load 'VtuneApi32e.dll' (GetLastError=126)
LogWindows: File 'VtuneApi32e.dll' does not exist
LogInit: Display: Running engine for game: Investiture
LogPlatformFile: Not using cached read wrapper
LogInit: Display: RandInit(-1804259875) SRandInit(-1804259875).
LogInit: Read version file with build ID '3709383'
LogInit: Overriding engine version to CL 3794801, compatible CL 3709383
LogInit: Registered custom module enumerator with build ID '3709383'
LogTaskGraph: Started task graph with 5 named threads and 8 total threads with 3 sets of task threads.
LogStats: Stats thread started at 0.235675
LogD3D11RHI: Aftermath initialized
LogModuleManager: Display: Found up-to-date module file ../../../Engine/Plugins/2D/Paper2D/Binaries/Win64/UE4Editor-Paper2D.dll (API version 3709383).
LogModuleManager: Display: Found up-to-date module file ../../../Engine/Plugins/2D/Paper2D/Binaries/Win64/UE4Editor-Paper2DEditor.dll (API version 3709383).
LogModuleManager: Display: Found up-to-date module file ../../../Engine/Plugins/2D/Paper2D/Binaries/Win64/UE4Editor-PaperSpriteSheetImporter.dll (API version 3709383).
LogModuleManager: Display: Found up-to-date module file ../../../Engine/Plugins/2D/Paper2D/Binaries/Win64/UE4Editor-PaperTiledImporter.dll (API version 3709383).
LogModuleManager: Display: Found up-to-date module file ../../../Engine/Plugins/2D/Paper2D/Binaries/Win64/UE4Editor-SmartSnapping.dll (API version 3709383).
LogModuleManager: Display: Found up-to-date module file ../../../Engine/Plugins/Blendables/LightPropagationVolume/Binaries/Win64/UE4Editor-LightPropagationVolumeRuntime.dll (API version 3709383).
LogModuleManager: Display: Found up-to-date module file ../../../Engine/Plugins/Blendables/LightPropagationVolume/Binaries/Win64/UE4Editor-LightPropagationVolumeEditor.dll (API version 3709383).
LogModuleManager: Display: Found up-to-date module file ../../../Engine/Plugins/Developer/GitSourceControl/Binaries/Win64/UE4Editor-GitSourceControl.dll (API version 3709383).
LogModuleManager: Display: Found up-to-date module file ../../../Engine/Plugins/Developer/PerforceSourceControl/Binaries/Win64/UE4Editor-PerforceSourceControl.dll (API version 3709383).
LogModuleManager: Display: Found up-to-date module file ../../../Engine/Plugins/Developer/SubversionSourceControl/Binaries/Win64/UE4Editor-SubversionSourceControl.dll (API version 3709383).
LogModuleManager: Display: Found up-to-date module file ../../../Engine/Plugins/Developer/UObjectPlugin/Binaries/Win64/UE4Editor-UObjectPlugin.dll (API version 3709383).
LogModuleManager: Display: Found up-to-date module file ../../../Engine/Plugins/Developer/VisualStudioCodeSourceCodeAccess/Binaries/Win64/UE4Editor-VisualStudioCodeSourceCodeAccess.dll (API version 3709383).
LogModuleManager: Display: Found up-to-date module file ../../../Engine/Plugins/Developer/VisualStudioSourceCodeAccess/Binaries/Win64/UE4Editor-VisualStudioSourceCodeAccess.dll (API version 3709383).
LogModuleManager: Display: Found up-to-date module file ../../../Engine/Plugins/Editor/AssetManagerEditor/Binaries/Win64/UE4Editor-AssetManagerEditor.dll (API version 3709383).
LogModuleManager: Display: Found up-to-date module file ../../../Engine/Plugins/Editor/AudioCapture/Binaries/Win64/UE4Editor-AudioCapture.dll (API version 3709383).
LogModuleManager: Display: Found up-to-date module file ../../../Engine/Plugins/Editor/FacialAnimation/Binaries/Win64/UE4Editor-FacialAnimation.dll (API version 3709383).
LogModuleManager: Display: Found up-to-date module file ../../../Engine/Plugins/Editor/FacialAnimation/Binaries/Win64/UE4Editor-FacialAnimationEditor.dll (API version 3709383).
LogModuleManager: Display: Found up-to-date module file ../../../Engine/Plugins/Editor/GameplayTagsEditor/Binaries/Win64/UE4Editor-GameplayTagsEditor.dll (API version 3709383).
LogModuleManager: Display: Found up-to-date module file ../../../Engine/Plugins/Editor/MobileLauncherProfileWizard/Binaries/Win64/UE4Editor-MobileLauncherProfileWizard.dll (API version 3709383).
LogModuleManager: Display: Found up-to-date module file ../../../Engine/Plugins/Editor/PluginBrowser/Binaries/Win64/UE4Editor-PluginBrowser.dll (API version 3709383).
LogModuleManager: Display: Found up-to-date module file ../../../Engine/Plugins/Editor/SpeedTreeImporter/Binaries/Win64/UE4Editor-SpeedTreeImporter.dll (API version 3709383).
LogModuleManager: Display: Found up-to-date module file ../../../Engine/Plugins/Experimental/AlembicImporter/Binaries/Win64/UE4Editor-AlembicImporter.dll (API version 3709383).
LogModuleManager: Display: Found up-to-date module file ../../../Engine/Plugins/Experimental/AlembicImporter/Binaries/Win64/UE4Editor-AlembicLibrary.dll (API version 3709383).
LogModuleManager: Display: Found up-to-date module file ../../../Engine/Plugins/Experimental/CharacterAI/Binaries/Win64/UE4Editor-CharacterAI.dll (API version 3709383).
LogModuleManager: Display: Found up-to-date module file ../../../Engine/Plugins/Experimental/HTML5Networking/Binaries/Win64/UE4Editor-HTML5Networking.dll (API version 3709383).
LogModuleManager: Display: Found up-to-date module file ../../../Engine/Plugins/Media/AndroidMedia/Binaries/Win64/UE4Editor-AndroidMediaEditor.dll (API version 3709383).
LogModuleManager: Display: Found up-to-date module file ../../../Engine/Plugins/Media/AndroidMedia/Binaries/Win64/UE4Editor-AndroidMediaFactory.dll (API version 3709383).
LogModuleManager: Display: Found up-to-date module file ../../../Engine/Plugins/Media/AvfMedia/Binaries/Win64/UE4Editor-AvfMediaEditor.dll (API version 3709383).
LogModuleManager: Display: Found up-to-date module file ../../../Engine/Plugins/Media/AvfMedia/Binaries/Win64/UE4Editor-AvfMediaFactory.dll (API version 3709383).
LogModuleManager: Display: Found up-to-date module file ../../../Engine/Plugins/Media/AvfMedia/Binaries/Win64/UE4Editor-AvfMediaFactory.dll (API version 3709383).
LogModuleManager: Display: Found up-to-date module file ../../../Engine/Plugins/Media/ImgMedia/Binaries/Win64/UE4Editor-ImgMedia.dll (API version 3709383).
LogModuleManager: Display: Found up-to-date module file ../../../Engine/Plugins/Media/ImgMedia/Binaries/Win64/UE4Editor-ImgMediaEditor.dll (API version 3709383).
LogModuleManager: Display: Found up-to-date module file ../../../Engine/Plugins/Media/ImgMedia/Binaries/Win64/UE4Editor-ImgMediaFactory.dll (API version 3709383).
LogModuleManager: Display: Found up-to-date module file ../../../Engine/Plugins/Media/ImgMedia/Binaries/Win64/UE4Editor-ImgMediaFactory.dll (API version 3709383).
LogModuleManager: Display: Found up-to-date module file ../../../Engine/Plugins/Media/ImgMedia/Binaries/Win64/UE4Editor-OpenExrWrapper.dll (API version 3709383).
LogModuleManager: Display: Found up-to-date module file ../../../Engine/Plugins/Media/MediaCompositing/Binaries/Win64/UE4Editor-MediaCompositing.dll (API version 3709383).
LogModuleManager: Display: Found up-to-date module file ../../../Engine/Plugins/Media/MediaCompositing/Binaries/Win64/UE4Editor-MediaCompositingEditor.dll (API version 3709383).
LogModuleManager: Display: Found up-to-date module file ../../../Engine/Plugins/Media/MediaPlayerEditor/Binaries/Win64/UE4Editor-MediaPlayerEditor.dll (API version 3709383).
LogModuleManager: Display: Found up-to-date module file ../../../Engine/Plugins/Media/WmfMedia/Binaries/Win64/UE4Editor-WmfMedia.dll (API version 3709383).
LogModuleManager: Display: Found up-to-date module file ../../../Engine/Plugins/Media/WmfMedia/Binaries/Win64/UE4Editor-WmfMediaEditor.dll (API version 3709383).
LogModuleManager: Display: Found up-to-date module file ../../../Engine/Plugins/Media/WmfMedia/Binaries/Win64/UE4Editor-WmfMediaFactory.dll (API version 3709383).
LogModuleManager: Display: Found up-to-date module file ../../../Engine/Plugins/Media/WmfMedia/Binaries/Win64/UE4Editor-WmfMediaFactory.dll (API version 3709383).
LogModuleManager: Display: Found up-to-date module file ../../../Engine/Plugins/Messaging/TcpMessaging/Binaries/Win64/UE4Editor-TcpMessaging.dll (API version 3709383).
LogModuleManager: Display: Found up-to-date module file ../../../Engine/Plugins/Messaging/UdpMessaging/Binaries/Win64/UE4Editor-UdpMessaging.dll (API version 3709383).
LogModuleManager: Display: Found up-to-date module file ../../../Engine/Plugins/MovieScene/ActorSequence/Binaries/Win64/UE4Editor-ActorSequence.dll (API version 3709383).
LogModuleManager: Display: Found up-to-date module file ../../../Engine/Plugins/MovieScene/LevelSequenceEditor/Binaries/Win64/UE4Editor-LevelSequenceEditor.dll (API version 3709383).
LogModuleManager: Display: Found up-to-date module file ../../../Engine/Plugins/MovieScene/MatineeToLevelSequence/Binaries/Win64/UE4Editor-MatineeToLevelSequence.dll (API version 3709383).
LogModuleManager: Display: Found up-to-date module file ../../../Engine/Plugins/Online/OnlineSubsystem/Binaries/Win64/UE4Editor-OnlineSubsystem.dll (API version 3709383).
LogModuleManager: Display: Found up-to-date module file ../../../Engine/Plugins/Runtime/AndroidPermission/Binaries/Win64/UE4Editor-AndroidPermission.dll (API version 3709383).
LogModuleManager: Display: Found up-to-date module file ../../../Engine/Plugins/Online/OnlineSubsystemNull/Binaries/Win64/UE4Editor-OnlineSubsystemNull.dll (API version 3709383).
LogModuleManager: Display: Found up-to-date module file ../../../Engine/Plugins/Online/OnlineSubsystemUtils/Binaries/Win64/UE4Editor-OnlineSubsystemUtils.dll (API version 3709383).
LogModuleManager: Display: Found up-to-date module file ../../../Engine/Plugins/Online/OnlineSubsystemUtils/Binaries/Win64/UE4Editor-OnlineBlueprintSupport.dll (API version 3709383).
LogModuleManager: Display: Found up-to-date module file ../../../Engine/Plugins/Runtime/AndroidDeviceProfileSelector/Binaries/Win64/UE4Editor-AndroidDeviceProfileSelector.dll (API version 3709383).
LogModuleManager: Display: Found up-to-date module file ../../../Engine/Plugins/Runtime/AppleARKit/Binaries/Win64/UE4Editor-AppleARKit.dll (API version 3709383).
LogModuleManager: Display: Found up-to-date module file ../../../Engine/Plugins/Runtime/ArchVisCharacter/Binaries/Win64/UE4Editor-ArchVisCharacter.dll (API version 3709383).
LogModuleManager: Display: Found up-to-date module file ../../../Engine/Plugins/Runtime/CableComponent/Binaries/Win64/UE4Editor-CableComponent.dll (API version 3709383).
LogModuleManager: Display: Found up-to-date module file ../../../Engine/Plugins/Runtime/CustomMeshComponent/Binaries/Win64/UE4Editor-CustomMeshComponent.dll (API version 3709383).
LogModuleManager: Display: Found up-to-date module file ../../../Engine/Plugins/Runtime/ExampleDeviceProfileSelector/Binaries/Win64/UE4Editor-ExampleDeviceProfileSelector.dll (API version 3709383).
LogModuleManager: Display: Found up-to-date module file ../../../Engine/Plugins/Runtime/ImmediatePhysics/Binaries/Win64/UE4Editor-ImmediatePhysics.dll (API version 3709383).
LogModuleManager: Display: Found up-to-date module file ../../../Engine/Plugins/Runtime/ImmediatePhysics/Binaries/Win64/UE4Editor-ImmediatePhysicsEditor.dll (API version 3709383).
LogModuleManager: Display: Found up-to-date module file ../../../Engine/Plugins/Runtime/LocationServicesBPLibrary/Binaries/Win64/UE4Editor-LocationServicesBPLibrary.dll (API version 3709383).
LogModuleManager: Display: Found up-to-date module file ../../../Engine/Plugins/Runtime/MobilePatchingUtils/Binaries/Win64/UE4Editor-MobilePatchingUtils.dll (API version 3709383).
LogModuleManager: Display: Found up-to-date module file ../../../Engine/Plugins/Runtime/Oculus/OculusVR/Binaries/Win64/UE4Editor-OculusHMD.dll (API version 3709383).
LogModuleManager: Display: Found up-to-date module file ../../../Engine/Plugins/Runtime/Oculus/OculusVR/Binaries/Win64/UE4Editor-OculusInput.dll (API version 3709383).
LogModuleManager: Display: Found up-to-date module file ../../../Engine/Plugins/Runtime/Oculus/OculusVR/Binaries/Win64/UE4Editor-OculusEditor.dll (API version 3709383).
LogModuleManager: Display: Found up-to-date module file ../../../Engine/Plugins/Runtime/PhysXVehicles/Binaries/Win64/UE4Editor-PhysXVehicles.dll (API version 3709383).
LogModuleManager: Display: Found up-to-date module file ../../../Engine/Plugins/Runtime/PhysXVehicles/Binaries/Win64/UE4Editor-PhysXVehiclesEditor.dll (API version 3709383).
LogModuleManager: Display: Found up-to-date module file ../../../Engine/Plugins/Runtime/ProceduralMeshComponent/Binaries/Win64/UE4Editor-ProceduralMeshComponent.dll (API version 3709383).
LogModuleManager: Display: Found up-to-date module file ../../../Engine/Plugins/Runtime/ProceduralMeshComponent/Binaries/Win64/UE4Editor-ProceduralMeshComponentEditor.dll (API version 3709383).
LogModuleManager: Display: Found up-to-date module file ../../../Engine/Plugins/Runtime/RuntimePhysXCooking/Binaries/Win64/UE4Editor-RuntimePhysXCooking.dll (API version 3709383).
LogModuleManager: Display: Found up-to-date module file ../../../Engine/Plugins/Runtime/Steam/SteamVR/Binaries/Win64/UE4Editor-SteamVR.dll (API version 3709383).
LogModuleManager: Display: Found up-to-date module file ../../../Engine/Plugins/Runtime/Steam/SteamVR/Binaries/Win64/UE4Editor-SteamVRController.dll (API version 3709383).
LogModuleManager: Display: Found up-to-date module file ../../../Engine/Plugins/Runtime/WindowsMoviePlayer/Binaries/Win64/UE4Editor-WindowsMoviePlayer.dll (API version 3709383).
LogPluginManager: Mounting plugin Paper2D
LogPluginManager: Mounting plugin LightPropagationVolume
LogPluginManager: Mounting plugin CodeLiteSourceCodeAccess
LogPluginManager: Mounting plugin GitSourceControl
LogPluginManager: Mounting plugin KDevelopSourceCodeAccess
LogPluginManager: Mounting plugin NullSourceCodeAccess
LogPluginManager: Mounting plugin PerforceSourceControl
LogPluginManager: Mounting plugin SubversionSourceControl
LogPluginManager: Mounting plugin UObjectPlugin
LogPluginManager: Mounting plugin VisualStudioCodeSourceCodeAccess
LogPluginManager: Mounting plugin VisualStudioSourceCodeAccess
LogPluginManager: Mounting plugin XCodeSourceCodeAccess
LogPluginManager: Mounting plugin AssetManagerEditor
LogPluginManager: Mounting plugin AudioCapture
LogPluginManager: Mounting plugin FacialAnimation
LogPluginManager: Mounting plugin GameplayTagsEditor
LogPluginManager: Mounting plugin MobileLauncherProfileWizard
LogPluginManager: Mounting plugin PluginBrowser
LogPluginManager: Mounting plugin SpeedTreeImporter
LogPluginManager: Mounting plugin AlembicImporter
LogPluginManager: Mounting plugin CharacterAI
LogPluginManager: Mounting plugin HTML5Networking
LogPluginManager: Mounting plugin AndroidMedia
LogPluginManager: Mounting plugin AvfMedia
LogPluginManager: Mounting plugin ImgMedia
LogPluginManager: Mounting plugin MediaCompositing
LogPluginManager: Mounting plugin MediaPlayerEditor
LogPluginManager: Mounting plugin WmfMedia
LogPluginManager: Mounting plugin TcpMessaging
LogPluginManager: Mounting plugin UdpMessaging
LogPluginManager: Mounting plugin ActorSequence
LogPluginManager: Mounting plugin LevelSequenceEditor
LogPluginManager: Mounting plugin MatineeToLevelSequence
LogPluginManager: Mounting plugin OnlineSubsystemGooglePlay
LogPluginManager: Mounting plugin OnlineSubsystemIOS
LogPluginManager: Mounting plugin OnlineSubsystem
LogPluginManager: Mounting plugin OnlineSubsystemNull
LogPluginManager: Mounting plugin OnlineSubsystemUtils
LogPluginManager: Mounting plugin AndroidDeviceProfileSelector
LogPluginManager: Mounting plugin AndroidMoviePlayer
LogPluginManager: Mounting plugin AndroidPermission
LogPluginManager: Mounting plugin AppleARKit
LogPluginManager: Mounting plugin AppleMoviePlayer
LogPluginManager: Mounting plugin ArchVisCharacter
LogPluginManager: Mounting plugin CableComponent
LogPluginManager: Mounting plugin CustomMeshComponent
LogPluginManager: Mounting plugin ExampleDeviceProfileSelector
LogPluginManager: Mounting plugin GoogleCloudMessaging
LogPluginManager: Mounting plugin ImmediatePhysics
LogPluginManager: Mounting plugin IOSDeviceProfileSelector
LogPluginManager: Mounting plugin LinuxDeviceProfileSelector
LogPluginManager: Mounting plugin LocationServicesBPLibrary
LogPluginManager: Mounting plugin MobilePatchingUtils
LogPluginManager: Mounting plugin OculusVR
LogPluginManager: Plugin shader directory ../../../Engine/Plugins/Runtime/Oculus/OculusVR/Shaders found
LogPluginManager: Mapping shader source directory ../../../Engine/Plugins/Runtime/Oculus/OculusVR/Shaders to virtual directory /Plugin/OculusVR
LogPluginManager: Mounting plugin PhysXVehicles
LogPluginManager: Mounting plugin ProceduralMeshComponent
LogPluginManager: Mounting plugin RuntimePhysXCooking
LogPluginManager: Mounting plugin SteamVR
LogPluginManager: Mounting plugin WindowsMoviePlayer
LogInit: Using libcurl 7.47.1
LogInit:  - built for x86_64-pc-win32
LogInit:  - supports SSL with OpenSSL/1.0.2g
LogInit:  - supports HTTP deflate (compression) using libz 1.2.8
LogInit:  - other features:
LogInit:      CURL_VERSION_SSL
LogInit:      CURL_VERSION_LIBZ
LogInit:      CURL_VERSION_IPV6
LogInit:      CURL_VERSION_ASYNCHDNS
LogInit:      CURL_VERSION_LARGEFILE
LogInit:      CURL_VERSION_IDN
LogInit:  CurlRequestOptions (configurable via config and command line):
LogInit:  - bVerifyPeer = false  - Libcurl will NOT verify peer certificate
LogInit:  - bUseHttpProxy = false  - Libcurl will NOT use HTTP proxy
LogInit:  - bDontReuseConnections = false  - Libcurl will reuse connections
LogInit:  - CertBundlePath = nullptr  - Libcurl will use whatever was configured at build time.
LogInit: Build: ++UE4+Release-4.18-CL-3794801
LogInit: Engine Version: 4.18.2-3794801+++UE4+Release-4.18
LogInit: Compatible Engine Version: 4.18.0-3709383+++UE4+Release-4.18
LogInit: Net CL: 3709383
LogDevObjectVersion: Number of dev versions registered: 16
LogDevObjectVersion:   Dev-Blueprints (B0D832E4-1F89-4F0D-ACCF-7EB736FD4AA2): 10
LogDevObjectVersion:   Dev-Build (E1C64328-A22C-4D53-A36C-8E866417BD8C): 0
LogDevObjectVersion:   Dev-Core (375EC13C-06E4-48FB-B500-84F0262A717E): 2
LogDevObjectVersion:   Dev-Editor (E4B068ED-F494-42E9-A231-DA0B2E46BB41): 20
LogDevObjectVersion:   Dev-Framework (CFFC743F-43B0-4480-9391-14DF171D2073): 30
LogDevObjectVersion:   Dev-Mobile (B02B49B5-BB20-44E9-A304-32B752E40360): 0
LogDevObjectVersion:   Dev-Networking (A4E4105C-59A1-49B5-A7C5-40C4547EDFEE): 0
LogDevObjectVersion:   Dev-Online (39C831C9-5AE6-47DC-9A44-9C173E1C8E7C): 0
LogDevObjectVersion:   Dev-Physics (78F01B33-EBEA-4F98-B9B4-84EACCB95AA2): 0
LogDevObjectVersion:   Dev-Platform (6631380F-2D4D-43E0-8009-CF276956A95A): 0
LogDevObjectVersion:   Dev-Rendering (12F88B9F-8875-4AFC-A67C-D90C383ABD29): 20
LogDevObjectVersion:   Dev-Sequencer (7B5AE74C-D270-4C10-A958-57980B212A5A): 4
LogDevObjectVersion:   Dev-VR (D7296918-1DD6-4BDD-9DE2-64A83CC13884): 0
LogDevObjectVersion:   Dev-LoadTimes (C2A15278-BFE7-4AFE-6C17-90FF531DF755): 1
LogDevObjectVersion:   Private-Geometry (6EACA3D4-40EC-4CC1-B786-8BED09428FC5): 1
LogDevObjectVersion:   Dev-AnimPhys (29E575DD-E0A3-4627-9D10-D276232CDCEA): 12
LogInit: Compiled (64-bit): Dec  8 2017 02:04:53
LogInit: Compiled with Visual C++: 19.00.24215.01
LogInit: Build Configuration: Development
LogInit: Branch Name: ++UE4+Release-4.18
LogInit: Command line:  
LogInit: Base directory: C:/Program Files/Epic Games/UE_4.18/Engine/Binaries/Win64/
LogInit: Installed Engine Build: 1
LogInit: Presizing for max 8388607 objects, including 0 objects not considered by GC, pre-allocating 0 bytes for permanent pool.
LogInit: Object subsystem initialized
[2018.03.30-20.58.37:105][  0]LogInit: Selected Device Profile: [Windows]
[2018.03.30-20.58.37:105][  0]LogInit: Applying CVar settings loaded from the selected device profile: [Windows]
[2018.03.30-20.58.37:136][  0]LogInit: Computer: DESKTOP-L2CNR04
[2018.03.30-20.58.37:136][  0]LogInit: User: Matt
[2018.03.30-20.58.37:136][  0]LogInit: CPU Page size=4096, Cores=2
[2018.03.30-20.58.37:136][  0]LogInit: High frequency timer resolution =2.437499 MHz
[2018.03.30-20.58.37:136][  0]LogMemory: Memory total: Physical=7.9GB (8GB approx)
[2018.03.30-20.58.37:136][  0]LogMemory: Platform Memory Stats for Windows
[2018.03.30-20.58.37:136][  0]LogMemory: Process Physical Memory: 273.00 MB used, 273.00 MB peak
[2018.03.30-20.58.37:137][  0]LogMemory: Process Virtual Memory: 264.29 MB used, 264.29 MB peak
[2018.03.30-20.58.37:137][  0]LogMemory: Physical Memory: 3517.50 MB used,  4599.80 MB free, 8117.30 MB total
[2018.03.30-20.58.37:137][  0]LogMemory: Virtual Memory: 673.46 MB used,  4599.80 MB free, 134217728.00 MB total
[2018.03.30-20.58.37:533][  0]LogInit: Using OS detected language (en-US).
[2018.03.30-20.58.37:533][  0]LogInit: Using OS detected locale (en-US).
[2018.03.30-20.58.37:539][  0]LogTextLocalizationManager: No specific localization for 'en-US' exists, so the 'en' localization will be used.
[2018.03.30-20.58.38:326][  0]LogInit: Setting process to per monitor DPI aware
[2018.03.30-20.58.38:873][  0]LogD3D11RHI: D3D11 adapters:
[2018.03.30-20.58.39:620][  0]LogD3D11RHI:    0. 'NVIDIA GeForce GPU' (Feature Level 11_0)
[2018.03.30-20.58.39:620][  0]LogD3D11RHI:       997/0/4058 MB DedicatedVideo/DedicatedSystem/SharedSystem, Outputs:1, VendorId:0x10de
[2018.03.30-20.58.39:643][  0]LogD3D11RHI:    1. 'Intel(R) HD Graphics 520' (Feature Level 11_0)
[2018.03.30-20.58.39:643][  0]LogD3D11RHI:       128/0/4058 MB DedicatedVideo/DedicatedSystem/SharedSystem, Outputs:0, VendorId:0x8086
[2018.03.30-20.58.39:651][  0]LogD3D11RHI:    2. 'Microsoft Basic Render Driver' (Feature Level 11_0)
[2018.03.30-20.58.39:651][  0]LogD3D11RHI:       0/0/4058 MB DedicatedVideo/DedicatedSystem/SharedSystem, Outputs:0, VendorId:0x1414
[2018.03.30-20.58.39:651][  0]LogD3D11RHI: Chosen D3D11 Adapter: 0
[2018.03.30-20.58.39:672][  0]LogD3D11RHI: Creating new Direct3DDevice
[2018.03.30-20.58.39:672][  0]LogD3D11RHI:     GPU DeviceId: 0x134b (for the marketing name, search the web for "GPU Device Id")
[2018.03.30-20.58.39:672][  0]LogWindows: EnumDisplayDevices:
[2018.03.30-20.58.39:672][  0]LogWindows:    0. 'Intel(R) HD Graphics 520' (P:1 D:1)
[2018.03.30-20.58.39:673][  0]LogWindows:    1. 'Intel(R) HD Graphics 520' (P:0 D:0)
[2018.03.30-20.58.39:674][  0]LogWindows:    2. 'Intel(R) HD Graphics 520' (P:0 D:0)
[2018.03.30-20.58.39:674][  0]LogWindows: DebugString: GetVideoDriverDetailsInvalid PrimaryIsNotTheChoosenAdapter GetVideoDriverDetailsInvalid PrimaryIsNotTheChoosenAdapter GetVideoDriverDetailsInvalid PrimaryIsNotTheChoosenAdapter FoundDriverCount:0 
[2018.03.30-20.58.39:674][  0]LogD3D11RHI:     Adapter Name: NVIDIA GeForce GPU
[2018.03.30-20.58.39:674][  0]LogD3D11RHI:   Driver Version: Unknown (internal:Unknown, unified:Unknown)
[2018.03.30-20.58.39:674][  0]LogD3D11RHI:      Driver Date: Unknown
[2018.03.30-20.58.39:674][  0]LogRHI: Texture pool is 698 MB (70% of 997 MB)
[2018.03.30-20.58.39:883][  0]LogD3D11RHI: Async texture creation enabled
[2018.03.30-20.58.39:907][  0]LogD3D11RHI: GPU Timing Frequency: 1000.000000 (Debug: 2 1)
[2018.03.30-20.58.39:908][  0]LogShaderCompilers: Guid format shader working directory is -38 characters bigger than the processId version (../../../../../../Users/Matt/Documents/GameProjects/Unreal/Investiture/Investiture/Intermediate/Shaders/WorkingDirectory/18156/).
[2018.03.30-20.58.39:909][  0]LogShaderCompilers: Cleaned the shader compiler working directory 'C:/Users/Matt/AppData/Local/Temp/UnrealShaderWorkingDir/24BCB94949F58DC21567668439418914/'.
[2018.03.30-20.58.39:909][  0]LogShaderCompilers: Display: Using Local Shader Compiler.
[2018.03.30-20.58.42:173][  0]LogTemp: Display: Loaded TP AllDesktopTargetPlatform
[2018.03.30-20.58.42:310][  0]LogTemp: Display: Loaded TP MacClientTargetPlatform
[2018.03.30-20.58.42:468][  0]LogTemp: Display: Loaded TP MacNoEditorTargetPlatform
[2018.03.30-20.58.42:611][  0]LogTemp: Display: Loaded TP MacServerTargetPlatform
[2018.03.30-20.58.42:750][  0]LogTemp: Display: Loaded TP MacTargetPlatform
[2018.03.30-20.58.42:902][  0]LogTemp: Display: Loaded TP WindowsClientTargetPlatform
[2018.03.30-20.58.43:051][  0]LogTemp: Display: Loaded TP WindowsNoEditorTargetPlatform
[2018.03.30-20.58.43:191][  0]LogTemp: Display: Loaded TP WindowsServerTargetPlatform
[2018.03.30-20.58.43:324][  0]LogTemp: Display: Loaded TP WindowsTargetPlatform
[2018.03.30-20.58.43:476][  0]LogTemp: Display: Loaded TP Android_ASTCTargetPlatform
[2018.03.30-20.58.43:630][  0]LogTemp: Display: Loaded TP Android_ATCTargetPlatform
[2018.03.30-20.58.43:770][  0]LogTemp: Display: Loaded TP Android_DXTTargetPlatform
[2018.03.30-20.58.43:922][  0]LogTemp: Display: Loaded TP Android_ETC1TargetPlatform
[2018.03.30-20.58.44:061][  0]LogTemp: Display: Loaded TP Android_ETC2TargetPlatform
[2018.03.30-20.58.44:342][  0]LogTemp: Display: Loaded TP Android_MultiTargetPlatform
[2018.03.30-20.58.44:342][  0]LogTemp: Display: Loaded TP Android_PVRTCTargetPlatform
[2018.03.30-20.58.44:489][  0]LogTemp: Display: Loaded TP AndroidTargetPlatform
[2018.03.30-20.58.44:606][  0]LogTemp: Display: Loaded TP HTML5TargetPlatform
[2018.03.30-20.58.44:816][  0]LogTemp: Display: Loaded TP IOSTargetPlatform
[2018.03.30-20.58.44:915][  0]LogTemp: Display: Loaded TP TVOSTargetPlatform
[2018.03.30-20.58.45:078][  0]LogTemp: Display: Loaded TP LinuxClientTargetPlatform
[2018.03.30-20.58.45:245][  0]LogTemp: Display: Loaded TP LinuxNoEditorTargetPlatform
[2018.03.30-20.58.45:390][  0]LogTemp: Display: Loaded TP LinuxServerTargetPlatform
[2018.03.30-20.58.45:542][  0]LogTemp: Display: Loaded TP LinuxTargetPlatform
[2018.03.30-20.58.45:542][  0]LogTargetPlatformManager: Display: Building Assets For Windows
[2018.03.30-20.58.47:232][  0]LogDerivedDataCache: Display: Max Cache Size: 512 MB
[2018.03.30-20.58.47:417][  0]LogDerivedDataCache: Loaded boot cache 0.18s 78MB C:/Users/Matt/AppData/Local/UnrealEngine/4.18/DerivedDataCache/Boot.ddc.
[2018.03.30-20.58.47:417][  0]LogDerivedDataCache: Display: Loaded Boot cache: C:/Users/Matt/AppData/Local/UnrealEngine/4.18/DerivedDataCache/Boot.ddc
[2018.03.30-20.58.47:417][  0]LogDerivedDataCache: FDerivedDataBackendGraph:  Pak pak cache file ../../../../../../Users/Matt/Documents/GameProjects/Unreal/Investiture/Investiture/DerivedDataCache/DDC.ddp not found, will not use a pak cache.
[2018.03.30-20.58.47:417][  0]LogDerivedDataCache: Unable to find inner node Pak for hierarchical cache Hierarchy.
[2018.03.30-20.58.47:418][  0]LogDerivedDataCache: FDerivedDataBackendGraph:  CompressedPak pak cache file ../../../../../../Users/Matt/Documents/GameProjects/Unreal/Investiture/Investiture/DerivedDataCache/Compressed.ddp not found, will not use a pak cache.
[2018.03.30-20.58.47:418][  0]LogDerivedDataCache: Unable to find inner node CompressedPak for hierarchical cache Hierarchy.
[2018.03.30-20.58.47:463][  0]LogDerivedDataCache: Display: Pak cache opened for reading ../../../Engine/DerivedDataCache/Compressed.ddp.
[2018.03.30-20.58.47:478][  0]LogDerivedDataCache: Using Local data cache path C:/Users/Matt/AppData/Local/UnrealEngine/Common/DerivedDataCache: Writable
[2018.03.30-20.58.47:509][  0]LogMaterial: Verifying Global Shaders for PCD3D_SM5
[2018.03.30-20.58.47:510][  0]LogSlate: Using Freetype 2.6.0
[2018.03.30-20.58.47:511][  0]LogSlate: SlateFontCache - WITH_FREETYPE: 1, WITH_HARFBUZZ: 1
[2018.03.30-20.58.47:512][  0]LogSlate: SlateFontCache - WITH_FREETYPE: 1, WITH_HARFBUZZ: 1
[2018.03.30-20.58.50:342][  0]LogInit: Selected Device Profile: [Windows]
[2018.03.30-20.58.54:111][  0]LogSimplygon: Simplygon DLL not present - disabling.
[2018.03.30-20.58.54:577][  0]LogMeshReduction: Using SimplygonSwarm for distributed automatic mesh merging
[2018.03.30-20.58.54:577][  0]LogMeshReduction: Using QuadricMeshReduction for automatic static mesh reduction
[2018.03.30-20.58.54:577][  0]LogMeshReduction: No automatic skeletal mesh reduction module available
[2018.03.30-20.58.54:578][  0]LogMeshReduction: No automatic mesh merging module available
[2018.03.30-20.58.54:578][  0]LogMeshMerging: No automatic mesh merging module available
[2018.03.30-20.58.54:822][  0]LogNetVersion: Investiture , NetCL: 3709383, EngineNetVer: 2, GameNetVer: 0 (Checksum: 1457158739)
[2018.03.30-20.58.56:684][  0]LogAssetRegistry: FAssetRegistry took 0.6802 seconds to start up
[2018.03.30-20.58.59:888][  0]LogPackageLocalizationCache: Processed 7 localized package path(s) for 2 prioritized culture(s) in 0.187405 seconds
[2018.03.30-20.58.59:899][  0]LogUObjectArray: 35900 objects as part of root set at end of initial load.
[2018.03.30-20.58.59:900][  0]LogUObjectAllocator: 7372024 out of 0 bytes used by permanent object pool.
[2018.03.30-20.58.59:900][  0]LogUObjectArray: CloseDisregardForGC: 0/0 objects in disregard for GC pool
[2018.03.30-20.59.00:142][  0]LogInit: WinSock: version 1.1 (2.2), MaxSocks=32767, MaxUdp=65467
[2018.03.30-20.59.08:789][  0]LogTcpMessaging: Initializing TcpMessaging bridge
[2018.03.30-20.59.08:883][  0]LogUdpMessaging: Initializing bridge on interface 0.0.0.0:0 to multicast group 230.0.0.1:6666.
[2018.03.30-20.59.10:885][  0]LogMaterial: Uniform references updated for custom material expression Custom.
[2018.03.30-20.59.12:184][  0]SourceControl: Source control is disabled
[2018.03.30-20.59.12:184][  0]SourceControl: Source control is disabled
[2018.03.30-20.59.12:337][  0]SourceControl: Source control is disabled
[2018.03.30-20.59.12:486][  0]SourceControl: Source control is disabled
[2018.03.30-20.59.15:365][  0]LogAndroidPermission: UAndroidPermissionCallbackProxy::GetInstance
[2018.03.30-20.59.16:149][  0]LogOcInput: OculusInput pre-init called
[2018.03.30-20.59.16:957][  0]LogEngine: Initializing Engine...
[2018.03.30-20.59.16:963][  0]LogHMD: Failed to initialize OpenVR with code 100
[2018.03.30-20.59.17:445][  0]LogStats: UGameplayTagsManager::ConstructGameplayTagTree: Construct from data asset -  0.000 s
[2018.03.30-20.59.17:446][  0]LogStats: UGameplayTagsManager::ConstructGameplayTagTree: ImportINI -  0.001 s
[2018.03.30-20.59.17:447][  0]LogStats: UGameplayTagsManager::ConstructGameplayTagTree: GameplayTagTreeChangedEvent.Broadcast -  0.000 s
[2018.03.30-20.59.17:856][  0]LogAIModule: Creating AISystem for world Untitled
[2018.03.30-20.59.17:881][  0]LogInit: XAudio2 using 'Speakers (Realtek High Definition Audio(SST))' : 2 channels at 48 kHz using 32 bits per sample (channel mask 0x3)
[2018.03.30-20.59.18:684][  0]LogInit: FAudioDevice initialized.
[2018.03.30-20.59.18:857][  0]LogDerivedDataCache: Saved boot cache 0.17s 78MB C:/Users/Matt/AppData/Local/UnrealEngine/4.18/DerivedDataCache/Boot.ddc.
[2018.03.30-20.59.18:876][  0]LogInit: Texture streaming: Enabled
[2018.03.30-20.59.19:147][  0]LogEngineSessionManager: EngineSessionManager initialized
[2018.03.30-20.59.19:527][  0]LogInit: Transaction tracking system initialized
[2018.03.30-20.59.20:599][  0]BlueprintLog: New page: Editor Load
[2018.03.30-20.59.25:240][  0]LocalizationService: Localization service is disabled
[2018.03.30-20.59.30:704][  0]LogConsoleResponse: Display: 
[2018.03.30-20.59.31:293][  0]LogCook: Display: Max memory allowance for cook 16384mb min free memory 0mb
[2018.03.30-20.59.31:293][  0]LogCook: Display: Mobile HDR setting 1
[2018.03.30-20.59.31:294][  0]LogGameplayTags: Display: UGameplayTagsManager::DoneAddingNativeTags. DelegateIsBound: 0
[2018.03.30-20.59.31:940][  0]LogFileCache: Scanning file cache for directory 'C:/Users/Matt/Documents/GameProjects/Unreal/Investiture/Investiture/Content/' took 0.03s
[2018.03.30-20.59.35:774][  0]SourceControl: Source control is disabled
[2018.03.30-20.59.35:775][  0]Cmd: MAP LOAD FILE="../../../../../../Users/Matt/Documents/GameProjects/Unreal/Investiture/Investiture/Content/ProcLevel.umap" TEMPLATE=0 SHOWPROGRESS=1 FEATURELEVEL=3
[2018.03.30-20.59.35:776][  0]LightingResults: New page: Lighting Build
[2018.03.30-20.59.36:167][  0]MapCheck: New page: Map Check
[2018.03.30-20.59.36:167][  0]LightingResults: New page: Lighting Build
[2018.03.30-20.59.43:265][  0]LogLinker: Warning: Asset '../../../../../../Users/Matt/Documents/GameProjects/Unreal/Investiture/Investiture/Content/Materials/Outline/MF_ConvolveTexture.uasset' has been saved with empty engine version. The asset will be loaded but may be incompatible.
[2018.03.30-20.59.50:693][  0]LogAIModule: Creating AISystem for world ProcLevel
[2018.03.30-20.59.50:761][  0]LogEditorServer: Finished looking for orphan Actors (0.000 secs)
[2018.03.30-20.59.50:935][  0]Cmd: MAP CHECKDEP NOCLEARLOG
[2018.03.30-20.59.51:376][  0]MapCheck: Map check complete: 0 Error(s), 0 Warning(s), took 440.857ms to complete.
[2018.03.30-20.59.51:377][  0]LogFileHelpers: Loading map 'ProcLevel' took 15.602
[2018.03.30-20.59.52:281][  0]LogCollectionManager: Loaded 0 collections in 0.019759 seconds
[2018.03.30-20.59.52:726][  0]LogFileCache: Scanning file cache for directory 'C:/Users/Matt/Documents/GameProjects/Unreal/Investiture/Investiture/Saved/Collections/' took 0.01s
[2018.03.30-20.59.52:726][  0]LogFileCache: Scanning file cache for directory 'C:/Users/Matt/Documents/GameProjects/Unreal/Investiture/Investiture/Content/Developers/Matt/Collections/' took 0.02s
[2018.03.30-20.59.52:727][  0]LogFileCache: Scanning file cache for directory 'C:/Users/Matt/Documents/GameProjects/Unreal/Investiture/Investiture/Content/Collections/' took 0.02s
[2018.03.30-20.59.52:727][  0]LogCollectionManager: Rebuilt the GUID cache for 0 collections in 0.000001 seconds
[2018.03.30-20.59.52:768][  0]LogContentBrowser: Native class hierarchy populated in 0.0408 seconds. Added 2364 classes and 521 folders.
[2018.03.30-20.59.53:023][  0]LogContentBrowser: Native class hierarchy updated for 'WidgetCarousel' in 0.0004 seconds. Added 0 classes and 0 folders.
[2018.03.30-20.59.53:134][  0]LogContentBrowser: Native class hierarchy updated for 'AddContentDialog' in 0.0004 seconds. Added 0 classes and 0 folders.
[2018.03.30-20.59.53:339][  0]LogSlate: Took 0.001239 seconds to synchronously load lazily loaded font '../../../Engine/Content/Slate/Fonts/Roboto-Regular.ttf' (155K)
[2018.03.30-20.59.53:361][  0]LogSlate: Took 0.000418 seconds to synchronously load lazily loaded font '../../../Engine/Content/Slate/Fonts/Roboto-Bold.ttf' (160K)
[2018.03.30-20.59.53:373][  0]LogSlate: Took 0.000409 seconds to synchronously load lazily loaded font '../../../Engine/Content/Editor/Slate/Fonts/FontAwesome.ttf' (139K)
[2018.03.30-20.59.53:697][  0]LogRenderer: Reallocating scene render targets to support 288x168 Format 9 NumSamples 1 (Frame:1).
[2018.03.30-20.59.54:021][  0]LogSlate: Took 0.003367 seconds to synchronously load lazily loaded font '../../../Engine/Content/Slate/Fonts/Roboto-Light.ttf' (159K)
[2018.03.30-20.59.54:647][  0]LogContentBrowser: Native class hierarchy updated for 'HierarchicalLODOutliner' in 0.0007 seconds. Added 1 classes and 2 folders.
[2018.03.30-20.59.54:648][  0]LogLoad: (Engine Initialization) Total time: 84.02 seconds
[2018.03.30-20.59.54:648][  0]LogLoad: (Engine Initialization) Total Blueprint compile time: 0.00 seconds
[2018.03.30-20.59.54:648][  0]LogExternalProfiler: Found external profiler: VSPerf
[2018.03.30-20.59.54:648][  0]LogExternalProfiler: Using external profiler: VSPerf
[2018.03.30-20.59.55:049][  0]LogContentStreaming: Texture pool size now 800 MB
[2018.03.30-20.59.55:334][  1]LogFileCache: Retrieving MD5 hashes for directory 'C:/Users/Matt/Documents/GameProjects/Unreal/Investiture/Investiture/Content/' took 0.32s
[2018.03.30-20.59.56:044][  3]LogSlate: Took 0.002605 seconds to synchronously load lazily loaded font '../../../Engine/Content/Slate/Fonts/Roboto-Light.ttf' (159K)
[2018.03.30-20.59.57:589][  7]LogAssetRegistry: Asset discovery search completed in 61.5299 seconds
[2018.03.30-20.59.57:599][  7]LogCollectionManager: Rebuilt the object cache for 0 collections in 0.000000 seconds (found 0 objects)
[2018.03.30-20.59.57:599][  7]LogCollectionManager: Fixed up redirectors for 0 collections in 0.000248 seconds (updated 0 objects)
[2018.03.30-21.00.19:823][139]LogSlate: Took 0.000525 seconds to synchronously load lazily loaded font '../../../Engine/Content/Slate/Fonts/Roboto-Light.ttf' (159K)
[2018.03.30-21.00.20:869][139]LogContentBrowser: Native class hierarchy updated for 'BlueprintGraph' in 0.0011 seconds. Added 116 classes and 0 folders.
[2018.03.30-21.00.25:118][139]LogSlate: Took 0.000422 seconds to synchronously load lazily loaded font '../../../Engine/Content/Editor/Slate/Fonts/Roboto-BoldCondensed.ttf' (158K)
[2018.03.30-21.00.44:884][292]LogSlate: Took 0.000379 seconds to synchronously load lazily loaded font '../../../Engine/Content/Editor/Slate/Fonts/Roboto-Italic.ttf' (157K)
[2018.03.30-21.00.53:171][515]BlueprintLog: New page: Compile LayoutPiece_BoxPuzzle
[2018.03.30-21.00.54:394][525]LogRenderer: Reallocating scene render targets to support 288x256 Format 9 NumSamples 1 (Frame:1).
[2018.03.30-21.00.54:737][525]LogSavePackage: Save=84.74ms
[2018.03.30-21.00.54:737][525]LogSavePackage: Moving '../../../../../../Users/Matt/Documents/GameProjects/Unreal/Investiture/Investiture/Saved/LayoutPiece_BoxPuzzle4F2BB5E54DC1AE4E7CEFCB868D611EA7.tmp' to '../../../../../../Users/Matt/Documents/GameProjects/Unreal/Investiture/Investiture/Content/Blueprints/Layouts/LayoutPiece_BoxPuzzle.uasset'
[2018.03.30-21.00.54:754][525]LogSavePackage: Display: Finished SavePackage ../../../../../../Users/Matt/Documents/GameProjects/Unreal/Investiture/Investiture/Content/Blueprints/Layouts/LayoutPiece_BoxPuzzle.uasset
[2018.03.30-21.01.17:619][224]LogRenderer: Reallocating scene render targets to support 360x360 Format 9 NumSamples 1 (Frame:1).
[2018.03.30-21.02.21:611][912]LogSlate: Took 0.018512 seconds to synchronously load lazily loaded font '../../../Engine/Content/Editor/Slate/Fonts/Roboto-BoldCondensedItalic.ttf' (160K)
[2018.03.30-21.02.25:122][  6]LogBlueprint: Warning: [LayoutLayoutSocket] 'CurrentJump' variable not found. Base class was probably changed. /Game/Blueprints/Layouts/LayoutLayoutSocket.LayoutLayoutSocket
[2018.03.30-21.02.25:123][  6]LogBlueprint: Warning: [LayoutLayoutSocket] 'RecursiveJump' variable not found. Base class was probably changed. /Game/Blueprints/Layouts/LayoutLayoutSocket.LayoutLayoutSocket
[2018.03.30-21.02.25:124][  6]LogBlueprint: Warning: [LayoutLayoutSocket] 'RecursiveJump' variable not found. Base class was probably changed. /Game/Blueprints/Layouts/LayoutLayoutSocket.LayoutLayoutSocket
[2018.03.30-21.02.25:124][  6]LogBlueprint: Warning: [LayoutLayoutSocket] 'RecursiveJump' variable not found. Base class was probably changed. /Game/Blueprints/Layouts/LayoutLayoutSocket.LayoutLayoutSocket
[2018.03.30-21.03.39:513][971]BlueprintLog: New page: Compile LayoutLayoutSocket
[2018.03.30-21.03.39:705][971]LogBlueprint: Error: [Compiler LayoutLayoutSocket] Can't connect pins  Target  and  Path : Self Object Reference is not compatible with Obstacle Path Object Reference.
[2018.03.30-21.03.39:705][971]LogBlueprint: Warning: [Compiler LayoutLayoutSocket] Could not find a variable named "RecursiveJump" in 'LayoutLayoutSocket_C'.
Make sure 'LayoutLayoutSocket_C' has been compiled for  Set RecursiveJump
[2018.03.30-21.03.39:706][971]LogBlueprint: Warning: [Compiler LayoutLayoutSocket] Could not find a variable named "RecursiveJump" in 'LayoutLayoutSocket_C'.
Make sure 'LayoutLayoutSocket_C' has been compiled for  Get RecursiveJump
[2018.03.30-21.03.39:706][971]LogBlueprint: Error: [Compiler LayoutLayoutSocket] Can't connect pins  Path  and  Target : Obstacle Path Object Reference is not compatible with Self Object Reference.
[2018.03.30-21.03.39:821][971]LogActorComponent: RegisterComponentWithWorld: Owner belongs to a DEADCLASS
[2018.03.30-21.03.39:821][971]LogActorComponent: RegisterComponentWithWorld: Owner belongs to a DEADCLASS
[2018.03.30-21.03.39:822][971]LogActorComponent: RegisterComponentWithWorld: Owner belongs to a DEADCLASS
[2018.03.30-21.03.39:822][971]LogActorComponent: RegisterComponentWithWorld: Owner belongs to a DEADCLASS
[2018.03.30-21.03.39:822][971]LogActorComponent: RegisterComponentWithWorld: Owner belongs to a DEADCLASS
[2018.03.30-21.03.39:822][971]LogActorComponent: RegisterComponentWithWorld: Owner belongs to a DEADCLASS
[2018.03.30-21.03.39:823][971]LogActorComponent: RegisterComponentWithWorld: Owner belongs to a DEADCLASS
[2018.03.30-21.03.39:823][971]LogActorComponent: RegisterComponentWithWorld: Owner belongs to a DEADCLASS
[2018.03.30-21.03.39:823][971]LogActorComponent: RegisterComponentWithWorld: Owner belongs to a DEADCLASS
[2018.03.30-21.03.43:548][971]LogBlueprint: Warning: [Compiler LayoutLayoutSocket] [0312.92] Compile of LayoutLayoutSocket failed. 2 Fatal Issue(s) 2 Warning(s) [in 4,034 ms] (/Game/Blueprints/Layouts/LayoutLayoutSocket.LayoutLayoutSocket)
[2018.03.30-21.03.43:863][971]LogSavePackage: Save=107.59ms
[2018.03.30-21.03.43:863][971]LogSavePackage: Moving '../../../../../../Users/Matt/Documents/GameProjects/Unreal/Investiture/Investiture/Saved/LayoutLayoutSocketC66396934CBCBE131EC227A3F020BA52.tmp' to '../../../../../../Users/Matt/Documents/GameProjects/Unreal/Investiture/Investiture/Content/Blueprints/Layouts/LayoutLayoutSocket.uasset'
[2018.03.30-21.03.43:872][971]LogSavePackage: Display: Finished SavePackage ../../../../../../Users/Matt/Documents/GameProjects/Unreal/Investiture/Investiture/Content/Blueprints/Layouts/LayoutLayoutSocket.uasset
[2018.03.30-21.04.05:444][513]BlueprintLog: New page: Compile LayoutLayoutSocket
[2018.03.30-21.04.05:528][513]LogBlueprint: Warning: [Compiler LayoutLayoutSocket] Could not find a variable named "RecursiveJump" in 'LayoutLayoutSocket_C'.
Make sure 'LayoutLayoutSocket_C' has been compiled for  Get RecursiveJump
[2018.03.30-21.04.05:531][513]LogBlueprint: Error: [Compiler LayoutLayoutSocket] The property associated with  Recursive Jump  could not be found
[2018.03.30-21.04.05:624][513]LogActorComponent: RegisterComponentWithWorld: Owner belongs to a DEADCLASS
[2018.03.30-21.04.05:624][513]LogActorComponent: RegisterComponentWithWorld: Owner belongs to a DEADCLASS
[2018.03.30-21.04.05:625][513]LogActorComponent: RegisterComponentWithWorld: Owner belongs to a DEADCLASS
[2018.03.30-21.04.05:625][513]LogActorComponent: RegisterComponentWithWorld: Owner belongs to a DEADCLASS
[2018.03.30-21.04.05:625][513]LogActorComponent: RegisterComponentWithWorld: Owner belongs to a DEADCLASS
[2018.03.30-21.04.05:625][513]LogActorComponent: RegisterComponentWithWorld: Owner belongs to a DEADCLASS
[2018.03.30-21.04.05:626][513]LogActorComponent: RegisterComponentWithWorld: Owner belongs to a DEADCLASS
[2018.03.30-21.04.05:626][513]LogActorComponent: RegisterComponentWithWorld: Owner belongs to a DEADCLASS
[2018.03.30-21.04.05:626][513]LogActorComponent: RegisterComponentWithWorld: Owner belongs to a DEADCLASS
[2018.03.30-21.04.08:816][513]LogBlueprint: Warning: [Compiler LayoutLayoutSocket] [0338.18] Compile of LayoutLayoutSocket failed. 1 Fatal Issue(s) 1 Warning(s) [in 3,372 ms] (/Game/Blueprints/Layouts/LayoutLayoutSocket.LayoutLayoutSocket)
[2018.03.30-21.04.30:805][ 63]BlueprintLog: New page: Compile LayoutLayoutSocket
[2018.03.30-21.04.30:949][ 63]LogBlueprint: Warning: [Compiler LayoutLayoutSocket] Could not find a variable named "RecursiveJump" in 'LayoutLayoutSocket_C'.
Make sure 'LayoutLayoutSocket_C' has been compiled for  Set RecursiveJump
[2018.03.30-21.04.30:953][ 63]LogBlueprint: Error: [Compiler LayoutLayoutSocket] The property associated with  Recursive Jump  could not be found
[2018.03.30-21.04.31:043][ 63]LogActorComponent: RegisterComponentWithWorld: Owner belongs to a DEADCLASS
[2018.03.30-21.04.31:043][ 63]LogActorComponent: RegisterComponentWithWorld: Owner belongs to a DEADCLASS
[2018.03.30-21.04.31:043][ 63]LogActorComponent: RegisterComponentWithWorld: Owner belongs to a DEADCLASS
[2018.03.30-21.04.31:043][ 63]LogActorComponent: RegisterComponentWithWorld: Owner belongs to a DEADCLASS
[2018.03.30-21.04.31:044][ 63]LogActorComponent: RegisterComponentWithWorld: Owner belongs to a DEADCLASS
[2018.03.30-21.04.31:044][ 63]LogActorComponent: RegisterComponentWithWorld: Owner belongs to a DEADCLASS
[2018.03.30-21.04.31:044][ 63]LogActorComponent: RegisterComponentWithWorld: Owner belongs to a DEADCLASS
[2018.03.30-21.04.31:044][ 63]LogActorComponent: RegisterComponentWithWorld: Owner belongs to a DEADCLASS
[2018.03.30-21.04.31:044][ 63]LogActorComponent: RegisterComponentWithWorld: Owner belongs to a DEADCLASS
[2018.03.30-21.04.34:215][ 63]LogBlueprint: Warning: [Compiler LayoutLayoutSocket] [0363.58] Compile of LayoutLayoutSocket failed. 1 Fatal Issue(s) 1 Warning(s) [in 3,409 ms] (/Game/Blueprints/Layouts/LayoutLayoutSocket.LayoutLayoutSocket)
[2018.03.30-21.04.40:387][219]BlueprintLog: New page: Compile LayoutLayoutSocket
[2018.03.30-21.04.40:678][219]LogActorComponent: RegisterComponentWithWorld: Owner belongs to a DEADCLASS
[2018.03.30-21.04.40:678][219]LogActorComponent: RegisterComponentWithWorld: Owner belongs to a DEADCLASS
[2018.03.30-21.04.40:679][219]LogActorComponent: RegisterComponentWithWorld: Owner belongs to a DEADCLASS
[2018.03.30-21.04.40:679][219]LogActorComponent: RegisterComponentWithWorld: Owner belongs to a DEADCLASS
[2018.03.30-21.04.40:679][219]LogActorComponent: RegisterComponentWithWorld: Owner belongs to a DEADCLASS
[2018.03.30-21.04.40:680][219]LogActorComponent: RegisterComponentWithWorld: Owner belongs to a DEADCLASS
[2018.03.30-21.04.40:680][219]LogActorComponent: RegisterComponentWithWorld: Owner belongs to a DEADCLASS
[2018.03.30-21.04.40:680][219]LogActorComponent: RegisterComponentWithWorld: Owner belongs to a DEADCLASS
[2018.03.30-21.04.40:680][219]LogActorComponent: RegisterComponentWithWorld: Owner belongs to a DEADCLASS
[2018.03.30-21.04.48:781][346]BlueprintLog: New page: Compile LayoutLayoutSocket
[2018.03.30-21.04.49:097][346]LogActorComponent: RegisterComponentWithWorld: Owner belongs to a DEADCLASS
[2018.03.30-21.04.49:098][346]LogActorComponent: RegisterComponentWithWorld: Owner belongs to a DEADCLASS
[2018.03.30-21.04.49:098][346]LogActorComponent: RegisterComponentWithWorld: Owner belongs to a DEADCLASS
[2018.03.30-21.04.49:098][346]LogActorComponent: RegisterComponentWithWorld: Owner belongs to a DEADCLASS
[2018.03.30-21.04.49:099][346]LogActorComponent: RegisterComponentWithWorld: Owner belongs to a DEADCLASS
[2018.03.30-21.04.49:099][346]LogActorComponent: RegisterComponentWithWorld: Owner belongs to a DEADCLASS
[2018.03.30-21.04.49:099][346]LogActorComponent: RegisterComponentWithWorld: Owner belongs to a DEADCLASS
[2018.03.30-21.04.49:100][346]LogActorComponent: RegisterComponentWithWorld: Owner belongs to a DEADCLASS
[2018.03.30-21.04.49:100][346]LogActorComponent: RegisterComponentWithWorld: Owner belongs to a DEADCLASS
[2018.03.30-21.04.52:443][346]LogSavePackage: Save=117.51ms
[2018.03.30-21.04.52:443][346]LogSavePackage: Moving '../../../../../../Users/Matt/Documents/GameProjects/Unreal/Investiture/Investiture/Saved/LayoutLayoutSocketAD4A3DA74F1B5633CC772AB8B68C80FF.tmp' to '../../../../../../Users/Matt/Documents/GameProjects/Unreal/Investiture/Investiture/Content/Blueprints/Layouts/LayoutLayoutSocket.uasset'
[2018.03.30-21.04.52:451][346]LogSavePackage: Display: Finished SavePackage ../../../../../../Users/Matt/Documents/GameProjects/Unreal/Investiture/Investiture/Content/Blueprints/Layouts/LayoutLayoutSocket.uasset
[2018.03.30-21.04.54:454][383]LogSavePackage: Save=169.35ms
[2018.03.30-21.04.54:454][383]LogSavePackage: Moving '../../../../../../Users/Matt/Documents/GameProjects/Unreal/Investiture/Investiture/Saved/LayoutLayoutSocket085AF5AB482FCBBC980DABA582359356.tmp' to '../../../../../../Users/Matt/Documents/GameProjects/Unreal/Investiture/Investiture/Content/Blueprints/Layouts/LayoutLayoutSocket.uasset'
[2018.03.30-21.04.54:459][383]LogSavePackage: Display: Finished SavePackage ../../../../../../Users/Matt/Documents/GameProjects/Unreal/Investiture/Investiture/Content/Blueprints/Layouts/LayoutLayoutSocket.uasset
[2018.03.30-21.05.42:935][653]BlueprintLog: New page: Compile LayoutLayoutSocket
[2018.03.30-21.05.43:162][653]LogActorComponent: RegisterComponentWithWorld: Owner belongs to a DEADCLASS
[2018.03.30-21.05.43:163][653]LogActorComponent: RegisterComponentWithWorld: Owner belongs to a DEADCLASS
[2018.03.30-21.05.43:163][653]LogActorComponent: RegisterComponentWithWorld: Owner belongs to a DEADCLASS
[2018.03.30-21.05.43:163][653]LogActorComponent: RegisterComponentWithWorld: Owner belongs to a DEADCLASS
[2018.03.30-21.05.43:163][653]LogActorComponent: RegisterComponentWithWorld: Owner belongs to a DEADCLASS
[2018.03.30-21.05.43:164][653]LogActorComponent: RegisterComponentWithWorld: Owner belongs to a DEADCLASS
[2018.03.30-21.05.43:164][653]LogActorComponent: RegisterComponentWithWorld: Owner belongs to a DEADCLASS
[2018.03.30-21.05.43:164][653]LogActorComponent: RegisterComponentWithWorld: Owner belongs to a DEADCLASS
[2018.03.30-21.05.43:164][653]LogActorComponent: RegisterComponentWithWorld: Owner belongs to a DEADCLASS
[2018.03.30-21.05.47:530][667]LogSavePackage: Save=191.54ms
[2018.03.30-21.05.47:530][667]LogSavePackage: Moving '../../../../../../Users/Matt/Documents/GameProjects/Unreal/Investiture/Investiture/Saved/LayoutLayoutSocket8BCC7D42444C945B4BBEA2957D5366C6.tmp' to '../../../../../../Users/Matt/Documents/GameProjects/Unreal/Investiture/Investiture/Content/Blueprints/Layouts/LayoutLayoutSocket.uasset'
[2018.03.30-21.05.47:538][667]LogSavePackage: Display: Finished SavePackage ../../../../../../Users/Matt/Documents/GameProjects/Unreal/Investiture/Investiture/Content/Blueprints/Layouts/LayoutLayoutSocket.uasset
[2018.03.30-21.06.42:572][193]LogSavePackage: Save=398.16ms
[2018.03.30-21.06.42:572][193]LogSavePackage: Moving '../../../../../../Users/Matt/Documents/GameProjects/Unreal/Investiture/Investiture/Saved/LevelLayout4D3A7BDF4D9810433E29568F94881D80.tmp' to '../../../../../../Users/Matt/Documents/GameProjects/Unreal/Investiture/Investiture/Content/Blueprints/Layouts/LevelLayout.uasset'
[2018.03.30-21.06.42:576][193]LogSavePackage: Display: Finished SavePackage ../../../../../../Users/Matt/Documents/GameProjects/Unreal/Investiture/Investiture/Content/Blueprints/Layouts/LevelLayout.uasset
[2018.03.30-21.07.34:894][620]BlueprintLog: New page: Compile LayoutEndPoint
[2018.03.30-21.07.36:928][646]LogSavePackage: Save=36.80ms
[2018.03.30-21.07.36:928][646]LogSavePackage: Moving '../../../../../../Users/Matt/Documents/GameProjects/Unreal/Investiture/Investiture/Saved/LayoutEndPoint0248D03D404CF5E8884583AF37DC38A3.tmp' to '../../../../../../Users/Matt/Documents/GameProjects/Unreal/Investiture/Investiture/Content/Blueprints/Layouts/LayoutEndPoint.uasset'
[2018.03.30-21.07.36:938][646]LogSavePackage: Display: Finished SavePackage ../../../../../../Users/Matt/Documents/GameProjects/Unreal/Investiture/Investiture/Content/Blueprints/Layouts/LayoutEndPoint.uasset
[2018.03.30-21.08.01:133][312]BlueprintLog: New page: Compile LayoutEndPoint
[2018.03.30-21.08.02:610][329]LogSavePackage: Save=54.68ms
[2018.03.30-21.08.02:610][329]LogSavePackage: Moving '../../../../../../Users/Matt/Documents/GameProjects/Unreal/Investiture/Investiture/Saved/LayoutEndPointA80CE2DE4DD5C195E111AABA2278E442.tmp' to '../../../../../../Users/Matt/Documents/GameProjects/Unreal/Investiture/Investiture/Content/Blueprints/Layouts/LayoutEndPoint.uasset'
[2018.03.30-21.08.02:623][329]LogSavePackage: Display: Finished SavePackage ../../../../../../Users/Matt/Documents/GameProjects/Unreal/Investiture/Investiture/Content/Blueprints/Layouts/LayoutEndPoint.uasset
[2018.03.30-21.15.48:962][147]LogD3D11RHI: Timed out while waiting for GPU to catch up. (0.5 s)
