Log file open, 03/30/18 13:40:10
LogWindows: Failed to load 'aqProf.dll' (GetLastError=126)
LogWindows: File 'aqProf.dll' does not exist
LogWindows: Failed to load 'VtuneApi.dll' (GetLastError=126)
LogWindows: File 'VtuneApi.dll' does not exist
LogWindows: Failed to load 'VtuneApi32e.dll' (GetLastError=126)
LogWindows: File 'VtuneApi32e.dll' does not exist
LogInit: Display: Running engine for game: Investiture
LogPlatformFile: Not using cached read wrapper
LogInit: Display: RandInit(-198970450) SRandInit(-198970449).
LogInit: Read version file with build ID '3709383'
LogInit: Overriding engine version to CL 3794801, compatible CL 3709383
LogInit: Registered custom module enumerator with build ID '3709383'
LogTaskGraph: Started task graph with 5 named threads and 8 total threads with 3 sets of task threads.
LogStats: Stats thread started at 0.238391
LogD3D11RHI: Aftermath initialized
LogModuleManager: Display: Found up-to-date module file ../../../Engine/Plugins/2D/Paper2D/Binaries/Win64/UE4Editor-Paper2D.dll (API version 3709383).
LogModuleManager: Display: Found up-to-date module file ../../../Engine/Plugins/2D/Paper2D/Binaries/Win64/UE4Editor-Paper2DEditor.dll (API version 3709383).
LogModuleManager: Display: Found up-to-date module file ../../../Engine/Plugins/2D/Paper2D/Binaries/Win64/UE4Editor-PaperSpriteSheetImporter.dll (API version 3709383).
LogModuleManager: Display: Found up-to-date module file ../../../Engine/Plugins/2D/Paper2D/Binaries/Win64/UE4Editor-PaperTiledImporter.dll (API version 3709383).
LogModuleManager: Display: Found up-to-date module file ../../../Engine/Plugins/2D/Paper2D/Binaries/Win64/UE4Editor-SmartSnapping.dll (API version 3709383).
LogModuleManager: Display: Found up-to-date module file ../../../Engine/Plugins/Blendables/LightPropagationVolume/Binaries/Win64/UE4Editor-LightPropagationVolumeRuntime.dll (API version 3709383).
LogModuleManager: Display: Found up-to-date module file ../../../Engine/Plugins/Blendables/LightPropagationVolume/Binaries/Win64/UE4Editor-LightPropagationVolumeEditor.dll (API version 3709383).
LogModuleManager: Display: Found up-to-date module file ../../../Engine/Plugins/Developer/GitSourceControl/Binaries/Win64/UE4Editor-GitSourceControl.dll (API version 3709383).
LogModuleManager: Display: Found up-to-date module file ../../../Engine/Plugins/Developer/PerforceSourceControl/Binaries/Win64/UE4Editor-PerforceSourceControl.dll (API version 3709383).
LogModuleManager: Display: Found up-to-date module file ../../../Engine/Plugins/Developer/SubversionSourceControl/Binaries/Win64/UE4Editor-SubversionSourceControl.dll (API version 3709383).
LogModuleManager: Display: Found up-to-date module file ../../../Engine/Plugins/Developer/UObjectPlugin/Binaries/Win64/UE4Editor-UObjectPlugin.dll (API version 3709383).
LogModuleManager: Display: Found up-to-date module file ../../../Engine/Plugins/Developer/VisualStudioCodeSourceCodeAccess/Binaries/Win64/UE4Editor-VisualStudioCodeSourceCodeAccess.dll (API version 3709383).
LogModuleManager: Display: Found up-to-date module file ../../../Engine/Plugins/Developer/VisualStudioSourceCodeAccess/Binaries/Win64/UE4Editor-VisualStudioSourceCodeAccess.dll (API version 3709383).
LogModuleManager: Display: Found up-to-date module file ../../../Engine/Plugins/Editor/AssetManagerEditor/Binaries/Win64/UE4Editor-AssetManagerEditor.dll (API version 3709383).
LogModuleManager: Display: Found up-to-date module file ../../../Engine/Plugins/Editor/AudioCapture/Binaries/Win64/UE4Editor-AudioCapture.dll (API version 3709383).
LogModuleManager: Display: Found up-to-date module file ../../../Engine/Plugins/Editor/FacialAnimation/Binaries/Win64/UE4Editor-FacialAnimation.dll (API version 3709383).
LogModuleManager: Display: Found up-to-date module file ../../../Engine/Plugins/Editor/FacialAnimation/Binaries/Win64/UE4Editor-FacialAnimationEditor.dll (API version 3709383).
LogModuleManager: Display: Found up-to-date module file ../../../Engine/Plugins/Editor/GameplayTagsEditor/Binaries/Win64/UE4Editor-GameplayTagsEditor.dll (API version 3709383).
LogModuleManager: Display: Found up-to-date module file ../../../Engine/Plugins/Editor/MobileLauncherProfileWizard/Binaries/Win64/UE4Editor-MobileLauncherProfileWizard.dll (API version 3709383).
LogModuleManager: Display: Found up-to-date module file ../../../Engine/Plugins/Editor/PluginBrowser/Binaries/Win64/UE4Editor-PluginBrowser.dll (API version 3709383).
LogModuleManager: Display: Found up-to-date module file ../../../Engine/Plugins/Editor/SpeedTreeImporter/Binaries/Win64/UE4Editor-SpeedTreeImporter.dll (API version 3709383).
LogModuleManager: Display: Found up-to-date module file ../../../Engine/Plugins/Experimental/AlembicImporter/Binaries/Win64/UE4Editor-AlembicImporter.dll (API version 3709383).
LogModuleManager: Display: Found up-to-date module file ../../../Engine/Plugins/Experimental/AlembicImporter/Binaries/Win64/UE4Editor-AlembicLibrary.dll (API version 3709383).
LogModuleManager: Display: Found up-to-date module file ../../../Engine/Plugins/Experimental/CharacterAI/Binaries/Win64/UE4Editor-CharacterAI.dll (API version 3709383).
LogModuleManager: Display: Found up-to-date module file ../../../Engine/Plugins/Experimental/HTML5Networking/Binaries/Win64/UE4Editor-HTML5Networking.dll (API version 3709383).
LogModuleManager: Display: Found up-to-date module file ../../../Engine/Plugins/Media/AndroidMedia/Binaries/Win64/UE4Editor-AndroidMediaEditor.dll (API version 3709383).
LogModuleManager: Display: Found up-to-date module file ../../../Engine/Plugins/Media/AndroidMedia/Binaries/Win64/UE4Editor-AndroidMediaFactory.dll (API version 3709383).
LogModuleManager: Display: Found up-to-date module file ../../../Engine/Plugins/Media/AvfMedia/Binaries/Win64/UE4Editor-AvfMediaEditor.dll (API version 3709383).
LogModuleManager: Display: Found up-to-date module file ../../../Engine/Plugins/Media/AvfMedia/Binaries/Win64/UE4Editor-AvfMediaFactory.dll (API version 3709383).
LogModuleManager: Display: Found up-to-date module file ../../../Engine/Plugins/Media/AvfMedia/Binaries/Win64/UE4Editor-AvfMediaFactory.dll (API version 3709383).
LogModuleManager: Display: Found up-to-date module file ../../../Engine/Plugins/Media/ImgMedia/Binaries/Win64/UE4Editor-ImgMedia.dll (API version 3709383).
LogModuleManager: Display: Found up-to-date module file ../../../Engine/Plugins/Media/ImgMedia/Binaries/Win64/UE4Editor-ImgMediaEditor.dll (API version 3709383).
LogModuleManager: Display: Found up-to-date module file ../../../Engine/Plugins/Media/ImgMedia/Binaries/Win64/UE4Editor-ImgMediaFactory.dll (API version 3709383).
LogModuleManager: Display: Found up-to-date module file ../../../Engine/Plugins/Media/ImgMedia/Binaries/Win64/UE4Editor-ImgMediaFactory.dll (API version 3709383).
LogModuleManager: Display: Found up-to-date module file ../../../Engine/Plugins/Media/ImgMedia/Binaries/Win64/UE4Editor-OpenExrWrapper.dll (API version 3709383).
LogModuleManager: Display: Found up-to-date module file ../../../Engine/Plugins/Media/MediaCompositing/Binaries/Win64/UE4Editor-MediaCompositing.dll (API version 3709383).
LogModuleManager: Display: Found up-to-date module file ../../../Engine/Plugins/Media/MediaCompositing/Binaries/Win64/UE4Editor-MediaCompositingEditor.dll (API version 3709383).
LogModuleManager: Display: Found up-to-date module file ../../../Engine/Plugins/Media/MediaPlayerEditor/Binaries/Win64/UE4Editor-MediaPlayerEditor.dll (API version 3709383).
LogModuleManager: Display: Found up-to-date module file ../../../Engine/Plugins/Media/WmfMedia/Binaries/Win64/UE4Editor-WmfMedia.dll (API version 3709383).
LogModuleManager: Display: Found up-to-date module file ../../../Engine/Plugins/Media/WmfMedia/Binaries/Win64/UE4Editor-WmfMediaEditor.dll (API version 3709383).
LogModuleManager: Display: Found up-to-date module file ../../../Engine/Plugins/Media/WmfMedia/Binaries/Win64/UE4Editor-WmfMediaFactory.dll (API version 3709383).
LogModuleManager: Display: Found up-to-date module file ../../../Engine/Plugins/Media/WmfMedia/Binaries/Win64/UE4Editor-WmfMediaFactory.dll (API version 3709383).
LogModuleManager: Display: Found up-to-date module file ../../../Engine/Plugins/Messaging/TcpMessaging/Binaries/Win64/UE4Editor-TcpMessaging.dll (API version 3709383).
LogModuleManager: Display: Found up-to-date module file ../../../Engine/Plugins/Messaging/UdpMessaging/Binaries/Win64/UE4Editor-UdpMessaging.dll (API version 3709383).
LogModuleManager: Display: Found up-to-date module file ../../../Engine/Plugins/MovieScene/ActorSequence/Binaries/Win64/UE4Editor-ActorSequence.dll (API version 3709383).
LogModuleManager: Display: Found up-to-date module file ../../../Engine/Plugins/MovieScene/LevelSequenceEditor/Binaries/Win64/UE4Editor-LevelSequenceEditor.dll (API version 3709383).
LogModuleManager: Display: Found up-to-date module file ../../../Engine/Plugins/MovieScene/MatineeToLevelSequence/Binaries/Win64/UE4Editor-MatineeToLevelSequence.dll (API version 3709383).
LogModuleManager: Display: Found up-to-date module file ../../../Engine/Plugins/Online/OnlineSubsystem/Binaries/Win64/UE4Editor-OnlineSubsystem.dll (API version 3709383).
LogModuleManager: Display: Found up-to-date module file ../../../Engine/Plugins/Runtime/AndroidPermission/Binaries/Win64/UE4Editor-AndroidPermission.dll (API version 3709383).
LogModuleManager: Display: Found up-to-date module file ../../../Engine/Plugins/Online/OnlineSubsystemNull/Binaries/Win64/UE4Editor-OnlineSubsystemNull.dll (API version 3709383).
LogModuleManager: Display: Found up-to-date module file ../../../Engine/Plugins/Online/OnlineSubsystemUtils/Binaries/Win64/UE4Editor-OnlineSubsystemUtils.dll (API version 3709383).
LogModuleManager: Display: Found up-to-date module file ../../../Engine/Plugins/Online/OnlineSubsystemUtils/Binaries/Win64/UE4Editor-OnlineBlueprintSupport.dll (API version 3709383).
LogModuleManager: Display: Found up-to-date module file ../../../Engine/Plugins/Runtime/AndroidDeviceProfileSelector/Binaries/Win64/UE4Editor-AndroidDeviceProfileSelector.dll (API version 3709383).
LogModuleManager: Display: Found up-to-date module file ../../../Engine/Plugins/Runtime/AppleARKit/Binaries/Win64/UE4Editor-AppleARKit.dll (API version 3709383).
LogModuleManager: Display: Found up-to-date module file ../../../Engine/Plugins/Runtime/ArchVisCharacter/Binaries/Win64/UE4Editor-ArchVisCharacter.dll (API version 3709383).
LogModuleManager: Display: Found up-to-date module file ../../../Engine/Plugins/Runtime/CableComponent/Binaries/Win64/UE4Editor-CableComponent.dll (API version 3709383).
LogModuleManager: Display: Found up-to-date module file ../../../Engine/Plugins/Runtime/CustomMeshComponent/Binaries/Win64/UE4Editor-CustomMeshComponent.dll (API version 3709383).
LogModuleManager: Display: Found up-to-date module file ../../../Engine/Plugins/Runtime/ExampleDeviceProfileSelector/Binaries/Win64/UE4Editor-ExampleDeviceProfileSelector.dll (API version 3709383).
LogModuleManager: Display: Found up-to-date module file ../../../Engine/Plugins/Runtime/ImmediatePhysics/Binaries/Win64/UE4Editor-ImmediatePhysics.dll (API version 3709383).
LogModuleManager: Display: Found up-to-date module file ../../../Engine/Plugins/Runtime/ImmediatePhysics/Binaries/Win64/UE4Editor-ImmediatePhysicsEditor.dll (API version 3709383).
LogModuleManager: Display: Found up-to-date module file ../../../Engine/Plugins/Runtime/LocationServicesBPLibrary/Binaries/Win64/UE4Editor-LocationServicesBPLibrary.dll (API version 3709383).
LogModuleManager: Display: Found up-to-date module file ../../../Engine/Plugins/Runtime/MobilePatchingUtils/Binaries/Win64/UE4Editor-MobilePatchingUtils.dll (API version 3709383).
LogModuleManager: Display: Found up-to-date module file ../../../Engine/Plugins/Runtime/Oculus/OculusVR/Binaries/Win64/UE4Editor-OculusHMD.dll (API version 3709383).
LogModuleManager: Display: Found up-to-date module file ../../../Engine/Plugins/Runtime/Oculus/OculusVR/Binaries/Win64/UE4Editor-OculusInput.dll (API version 3709383).
LogModuleManager: Display: Found up-to-date module file ../../../Engine/Plugins/Runtime/Oculus/OculusVR/Binaries/Win64/UE4Editor-OculusEditor.dll (API version 3709383).
LogModuleManager: Display: Found up-to-date module file ../../../Engine/Plugins/Runtime/PhysXVehicles/Binaries/Win64/UE4Editor-PhysXVehicles.dll (API version 3709383).
LogModuleManager: Display: Found up-to-date module file ../../../Engine/Plugins/Runtime/PhysXVehicles/Binaries/Win64/UE4Editor-PhysXVehiclesEditor.dll (API version 3709383).
LogModuleManager: Display: Found up-to-date module file ../../../Engine/Plugins/Runtime/ProceduralMeshComponent/Binaries/Win64/UE4Editor-ProceduralMeshComponent.dll (API version 3709383).
LogModuleManager: Display: Found up-to-date module file ../../../Engine/Plugins/Runtime/ProceduralMeshComponent/Binaries/Win64/UE4Editor-ProceduralMeshComponentEditor.dll (API version 3709383).
LogModuleManager: Display: Found up-to-date module file ../../../Engine/Plugins/Runtime/RuntimePhysXCooking/Binaries/Win64/UE4Editor-RuntimePhysXCooking.dll (API version 3709383).
LogModuleManager: Display: Found up-to-date module file ../../../Engine/Plugins/Runtime/Steam/SteamVR/Binaries/Win64/UE4Editor-SteamVR.dll (API version 3709383).
LogModuleManager: Display: Found up-to-date module file ../../../Engine/Plugins/Runtime/Steam/SteamVR/Binaries/Win64/UE4Editor-SteamVRController.dll (API version 3709383).
LogModuleManager: Display: Found up-to-date module file ../../../Engine/Plugins/Runtime/WindowsMoviePlayer/Binaries/Win64/UE4Editor-WindowsMoviePlayer.dll (API version 3709383).
LogPluginManager: Mounting plugin Paper2D
LogPluginManager: Mounting plugin LightPropagationVolume
LogPluginManager: Mounting plugin CodeLiteSourceCodeAccess
LogPluginManager: Mounting plugin GitSourceControl
LogPluginManager: Mounting plugin KDevelopSourceCodeAccess
LogPluginManager: Mounting plugin NullSourceCodeAccess
LogPluginManager: Mounting plugin PerforceSourceControl
LogPluginManager: Mounting plugin SubversionSourceControl
LogPluginManager: Mounting plugin UObjectPlugin
LogPluginManager: Mounting plugin VisualStudioCodeSourceCodeAccess
LogPluginManager: Mounting plugin VisualStudioSourceCodeAccess
LogPluginManager: Mounting plugin XCodeSourceCodeAccess
LogPluginManager: Mounting plugin AssetManagerEditor
LogPluginManager: Mounting plugin AudioCapture
LogPluginManager: Mounting plugin FacialAnimation
LogPluginManager: Mounting plugin GameplayTagsEditor
LogPluginManager: Mounting plugin MobileLauncherProfileWizard
LogPluginManager: Mounting plugin PluginBrowser
LogPluginManager: Mounting plugin SpeedTreeImporter
LogPluginManager: Mounting plugin AlembicImporter
LogPluginManager: Mounting plugin CharacterAI
LogPluginManager: Mounting plugin HTML5Networking
LogPluginManager: Mounting plugin AndroidMedia
LogPluginManager: Mounting plugin AvfMedia
LogPluginManager: Mounting plugin ImgMedia
LogPluginManager: Mounting plugin MediaCompositing
LogPluginManager: Mounting plugin MediaPlayerEditor
LogPluginManager: Mounting plugin WmfMedia
LogPluginManager: Mounting plugin TcpMessaging
LogPluginManager: Mounting plugin UdpMessaging
LogPluginManager: Mounting plugin ActorSequence
LogPluginManager: Mounting plugin LevelSequenceEditor
LogPluginManager: Mounting plugin MatineeToLevelSequence
LogPluginManager: Mounting plugin OnlineSubsystemGooglePlay
LogPluginManager: Mounting plugin OnlineSubsystemIOS
LogPluginManager: Mounting plugin OnlineSubsystem
LogPluginManager: Mounting plugin OnlineSubsystemNull
LogPluginManager: Mounting plugin OnlineSubsystemUtils
LogPluginManager: Mounting plugin AndroidDeviceProfileSelector
LogPluginManager: Mounting plugin AndroidMoviePlayer
LogPluginManager: Mounting plugin AndroidPermission
LogPluginManager: Mounting plugin AppleARKit
LogPluginManager: Mounting plugin AppleMoviePlayer
LogPluginManager: Mounting plugin ArchVisCharacter
LogPluginManager: Mounting plugin CableComponent
LogPluginManager: Mounting plugin CustomMeshComponent
LogPluginManager: Mounting plugin ExampleDeviceProfileSelector
LogPluginManager: Mounting plugin GoogleCloudMessaging
LogPluginManager: Mounting plugin ImmediatePhysics
LogPluginManager: Mounting plugin IOSDeviceProfileSelector
LogPluginManager: Mounting plugin LinuxDeviceProfileSelector
LogPluginManager: Mounting plugin LocationServicesBPLibrary
LogPluginManager: Mounting plugin MobilePatchingUtils
LogPluginManager: Mounting plugin OculusVR
LogPluginManager: Plugin shader directory ../../../Engine/Plugins/Runtime/Oculus/OculusVR/Shaders found
LogPluginManager: Mapping shader source directory ../../../Engine/Plugins/Runtime/Oculus/OculusVR/Shaders to virtual directory /Plugin/OculusVR
LogPluginManager: Mounting plugin PhysXVehicles
LogPluginManager: Mounting plugin ProceduralMeshComponent
LogPluginManager: Mounting plugin RuntimePhysXCooking
LogPluginManager: Mounting plugin SteamVR
LogPluginManager: Mounting plugin WindowsMoviePlayer
LogInit: Using libcurl 7.47.1
LogInit:  - built for x86_64-pc-win32
LogInit:  - supports SSL with OpenSSL/1.0.2g
LogInit:  - supports HTTP deflate (compression) using libz 1.2.8
LogInit:  - other features:
LogInit:      CURL_VERSION_SSL
LogInit:      CURL_VERSION_LIBZ
LogInit:      CURL_VERSION_IPV6
LogInit:      CURL_VERSION_ASYNCHDNS
LogInit:      CURL_VERSION_LARGEFILE
LogInit:      CURL_VERSION_IDN
LogInit:  CurlRequestOptions (configurable via config and command line):
LogInit:  - bVerifyPeer = false  - Libcurl will NOT verify peer certificate
LogInit:  - bUseHttpProxy = false  - Libcurl will NOT use HTTP proxy
LogInit:  - bDontReuseConnections = false  - Libcurl will reuse connections
LogInit:  - CertBundlePath = nullptr  - Libcurl will use whatever was configured at build time.
LogInit: Build: ++UE4+Release-4.18-CL-3794801
LogInit: Engine Version: 4.18.2-3794801+++UE4+Release-4.18
LogInit: Compatible Engine Version: 4.18.0-3709383+++UE4+Release-4.18
LogInit: Net CL: 3709383
LogDevObjectVersion: Number of dev versions registered: 16
LogDevObjectVersion:   Dev-Blueprints (B0D832E4-1F89-4F0D-ACCF-7EB736FD4AA2): 10
LogDevObjectVersion:   Dev-Build (E1C64328-A22C-4D53-A36C-8E866417BD8C): 0
LogDevObjectVersion:   Dev-Core (375EC13C-06E4-48FB-B500-84F0262A717E): 2
LogDevObjectVersion:   Dev-Editor (E4B068ED-F494-42E9-A231-DA0B2E46BB41): 20
LogDevObjectVersion:   Dev-Framework (CFFC743F-43B0-4480-9391-14DF171D2073): 30
LogDevObjectVersion:   Dev-Mobile (B02B49B5-BB20-44E9-A304-32B752E40360): 0
LogDevObjectVersion:   Dev-Networking (A4E4105C-59A1-49B5-A7C5-40C4547EDFEE): 0
LogDevObjectVersion:   Dev-Online (39C831C9-5AE6-47DC-9A44-9C173E1C8E7C): 0
LogDevObjectVersion:   Dev-Physics (78F01B33-EBEA-4F98-B9B4-84EACCB95AA2): 0
LogDevObjectVersion:   Dev-Platform (6631380F-2D4D-43E0-8009-CF276956A95A): 0
LogDevObjectVersion:   Dev-Rendering (12F88B9F-8875-4AFC-A67C-D90C383ABD29): 20
LogDevObjectVersion:   Dev-Sequencer (7B5AE74C-D270-4C10-A958-57980B212A5A): 4
LogDevObjectVersion:   Dev-VR (D7296918-1DD6-4BDD-9DE2-64A83CC13884): 0
LogDevObjectVersion:   Dev-LoadTimes (C2A15278-BFE7-4AFE-6C17-90FF531DF755): 1
LogDevObjectVersion:   Private-Geometry (6EACA3D4-40EC-4CC1-B786-8BED09428FC5): 1
LogDevObjectVersion:   Dev-AnimPhys (29E575DD-E0A3-4627-9D10-D276232CDCEA): 12
LogInit: Compiled (64-bit): Dec  8 2017 02:04:53
LogInit: Compiled with Visual C++: 19.00.24215.01
LogInit: Build Configuration: Development
LogInit: Branch Name: ++UE4+Release-4.18
LogInit: Command line: -EpicPortal 
LogInit: Base directory: C:/Program Files/Epic Games/UE_4.18/Engine/Binaries/Win64/
LogInit: Installed Engine Build: 1
LogInit: Presizing for max 8388607 objects, including 0 objects not considered by GC, pre-allocating 0 bytes for permanent pool.
LogInit: Object subsystem initialized
[2018.03.30-20.40.12:778][  0]LogInit: Selected Device Profile: [Windows]
[2018.03.30-20.40.12:778][  0]LogInit: Applying CVar settings loaded from the selected device profile: [Windows]
[2018.03.30-20.40.12:837][  0]LogInit: Computer: DESKTOP-L2CNR04
[2018.03.30-20.40.12:837][  0]LogInit: User: Matt
[2018.03.30-20.40.12:837][  0]LogInit: CPU Page size=4096, Cores=2
[2018.03.30-20.40.12:837][  0]LogInit: High frequency timer resolution =2.437499 MHz
[2018.03.30-20.40.12:838][  0]LogMemory: Memory total: Physical=7.9GB (8GB approx)
[2018.03.30-20.40.12:838][  0]LogMemory: Platform Memory Stats for Windows
[2018.03.30-20.40.12:838][  0]LogMemory: Process Physical Memory: 275.04 MB used, 275.04 MB peak
[2018.03.30-20.40.12:838][  0]LogMemory: Process Virtual Memory: 273.45 MB used, 273.45 MB peak
[2018.03.30-20.40.12:838][  0]LogMemory: Physical Memory: 3791.36 MB used,  4325.94 MB free, 8117.30 MB total
[2018.03.30-20.40.12:838][  0]LogMemory: Virtual Memory: 682.93 MB used,  4325.94 MB free, 134217728.00 MB total
[2018.03.30-20.40.13:182][  0]LogInit: Using OS detected language (en-US).
[2018.03.30-20.40.13:182][  0]LogInit: Using OS detected locale (en-US).
[2018.03.30-20.40.13:187][  0]LogTextLocalizationManager: No specific localization for 'en-US' exists, so the 'en' localization will be used.
[2018.03.30-20.40.13:774][  0]LogInit: Setting process to per monitor DPI aware
[2018.03.30-20.40.14:292][  0]LogD3D11RHI: D3D11 adapters:
[2018.03.30-20.40.14:373][  0]LogD3D11RHI:    0. 'NVIDIA GeForce GPU' (Feature Level 11_0)
[2018.03.30-20.40.14:373][  0]LogD3D11RHI:       997/0/4058 MB DedicatedVideo/DedicatedSystem/SharedSystem, Outputs:1, VendorId:0x10de
[2018.03.30-20.40.14:385][  0]LogD3D11RHI:    1. 'Intel(R) HD Graphics 520' (Feature Level 11_0)
[2018.03.30-20.40.14:385][  0]LogD3D11RHI:       128/0/4058 MB DedicatedVideo/DedicatedSystem/SharedSystem, Outputs:0, VendorId:0x8086
[2018.03.30-20.40.14:389][  0]LogD3D11RHI:    2. 'Microsoft Basic Render Driver' (Feature Level 11_0)
[2018.03.30-20.40.14:389][  0]LogD3D11RHI:       0/0/4058 MB DedicatedVideo/DedicatedSystem/SharedSystem, Outputs:0, VendorId:0x1414
[2018.03.30-20.40.14:389][  0]LogD3D11RHI: Chosen D3D11 Adapter: 0
[2018.03.30-20.40.14:403][  0]LogD3D11RHI: Creating new Direct3DDevice
[2018.03.30-20.40.14:404][  0]LogD3D11RHI:     GPU DeviceId: 0x134b (for the marketing name, search the web for "GPU Device Id")
[2018.03.30-20.40.14:404][  0]LogWindows: EnumDisplayDevices:
[2018.03.30-20.40.14:404][  0]LogWindows:    0. 'Intel(R) HD Graphics 520' (P:1 D:1)
[2018.03.30-20.40.14:404][  0]LogWindows:    1. 'Intel(R) HD Graphics 520' (P:0 D:0)
[2018.03.30-20.40.14:405][  0]LogWindows:    2. 'Intel(R) HD Graphics 520' (P:0 D:0)
[2018.03.30-20.40.14:405][  0]LogWindows: DebugString: GetVideoDriverDetailsInvalid PrimaryIsNotTheChoosenAdapter GetVideoDriverDetailsInvalid PrimaryIsNotTheChoosenAdapter GetVideoDriverDetailsInvalid PrimaryIsNotTheChoosenAdapter FoundDriverCount:0 
[2018.03.30-20.40.14:405][  0]LogD3D11RHI:     Adapter Name: NVIDIA GeForce GPU
[2018.03.30-20.40.14:405][  0]LogD3D11RHI:   Driver Version: Unknown (internal:Unknown, unified:Unknown)
[2018.03.30-20.40.14:405][  0]LogD3D11RHI:      Driver Date: Unknown
[2018.03.30-20.40.14:405][  0]LogRHI: Texture pool is 698 MB (70% of 997 MB)
[2018.03.30-20.40.14:461][  0]LogD3D11RHI: Async texture creation enabled
[2018.03.30-20.40.14:481][  0]LogD3D11RHI: GPU Timing Frequency: 1000.000000 (Debug: 2 1)
[2018.03.30-20.40.14:483][  0]LogShaderCompilers: Guid format shader working directory is -37 characters bigger than the processId version (../../../../../../Users/Matt/Documents/GameProjects/Unreal/Investiture/Investiture/Intermediate/Shaders/WorkingDirectory/9612/).
[2018.03.30-20.40.14:483][  0]LogShaderCompilers: Cleaned the shader compiler working directory 'C:/Users/Matt/AppData/Local/Temp/UnrealShaderWorkingDir/E50A210E4B8C2E2509EE0E89F383ED3A/'.
[2018.03.30-20.40.14:483][  0]LogShaderCompilers: Display: Using Local Shader Compiler.
[2018.03.30-20.40.16:083][  0]LogTemp: Display: Loaded TP AllDesktopTargetPlatform
[2018.03.30-20.40.16:197][  0]LogTemp: Display: Loaded TP MacClientTargetPlatform
[2018.03.30-20.40.16:294][  0]LogTemp: Display: Loaded TP MacNoEditorTargetPlatform
[2018.03.30-20.40.16:388][  0]LogTemp: Display: Loaded TP MacServerTargetPlatform
[2018.03.30-20.40.16:525][  0]LogTemp: Display: Loaded TP MacTargetPlatform
[2018.03.30-20.40.16:651][  0]LogTemp: Display: Loaded TP WindowsClientTargetPlatform
[2018.03.30-20.40.16:740][  0]LogTemp: Display: Loaded TP WindowsNoEditorTargetPlatform
[2018.03.30-20.40.16:846][  0]LogTemp: Display: Loaded TP WindowsServerTargetPlatform
[2018.03.30-20.40.16:924][  0]LogTemp: Display: Loaded TP WindowsTargetPlatform
[2018.03.30-20.40.17:015][  0]LogTemp: Display: Loaded TP Android_ASTCTargetPlatform
[2018.03.30-20.40.17:108][  0]LogTemp: Display: Loaded TP Android_ATCTargetPlatform
[2018.03.30-20.40.17:196][  0]LogTemp: Display: Loaded TP Android_DXTTargetPlatform
[2018.03.30-20.40.17:285][  0]LogTemp: Display: Loaded TP Android_ETC1TargetPlatform
[2018.03.30-20.40.17:376][  0]LogTemp: Display: Loaded TP Android_ETC2TargetPlatform
[2018.03.30-20.40.17:585][  0]LogTemp: Display: Loaded TP Android_MultiTargetPlatform
[2018.03.30-20.40.17:585][  0]LogTemp: Display: Loaded TP Android_PVRTCTargetPlatform
[2018.03.30-20.40.17:674][  0]LogTemp: Display: Loaded TP AndroidTargetPlatform
[2018.03.30-20.40.17:745][  0]LogTemp: Display: Loaded TP HTML5TargetPlatform
[2018.03.30-20.40.17:893][  0]LogTemp: Display: Loaded TP IOSTargetPlatform
[2018.03.30-20.40.17:953][  0]LogTemp: Display: Loaded TP TVOSTargetPlatform
[2018.03.30-20.40.18:047][  0]LogTemp: Display: Loaded TP LinuxClientTargetPlatform
[2018.03.30-20.40.18:140][  0]LogTemp: Display: Loaded TP LinuxNoEditorTargetPlatform
[2018.03.30-20.40.18:229][  0]LogTemp: Display: Loaded TP LinuxServerTargetPlatform
[2018.03.30-20.40.18:316][  0]LogTemp: Display: Loaded TP LinuxTargetPlatform
[2018.03.30-20.40.18:316][  0]LogTargetPlatformManager: Display: Building Assets For Windows
[2018.03.30-20.40.19:259][  0]LogDerivedDataCache: Display: Max Cache Size: 512 MB
[2018.03.30-20.40.19:412][  0]LogDerivedDataCache: Loaded boot cache 0.15s 78MB C:/Users/Matt/AppData/Local/UnrealEngine/4.18/DerivedDataCache/Boot.ddc.
[2018.03.30-20.40.19:412][  0]LogDerivedDataCache: Display: Loaded Boot cache: C:/Users/Matt/AppData/Local/UnrealEngine/4.18/DerivedDataCache/Boot.ddc
[2018.03.30-20.40.19:413][  0]LogDerivedDataCache: FDerivedDataBackendGraph:  Pak pak cache file ../../../../../../Users/Matt/Documents/GameProjects/Unreal/Investiture/Investiture/DerivedDataCache/DDC.ddp not found, will not use a pak cache.
[2018.03.30-20.40.19:413][  0]LogDerivedDataCache: Unable to find inner node Pak for hierarchical cache Hierarchy.
[2018.03.30-20.40.19:413][  0]LogDerivedDataCache: FDerivedDataBackendGraph:  CompressedPak pak cache file ../../../../../../Users/Matt/Documents/GameProjects/Unreal/Investiture/Investiture/DerivedDataCache/Compressed.ddp not found, will not use a pak cache.
[2018.03.30-20.40.19:413][  0]LogDerivedDataCache: Unable to find inner node CompressedPak for hierarchical cache Hierarchy.
[2018.03.30-20.40.19:447][  0]LogDerivedDataCache: Display: Pak cache opened for reading ../../../Engine/DerivedDataCache/Compressed.ddp.
[2018.03.30-20.40.19:461][  0]LogDerivedDataCache: Using Local data cache path C:/Users/Matt/AppData/Local/UnrealEngine/Common/DerivedDataCache: Writable
[2018.03.30-20.40.19:485][  0]LogMaterial: Verifying Global Shaders for PCD3D_SM5
[2018.03.30-20.40.19:486][  0]LogSlate: Using Freetype 2.6.0
[2018.03.30-20.40.19:487][  0]LogSlate: SlateFontCache - WITH_FREETYPE: 1, WITH_HARFBUZZ: 1
[2018.03.30-20.40.19:487][  0]LogSlate: SlateFontCache - WITH_FREETYPE: 1, WITH_HARFBUZZ: 1
[2018.03.30-20.40.20:288][  0]LogInit: Selected Device Profile: [Windows]
[2018.03.30-20.40.21:141][  0]LogSimplygon: Simplygon DLL not present - disabling.
[2018.03.30-20.40.21:258][  0]LogMeshReduction: Using SimplygonSwarm for distributed automatic mesh merging
[2018.03.30-20.40.21:258][  0]LogMeshReduction: Using QuadricMeshReduction for automatic static mesh reduction
[2018.03.30-20.40.21:258][  0]LogMeshReduction: No automatic skeletal mesh reduction module available
[2018.03.30-20.40.21:258][  0]LogMeshReduction: No automatic mesh merging module available
[2018.03.30-20.40.21:258][  0]LogMeshMerging: No automatic mesh merging module available
[2018.03.30-20.40.21:320][  0]LogNetVersion: Investiture , NetCL: 3709383, EngineNetVer: 2, GameNetVer: 0 (Checksum: 1457158739)
[2018.03.30-20.40.21:734][  0]LogAssetRegistry: FAssetRegistry took 0.0325 seconds to start up
[2018.03.30-20.40.23:205][  0]LogPackageLocalizationCache: Processed 7 localized package path(s) for 2 prioritized culture(s) in 0.210888 seconds
[2018.03.30-20.40.23:218][  0]LogUObjectArray: 35900 objects as part of root set at end of initial load.
[2018.03.30-20.40.23:218][  0]LogUObjectAllocator: 7372016 out of 0 bytes used by permanent object pool.
[2018.03.30-20.40.23:218][  0]LogUObjectArray: CloseDisregardForGC: 0/0 objects in disregard for GC pool
[2018.03.30-20.40.23:398][  0]LogInit: WinSock: version 1.1 (2.2), MaxSocks=32767, MaxUdp=65467
[2018.03.30-20.40.31:394][  0]LogTcpMessaging: Initializing TcpMessaging bridge
[2018.03.30-20.40.31:502][  0]LogUdpMessaging: Initializing bridge on interface 0.0.0.0:0 to multicast group 230.0.0.1:6666.
[2018.03.30-20.40.33:562][  0]LogMaterial: Uniform references updated for custom material expression Custom.
[2018.03.30-20.40.34:918][  0]SourceControl: Source control is disabled
[2018.03.30-20.40.34:918][  0]SourceControl: Source control is disabled
[2018.03.30-20.40.35:106][  0]SourceControl: Source control is disabled
[2018.03.30-20.40.35:280][  0]SourceControl: Source control is disabled
[2018.03.30-20.40.37:959][  0]LogAndroidPermission: UAndroidPermissionCallbackProxy::GetInstance
[2018.03.30-20.40.38:862][  0]LogOcInput: OculusInput pre-init called
[2018.03.30-20.40.39:765][  0]LogEngine: Initializing Engine...
[2018.03.30-20.40.39:770][  0]LogHMD: Failed to initialize OpenVR with code 100
[2018.03.30-20.40.40:271][  0]LogStats: UGameplayTagsManager::ConstructGameplayTagTree: Construct from data asset -  0.000 s
[2018.03.30-20.40.40:272][  0]LogStats: UGameplayTagsManager::ConstructGameplayTagTree: ImportINI -  0.001 s
[2018.03.30-20.40.40:272][  0]LogStats: UGameplayTagsManager::ConstructGameplayTagTree: GameplayTagTreeChangedEvent.Broadcast -  0.000 s
[2018.03.30-20.40.40:714][  0]LogAIModule: Creating AISystem for world Untitled
[2018.03.30-20.40.40:743][  0]LogInit: XAudio2 using 'Speakers (Realtek High Definition Audio(SST))' : 2 channels at 48 kHz using 32 bits per sample (channel mask 0x3)
[2018.03.30-20.40.41:531][  0]LogInit: FAudioDevice initialized.
[2018.03.30-20.40.41:650][  0]LogDerivedDataCache: Saved boot cache 0.12s 78MB C:/Users/Matt/AppData/Local/UnrealEngine/4.18/DerivedDataCache/Boot.ddc.
[2018.03.30-20.40.41:672][  0]LogInit: Texture streaming: Enabled
[2018.03.30-20.40.42:025][  0]LogEngineSessionManager: EngineSessionManager initialized
[2018.03.30-20.40.42:426][  0]LogInit: Transaction tracking system initialized
[2018.03.30-20.40.43:120][  0]BlueprintLog: New page: Editor Load
[2018.03.30-20.40.44:973][  0]LocalizationService: Localization service is disabled
[2018.03.30-20.40.46:473][  0]LogConsoleResponse: Display: 
[2018.03.30-20.40.46:863][  0]LogCook: Display: Max memory allowance for cook 16384mb min free memory 0mb
[2018.03.30-20.40.46:863][  0]LogCook: Display: Mobile HDR setting 1
[2018.03.30-20.40.46:863][  0]LogGameplayTags: Display: UGameplayTagsManager::DoneAddingNativeTags. DelegateIsBound: 0
[2018.03.30-20.40.47:186][  0]LogFileCache: Scanning file cache for directory 'C:/Users/Matt/Documents/GameProjects/Unreal/Investiture/Investiture/Content/' took 0.03s
[2018.03.30-20.40.49:196][  0]SourceControl: Source control is disabled
[2018.03.30-20.40.49:197][  0]Cmd: MAP LOAD FILE="../../../../../../Users/Matt/Documents/GameProjects/Unreal/Investiture/Investiture/Content/ProcLevel.umap" TEMPLATE=0 SHOWPROGRESS=1 FEATURELEVEL=3
[2018.03.30-20.40.49:198][  0]LightingResults: New page: Lighting Build
[2018.03.30-20.40.49:306][  0]MapCheck: New page: Map Check
[2018.03.30-20.40.49:306][  0]LightingResults: New page: Lighting Build
[2018.03.30-20.40.52:837][  0]LogLinker: Warning: Asset '../../../../../../Users/Matt/Documents/GameProjects/Unreal/Investiture/Investiture/Content/Materials/Outline/MF_ConvolveTexture.uasset' has been saved with empty engine version. The asset will be loaded but may be incompatible.
[2018.03.30-20.40.53:964][  0]LogTexture: Display: Building textures: Keyboard_White_C (BGRA8, 100X100)
[2018.03.30-20.40.53:964][  0]LogTexture: Display: Building textures: Keyboard_White_Shift (BGRA8, 100X100)
[2018.03.30-20.40.53:964][  0]LogTexture: Display: Building textures: floorgrating (BGRA8, 950X713)
[2018.03.30-20.40.54:623][  0]LogMaterial: Missing cached shader map for material M_Grate, compiling. 
[2018.03.30-20.40.56:090][  0]LogAIModule: Creating AISystem for world ProcLevel
[2018.03.30-20.40.56:133][  0]LogEditorServer: Finished looking for orphan Actors (0.000 secs)
[2018.03.30-20.40.56:338][  0]Cmd: MAP CHECKDEP NOCLEARLOG
[2018.03.30-20.40.56:530][  0]MapCheck: Map check complete: 0 Error(s), 0 Warning(s), took 192.432ms to complete.
[2018.03.30-20.40.56:531][  0]LogFileHelpers: Loading map 'ProcLevel' took 7.334
[2018.03.30-20.40.57:074][  0]LogCollectionManager: Loaded 0 collections in 0.004706 seconds
[2018.03.30-20.40.57:266][  0]LogFileCache: Scanning file cache for directory 'C:/Users/Matt/Documents/GameProjects/Unreal/Investiture/Investiture/Saved/Collections/' took 0.01s
[2018.03.30-20.40.57:267][  0]LogFileCache: Scanning file cache for directory 'C:/Users/Matt/Documents/GameProjects/Unreal/Investiture/Investiture/Content/Developers/Matt/Collections/' took 0.01s
[2018.03.30-20.40.57:267][  0]LogFileCache: Scanning file cache for directory 'C:/Users/Matt/Documents/GameProjects/Unreal/Investiture/Investiture/Content/Collections/' took 0.01s
[2018.03.30-20.40.57:267][  0]LogCollectionManager: Rebuilt the GUID cache for 0 collections in 0.000000 seconds
[2018.03.30-20.40.57:292][  0]LogContentBrowser: Native class hierarchy populated in 0.0238 seconds. Added 2364 classes and 521 folders.
[2018.03.30-20.40.57:538][  0]LogContentBrowser: Native class hierarchy updated for 'WidgetCarousel' in 0.0007 seconds. Added 0 classes and 0 folders.
[2018.03.30-20.40.58:442][  0]LogContentBrowser: Native class hierarchy updated for 'AddContentDialog' in 0.0008 seconds. Added 0 classes and 0 folders.
[2018.03.30-20.40.58:779][  0]LogSlate: Took 0.000911 seconds to synchronously load lazily loaded font '../../../Engine/Content/Slate/Fonts/Roboto-Regular.ttf' (155K)
[2018.03.30-20.40.58:798][  0]LogSlate: Took 0.000436 seconds to synchronously load lazily loaded font '../../../Engine/Content/Slate/Fonts/Roboto-Bold.ttf' (160K)
[2018.03.30-20.40.58:823][  0]LogSlate: Took 0.013760 seconds to synchronously load lazily loaded font '../../../Engine/Content/Editor/Slate/Fonts/FontAwesome.ttf' (139K)
[2018.03.30-20.40.59:040][  0]LogRenderer: Reallocating scene render targets to support 288x168 Format 9 NumSamples 1 (Frame:1).
[2018.03.30-20.40.59:251][  0]LogSlate: Took 0.009205 seconds to synchronously load lazily loaded font '../../../Engine/Content/Slate/Fonts/Roboto-Light.ttf' (159K)
[2018.03.30-20.40.59:531][  0]LogContentBrowser: Native class hierarchy updated for 'HierarchicalLODOutliner' in 0.0007 seconds. Added 1 classes and 2 folders.
[2018.03.30-20.40.59:531][  0]LogLoad: (Engine Initialization) Total time: 52.36 seconds
[2018.03.30-20.40.59:531][  0]LogLoad: (Engine Initialization) Total Blueprint compile time: 0.00 seconds
[2018.03.30-20.40.59:531][  0]LogExternalProfiler: Found external profiler: VSPerf
[2018.03.30-20.40.59:532][  0]LogExternalProfiler: Using external profiler: VSPerf
[2018.03.30-20.40.59:952][  0]LogContentStreaming: Texture pool size now 800 MB
[2018.03.30-20.41.00:206][  1]LogFileCache: Retrieving MD5 hashes for directory 'C:/Users/Matt/Documents/GameProjects/Unreal/Investiture/Investiture/Content/' took 0.31s
[2018.03.30-20.41.00:970][  3]LogAssetRegistry: Asset discovery search completed in 39.2591 seconds
[2018.03.30-20.41.00:976][  3]LogCollectionManager: Rebuilt the object cache for 0 collections in 0.000000 seconds (found 0 objects)
[2018.03.30-20.41.00:977][  3]LogCollectionManager: Fixed up redirectors for 0 collections in 0.000239 seconds (updated 0 objects)
[2018.03.30-20.41.01:041][  3]LogSlate: Took 0.000331 seconds to synchronously load lazily loaded font '../../../Engine/Content/Slate/Fonts/Roboto-Light.ttf' (159K)
[2018.03.30-20.41.21:190][200]LogRenderer: Reallocating scene render targets to support 288x256 Format 9 NumSamples 1 (Frame:1).
[2018.03.30-20.41.22:455][238]LogRenderer: Reallocating scene render targets to support 360x360 Format 9 NumSamples 1 (Frame:1).
[2018.03.30-20.41.25:604][311]LogSlate: Took 0.000442 seconds to synchronously load lazily loaded font '../../../Engine/Content/Slate/Fonts/Roboto-Light.ttf' (159K)
[2018.03.30-20.41.26:334][311]LogSlate: Took 0.000450 seconds to synchronously load lazily loaded font '../../../Engine/Content/Slate/Fonts/Roboto-Regular.ttf' (155K)
[2018.03.30-20.41.26:853][311]LogContentBrowser: Native class hierarchy updated for 'BlueprintGraph' in 0.0016 seconds. Added 116 classes and 0 folders.
[2018.03.30-20.41.28:519][311]LogSlate: Took 0.017654 seconds to synchronously load lazily loaded font '../../../Engine/Content/Editor/Slate/Fonts/Roboto-BoldCondensed.ttf' (158K)
[2018.03.30-20.41.28:842][312]LogSlate: Took 0.011291 seconds to synchronously load lazily loaded font '../../../Engine/Content/Editor/Slate/Fonts/Roboto-Italic.ttf' (157K)
[2018.03.30-20.44.43:973][964]BlueprintLog: New page: Compile LayoutEndPoint
[2018.03.30-20.44.45:225][975]LogSavePackage: Save=24.43ms
[2018.03.30-20.44.45:225][975]LogSavePackage: Moving '../../../../../../Users/Matt/Documents/GameProjects/Unreal/Investiture/Investiture/Saved/LayoutEndPoint748A818541F3E71D39B0DFBAAE123BF1.tmp' to '../../../../../../Users/Matt/Documents/GameProjects/Unreal/Investiture/Investiture/Content/Blueprints/Layouts/LayoutEndPoint.uasset'
[2018.03.30-20.44.45:241][975]LogSavePackage: Display: Finished SavePackage ../../../../../../Users/Matt/Documents/GameProjects/Unreal/Investiture/Investiture/Content/Blueprints/Layouts/LayoutEndPoint.uasset
[2018.03.30-20.46.02:348][296]BlueprintLog: New page: Compile Layout_RecursivePuzzle
[2018.03.30-20.46.04:745][308]LogSavePackage: Save=67.74ms
[2018.03.30-20.46.04:745][308]LogSavePackage: Moving '../../../../../../Users/Matt/Documents/GameProjects/Unreal/Investiture/Investiture/Saved/Layout_RecursivePuzzle7B7620A34BF525892314B8986AA7B4B0.tmp' to '../../../../../../Users/Matt/Documents/GameProjects/Unreal/Investiture/Investiture/Content/Blueprints/Layouts/Layout_RecursivePuzzle.uasset'
[2018.03.30-20.46.04:752][308]LogSavePackage: Display: Finished SavePackage ../../../../../../Users/Matt/Documents/GameProjects/Unreal/Investiture/Investiture/Content/Blueprints/Layouts/Layout_RecursivePuzzle.uasset
[2018.03.30-20.46.17:686][546]BlueprintLog: New page: Compile Layout_Tutorial0
[2018.03.30-20.46.22:560][591]LogSavePackage: Save=91.36ms
[2018.03.30-20.46.22:561][591]LogSavePackage: Moving '../../../../../../Users/Matt/Documents/GameProjects/Unreal/Investiture/Investiture/Saved/Layout_Tutorial0BA3C4B004A0B772682A605B55B81E22A.tmp' to '../../../../../../Users/Matt/Documents/GameProjects/Unreal/Investiture/Investiture/Content/Blueprints/Layouts/Layout_Tutorial0.uasset'
[2018.03.30-20.46.22:568][591]LogSavePackage: Display: Finished SavePackage ../../../../../../Users/Matt/Documents/GameProjects/Unreal/Investiture/Investiture/Content/Blueprints/Layouts/Layout_Tutorial0.uasset
[2018.03.30-20.46.36:303][814]BlueprintLog: New page: Compile Layout_Tutorial1
[2018.03.30-20.46.38:145][824]LogSavePackage: Save=78.54ms
[2018.03.30-20.46.38:145][824]LogSavePackage: Moving '../../../../../../Users/Matt/Documents/GameProjects/Unreal/Investiture/Investiture/Saved/Layout_Tutorial1369CAD8F45DB3ACB963F18908B61F70C.tmp' to '../../../../../../Users/Matt/Documents/GameProjects/Unreal/Investiture/Investiture/Content/Blueprints/Layouts/Layout_Tutorial1.uasset'
[2018.03.30-20.46.38:154][824]LogSavePackage: Display: Finished SavePackage ../../../../../../Users/Matt/Documents/GameProjects/Unreal/Investiture/Investiture/Content/Blueprints/Layouts/Layout_Tutorial1.uasset
[2018.03.30-20.47.01:640][288]BlueprintLog: New page: Compile Layout_Tutorial2
[2018.03.30-20.47.03:469][302]LogSavePackage: Save=75.12ms
[2018.03.30-20.47.03:469][302]LogSavePackage: Moving '../../../../../../Users/Matt/Documents/GameProjects/Unreal/Investiture/Investiture/Saved/Layout_Tutorial2792C9D0B4B0AB76E529FEA958C198691.tmp' to '../../../../../../Users/Matt/Documents/GameProjects/Unreal/Investiture/Investiture/Content/Blueprints/Layouts/Layout_Tutorial2.uasset'
[2018.03.30-20.47.03:477][302]LogSavePackage: Display: Finished SavePackage ../../../../../../Users/Matt/Documents/GameProjects/Unreal/Investiture/Investiture/Content/Blueprints/Layouts/Layout_Tutorial2.uasset
[2018.03.30-20.47.20:387][573]BlueprintLog: New page: Compile Layout_Tutorial3
[2018.03.30-20.47.21:857][582]LogSavePackage: Save=89.96ms
[2018.03.30-20.47.21:858][582]LogSavePackage: Moving '../../../../../../Users/Matt/Documents/GameProjects/Unreal/Investiture/Investiture/Saved/Layout_Tutorial3C28F25BE4330991E1E6C4AB1E9E3FAB5.tmp' to '../../../../../../Users/Matt/Documents/GameProjects/Unreal/Investiture/Investiture/Content/Blueprints/Layouts/Layout_Tutorial3.uasset'
[2018.03.30-20.47.21:867][582]LogSavePackage: Display: Finished SavePackage ../../../../../../Users/Matt/Documents/GameProjects/Unreal/Investiture/Investiture/Content/Blueprints/Layouts/Layout_Tutorial3.uasset
[2018.03.30-20.47.28:959][740]LogRenderer: Reallocating scene render targets to support 764x488 Format 9 NumSamples 1 (Frame:1).
[2018.03.30-20.48.22:913][649]BlueprintLog: New page: Compile LayoutEndPoint
[2018.03.30-20.48.27:852][704]LogSavePackage: Save=22.22ms
[2018.03.30-20.48.27:852][704]LogSavePackage: Moving '../../../../../../Users/Matt/Documents/GameProjects/Unreal/Investiture/Investiture/Saved/LayoutEndPointF0B5BBE24C2BA95BC0ED549C32AD4E00.tmp' to '../../../../../../Users/Matt/Documents/GameProjects/Unreal/Investiture/Investiture/Content/Blueprints/Layouts/LayoutEndPoint.uasset'
[2018.03.30-20.48.27:861][704]LogSavePackage: Display: Finished SavePackage ../../../../../../Users/Matt/Documents/GameProjects/Unreal/Investiture/Investiture/Content/Blueprints/Layouts/LayoutEndPoint.uasset
[2018.03.30-20.48.33:164][819]BlueprintLog: New page: Compile LayoutEndPoint
[2018.03.30-20.48.34:528][826]LogSavePackage: Save=20.76ms
[2018.03.30-20.48.34:529][826]LogSavePackage: Moving '../../../../../../Users/Matt/Documents/GameProjects/Unreal/Investiture/Investiture/Saved/LayoutEndPoint7427ECF944D4E4A175A4B690CC5364EB.tmp' to '../../../../../../Users/Matt/Documents/GameProjects/Unreal/Investiture/Investiture/Content/Blueprints/Layouts/LayoutEndPoint.uasset'
[2018.03.30-20.48.34:537][826]LogSavePackage: Display: Finished SavePackage ../../../../../../Users/Matt/Documents/GameProjects/Unreal/Investiture/Investiture/Content/Blueprints/Layouts/LayoutEndPoint.uasset
[2018.03.30-20.48.44:238][ 31]BlueprintLog: New page: Compile LayoutPiece_BoxButton
[2018.03.30-20.48.46:253][ 36]LogSavePackage: Save=141.64ms
[2018.03.30-20.48.46:253][ 36]LogSavePackage: Moving '../../../../../../Users/Matt/Documents/GameProjects/Unreal/Investiture/Investiture/Saved/LayoutPiece_BoxButton449E84E04E5EED327E9FDB89304F1F28.tmp' to '../../../../../../Users/Matt/Documents/GameProjects/Unreal/Investiture/Investiture/Content/Blueprints/Layouts/LayoutPiece_BoxButton.uasset'
[2018.03.30-20.48.46:261][ 36]LogSavePackage: Display: Finished SavePackage ../../../../../../Users/Matt/Documents/GameProjects/Unreal/Investiture/Investiture/Content/Blueprints/Layouts/LayoutPiece_BoxButton.uasset
[2018.03.30-20.49.11:063][486]BlueprintLog: New page: Compile LayoutPiece_BoxGate
[2018.03.30-20.49.12:880][490]LogSavePackage: Save=106.15ms
[2018.03.30-20.49.12:880][490]LogSavePackage: Moving '../../../../../../Users/Matt/Documents/GameProjects/Unreal/Investiture/Investiture/Saved/LayoutPiece_BoxGate3DCD09D14EDDCE7BBA88359FB1585204.tmp' to '../../../../../../Users/Matt/Documents/GameProjects/Unreal/Investiture/Investiture/Content/Blueprints/Layouts/LayoutPiece_BoxGate.uasset'
[2018.03.30-20.49.12:889][490]LogSavePackage: Display: Finished SavePackage ../../../../../../Users/Matt/Documents/GameProjects/Unreal/Investiture/Investiture/Content/Blueprints/Layouts/LayoutPiece_BoxGate.uasset
[2018.03.30-20.49.30:968][907]BlueprintLog: New page: Compile LayoutPiece_BoxGate
[2018.03.30-20.49.33:049][921]LogSavePackage: Save=106.63ms
[2018.03.30-20.49.33:050][921]LogSavePackage: Moving '../../../../../../Users/Matt/Documents/GameProjects/Unreal/Investiture/Investiture/Saved/LayoutPiece_BoxGate52D84ADF4A1F8ABFC2152D86836827B7.tmp' to '../../../../../../Users/Matt/Documents/GameProjects/Unreal/Investiture/Investiture/Content/Blueprints/Layouts/LayoutPiece_BoxGate.uasset'
[2018.03.30-20.49.33:060][921]LogSavePackage: Display: Finished SavePackage ../../../../../../Users/Matt/Documents/GameProjects/Unreal/Investiture/Investiture/Content/Blueprints/Layouts/LayoutPiece_BoxGate.uasset
[2018.03.30-20.50.03:635][583]BlueprintLog: New page: Compile LayoutPiece_Gate
[2018.03.30-20.50.05:264][592]LogSavePackage: Save=91.27ms
[2018.03.30-20.50.05:264][592]LogSavePackage: Moving '../../../../../../Users/Matt/Documents/GameProjects/Unreal/Investiture/Investiture/Saved/LayoutPiece_Gate302CC21A4DE77E2059787897685F6A2B.tmp' to '../../../../../../Users/Matt/Documents/GameProjects/Unreal/Investiture/Investiture/Content/Blueprints/Layouts/LayoutPiece_Gate.uasset'
[2018.03.30-20.50.05:272][592]LogSavePackage: Display: Finished SavePackage ../../../../../../Users/Matt/Documents/GameProjects/Unreal/Investiture/Investiture/Content/Blueprints/Layouts/LayoutPiece_Gate.uasset
[2018.03.30-20.50.32:202][209]BlueprintLog: New page: Compile LayoutPiece_Button
[2018.03.30-20.50.33:827][213]LogSavePackage: Save=85.67ms
[2018.03.30-20.50.33:828][213]LogSavePackage: Moving '../../../../../../Users/Matt/Documents/GameProjects/Unreal/Investiture/Investiture/Saved/LayoutPiece_Button14F5A5294715851EA932AD9C0477527B.tmp' to '../../../../../../Users/Matt/Documents/GameProjects/Unreal/Investiture/Investiture/Content/Blueprints/Layouts/LayoutPiece_Button.uasset'
[2018.03.30-20.50.33:836][213]LogSavePackage: Display: Finished SavePackage ../../../../../../Users/Matt/Documents/GameProjects/Unreal/Investiture/Investiture/Content/Blueprints/Layouts/LayoutPiece_Button.uasset
[2018.03.30-20.50.55:816][607]BlueprintLog: New page: Compile LayoutPiece_BoxSpawn
[2018.03.30-20.50.57:687][610]LogSavePackage: Save=80.18ms
[2018.03.30-20.50.57:687][610]LogSavePackage: Moving '../../../../../../Users/Matt/Documents/GameProjects/Unreal/Investiture/Investiture/Saved/LayoutPiece_BoxSpawn466B41B3401013DF4BBB6CADD1CEBF12.tmp' to '../../../../../../Users/Matt/Documents/GameProjects/Unreal/Investiture/Investiture/Content/Blueprints/Layouts/LayoutPiece_BoxSpawn.uasset'
[2018.03.30-20.50.57:694][610]LogSavePackage: Display: Finished SavePackage ../../../../../../Users/Matt/Documents/GameProjects/Unreal/Investiture/Investiture/Content/Blueprints/Layouts/LayoutPiece_BoxSpawn.uasset
[2018.03.30-20.51.40:247][580]BlueprintLog: New page: Compile LayoutPiece_Gate
[2018.03.30-20.51.42:233][585]LogSavePackage: Save=149.28ms
[2018.03.30-20.51.42:233][585]LogSavePackage: Moving '../../../../../../Users/Matt/Documents/GameProjects/Unreal/Investiture/Investiture/Saved/LayoutPiece_Gate5ADD57EB4F71FBDAE264CA8F69E78155.tmp' to '../../../../../../Users/Matt/Documents/GameProjects/Unreal/Investiture/Investiture/Content/Blueprints/Layouts/LayoutPiece_Gate.uasset'
[2018.03.30-20.51.42:243][585]LogSavePackage: Display: Finished SavePackage ../../../../../../Users/Matt/Documents/GameProjects/Unreal/Investiture/Investiture/Content/Blueprints/Layouts/LayoutPiece_Gate.uasset
[2018.03.30-20.51.58:506][943]BlueprintLog: New page: Compile LayoutPiece_BoxGate
[2018.03.30-20.52.00:395][947]LogSavePackage: Save=91.61ms
[2018.03.30-20.52.00:395][947]LogSavePackage: Moving '../../../../../../Users/Matt/Documents/GameProjects/Unreal/Investiture/Investiture/Saved/LayoutPiece_BoxGate5A558DF8426C7A8773E740B3FB2E71CD.tmp' to '../../../../../../Users/Matt/Documents/GameProjects/Unreal/Investiture/Investiture/Content/Blueprints/Layouts/LayoutPiece_BoxGate.uasset'
[2018.03.30-20.52.00:405][947]LogSavePackage: Display: Finished SavePackage ../../../../../../Users/Matt/Documents/GameProjects/Unreal/Investiture/Investiture/Content/Blueprints/Layouts/LayoutPiece_BoxGate.uasset
[2018.03.30-20.52.54:916][933]LogActorComponent: UnregisterComponent: (/Engine/Transient.EditorFloorComp) Not registered. Aborting.
[2018.03.30-20.52.55:052][933]LogActorComponent: UnregisterComponent: (/Engine/Transient.EditorFloorComp) Not registered. Aborting.
[2018.03.30-20.52.55:199][933]LogActorComponent: UnregisterComponent: (/Engine/Transient.EditorFloorComp) Not registered. Aborting.
[2018.03.30-20.52.55:352][933]LogActorComponent: UnregisterComponent: (/Engine/Transient.EditorFloorComp) Not registered. Aborting.
[2018.03.30-20.52.55:498][933]LogActorComponent: UnregisterComponent: (/Engine/Transient.EditorFloorComp) Not registered. Aborting.
[2018.03.30-20.52.55:630][933]LogActorComponent: UnregisterComponent: (/Engine/Transient.EditorFloorComp) Not registered. Aborting.
[2018.03.30-20.52.55:782][933]LogActorComponent: UnregisterComponent: (/Engine/Transient.EditorFloorComp) Not registered. Aborting.
[2018.03.30-20.52.55:924][933]LogActorComponent: UnregisterComponent: (/Engine/Transient.EditorFloorComp) Not registered. Aborting.
[2018.03.30-20.52.56:066][933]LogActorComponent: UnregisterComponent: (/Engine/Transient.EditorFloorComp) Not registered. Aborting.
[2018.03.30-20.52.56:206][933]LogActorComponent: UnregisterComponent: (/Engine/Transient.EditorFloorComp) Not registered. Aborting.
[2018.03.30-20.55.21:397][718]BlueprintLog: New page: Compile LevelLayout
[2018.03.30-20.55.26:089][718]LogSavePackage: Save=373.40ms
[2018.03.30-20.55.26:089][718]LogSavePackage: Moving '../../../../../../Users/Matt/Documents/GameProjects/Unreal/Investiture/Investiture/Saved/LevelLayoutD1673EDE4205B936BDB67982CE404B8F.tmp' to '../../../../../../Users/Matt/Documents/GameProjects/Unreal/Investiture/Investiture/Content/Blueprints/Layouts/LevelLayout.uasset'
[2018.03.30-20.55.26:097][718]LogSavePackage: Display: Finished SavePackage ../../../../../../Users/Matt/Documents/GameProjects/Unreal/Investiture/Investiture/Content/Blueprints/Layouts/LevelLayout.uasset
[2018.03.30-20.55.27:196][724]LogSavePackage: Save=390.01ms
[2018.03.30-20.55.27:196][724]LogSavePackage: Moving '../../../../../../Users/Matt/Documents/GameProjects/Unreal/Investiture/Investiture/Saved/LevelLayoutD65CD131452D42852834058EAC62D9EE.tmp' to '../../../../../../Users/Matt/Documents/GameProjects/Unreal/Investiture/Investiture/Content/Blueprints/Layouts/LevelLayout.uasset'
[2018.03.30-20.55.27:200][724]LogSavePackage: Display: Finished SavePackage ../../../../../../Users/Matt/Documents/GameProjects/Unreal/Investiture/Investiture/Content/Blueprints/Layouts/LevelLayout.uasset
[2018.03.30-20.55.33:407][856]BlueprintLog: New page: Compile LayoutPiece_BoxPuzzle
[2018.03.30-20.55.35:640][868]LogSavePackage: Save=107.82ms
[2018.03.30-20.55.35:640][868]LogSavePackage: Moving '../../../../../../Users/Matt/Documents/GameProjects/Unreal/Investiture/Investiture/Saved/LayoutPiece_BoxPuzzle5018C72A4CE6F9DD16A2D3A5342E516B.tmp' to '../../../../../../Users/Matt/Documents/GameProjects/Unreal/Investiture/Investiture/Content/Blueprints/Layouts/LayoutPiece_BoxPuzzle.uasset'
[2018.03.30-20.55.35:650][868]LogSavePackage: Display: Finished SavePackage ../../../../../../Users/Matt/Documents/GameProjects/Unreal/Investiture/Investiture/Content/Blueprints/Layouts/LayoutPiece_BoxPuzzle.uasset
[2018.03.30-20.55.57:774][277]LogSavePackage: Save=88.15ms
[2018.03.30-20.55.57:774][277]LogSavePackage: Moving '../../../../../../Users/Matt/Documents/GameProjects/Unreal/Investiture/Investiture/Saved/LayoutPiece_BoxGateC7EE68754222CB1FB25481B1245E9308.tmp' to '../../../../../../Users/Matt/Documents/GameProjects/Unreal/Investiture/Investiture/Content/Blueprints/Layouts/LayoutPiece_BoxGate.uasset'
[2018.03.30-20.55.57:784][277]LogSavePackage: Display: Finished SavePackage ../../../../../../Users/Matt/Documents/GameProjects/Unreal/Investiture/Investiture/Content/Blueprints/Layouts/LayoutPiece_BoxGate.uasset
[2018.03.30-20.56.34:538][ 43]BlueprintLog: New page: Compile LevelLayout
[2018.03.30-20.56.39:058][ 43]LogSavePackage: Save=407.49ms
[2018.03.30-20.56.39:058][ 43]LogSavePackage: Moving '../../../../../../Users/Matt/Documents/GameProjects/Unreal/Investiture/Investiture/Saved/LevelLayoutCCFF4DED48E462E101B9D88F005C7EC6.tmp' to '../../../../../../Users/Matt/Documents/GameProjects/Unreal/Investiture/Investiture/Content/Blueprints/Layouts/LevelLayout.uasset'
[2018.03.30-20.56.39:066][ 43]LogSavePackage: Display: Finished SavePackage ../../../../../../Users/Matt/Documents/GameProjects/Unreal/Investiture/Investiture/Content/Blueprints/Layouts/LevelLayout.uasset
[2018.03.30-20.56.40:205][ 49]LogSavePackage: Save=364.55ms
[2018.03.30-20.56.40:205][ 49]LogSavePackage: Moving '../../../../../../Users/Matt/Documents/GameProjects/Unreal/Investiture/Investiture/Saved/LevelLayoutDD77C1684C6D9B14AC62A4A08B1A7187.tmp' to '../../../../../../Users/Matt/Documents/GameProjects/Unreal/Investiture/Investiture/Content/Blueprints/Layouts/LevelLayout.uasset'
[2018.03.30-20.56.40:210][ 49]LogSavePackage: Display: Finished SavePackage ../../../../../../Users/Matt/Documents/GameProjects/Unreal/Investiture/Investiture/Content/Blueprints/Layouts/LevelLayout.uasset
[2018.03.30-20.56.41:931][ 78]LogSavePackage: Save=144.30ms
[2018.03.30-20.56.41:932][ 78]LogSavePackage: Moving '../../../../../../Users/Matt/Documents/GameProjects/Unreal/Investiture/Investiture/Saved/LayoutLayoutSocket268F22144C394F6DA7ABAB9A25552F87.tmp' to '../../../../../../Users/Matt/Documents/GameProjects/Unreal/Investiture/Investiture/Content/Blueprints/Layouts/LayoutLayoutSocket.uasset'
[2018.03.30-20.56.41:942][ 78]LogSavePackage: Display: Finished SavePackage ../../../../../../Users/Matt/Documents/GameProjects/Unreal/Investiture/Investiture/Content/Blueprints/Layouts/LayoutLayoutSocket.uasset
[2018.03.30-20.56.50:497][309]LogSavePackage: Save=48.54ms
[2018.03.30-20.56.50:499][309]LogSavePackage: Moving '../../../../../../Users/Matt/Documents/GameProjects/Unreal/Investiture/Investiture/Saved/LayoutPiece_BoxButtonD956125A457D661B36F533ABDA2A3B6F.tmp' to '../../../../../../Users/Matt/Documents/GameProjects/Unreal/Investiture/Investiture/Content/Blueprints/Layouts/LayoutPiece_BoxButton.uasset'
[2018.03.30-20.56.50:509][309]LogSavePackage: Display: Finished SavePackage ../../../../../../Users/Matt/Documents/GameProjects/Unreal/Investiture/Investiture/Content/Blueprints/Layouts/LayoutPiece_BoxButton.uasset
[2018.03.30-20.56.50:771][309]LogSavePackage: Save=68.62ms
[2018.03.30-20.56.50:771][309]LogSavePackage: Moving '../../../../../../Users/Matt/Documents/GameProjects/Unreal/Investiture/Investiture/Saved/Layout_Puzzle19D571F2C4966D456EF0BBA84D0B0FA2B.tmp' to '../../../../../../Users/Matt/Documents/GameProjects/Unreal/Investiture/Investiture/Content/Blueprints/Layouts/Layout_Puzzle1.uasset'
[2018.03.30-20.56.50:781][309]LogSavePackage: Display: Finished SavePackage ../../../../../../Users/Matt/Documents/GameProjects/Unreal/Investiture/Investiture/Content/Blueprints/Layouts/Layout_Puzzle1.uasset
[2018.03.30-20.56.50:981][309]LogSavePackage: Save=42.87ms
[2018.03.30-20.56.50:982][309]LogSavePackage: Moving '../../../../../../Users/Matt/Documents/GameProjects/Unreal/Investiture/Investiture/Saved/Layout_RecursivePuzzle0F9CFC9D4E6E9F5057A6C9A47D492508.tmp' to '../../../../../../Users/Matt/Documents/GameProjects/Unreal/Investiture/Investiture/Content/Blueprints/Layouts/Layout_RecursivePuzzle.uasset'
[2018.03.30-20.56.50:991][309]LogSavePackage: Display: Finished SavePackage ../../../../../../Users/Matt/Documents/GameProjects/Unreal/Investiture/Investiture/Content/Blueprints/Layouts/Layout_RecursivePuzzle.uasset
[2018.03.30-20.56.51:187][309]LogSavePackage: Save=40.83ms
[2018.03.30-20.56.51:188][309]LogSavePackage: Moving '../../../../../../Users/Matt/Documents/GameProjects/Unreal/Investiture/Investiture/Saved/LayoutPiece_BoxSpawnCBE5FC5747EF6D7AB4804FA55463692B.tmp' to '../../../../../../Users/Matt/Documents/GameProjects/Unreal/Investiture/Investiture/Content/Blueprints/Layouts/LayoutPiece_BoxSpawn.uasset'
[2018.03.30-20.56.51:194][309]LogSavePackage: Display: Finished SavePackage ../../../../../../Users/Matt/Documents/GameProjects/Unreal/Investiture/Investiture/Content/Blueprints/Layouts/LayoutPiece_BoxSpawn.uasset
[2018.03.30-20.56.51:389][309]LogSavePackage: Save=37.49ms
[2018.03.30-20.56.51:389][309]LogSavePackage: Moving '../../../../../../Users/Matt/Documents/GameProjects/Unreal/Investiture/Investiture/Saved/LayoutPiece_ButtonE9B359774033DA5D10DA25A4FCDC5E43.tmp' to '../../../../../../Users/Matt/Documents/GameProjects/Unreal/Investiture/Investiture/Content/Blueprints/Layouts/LayoutPiece_Button.uasset'
[2018.03.30-20.56.51:396][309]LogSavePackage: Display: Finished SavePackage ../../../../../../Users/Matt/Documents/GameProjects/Unreal/Investiture/Investiture/Content/Blueprints/Layouts/LayoutPiece_Button.uasset
[2018.03.30-20.56.51:633][309]LogSavePackage: Save=69.23ms
[2018.03.30-20.56.51:633][309]LogSavePackage: Moving '../../../../../../Users/Matt/Documents/GameProjects/Unreal/Investiture/Investiture/Saved/LayoutPiece_GateFF2C0DCB46DA48E621DDDDA2E8EB42A4.tmp' to '../../../../../../Users/Matt/Documents/GameProjects/Unreal/Investiture/Investiture/Content/Blueprints/Layouts/LayoutPiece_Gate.uasset'
[2018.03.30-20.56.51:639][309]LogSavePackage: Display: Finished SavePackage ../../../../../../Users/Matt/Documents/GameProjects/Unreal/Investiture/Investiture/Content/Blueprints/Layouts/LayoutPiece_Gate.uasset
[2018.03.30-20.56.51:868][309]LogSavePackage: Save=60.91ms
[2018.03.30-20.56.51:868][309]LogSavePackage: Moving '../../../../../../Users/Matt/Documents/GameProjects/Unreal/Investiture/Investiture/Saved/LayoutPiece_TBC637D114501FD36F529879C3930E6BD.tmp' to '../../../../../../Users/Matt/Documents/GameProjects/Unreal/Investiture/Investiture/Content/Blueprints/Layouts/LayoutPiece_T.uasset'
[2018.03.30-20.56.51:878][309]LogSavePackage: Display: Finished SavePackage ../../../../../../Users/Matt/Documents/GameProjects/Unreal/Investiture/Investiture/Content/Blueprints/Layouts/LayoutPiece_T.uasset
[2018.03.30-20.56.52:073][309]LogSavePackage: Save=37.54ms
[2018.03.30-20.56.52:074][309]LogSavePackage: Moving '../../../../../../Users/Matt/Documents/GameProjects/Unreal/Investiture/Investiture/Saved/Layout_Tutorial0C6E8D38E4C53C04870242A82BABDD075.tmp' to '../../../../../../Users/Matt/Documents/GameProjects/Unreal/Investiture/Investiture/Content/Blueprints/Layouts/Layout_Tutorial0.uasset'
[2018.03.30-20.56.52:080][309]LogSavePackage: Display: Finished SavePackage ../../../../../../Users/Matt/Documents/GameProjects/Unreal/Investiture/Investiture/Content/Blueprints/Layouts/Layout_Tutorial0.uasset
[2018.03.30-20.56.52:277][309]LogSavePackage: Save=45.05ms
[2018.03.30-20.56.52:277][309]LogSavePackage: Moving '../../../../../../Users/Matt/Documents/GameProjects/Unreal/Investiture/Investiture/Saved/Layout_Tutorial1FFF7A1E344DF04E30935E0B5B7160209.tmp' to '../../../../../../Users/Matt/Documents/GameProjects/Unreal/Investiture/Investiture/Content/Blueprints/Layouts/Layout_Tutorial1.uasset'
[2018.03.30-20.56.52:287][309]LogSavePackage: Display: Finished SavePackage ../../../../../../Users/Matt/Documents/GameProjects/Unreal/Investiture/Investiture/Content/Blueprints/Layouts/Layout_Tutorial1.uasset
[2018.03.30-20.56.52:520][309]LogSavePackage: Save=48.50ms
[2018.03.30-20.56.52:521][309]LogSavePackage: Moving '../../../../../../Users/Matt/Documents/GameProjects/Unreal/Investiture/Investiture/Saved/Layout_Tutorial2850550834A117EC4C545A9BDA8AE2C88.tmp' to '../../../../../../Users/Matt/Documents/GameProjects/Unreal/Investiture/Investiture/Content/Blueprints/Layouts/Layout_Tutorial2.uasset'
[2018.03.30-20.56.52:527][309]LogSavePackage: Display: Finished SavePackage ../../../../../../Users/Matt/Documents/GameProjects/Unreal/Investiture/Investiture/Content/Blueprints/Layouts/Layout_Tutorial2.uasset
[2018.03.30-20.56.52:749][309]LogSavePackage: Save=59.47ms
[2018.03.30-20.56.52:750][309]LogSavePackage: Moving '../../../../../../Users/Matt/Documents/GameProjects/Unreal/Investiture/Investiture/Saved/Layout_Tutorial3D025466B432FF1A42EFED0838DBB8EAB.tmp' to '../../../../../../Users/Matt/Documents/GameProjects/Unreal/Investiture/Investiture/Content/Blueprints/Layouts/Layout_Tutorial3.uasset'
[2018.03.30-20.56.52:758][309]LogSavePackage: Display: Finished SavePackage ../../../../../../Users/Matt/Documents/GameProjects/Unreal/Investiture/Investiture/Content/Blueprints/Layouts/Layout_Tutorial3.uasset
[2018.03.30-20.57.02:745][738]LogD3D11RHI: Timed out while waiting for GPU to catch up. (0.5 s)
