Log file open, 02/18/18 20:46:58
LogWindows: Failed to load 'aqProf.dll' (GetLastError=126)
LogWindows: File 'aqProf.dll' does not exist
LogWindows: Failed to load 'VtuneApi.dll' (GetLastError=126)
LogWindows: File 'VtuneApi.dll' does not exist
LogWindows: Failed to load 'VtuneApi32e.dll' (GetLastError=126)
LogWindows: File 'VtuneApi32e.dll' does not exist
LogInit: Display: Running engine for game: Investiture
LogPlatformFile: Not using cached read wrapper
LogInit: Display: RandInit(-867800430) SRandInit(-867800430).
LogInit: Read version file with build ID '3709383'
LogInit: Overriding engine version to CL 3794801, compatible CL 3709383
LogInit: Registered custom module enumerator with build ID '3709383'
LogTaskGraph: Started task graph with 5 named threads and 8 total threads with 3 sets of task threads.
LogStats: Stats thread started at 0.231327
LogD3D11RHI: Aftermath initialized
LogModuleManager: Display: Found up-to-date module file ../../../Engine/Plugins/2D/Paper2D/Binaries/Win64/UE4Editor-Paper2D.dll (API version 3709383).
LogModuleManager: Display: Found up-to-date module file ../../../Engine/Plugins/2D/Paper2D/Binaries/Win64/UE4Editor-Paper2DEditor.dll (API version 3709383).
LogModuleManager: Display: Found up-to-date module file ../../../Engine/Plugins/2D/Paper2D/Binaries/Win64/UE4Editor-PaperSpriteSheetImporter.dll (API version 3709383).
LogModuleManager: Display: Found up-to-date module file ../../../Engine/Plugins/2D/Paper2D/Binaries/Win64/UE4Editor-PaperTiledImporter.dll (API version 3709383).
LogModuleManager: Display: Found up-to-date module file ../../../Engine/Plugins/2D/Paper2D/Binaries/Win64/UE4Editor-SmartSnapping.dll (API version 3709383).
LogModuleManager: Display: Found up-to-date module file ../../../Engine/Plugins/Blendables/LightPropagationVolume/Binaries/Win64/UE4Editor-LightPropagationVolumeRuntime.dll (API version 3709383).
LogModuleManager: Display: Found up-to-date module file ../../../Engine/Plugins/Blendables/LightPropagationVolume/Binaries/Win64/UE4Editor-LightPropagationVolumeEditor.dll (API version 3709383).
LogModuleManager: Display: Found up-to-date module file ../../../Engine/Plugins/Developer/GitSourceControl/Binaries/Win64/UE4Editor-GitSourceControl.dll (API version 3709383).
LogModuleManager: Display: Found up-to-date module file ../../../Engine/Plugins/Developer/PerforceSourceControl/Binaries/Win64/UE4Editor-PerforceSourceControl.dll (API version 3709383).
LogModuleManager: Display: Found up-to-date module file ../../../Engine/Plugins/Developer/SubversionSourceControl/Binaries/Win64/UE4Editor-SubversionSourceControl.dll (API version 3709383).
LogModuleManager: Display: Found up-to-date module file ../../../Engine/Plugins/Developer/UObjectPlugin/Binaries/Win64/UE4Editor-UObjectPlugin.dll (API version 3709383).
LogModuleManager: Display: Found up-to-date module file ../../../Engine/Plugins/Developer/VisualStudioCodeSourceCodeAccess/Binaries/Win64/UE4Editor-VisualStudioCodeSourceCodeAccess.dll (API version 3709383).
LogModuleManager: Display: Found up-to-date module file ../../../Engine/Plugins/Developer/VisualStudioSourceCodeAccess/Binaries/Win64/UE4Editor-VisualStudioSourceCodeAccess.dll (API version 3709383).
LogModuleManager: Display: Found up-to-date module file ../../../Engine/Plugins/Editor/AssetManagerEditor/Binaries/Win64/UE4Editor-AssetManagerEditor.dll (API version 3709383).
LogModuleManager: Display: Found up-to-date module file ../../../Engine/Plugins/Editor/AudioCapture/Binaries/Win64/UE4Editor-AudioCapture.dll (API version 3709383).
LogModuleManager: Display: Found up-to-date module file ../../../Engine/Plugins/Editor/FacialAnimation/Binaries/Win64/UE4Editor-FacialAnimation.dll (API version 3709383).
LogModuleManager: Display: Found up-to-date module file ../../../Engine/Plugins/Editor/FacialAnimation/Binaries/Win64/UE4Editor-FacialAnimationEditor.dll (API version 3709383).
LogModuleManager: Display: Found up-to-date module file ../../../Engine/Plugins/Editor/GameplayTagsEditor/Binaries/Win64/UE4Editor-GameplayTagsEditor.dll (API version 3709383).
LogModuleManager: Display: Found up-to-date module file ../../../Engine/Plugins/Editor/MobileLauncherProfileWizard/Binaries/Win64/UE4Editor-MobileLauncherProfileWizard.dll (API version 3709383).
LogModuleManager: Display: Found up-to-date module file ../../../Engine/Plugins/Editor/PluginBrowser/Binaries/Win64/UE4Editor-PluginBrowser.dll (API version 3709383).
LogModuleManager: Display: Found up-to-date module file ../../../Engine/Plugins/Editor/SpeedTreeImporter/Binaries/Win64/UE4Editor-SpeedTreeImporter.dll (API version 3709383).
LogModuleManager: Display: Found up-to-date module file ../../../Engine/Plugins/Experimental/AlembicImporter/Binaries/Win64/UE4Editor-AlembicImporter.dll (API version 3709383).
LogModuleManager: Display: Found up-to-date module file ../../../Engine/Plugins/Experimental/AlembicImporter/Binaries/Win64/UE4Editor-AlembicLibrary.dll (API version 3709383).
LogModuleManager: Display: Found up-to-date module file ../../../Engine/Plugins/Experimental/CharacterAI/Binaries/Win64/UE4Editor-CharacterAI.dll (API version 3709383).
LogModuleManager: Display: Found up-to-date module file ../../../Engine/Plugins/Experimental/HTML5Networking/Binaries/Win64/UE4Editor-HTML5Networking.dll (API version 3709383).
LogModuleManager: Display: Found up-to-date module file ../../../Engine/Plugins/Media/AndroidMedia/Binaries/Win64/UE4Editor-AndroidMediaEditor.dll (API version 3709383).
LogModuleManager: Display: Found up-to-date module file ../../../Engine/Plugins/Media/AndroidMedia/Binaries/Win64/UE4Editor-AndroidMediaFactory.dll (API version 3709383).
LogModuleManager: Display: Found up-to-date module file ../../../Engine/Plugins/Media/AvfMedia/Binaries/Win64/UE4Editor-AvfMediaEditor.dll (API version 3709383).
LogModuleManager: Display: Found up-to-date module file ../../../Engine/Plugins/Media/AvfMedia/Binaries/Win64/UE4Editor-AvfMediaFactory.dll (API version 3709383).
LogModuleManager: Display: Found up-to-date module file ../../../Engine/Plugins/Media/AvfMedia/Binaries/Win64/UE4Editor-AvfMediaFactory.dll (API version 3709383).
LogModuleManager: Display: Found up-to-date module file ../../../Engine/Plugins/Media/ImgMedia/Binaries/Win64/UE4Editor-ImgMedia.dll (API version 3709383).
LogModuleManager: Display: Found up-to-date module file ../../../Engine/Plugins/Media/ImgMedia/Binaries/Win64/UE4Editor-ImgMediaEditor.dll (API version 3709383).
LogModuleManager: Display: Found up-to-date module file ../../../Engine/Plugins/Media/ImgMedia/Binaries/Win64/UE4Editor-ImgMediaFactory.dll (API version 3709383).
LogModuleManager: Display: Found up-to-date module file ../../../Engine/Plugins/Media/ImgMedia/Binaries/Win64/UE4Editor-ImgMediaFactory.dll (API version 3709383).
LogModuleManager: Display: Found up-to-date module file ../../../Engine/Plugins/Media/ImgMedia/Binaries/Win64/UE4Editor-OpenExrWrapper.dll (API version 3709383).
LogModuleManager: Display: Found up-to-date module file ../../../Engine/Plugins/Media/MediaCompositing/Binaries/Win64/UE4Editor-MediaCompositing.dll (API version 3709383).
LogModuleManager: Display: Found up-to-date module file ../../../Engine/Plugins/Media/MediaCompositing/Binaries/Win64/UE4Editor-MediaCompositingEditor.dll (API version 3709383).
LogModuleManager: Display: Found up-to-date module file ../../../Engine/Plugins/Media/MediaPlayerEditor/Binaries/Win64/UE4Editor-MediaPlayerEditor.dll (API version 3709383).
LogModuleManager: Display: Found up-to-date module file ../../../Engine/Plugins/Media/WmfMedia/Binaries/Win64/UE4Editor-WmfMedia.dll (API version 3709383).
LogModuleManager: Display: Found up-to-date module file ../../../Engine/Plugins/Media/WmfMedia/Binaries/Win64/UE4Editor-WmfMediaEditor.dll (API version 3709383).
LogModuleManager: Display: Found up-to-date module file ../../../Engine/Plugins/Media/WmfMedia/Binaries/Win64/UE4Editor-WmfMediaFactory.dll (API version 3709383).
LogModuleManager: Display: Found up-to-date module file ../../../Engine/Plugins/Media/WmfMedia/Binaries/Win64/UE4Editor-WmfMediaFactory.dll (API version 3709383).
LogModuleManager: Display: Found up-to-date module file ../../../Engine/Plugins/Messaging/TcpMessaging/Binaries/Win64/UE4Editor-TcpMessaging.dll (API version 3709383).
LogModuleManager: Display: Found up-to-date module file ../../../Engine/Plugins/Messaging/UdpMessaging/Binaries/Win64/UE4Editor-UdpMessaging.dll (API version 3709383).
LogModuleManager: Display: Found up-to-date module file ../../../Engine/Plugins/MovieScene/ActorSequence/Binaries/Win64/UE4Editor-ActorSequence.dll (API version 3709383).
LogModuleManager: Display: Found up-to-date module file ../../../Engine/Plugins/MovieScene/LevelSequenceEditor/Binaries/Win64/UE4Editor-LevelSequenceEditor.dll (API version 3709383).
LogModuleManager: Display: Found up-to-date module file ../../../Engine/Plugins/MovieScene/MatineeToLevelSequence/Binaries/Win64/UE4Editor-MatineeToLevelSequence.dll (API version 3709383).
LogModuleManager: Display: Found up-to-date module file ../../../Engine/Plugins/Online/OnlineSubsystem/Binaries/Win64/UE4Editor-OnlineSubsystem.dll (API version 3709383).
LogModuleManager: Display: Found up-to-date module file ../../../Engine/Plugins/Runtime/AndroidPermission/Binaries/Win64/UE4Editor-AndroidPermission.dll (API version 3709383).
LogModuleManager: Display: Found up-to-date module file ../../../Engine/Plugins/Online/OnlineSubsystemNull/Binaries/Win64/UE4Editor-OnlineSubsystemNull.dll (API version 3709383).
LogModuleManager: Display: Found up-to-date module file ../../../Engine/Plugins/Online/OnlineSubsystemUtils/Binaries/Win64/UE4Editor-OnlineSubsystemUtils.dll (API version 3709383).
LogModuleManager: Display: Found up-to-date module file ../../../Engine/Plugins/Online/OnlineSubsystemUtils/Binaries/Win64/UE4Editor-OnlineBlueprintSupport.dll (API version 3709383).
LogModuleManager: Display: Found up-to-date module file ../../../Engine/Plugins/Runtime/AndroidDeviceProfileSelector/Binaries/Win64/UE4Editor-AndroidDeviceProfileSelector.dll (API version 3709383).
LogModuleManager: Display: Found up-to-date module file ../../../Engine/Plugins/Runtime/AppleARKit/Binaries/Win64/UE4Editor-AppleARKit.dll (API version 3709383).
LogModuleManager: Display: Found up-to-date module file ../../../Engine/Plugins/Runtime/ArchVisCharacter/Binaries/Win64/UE4Editor-ArchVisCharacter.dll (API version 3709383).
LogModuleManager: Display: Found up-to-date module file ../../../Engine/Plugins/Runtime/CableComponent/Binaries/Win64/UE4Editor-CableComponent.dll (API version 3709383).
LogModuleManager: Display: Found up-to-date module file ../../../Engine/Plugins/Runtime/CustomMeshComponent/Binaries/Win64/UE4Editor-CustomMeshComponent.dll (API version 3709383).
LogModuleManager: Display: Found up-to-date module file ../../../Engine/Plugins/Runtime/ExampleDeviceProfileSelector/Binaries/Win64/UE4Editor-ExampleDeviceProfileSelector.dll (API version 3709383).
LogModuleManager: Display: Found up-to-date module file ../../../Engine/Plugins/Runtime/ImmediatePhysics/Binaries/Win64/UE4Editor-ImmediatePhysics.dll (API version 3709383).
LogModuleManager: Display: Found up-to-date module file ../../../Engine/Plugins/Runtime/ImmediatePhysics/Binaries/Win64/UE4Editor-ImmediatePhysicsEditor.dll (API version 3709383).
LogModuleManager: Display: Found up-to-date module file ../../../Engine/Plugins/Runtime/LocationServicesBPLibrary/Binaries/Win64/UE4Editor-LocationServicesBPLibrary.dll (API version 3709383).
LogModuleManager: Display: Found up-to-date module file ../../../Engine/Plugins/Runtime/MobilePatchingUtils/Binaries/Win64/UE4Editor-MobilePatchingUtils.dll (API version 3709383).
LogModuleManager: Display: Found up-to-date module file ../../../Engine/Plugins/Runtime/Oculus/OculusVR/Binaries/Win64/UE4Editor-OculusHMD.dll (API version 3709383).
LogModuleManager: Display: Found up-to-date module file ../../../Engine/Plugins/Runtime/Oculus/OculusVR/Binaries/Win64/UE4Editor-OculusInput.dll (API version 3709383).
LogModuleManager: Display: Found up-to-date module file ../../../Engine/Plugins/Runtime/Oculus/OculusVR/Binaries/Win64/UE4Editor-OculusEditor.dll (API version 3709383).
LogModuleManager: Display: Found up-to-date module file ../../../Engine/Plugins/Runtime/PhysXVehicles/Binaries/Win64/UE4Editor-PhysXVehicles.dll (API version 3709383).
LogModuleManager: Display: Found up-to-date module file ../../../Engine/Plugins/Runtime/PhysXVehicles/Binaries/Win64/UE4Editor-PhysXVehiclesEditor.dll (API version 3709383).
LogModuleManager: Display: Found up-to-date module file ../../../Engine/Plugins/Runtime/ProceduralMeshComponent/Binaries/Win64/UE4Editor-ProceduralMeshComponent.dll (API version 3709383).
LogModuleManager: Display: Found up-to-date module file ../../../Engine/Plugins/Runtime/ProceduralMeshComponent/Binaries/Win64/UE4Editor-ProceduralMeshComponentEditor.dll (API version 3709383).
LogModuleManager: Display: Found up-to-date module file ../../../Engine/Plugins/Runtime/RuntimePhysXCooking/Binaries/Win64/UE4Editor-RuntimePhysXCooking.dll (API version 3709383).
LogModuleManager: Display: Found up-to-date module file ../../../Engine/Plugins/Runtime/Steam/SteamVR/Binaries/Win64/UE4Editor-SteamVR.dll (API version 3709383).
LogModuleManager: Display: Found up-to-date module file ../../../Engine/Plugins/Runtime/Steam/SteamVR/Binaries/Win64/UE4Editor-SteamVRController.dll (API version 3709383).
LogModuleManager: Display: Found up-to-date module file ../../../Engine/Plugins/Runtime/WindowsMoviePlayer/Binaries/Win64/UE4Editor-WindowsMoviePlayer.dll (API version 3709383).
LogPluginManager: Mounting plugin Paper2D
LogPluginManager: Mounting plugin LightPropagationVolume
LogPluginManager: Mounting plugin CodeLiteSourceCodeAccess
LogPluginManager: Mounting plugin GitSourceControl
LogPluginManager: Mounting plugin KDevelopSourceCodeAccess
LogPluginManager: Mounting plugin NullSourceCodeAccess
LogPluginManager: Mounting plugin PerforceSourceControl
LogPluginManager: Mounting plugin SubversionSourceControl
LogPluginManager: Mounting plugin UObjectPlugin
LogPluginManager: Mounting plugin VisualStudioCodeSourceCodeAccess
LogPluginManager: Mounting plugin VisualStudioSourceCodeAccess
LogPluginManager: Mounting plugin XCodeSourceCodeAccess
LogPluginManager: Mounting plugin AssetManagerEditor
LogPluginManager: Mounting plugin AudioCapture
LogPluginManager: Mounting plugin FacialAnimation
LogPluginManager: Mounting plugin GameplayTagsEditor
LogPluginManager: Mounting plugin MobileLauncherProfileWizard
LogPluginManager: Mounting plugin PluginBrowser
LogPluginManager: Mounting plugin SpeedTreeImporter
LogPluginManager: Mounting plugin AlembicImporter
LogPluginManager: Mounting plugin CharacterAI
LogPluginManager: Mounting plugin HTML5Networking
LogPluginManager: Mounting plugin AndroidMedia
LogPluginManager: Mounting plugin AvfMedia
LogPluginManager: Mounting plugin ImgMedia
LogPluginManager: Mounting plugin MediaCompositing
LogPluginManager: Mounting plugin MediaPlayerEditor
LogPluginManager: Mounting plugin WmfMedia
LogPluginManager: Mounting plugin TcpMessaging
LogPluginManager: Mounting plugin UdpMessaging
LogPluginManager: Mounting plugin ActorSequence
LogPluginManager: Mounting plugin LevelSequenceEditor
LogPluginManager: Mounting plugin MatineeToLevelSequence
LogPluginManager: Mounting plugin OnlineSubsystemGooglePlay
LogPluginManager: Mounting plugin OnlineSubsystemIOS
LogPluginManager: Mounting plugin OnlineSubsystem
LogPluginManager: Mounting plugin OnlineSubsystemNull
LogPluginManager: Mounting plugin OnlineSubsystemUtils
LogPluginManager: Mounting plugin AndroidDeviceProfileSelector
LogPluginManager: Mounting plugin AndroidMoviePlayer
LogPluginManager: Mounting plugin AndroidPermission
LogPluginManager: Mounting plugin AppleARKit
LogPluginManager: Mounting plugin AppleMoviePlayer
LogPluginManager: Mounting plugin ArchVisCharacter
LogPluginManager: Mounting plugin CableComponent
LogPluginManager: Mounting plugin CustomMeshComponent
LogPluginManager: Mounting plugin ExampleDeviceProfileSelector
LogPluginManager: Mounting plugin GoogleCloudMessaging
LogPluginManager: Mounting plugin ImmediatePhysics
LogPluginManager: Mounting plugin IOSDeviceProfileSelector
LogPluginManager: Mounting plugin LinuxDeviceProfileSelector
LogPluginManager: Mounting plugin LocationServicesBPLibrary
LogPluginManager: Mounting plugin MobilePatchingUtils
LogPluginManager: Mounting plugin OculusVR
LogPluginManager: Plugin shader directory ../../../Engine/Plugins/Runtime/Oculus/OculusVR/Shaders found
LogPluginManager: Mapping shader source directory ../../../Engine/Plugins/Runtime/Oculus/OculusVR/Shaders to virtual directory /Plugin/OculusVR
LogPluginManager: Mounting plugin PhysXVehicles
LogPluginManager: Mounting plugin ProceduralMeshComponent
LogPluginManager: Mounting plugin RuntimePhysXCooking
LogPluginManager: Mounting plugin SteamVR
LogPluginManager: Mounting plugin WindowsMoviePlayer
LogInit: Using libcurl 7.47.1
LogInit:  - built for x86_64-pc-win32
LogInit:  - supports SSL with OpenSSL/1.0.2g
LogInit:  - supports HTTP deflate (compression) using libz 1.2.8
LogInit:  - other features:
LogInit:      CURL_VERSION_SSL
LogInit:      CURL_VERSION_LIBZ
LogInit:      CURL_VERSION_IPV6
LogInit:      CURL_VERSION_ASYNCHDNS
LogInit:      CURL_VERSION_LARGEFILE
LogInit:      CURL_VERSION_IDN
LogInit:  CurlRequestOptions (configurable via config and command line):
LogInit:  - bVerifyPeer = false  - Libcurl will NOT verify peer certificate
LogInit:  - bUseHttpProxy = false  - Libcurl will NOT use HTTP proxy
LogInit:  - bDontReuseConnections = false  - Libcurl will reuse connections
LogInit:  - CertBundlePath = nullptr  - Libcurl will use whatever was configured at build time.
LogInit: Build: ++UE4+Release-4.18-CL-3794801
LogInit: Engine Version: 4.18.2-3794801+++UE4+Release-4.18
LogInit: Compatible Engine Version: 4.18.0-3709383+++UE4+Release-4.18
LogInit: Net CL: 3709383
LogDevObjectVersion: Number of dev versions registered: 16
LogDevObjectVersion:   Dev-Blueprints (B0D832E4-1F89-4F0D-ACCF-7EB736FD4AA2): 10
LogDevObjectVersion:   Dev-Build (E1C64328-A22C-4D53-A36C-8E866417BD8C): 0
LogDevObjectVersion:   Dev-Core (375EC13C-06E4-48FB-B500-84F0262A717E): 2
LogDevObjectVersion:   Dev-Editor (E4B068ED-F494-42E9-A231-DA0B2E46BB41): 20
LogDevObjectVersion:   Dev-Framework (CFFC743F-43B0-4480-9391-14DF171D2073): 30
LogDevObjectVersion:   Dev-Mobile (B02B49B5-BB20-44E9-A304-32B752E40360): 0
LogDevObjectVersion:   Dev-Networking (A4E4105C-59A1-49B5-A7C5-40C4547EDFEE): 0
LogDevObjectVersion:   Dev-Online (39C831C9-5AE6-47DC-9A44-9C173E1C8E7C): 0
LogDevObjectVersion:   Dev-Physics (78F01B33-EBEA-4F98-B9B4-84EACCB95AA2): 0
LogDevObjectVersion:   Dev-Platform (6631380F-2D4D-43E0-8009-CF276956A95A): 0
LogDevObjectVersion:   Dev-Rendering (12F88B9F-8875-4AFC-A67C-D90C383ABD29): 20
LogDevObjectVersion:   Dev-Sequencer (7B5AE74C-D270-4C10-A958-57980B212A5A): 4
LogDevObjectVersion:   Dev-VR (D7296918-1DD6-4BDD-9DE2-64A83CC13884): 0
LogDevObjectVersion:   Dev-LoadTimes (C2A15278-BFE7-4AFE-6C17-90FF531DF755): 1
LogDevObjectVersion:   Private-Geometry (6EACA3D4-40EC-4CC1-B786-8BED09428FC5): 1
LogDevObjectVersion:   Dev-AnimPhys (29E575DD-E0A3-4627-9D10-D276232CDCEA): 12
LogInit: Compiled (64-bit): Dec  8 2017 02:04:53
LogInit: Compiled with Visual C++: 19.00.24215.01
LogInit: Build Configuration: Development
LogInit: Branch Name: ++UE4+Release-4.18
LogInit: Command line:  
LogInit: Base directory: C:/Program Files/Epic Games/UE_4.18/Engine/Binaries/Win64/
LogInit: Installed Engine Build: 1
LogInit: Presizing for max 8388607 objects, including 0 objects not considered by GC, pre-allocating 0 bytes for permanent pool.
LogInit: Object subsystem initialized
[2018.02.19-04.47.01:677][  0]LogInit: Selected Device Profile: [Windows]
[2018.02.19-04.47.01:677][  0]LogInit: Applying CVar settings loaded from the selected device profile: [Windows]
[2018.02.19-04.47.01:734][  0]LogInit: Computer: DESKTOP-L2CNR04
[2018.02.19-04.47.01:734][  0]LogInit: User: Matt
[2018.02.19-04.47.01:734][  0]LogInit: CPU Page size=4096, Cores=2
[2018.02.19-04.47.01:734][  0]LogInit: High frequency timer resolution =2.437498 MHz
[2018.02.19-04.47.01:735][  0]LogMemory: Memory total: Physical=7.9GB (8GB approx)
[2018.02.19-04.47.01:735][  0]LogMemory: Platform Memory Stats for Windows
[2018.02.19-04.47.01:735][  0]LogMemory: Process Physical Memory: 274.99 MB used, 274.99 MB peak
[2018.02.19-04.47.01:735][  0]LogMemory: Process Virtual Memory: 264.43 MB used, 264.43 MB peak
[2018.02.19-04.47.01:735][  0]LogMemory: Physical Memory: 3362.69 MB used,  4754.61 MB free, 8117.30 MB total
[2018.02.19-04.47.01:735][  0]LogMemory: Virtual Memory: 669.11 MB used,  4754.61 MB free, 134217728.00 MB total
[2018.02.19-04.47.02:211][  0]LogInit: Using OS detected language (en-US).
[2018.02.19-04.47.02:211][  0]LogInit: Using OS detected locale (en-US).
[2018.02.19-04.47.02:333][  0]LogTextLocalizationManager: No specific localization for 'en-US' exists, so the 'en' localization will be used.
[2018.02.19-04.47.03:178][  0]LogInit: Setting process to per monitor DPI aware
[2018.02.19-04.47.07:317][  0]LogD3D11RHI: D3D11 adapters:
[2018.02.19-04.47.07:330][  0]LogD3D11RHI:    0. 'Intel(R) HD Graphics 520' (Feature Level 11_0)
[2018.02.19-04.47.07:331][  0]LogD3D11RHI:       128/0/4058 MB DedicatedVideo/DedicatedSystem/SharedSystem, Outputs:1, VendorId:0x8086
[2018.02.19-04.47.07:334][  0]LogD3D11RHI:    1. 'Microsoft Basic Render Driver' (Feature Level 11_0)
[2018.02.19-04.47.07:334][  0]LogD3D11RHI:       0/0/4058 MB DedicatedVideo/DedicatedSystem/SharedSystem, Outputs:0, VendorId:0x1414
[2018.02.19-04.47.07:334][  0]LogD3D11RHI: Chosen D3D11 Adapter: 0
[2018.02.19-04.47.07:343][  0]LogD3D11RHI: Creating new Direct3DDevice
[2018.02.19-04.47.07:343][  0]LogD3D11RHI:     GPU DeviceId: 0x1916 (for the marketing name, search the web for "GPU Device Id")
[2018.02.19-04.47.07:343][  0]LogWindows: EnumDisplayDevices:
[2018.02.19-04.47.07:344][  0]LogWindows:    0. 'Intel(R) HD Graphics 520' (P:1 D:1)
[2018.02.19-04.47.07:344][  0]LogWindows:    1. 'Intel(R) HD Graphics 520' (P:0 D:0)
[2018.02.19-04.47.07:344][  0]LogWindows:    2. 'Intel(R) HD Graphics 520' (P:0 D:0)
[2018.02.19-04.47.07:344][  0]LogWindows: DebugString: GetVideoDriverDetailsInvalid PrimaryIsNotTheChoosenAdapter GetVideoDriverDetailsInvalid PrimaryIsNotTheChoosenAdapter GetVideoDriverDetailsInvalid PrimaryIsNotTheChoosenAdapter FoundDriverCount:0 
[2018.02.19-04.47.07:344][  0]LogD3D11RHI:     Adapter Name: Intel(R) HD Graphics 520
[2018.02.19-04.47.07:344][  0]LogD3D11RHI:   Driver Version: Unknown (internal:Unknown, unified:Unknown)
[2018.02.19-04.47.07:344][  0]LogD3D11RHI:      Driver Date: Unknown
[2018.02.19-04.47.07:344][  0]LogRHI: Texture pool is 1510 MB (70% of 2157 MB)
[2018.02.19-04.47.07:353][  0]LogD3D11RHI: Async texture creation enabled
[2018.02.19-04.47.07:371][  0]LogD3D11RHI: GPU Timing Frequency: 12.000000 (Debug: 2 0)
[2018.02.19-04.47.07:375][  0]LogShaderCompilers: Guid format shader working directory is -38 characters bigger than the processId version (../../../../../../Users/Matt/Documents/GameProjects/Unreal/Investiture/Investiture/Intermediate/Shaders/WorkingDirectory/11756/).
[2018.02.19-04.47.07:375][  0]LogShaderCompilers: Cleaned the shader compiler working directory 'C:/Users/Matt/AppData/Local/Temp/UnrealShaderWorkingDir/F9AFD37D4BD816D2343361B2AC9BA54C/'.
[2018.02.19-04.47.07:375][  0]LogShaderCompilers: Display: Using Local Shader Compiler.
[2018.02.19-04.47.10:442][  0]LogTemp: Display: Loaded TP AllDesktopTargetPlatform
[2018.02.19-04.47.10:530][  0]LogTemp: Display: Loaded TP MacClientTargetPlatform
[2018.02.19-04.47.10:626][  0]LogTemp: Display: Loaded TP MacNoEditorTargetPlatform
[2018.02.19-04.47.10:723][  0]LogTemp: Display: Loaded TP MacServerTargetPlatform
[2018.02.19-04.47.10:827][  0]LogTemp: Display: Loaded TP MacTargetPlatform
[2018.02.19-04.47.10:936][  0]LogTemp: Display: Loaded TP WindowsClientTargetPlatform
[2018.02.19-04.47.11:030][  0]LogTemp: Display: Loaded TP WindowsNoEditorTargetPlatform
[2018.02.19-04.47.11:128][  0]LogTemp: Display: Loaded TP WindowsServerTargetPlatform
[2018.02.19-04.47.11:216][  0]LogTemp: Display: Loaded TP WindowsTargetPlatform
[2018.02.19-04.47.11:314][  0]LogTemp: Display: Loaded TP Android_ASTCTargetPlatform
[2018.02.19-04.47.11:407][  0]LogTemp: Display: Loaded TP Android_ATCTargetPlatform
[2018.02.19-04.47.11:508][  0]LogTemp: Display: Loaded TP Android_DXTTargetPlatform
[2018.02.19-04.47.11:606][  0]LogTemp: Display: Loaded TP Android_ETC1TargetPlatform
[2018.02.19-04.47.11:705][  0]LogTemp: Display: Loaded TP Android_ETC2TargetPlatform
[2018.02.19-04.47.11:892][  0]LogTemp: Display: Loaded TP Android_MultiTargetPlatform
[2018.02.19-04.47.11:893][  0]LogTemp: Display: Loaded TP Android_PVRTCTargetPlatform
[2018.02.19-04.47.11:999][  0]LogTemp: Display: Loaded TP AndroidTargetPlatform
[2018.02.19-04.47.12:081][  0]LogTemp: Display: Loaded TP HTML5TargetPlatform
[2018.02.19-04.47.12:251][  0]LogTemp: Display: Loaded TP IOSTargetPlatform
[2018.02.19-04.47.12:300][  0]LogTemp: Display: Loaded TP TVOSTargetPlatform
[2018.02.19-04.47.12:405][  0]LogTemp: Display: Loaded TP LinuxClientTargetPlatform
[2018.02.19-04.47.12:504][  0]LogTemp: Display: Loaded TP LinuxNoEditorTargetPlatform
[2018.02.19-04.47.12:606][  0]LogTemp: Display: Loaded TP LinuxServerTargetPlatform
[2018.02.19-04.47.12:715][  0]LogTemp: Display: Loaded TP LinuxTargetPlatform
[2018.02.19-04.47.12:715][  0]LogTargetPlatformManager: Display: Building Assets For Windows
[2018.02.19-04.47.13:636][  0]LogDerivedDataCache: Display: Max Cache Size: 512 MB
[2018.02.19-04.47.13:953][  0]LogDerivedDataCache: Loaded boot cache 0.32s 80MB C:/Users/Matt/AppData/Local/UnrealEngine/4.18/DerivedDataCache/Boot.ddc.
[2018.02.19-04.47.13:953][  0]LogDerivedDataCache: Display: Loaded Boot cache: C:/Users/Matt/AppData/Local/UnrealEngine/4.18/DerivedDataCache/Boot.ddc
[2018.02.19-04.47.13:953][  0]LogDerivedDataCache: FDerivedDataBackendGraph:  Pak pak cache file ../../../../../../Users/Matt/Documents/GameProjects/Unreal/Investiture/Investiture/DerivedDataCache/DDC.ddp not found, will not use a pak cache.
[2018.02.19-04.47.13:953][  0]LogDerivedDataCache: Unable to find inner node Pak for hierarchical cache Hierarchy.
[2018.02.19-04.47.13:953][  0]LogDerivedDataCache: FDerivedDataBackendGraph:  CompressedPak pak cache file ../../../../../../Users/Matt/Documents/GameProjects/Unreal/Investiture/Investiture/DerivedDataCache/Compressed.ddp not found, will not use a pak cache.
[2018.02.19-04.47.13:953][  0]LogDerivedDataCache: Unable to find inner node CompressedPak for hierarchical cache Hierarchy.
[2018.02.19-04.47.13:980][  0]LogDerivedDataCache: Display: Pak cache opened for reading ../../../Engine/DerivedDataCache/Compressed.ddp.
[2018.02.19-04.47.13:993][  0]LogDerivedDataCache: Using Local data cache path C:/Users/Matt/AppData/Local/UnrealEngine/Common/DerivedDataCache: Writable
[2018.02.19-04.47.14:011][  0]LogMaterial: Verifying Global Shaders for PCD3D_SM5
[2018.02.19-04.47.14:015][  0]LogSlate: Using Freetype 2.6.0
[2018.02.19-04.47.14:041][  0]LogSlate: SlateFontCache - WITH_FREETYPE: 1, WITH_HARFBUZZ: 1
[2018.02.19-04.47.14:041][  0]LogSlate: SlateFontCache - WITH_FREETYPE: 1, WITH_HARFBUZZ: 1
[2018.02.19-04.47.15:244][  0]LogInit: Selected Device Profile: [Windows]
[2018.02.19-04.47.15:897][  0]LogSimplygon: Simplygon DLL not present - disabling.
[2018.02.19-04.47.15:983][  0]LogMeshReduction: Using SimplygonSwarm for distributed automatic mesh merging
[2018.02.19-04.47.15:984][  0]LogMeshReduction: Using QuadricMeshReduction for automatic static mesh reduction
[2018.02.19-04.47.15:984][  0]LogMeshReduction: No automatic skeletal mesh reduction module available
[2018.02.19-04.47.15:984][  0]LogMeshReduction: No automatic mesh merging module available
[2018.02.19-04.47.15:984][  0]LogMeshMerging: No automatic mesh merging module available
[2018.02.19-04.47.16:037][  0]LogNetVersion: Investiture , NetCL: 3709383, EngineNetVer: 2, GameNetVer: 0 (Checksum: 1457158739)
[2018.02.19-04.47.16:346][  0]LogAssetRegistry: FAssetRegistry took 0.0284 seconds to start up
[2018.02.19-04.47.17:406][  0]LogPackageLocalizationCache: Processed 7 localized package path(s) for 2 prioritized culture(s) in 0.144843 seconds
[2018.02.19-04.47.17:417][  0]LogUObjectArray: 35900 objects as part of root set at end of initial load.
[2018.02.19-04.47.17:417][  0]LogUObjectAllocator: 7372024 out of 0 bytes used by permanent object pool.
[2018.02.19-04.47.17:417][  0]LogUObjectArray: CloseDisregardForGC: 0/0 objects in disregard for GC pool
[2018.02.19-04.47.17:528][  0]LogInit: WinSock: version 1.1 (2.2), MaxSocks=32767, MaxUdp=65467
[2018.02.19-04.47.26:324][  0]LogTcpMessaging: Initializing TcpMessaging bridge
[2018.02.19-04.47.26:393][  0]LogUdpMessaging: Initializing bridge on interface 0.0.0.0:0 to multicast group 230.0.0.1:6666.
[2018.02.19-04.47.27:735][  0]LogMaterial: Uniform references updated for custom material expression Custom.
[2018.02.19-04.47.28:552][  0]SourceControl: Source control is disabled
[2018.02.19-04.47.28:553][  0]SourceControl: Source control is disabled
[2018.02.19-04.47.28:664][  0]SourceControl: Source control is disabled
[2018.02.19-04.47.28:769][  0]SourceControl: Source control is disabled
[2018.02.19-04.47.30:380][  0]LogAndroidPermission: UAndroidPermissionCallbackProxy::GetInstance
[2018.02.19-04.47.30:897][  0]LogOcInput: OculusInput pre-init called
[2018.02.19-04.47.31:465][  0]LogEngine: Initializing Engine...
[2018.02.19-04.47.31:478][  0]LogHMD: Failed to initialize OpenVR with code 100
[2018.02.19-04.47.31:818][  0]LogStats: UGameplayTagsManager::ConstructGameplayTagTree: Construct from data asset -  0.000 s
[2018.02.19-04.47.31:819][  0]LogStats: UGameplayTagsManager::ConstructGameplayTagTree: ImportINI -  0.001 s
[2018.02.19-04.47.31:819][  0]LogStats: UGameplayTagsManager::ConstructGameplayTagTree: GameplayTagTreeChangedEvent.Broadcast -  0.000 s
[2018.02.19-04.47.32:154][  0]LogAIModule: Creating AISystem for world Untitled
[2018.02.19-04.47.32:176][  0]LogInit: XAudio2 using 'Speakers (Realtek High Definition Audio(SST))' : 2 channels at 48 kHz using 32 bits per sample (channel mask 0x3)
[2018.02.19-04.47.32:937][  0]LogInit: FAudioDevice initialized.
[2018.02.19-04.47.33:012][  0]LogDerivedDataCache: Saved boot cache 0.08s 78MB C:/Users/Matt/AppData/Local/UnrealEngine/4.18/DerivedDataCache/Boot.ddc.
[2018.02.19-04.47.33:035][  0]LogInit: Texture streaming: Enabled
[2018.02.19-04.47.33:243][  0]LogEngineSessionManager: EngineSessionManager initialized
[2018.02.19-04.47.33:246][  0]LogEngineSessionManager: EngineSessionManager sent abnormal shutdown report. Type=Crashed, SessionId={457AE3EB-4A54-5A6F-A8D6-D89429CAA294}
[2018.02.19-04.47.33:515][  0]LogInit: Transaction tracking system initialized
[2018.02.19-04.47.34:165][  0]BlueprintLog: New page: Editor Load
[2018.02.19-04.47.36:062][  0]LocalizationService: Localization service is disabled
[2018.02.19-04.47.37:600][  0]LogConsoleResponse: Display: 
[2018.02.19-04.47.38:199][  0]LogCook: Display: Max memory allowance for cook 16384mb min free memory 0mb
[2018.02.19-04.47.38:199][  0]LogCook: Display: Mobile HDR setting 1
[2018.02.19-04.47.38:200][  0]LogGameplayTags: Display: UGameplayTagsManager::DoneAddingNativeTags. DelegateIsBound: 0
[2018.02.19-04.47.38:212][  0]LogFileCache: Scanning file cache for directory 'C:/Users/Matt/Documents/GameProjects/Unreal/Investiture/Investiture/Content/' took 0.02s
[2018.02.19-04.47.40:683][  0]SourceControl: Source control is disabled
[2018.02.19-04.47.40:810][  0]LogSlate: Took 0.009393 seconds to synchronously load lazily loaded font '../../../Engine/Content/Slate/Fonts/Roboto-Regular.ttf' (155K)
[2018.02.19-04.47.47:965][  0]LogWindowsTextInputMethodSystem: Display: IME system now deactivated.
[2018.02.19-04.47.47:965][  0]LogWindowsTextInputMethodSystem: Display: IME system now deactivated.
[2018.02.19-04.47.47:971][  0]LogWindowsTextInputMethodSystem: Display: IME system now deactivated.
[2018.02.19-04.47.47:971][  0]LogWindowsTextInputMethodSystem: Display: IME system now deactivated.
[2018.02.19-04.47.50:140][  0]LogWindowsTextInputMethodSystem: Display: IME system now deactivated.
[2018.02.19-04.47.50:140][  0]LogWindowsTextInputMethodSystem: Display: IME system now deactivated.
[2018.02.19-04.47.50:144][  0]LogWindowsTextInputMethodSystem: Display: IME system now deactivated.
[2018.02.19-04.47.50:145][  0]LogWindowsTextInputMethodSystem: Display: IME system now deactivated.
[2018.02.19-04.47.50:201][  0]Cmd: MAP LOAD FILE="../../../../../../Users/Matt/Documents/GameProjects/Unreal/Investiture/Investiture/Content/FirstPersonBP/Maps/FirstPersonExampleMap.umap" TEMPLATE=0 SHOWPROGRESS=1 FEATURELEVEL=3
[2018.02.19-04.47.50:201][  0]LogEditorServer: Warning: Can't find file '../../../../../../Users/Matt/Documents/GameProjects/Unreal/Investiture/Investiture/Content/FirstPersonBP/Maps/FirstPersonExampleMap.umap'
[2018.02.19-04.47.50:202][  0]Cmd: MAP CHECKDEP NOCLEARLOG
[2018.02.19-04.47.50:345][  0]MapCheck: Map check complete: 0 Error(s), 0 Warning(s), took 141.937ms to complete.
[2018.02.19-04.47.50:345][  0]LogFileHelpers: Loading map 'FirstPersonExampleMap' took 0.144
[2018.02.19-04.47.50:670][  0]LogStats: Warning: MetaData mismatch. Did you assign a stat to two groups? New //STATGROUP_Threads//SplashScreenThread///Thread_2fb4_0///####STATCAT_Advanced#### old //STATGROUP_Threads//SplashScreenThread///Thread_2b90_0///####STATCAT_Advanced####
[2018.02.19-04.47.50:671][  0]LogCollectionManager: Loaded 0 collections in 0.003191 seconds
[2018.02.19-04.47.50:801][  0]LogFileCache: Scanning file cache for directory 'C:/Users/Matt/Documents/GameProjects/Unreal/Investiture/Investiture/Saved/Collections/' took 0.01s
[2018.02.19-04.47.50:801][  0]LogFileCache: Scanning file cache for directory 'C:/Users/Matt/Documents/GameProjects/Unreal/Investiture/Investiture/Content/Developers/Matt/Collections/' took 0.01s
[2018.02.19-04.47.50:801][  0]LogFileCache: Scanning file cache for directory 'C:/Users/Matt/Documents/GameProjects/Unreal/Investiture/Investiture/Content/Collections/' took 0.01s
[2018.02.19-04.47.50:801][  0]LogCollectionManager: Rebuilt the GUID cache for 0 collections in 0.000000 seconds
[2018.02.19-04.47.50:820][  0]LogContentBrowser: Native class hierarchy populated in 0.0175 seconds. Added 2364 classes and 521 folders.
[2018.02.19-04.47.50:962][  0]LogContentBrowser: Native class hierarchy updated for 'WidgetCarousel' in 0.0005 seconds. Added 0 classes and 0 folders.
[2018.02.19-04.47.51:548][  0]LogContentBrowser: Native class hierarchy updated for 'AddContentDialog' in 0.0004 seconds. Added 0 classes and 0 folders.
[2018.02.19-04.47.51:688][  0]LogSlate: Took 0.007269 seconds to synchronously load lazily loaded font '../../../Engine/Content/Slate/Fonts/Roboto-Bold.ttf' (160K)
[2018.02.19-04.47.51:709][  0]LogSlate: Took 0.011551 seconds to synchronously load lazily loaded font '../../../Engine/Content/Editor/Slate/Fonts/FontAwesome.ttf' (139K)
[2018.02.19-04.47.51:896][  0]LogRenderer: Reallocating scene render targets to support 312x132 Format 9 NumSamples 1 (Frame:1).
[2018.02.19-04.47.53:184][  0]LogContentBrowser: Native class hierarchy updated for 'HierarchicalLODOutliner' in 0.0005 seconds. Added 1 classes and 2 folders.
[2018.02.19-04.47.53:184][  0]LogLoad: (Engine Initialization) Total time: 59.75 seconds
[2018.02.19-04.47.53:184][  0]LogLoad: (Engine Initialization) Total Blueprint compile time: 0.00 seconds
[2018.02.19-04.47.53:184][  0]LogExternalProfiler: Found external profiler: VSPerf
[2018.02.19-04.47.53:184][  0]LogExternalProfiler: Using external profiler: VSPerf
[2018.02.19-04.47.53:225][  0]LogContentStreaming: Texture pool size now 800 MB
[2018.02.19-04.47.53:631][  2]LogAssetRegistry: Asset discovery search completed in 37.3085 seconds
[2018.02.19-04.47.53:635][  2]LogCollectionManager: Rebuilt the object cache for 0 collections in 0.000000 seconds (found 0 objects)
[2018.02.19-04.47.53:635][  2]LogCollectionManager: Fixed up redirectors for 0 collections in 0.000140 seconds (updated 0 objects)
[2018.02.19-04.47.54:255][ 32]LogSlate: Took 0.007970 seconds to synchronously load lazily loaded font '../../../Engine/Content/Slate/Fonts/Roboto-Light.ttf' (159K)
[2018.02.19-04.47.55:227][ 86]LogSlate: Took 0.000315 seconds to synchronously load lazily loaded font '../../../Engine/Content/Slate/Fonts/Roboto-Light.ttf' (159K)
[2018.02.19-04.47.57:323][188]LogSlate: Took 0.000277 seconds to synchronously load lazily loaded font '../../../Engine/Content/Slate/Fonts/Roboto-Light.ttf' (159K)
[2018.02.19-04.47.58:004][188]LogContentBrowser: Native class hierarchy updated for 'BlueprintGraph' in 0.0013 seconds. Added 116 classes and 0 folders.
[2018.02.19-04.47.59:293][188]LogSlate: Took 0.005458 seconds to synchronously load lazily loaded font '../../../Engine/Content/Editor/Slate/Fonts/Roboto-BoldCondensed.ttf' (158K)
[2018.02.19-04.48.02:067][279]LogRenderer: Reallocating scene render targets to support 684x488 Format 9 NumSamples 1 (Frame:1).
[2018.02.19-04.48.04:382][316]LogSlate: Took 0.008813 seconds to synchronously load lazily loaded font '../../../Engine/Content/Editor/Slate/Fonts/Roboto-Italic.ttf' (157K)
[2018.02.19-04.48.42:676][923]BlueprintLog: New page: Compile StartZone
[2018.02.19-04.49.25:875][ 54]BlueprintLog: New page: Compile StartZone
[2018.02.19-04.49.27:049][ 68]Cmd: OBJ SAVEPACKAGE PACKAGE="/Game/LevelElements/StartZone" FILE="../../../../../../Users/Matt/Documents/GameProjects/Unreal/Investiture/Investiture/Content/LevelElements/StartZone.uasset" SILENT=true
[2018.02.19-04.49.27:221][ 68]LogSavePackage: Save=81.76ms
[2018.02.19-04.49.27:222][ 68]LogSavePackage: Moving '../../../../../../Users/Matt/Documents/GameProjects/Unreal/Investiture/Investiture/Saved/StartZoneB3A28D40458762A088AFB7BC22226867.tmp' to '../../../../../../Users/Matt/Documents/GameProjects/Unreal/Investiture/Investiture/Content/LevelElements/StartZone.uasset'
[2018.02.19-04.49.27:237][ 68]LogSavePackage: Display: Finished SavePackage ../../../../../../Users/Matt/Documents/GameProjects/Unreal/Investiture/Investiture/Content/LevelElements/StartZone.uasset
[2018.02.19-04.49.59:122][866]LogLinker: Warning: Asset '../../../../../../Users/Matt/Documents/GameProjects/Unreal/Investiture/Investiture/Content/Materials/Outline/MF_ConvolveTexture.uasset' has been saved with empty engine version. The asset will be loaded but may be incompatible.
[2018.02.19-04.49.59:285][866]LogSlate: Took 0.000315 seconds to synchronously load lazily loaded font '../../../Engine/Content/Slate/Fonts/Roboto-Regular.ttf' (155K)
[2018.02.19-04.49.59:773][866]LogAIModule: Creating AISystem for world TestMap
[2018.02.19-04.49.59:880][866]Cmd: MAP LOAD FILE="../../../../../../Users/Matt/Documents/GameProjects/Unreal/Investiture/Investiture/Content/TestMap.umap" TEMPLATE=0 SHOWPROGRESS=1 FEATURELEVEL=3
[2018.02.19-04.49.59:880][866]LightingResults: New page: Lighting Build
[2018.02.19-04.49.59:969][866]LogContentBrowser: Native class hierarchy updated for 'StatsViewer' in 0.0006 seconds. Added 5 classes and 0 folders.
[2018.02.19-04.49.59:970][866]LoadErrors: New page: Loading map: TestMap.umap
[2018.02.19-04.49.59:971][866]MapCheck: New page: Map Check
[2018.02.19-04.49.59:971][866]LightingResults: New page: Lighting Build
[2018.02.19-04.50.00:158][866]LogEditorServer: Finished looking for orphan Actors (0.000 secs)
[2018.02.19-04.50.00:257][866]Cmd: MAP CHECKDEP NOCLEARLOG
[2018.02.19-04.50.00:383][866]MapCheck: Map check complete: 0 Error(s), 0 Warning(s), took 125.431ms to complete.
[2018.02.19-04.50.00:385][866]LogFileHelpers: Loading map 'TestMap' took 0.506
[2018.02.19-04.50.48:289][922]LogClass: Warning: In asset 'None', there is an enum property of type 'ECollisionEnabled' with an invalid value of ''
[2018.02.19-04.50.48:290][922]LogClass: Warning: In asset 'None', there is an enum property of type 'ECollisionEnabled' with an invalid value of ''
[2018.02.19-04.50.48:290][922]LogClass: Warning: In asset 'None', there is an enum property of type 'ECollisionEnabled' with an invalid value of ''
[2018.02.19-04.50.48:290][922]LogClass: Warning: In asset 'None', there is an enum property of type 'ECollisionEnabled' with an invalid value of ''
[2018.02.19-04.50.48:290][922]LogClass: Warning: In asset 'None', there is an enum property of type 'ECollisionEnabled' with an invalid value of ''
[2018.02.19-04.50.48:290][922]LogClass: Warning: In asset 'None', there is an enum property of type 'ECollisionEnabled' with an invalid value of ''
[2018.02.19-04.50.48:291][922]LogClass: Warning: In asset 'None', there is an enum property of type 'ECollisionEnabled' with an invalid value of ''
[2018.02.19-04.50.48:291][922]LogClass: Warning: In asset 'None', there is an enum property of type 'ECollisionEnabled' with an invalid value of ''
[2018.02.19-04.50.48:291][922]LogClass: Warning: In asset 'None', there is an enum property of type 'ECollisionEnabled' with an invalid value of ''
[2018.02.19-04.50.48:292][922]LogClass: Warning: In asset 'None', there is an enum property of type 'ECollisionEnabled' with an invalid value of ''
[2018.02.19-04.50.48:292][922]LogClass: Warning: In asset 'None', there is an enum property of type 'ECollisionEnabled' with an invalid value of ''
[2018.02.19-04.50.48:292][922]LogClass: Warning: In asset 'None', there is an enum property of type 'ECollisionEnabled' with an invalid value of ''
[2018.02.19-04.50.48:293][922]LogClass: Warning: In asset 'None', there is an enum property of type 'ECollisionEnabled' with an invalid value of ''
[2018.02.19-04.50.48:293][922]LogClass: Warning: In asset 'None', there is an enum property of type 'ECollisionEnabled' with an invalid value of ''
[2018.02.19-04.50.48:293][922]LogClass: Warning: In asset 'None', there is an enum property of type 'ECollisionEnabled' with an invalid value of ''
[2018.02.19-04.50.48:293][922]LogClass: Warning: In asset 'None', there is an enum property of type 'ECollisionChannel' with an invalid value of ''
[2018.02.19-04.50.48:293][922]LogClass: Warning: In asset 'None', there is an enum property of type 'ECollisionChannel' with an invalid value of ''
[2018.02.19-04.50.48:293][922]LogClass: Warning: In asset 'None', there is an enum property of type 'ECollisionChannel' with an invalid value of ''
[2018.02.19-04.50.48:294][922]LogClass: Warning: In asset 'None', there is an enum property of type 'ECollisionChannel' with an invalid value of ''
[2018.02.19-04.50.48:294][922]LogClass: Warning: In asset 'None', there is an enum property of type 'ECollisionChannel' with an invalid value of ''
[2018.02.19-04.50.48:294][922]LogClass: Warning: In asset 'None', there is an enum property of type 'ECollisionChannel' with an invalid value of ''
[2018.02.19-04.50.48:294][922]LogClass: Warning: In asset 'None', there is an enum property of type 'ECollisionChannel' with an invalid value of ''
[2018.02.19-04.50.48:294][922]LogClass: Warning: In asset 'None', there is an enum property of type 'ECollisionChannel' with an invalid value of ''
[2018.02.19-04.50.48:294][922]LogClass: Warning: In asset 'None', there is an enum property of type 'ECollisionChannel' with an invalid value of ''
[2018.02.19-04.50.48:294][922]LogClass: Warning: In asset 'None', there is an enum property of type 'ECollisionChannel' with an invalid value of ''
[2018.02.19-04.50.48:294][922]LogClass: Warning: In asset 'None', there is an enum property of type 'ECollisionChannel' with an invalid value of ''
[2018.02.19-04.50.48:294][922]LogClass: Warning: In asset 'None', there is an enum property of type 'ECollisionChannel' with an invalid value of ''
[2018.02.19-04.50.48:295][922]LogClass: Warning: In asset 'None', there is an enum property of type 'ECollisionChannel' with an invalid value of ''
[2018.02.19-04.50.48:295][922]LogClass: Warning: In asset 'None', there is an enum property of type 'ECollisionChannel' with an invalid value of ''
[2018.02.19-04.50.48:295][922]LogClass: Warning: In asset 'None', there is an enum property of type 'ECollisionChannel' with an invalid value of ''
[2018.02.19-04.51.08:979][324]LogClass: Warning: In asset 'None', there is an enum property of type 'ECanBeCharacterBase' with an invalid value of ''
[2018.02.19-04.51.08:979][324]LogClass: Warning: In asset 'None', there is an enum property of type 'ECanBeCharacterBase' with an invalid value of ''
[2018.02.19-04.51.08:980][324]LogClass: Warning: In asset 'None', there is an enum property of type 'ECanBeCharacterBase' with an invalid value of ''
[2018.02.19-04.51.49:695][ 55]LogMaterial: Missing cached shader map for material M_Glass, compiling. 
[2018.02.19-04.51.59:409][216]LogEditorTransaction: Undo Replace component used material
[2018.02.19-04.52.10:679][387]Cmd: OBJ SAVEPACKAGE PACKAGE="/Game/LevelElements/StartZone" FILE="../../../../../../Users/Matt/Documents/GameProjects/Unreal/Investiture/Investiture/Content/LevelElements/StartZone.uasset" SILENT=true
[2018.02.19-04.52.10:914][387]LogSavePackage: Save=146.81ms
[2018.02.19-04.52.10:914][387]LogSavePackage: Moving '../../../../../../Users/Matt/Documents/GameProjects/Unreal/Investiture/Investiture/Saved/StartZone8D77CDE54C6C97A329107C874B18FB44.tmp' to '../../../../../../Users/Matt/Documents/GameProjects/Unreal/Investiture/Investiture/Content/LevelElements/StartZone.uasset'
[2018.02.19-04.52.10:924][387]LogSavePackage: Display: Finished SavePackage ../../../../../../Users/Matt/Documents/GameProjects/Unreal/Investiture/Investiture/Content/LevelElements/StartZone.uasset
[2018.02.19-04.52.11:774][402]BlueprintLog: New page: Compile StartZone
[2018.02.19-04.52.23:994][588]LogScript: Warning: Accessed None trying to read property CallFunc_K2_GetPawn_ReturnValue2
	FirstPersonController_C /Engine/Transient.World_11:PersistentLevel.FirstPersonController_C_0
	Function /Game/Blueprints/FirstPersonController.FirstPersonController_C:ExecuteUbergraph_FirstPersonController:10AD
[2018.02.19-04.52.23:994][588]LogScript: Warning: Accessed None trying to read property CallFunc_K2_GetPawn_ReturnValue
	FirstPersonController_C /Engine/Transient.World_11:PersistentLevel.FirstPersonController_C_0
	Function /Game/Blueprints/FirstPersonController.FirstPersonController_C:ExecuteUbergraph_FirstPersonController:10FC
[2018.02.19-04.52.23:995][588]LogScript: Warning: Accessed None trying to read property CallFunc_K2_GetPawn_ReturnValue2
	FirstPersonController_C /Engine/Transient.World_11:PersistentLevel.FirstPersonController_C_0
	Function /Game/Blueprints/FirstPersonController.FirstPersonController_C:ExecuteUbergraph_FirstPersonController:10AD
[2018.02.19-04.52.23:995][588]LogScript: Warning: Accessed None trying to read property CallFunc_K2_GetPawn_ReturnValue
	FirstPersonController_C /Engine/Transient.World_11:PersistentLevel.FirstPersonController_C_0
	Function /Game/Blueprints/FirstPersonController.FirstPersonController_C:ExecuteUbergraph_FirstPersonController:10FC
[2018.02.19-04.52.23:995][588]LogScript: Warning: Accessed None trying to read property CallFunc_K2_GetPawn_ReturnValue3
	FirstPersonController_C /Engine/Transient.World_11:PersistentLevel.FirstPersonController_C_0
	Function /Game/Blueprints/FirstPersonController.FirstPersonController_C:ExecuteUbergraph_FirstPersonController:0D52
[2018.02.19-04.52.23:996][588]LogScript: Warning: Accessed None trying to read property CallFunc_K2_GetPawn_ReturnValue3
	FirstPersonController_C /Engine/Transient.World_11:PersistentLevel.FirstPersonController_C_0
	Function /Game/Blueprints/FirstPersonController.FirstPersonController_C:ExecuteUbergraph_FirstPersonController:0D0C
[2018.02.19-04.52.24:158][589]LogScript: Warning: Accessed None trying to read property CallFunc_K2_GetPawn_ReturnValue2
	FirstPersonController_C /Engine/Transient.World_11:PersistentLevel.FirstPersonController_C_0
	Function /Game/Blueprints/FirstPersonController.FirstPersonController_C:ExecuteUbergraph_FirstPersonController:10AD
[2018.02.19-04.52.24:158][589]LogScript: Warning: Accessed None trying to read property CallFunc_K2_GetPawn_ReturnValue
	FirstPersonController_C /Engine/Transient.World_11:PersistentLevel.FirstPersonController_C_0
	Function /Game/Blueprints/FirstPersonController.FirstPersonController_C:ExecuteUbergraph_FirstPersonController:10FC
[2018.02.19-04.52.24:159][589]LogScript: Warning: Accessed None trying to read property CallFunc_K2_GetPawn_ReturnValue2
	FirstPersonController_C /Engine/Transient.World_11:PersistentLevel.FirstPersonController_C_0
	Function /Game/Blueprints/FirstPersonController.FirstPersonController_C:ExecuteUbergraph_FirstPersonController:10AD
[2018.02.19-04.52.24:159][589]LogScript: Warning: Accessed None trying to read property CallFunc_K2_GetPawn_ReturnValue
	FirstPersonController_C /Engine/Transient.World_11:PersistentLevel.FirstPersonController_C_0
	Function /Game/Blueprints/FirstPersonController.FirstPersonController_C:ExecuteUbergraph_FirstPersonController:10FC
[2018.02.19-04.52.24:159][589]LogScript: Warning: Accessed None trying to read property CallFunc_K2_GetPawn_ReturnValue3
	FirstPersonController_C /Engine/Transient.World_11:PersistentLevel.FirstPersonController_C_0
	Function /Game/Blueprints/FirstPersonController.FirstPersonController_C:ExecuteUbergraph_FirstPersonController:0D52
[2018.02.19-04.52.24:160][589]LogScript: Warning: Accessed None trying to read property CallFunc_K2_GetPawn_ReturnValue3
	FirstPersonController_C /Engine/Transient.World_11:PersistentLevel.FirstPersonController_C_0
	Function /Game/Blueprints/FirstPersonController.FirstPersonController_C:ExecuteUbergraph_FirstPersonController:0D0C
[2018.02.19-04.52.24:499][590]LogScript: Warning: Accessed None trying to read property CallFunc_K2_GetPawn_ReturnValue2
	FirstPersonController_C /Engine/Transient.World_11:PersistentLevel.FirstPersonController_C_0
	Function /Game/Blueprints/FirstPersonController.FirstPersonController_C:ExecuteUbergraph_FirstPersonController:10AD
[2018.02.19-04.52.24:499][590]LogScript: Warning: Accessed None trying to read property CallFunc_K2_GetPawn_ReturnValue
	FirstPersonController_C /Engine/Transient.World_11:PersistentLevel.FirstPersonController_C_0
	Function /Game/Blueprints/FirstPersonController.FirstPersonController_C:ExecuteUbergraph_FirstPersonController:10FC
[2018.02.19-04.52.24:500][590]LogScript: Warning: Accessed None trying to read property CallFunc_K2_GetPawn_ReturnValue2
	FirstPersonController_C /Engine/Transient.World_11:PersistentLevel.FirstPersonController_C_0
	Function /Game/Blueprints/FirstPersonController.FirstPersonController_C:ExecuteUbergraph_FirstPersonController:10AD
[2018.02.19-04.52.24:500][590]LogScript: Warning: Accessed None trying to read property CallFunc_K2_GetPawn_ReturnValue
	FirstPersonController_C /Engine/Transient.World_11:PersistentLevel.FirstPersonController_C_0
	Function /Game/Blueprints/FirstPersonController.FirstPersonController_C:ExecuteUbergraph_FirstPersonController:10FC
[2018.02.19-04.52.24:501][590]LogScript: Warning: Accessed None trying to read property CallFunc_K2_GetPawn_ReturnValue3
	FirstPersonController_C /Engine/Transient.World_11:PersistentLevel.FirstPersonController_C_0
	Function /Game/Blueprints/FirstPersonController.FirstPersonController_C:ExecuteUbergraph_FirstPersonController:0D52
